11445
6141
22042
2252
20822
10092
22543
11740
8700
10806
5636
2083
9646
18141
19967
13373
340
18301
5043
7896
12530
1494
13917
2467
1909
16505
26970
7891
1734
13408
386
21476
5974
18647
3745
5887
28259
18861
30649
6885
2199
17225
23708
1661
7812
3418
30207
3011
13967
12930
8440
19458
12146
14593
26921
9103
7338
12594
21788
3413
7063
1114
21295
4997
12558
1215
13549
2735
8456
8727
11608
22381
18224
8778
15011
7416
2522
19439
26478
7653
217
3424
9669
19355
16200
10953
16579
21033
10511
8463
6450
3180
2186
1486
17230
22625
21793
9635
9580
14185
6809
316
7218
29062
1884
782
2095
11845
20962
6439
4699
26784
5568
1789
14338
1881
11079
18519
10052
2725
6851
13033
24782
5460
7334
763
8187
10467
7698
21302
2939
7493
8437
9800
2707
5834
9684
6276
10461
18567
18785
18213
1130
7727
24287
19394
2998
7375
7732
13087
8440
19736
17717
21288
3840
7319
13781
12082
4541
20947
10207
4400
20818
23781
2925
2714
20224
12855
2305
17887
1597
11355
11209
3103
4914
21270
3739
22532
13389
13999
14885
8834
13359
17194
15518
5416
9685
24163
16373
7097
1291
223
5288
20130
6250
16771
2261
4537
19575
4934
21222
8355
9716
3634
5494
10713
3536
809
18204
9619
23
16663
18172
19144
16396
8550
13006
5367
7591
13757
14856
982
26397
6088
1911
18496
8795
3723
20511
24670
13356
10730
5246
26210
5061
12049
3811
8607
1995
16858
14732
7961
5872
7330
17281
340
6886
2266
1250
5211
4002
5002
13307
17378
17788
5094
5480
9149
6412
5128
8779
17717
18012
1453
14122
18373
4019
3439
18199
10001
5783
11961
22165
12134
3410
5568
6360
11714
4191
18122
10891
11527
1466
2597
9553
10647
21492
13521
28012
29204
341
11451
8582
11812
21771
18668
7474
1627
9734
4278
20971
13825
1793
17163
7061
3673
5895
21456
771
18738
11960
2515
20836
11403
25311
22755
13472
13711
4742
21494
23641
13625
14828
18061
9657
467
1301
22776
5670
1811
12510
1829
18985
562
10329
8936
4027
30287
7929
21359
3409
7345
12901
3083
11722
2089
9989
3582
16572
13325
14245
20303
12781
17267
13427
8933
21093
5517
28575
5806
3482
8378
25844
17546
20863
11965
22087
16965
24752
23620
5973
11722
30601
19203
1670
6675
12590
5847
438
21033
8502
17799
24877
13710
12767
2990
27665
21283
12735
24836
12172
3600
6966
4750
17849
8247
20118
12498
12942
19869
6096
11746
23557
6431
8403
908
494
2685
22739
616
5398
10916
3322
574
4754
23408
4365
11789
8579
10334
9604
3178
1821
14564
11515
708
14251
17582
17742
5665
12498
21149
9908
3223
10525
7808
2716
27061
2661
5329
2736
3638
402
20726
16639
12983
5450
17786
25512
8009
5155
15481
15749
6255
26065
2022
167
1581
550
14974
11539
19894
3751
18669
4084
3095
22176
22794
12459
1950
1327
18700
10582
23810
15932
20454
19818
2838
2844
25373
10235
11244
11648
12321
4831
1743
6698
9703
13735
16558
20514
3292
5351
9374
13021
4119
9768
27037
1646
22301
6212
4409
12940
1850
10614
20254
3062
13824
1331
11848
11615
9245
5980
1255
27434
20110
21796
17736
17197
20674
6875
15185
26049
18058
6185
13519
10042
14203
2053
4940
9176
5527
8177
16352
6691
22462
4854
13384
230
1486
13692
24881
12406
4610
4105
1281
3714
13634
16735
5853
13997
3059
1466
23446
18204
1934
20288
11706
2054
4419
3496
20388
19073
2976
359
28743
2742
11545
12502
17026
17140
12412
3821
3638
29613
18799
25713
26633
5032
2175
12454
9587
18523
28167
17615
8523
8565
1650
8399
4734
18359
6476
12081
8800
6056
30237
12044
10266
3068
19426
22652
10643
21288
1953
8755
8907
14271
19824
6367
13003
12036
14650
760
23811
4763
25854
30560
258
8438
16512
5624
15058
3036
11764
1723
13174
12092
2749
768
1564
12290
11095
13499
7823
3027
2687
991
25145
10944
16244
14342
27868
5232
21943
14762
20271
9331
26564
21839
8083
8250
10750
8501
3357
9200
17565
25307
14263
12750
7412
8725
2551
13113
9185
15947
7773
13509
662
363
9307
23906
18170
16775
18073
2844
5304
6539
2308
9934
1211
4390
1593
8958
26486
5480
26134
7421
21973
8974
2006
17685
5585
25012
13924
21844
3030
17294
2892
4694
2605
12792
1002
7844
14238
15875
564
11146
4056
31807
5259
1805
17946
14769
8550
18162
3319
7560
10742
9781
26857
14098
15188
12519
18598
2436
17380
4040
294
21229
2789
15033
18303
14830
16122
1993
18279
4102
11629
9469
7630
14779
23348
8632
20162
26383
3042
8471
6002
20066
3182
7156
11754
19039
9296
13836
8104
16714
9184
2715
10406
5095
2400
10561
2482
10859
13838
17885
8136
9289
23812
6769
4610
18641
14672
658
8949
10585
3981
1294
24886
30059
1217
27153
13155
15227
6192
7681
687
1924
21487
6625
917
3652
3353
5153
18047
28466
5530
7854
3760
1358
8534
21266
6883
26178
19837
3696
17758
490
18575
16302
11073
13957
488
4980
4928
12010
4614
11867
5314
21499
19623
11798
26622
318
13198
3229
18031
6353
16247
6597
6853
8884
11703
14066
6307
14164
11650
6019
11104
30385
22883
10682
10994
14989
92
2051
10741
23704
4683
11870
22107
26020
3478
5857
10649
15444
429
1854
13724
24097
22346
3661
9450
11353
5494
1433
6250
14076
23477
1326
5377
6215
9752
927
22517
6955
22236
3837
1900
10700
12515
2332
13310
4967
19591
8727
19990
3732
24129
6012
17029
15297
4357
19768
3171
6430
2368
2352
23844
13945
25386
1138
13943
24480
4175
14369
2332
8251
4782
974
8440
14624
6592
16681
8065
12140
6567
4301
16748
12224
7842
5227
15199
5610
19366
11032
6602
11138
2899
15850
10752
7523
13163
4286
226
11443
6072
5387
24139
16512
13541
1218
3068
9885
9972
804
4505
4619
19008
49
13430
20371
1602
11925
11765
12834
1847
12097
6649
18449
483
12855
5470
2478
2412
10985
17570
2817
30212
27955
5912
4299
1607
2983
16727
16266
15273
16563
1560
25299
16271
5958
1905
6732
13470
9708
1634
5458
23112
25241
2837
26409
2853
19947
16050
17746
1758
16997
7936
14298
3202
15433
14321
2444
17145
5315
3597
6648
15916
157
17020
4437
19829
3786
5470
18483
14737
8468
2607
18992
8268
22041
4347
9394
25478
13637
14174
6659
9980
29411
5293
23903
10001
3801
5938
7160
16250
959
14028
15914
5458
25881
8874
22088
10729
14755
9062
7376
14771
1717
4004
1206
2870
1114
18918
3139
8180
3366
29101
11201
10440
15418
17370
13938
13927
24357
5322
3621
8883
17122
26626
14797
1716
6191
1099
14404
8670
17798
113
26575
13291
7704
10468
8821
28441
16867
5307
9790
11291
17435
13268
9424
17911
15758
6963
22324
11009
3243
12335
4878
1710
27673
15664
15276
29070
3292
2736
5675
23248
29625
11949
3133
17198
11186
15837
10529
21883
23528
4240
11879
6142
4334
8961
7271
1887
7521
11564
12673
5378
8567
21289
220
9656
12147
9887
19181
6869
2424
7506
21767
7854
24351
1729
2581
11860
4112
15634
13476
5987
18483
9807
16181
21815
3784
24520
13881
29506
24102
28338
3737
15317
3676
7342
5409
18088
10280
2317
9189
5721
7614
9110
8475
4594
10362
27007
2367
29067
1528
13023
2021
6583
13980
8381
20742
2911
13472
6562
17829
2917
11035
7433
6873
22081
17598
13212
24513
12361
14215
10054
22210
971
11452
18747
10023
8620
10283
27452
4547
9126
3679
26476
20875
23015
4832
15897
13723
18061
9864
4270
16879
11948
5047
4666
5129
19145
9811
29788
22075
23539
6845
21719
5094
16743
26733
12404
12977
1191
21653
2516
25148
3905
26815
21867
8571
2806
1601
20977
19271
6160
8041
12114
21886
71
1016
18565
6505
21379
5980
4107
18944
19187
3151
5143
9493
29370
1226
6942
3479
496
911
26479
14276
13944
16491
428
22395
353
15132
17707
21936
3505
501
4621
15188
4186
44
12938
25014
3073
1508
6756
16498
10288
8641
16103
25223
7447
27120
12960
5328
10885
7679
17842
28873
10102
9077
4379
6800
11608
17204
8284
12521
22207
712
16284
5888
3800
20153
3434
5334
11599
19870
14806
506
6171
13089
8103
12593
16330
16670
26922
9836
4529
13360
6973
15720
8324
10624
25954
4767
5587
1524
20623
19683
9718
17988
1305
11308
16738
2601
15344
11512
5386
14782
1184
8772
26493
4881
30880
16644
4641
4984
9264
26108
8002
9887
14682
336
11987
14933
1920
15918
4153
2587
5635
2750
5516
7490
8199
27119
3120
7913
11259
14881
17707
14614
13269
30244
6595
12367
17592
3716
14064
6179
1391
11511
4515
4295
4517
4094
6466
1309
15130
15783
3324
1784
8004
247
5252
10602
28985
10260
3113
2198
9000
6006
15118
4661
26057
7556
19254
10015
10237
16214
11331
4368
19999
1171
9319
8103
11744
11054
17996
40
7627
22570
25001
7618
20842
1993
16757
1467
7859
7658
6941
17923
3662
9287
11274
22358
19633
11446
7334
7690
11370
6117
13675
4332
3015
29020
8561
7607
131
14352
10109
13612
4851
19304
24791
1482
7173
14454
10652
3461
3156
8229
28919
6750
2678
1115
17812
6057
6540
17724
19054
834
13136
19628
6469
9984
1908
21051
12549
11771
13089
3912
19551
730
12624
10215
16799
4039
15167
9109
83
11798
20789
1977
8702
745
2675
3848
19865
17062
11315
7808
28719
6897
133
19685
15296
18664
2312
2474
24890
9420
13609
3911
17293
20879
4778
4340
2263
9712
9889
29934
8602
5047
4334
17554
13755
18969
9103
12888
7231
18356
17391
17676
11318
27227
16764
20233
4377
23155
18200
430
3226
18541
19442
5968
9664
13235
13840
22478
10498
6643
41
12465
5514
13774
3896
13658
5807
12038
19924
20235
14396
1745
2734
11307
1601
12670
4316
9843
19261
16905
10097
437
3665
142
1577
19219
16181
3869
17118
60
1510
19135
9404
22374
15011
5332
13346
3386
21432
6919
3968
7541
29175
11626
5588
6469
6280
3793
12158
18414
8105
16664
9505
5653
3285
12255
7827
11192
6200
3015
4820
25861
9628
4528
9308
23161
3790
3067
1722
2035
4581
25589
8037
6642
27982
2503
2465
8030
8491
14303
10144
14367
21256
24818
23263
635
29024
3337
10689
5676
3878
3482
8733
1301
30077
8684
15182
15373
3872
5960
30024
6108
2732
637
967
28386
734
12085
4135
18856
25930
17621
8550
4263
15268
25157
3083
10265
14357
1022
16084
27
1543
99
10695
2612
13312
6244
17937
4412
11484
9866
2124
12101
21397
8508
1474
21942
14880
22561
8154
11059
6722
1306
4947
10313
6726
8789
18113
4300
5448
3939
75
20641
26313
3820
16409
10518
8860
3714
3582
11763
4094
14304
25045
5347
13549
6964
254
6733
22709
1862
7416
19193
2309
7884
8419
20070
8929
3713
11413
19103
25070
12353
15553
27814
3735
4165
16153
6217
13889
9000
2574
9202
30007
28598
12780
13261
8417
19929
13023
417
20084
12010
1627
1041
17511
6458
27513
29433
20577
13408
12255
3935
29709
20603
14924
4754
19410
8859
746
16550
6024
3968
12887
9965
1545
10234
16340
23304
17742
16654
14792
2741
4809
2622
4896
16533
7760
17987
8840
6767
6200
3996
1729
6630
9183
4683
18495
1076
11786
5441
667
898
3237
26357
610
5430
12886
13664
13040
4263
19042
15705
20067
2458
1853
146
6701
10662
14662
21676
8237
28486
7994
8946
1207
462
14995
17968
9715
16258
22350
6159
19436
9556
4171
20899
8456
2142
9730
14442
2886
11909
24673
4132
6435
12767
16020
1148
11118
10665
12910
7475
10584
3970
8341
12669
12491
9262
27163
13107
10327
2232
16666
3528
11758
14768
4971
3036
9241
21074
3760
1194
18640
4316
1394
8620
4885
19972
16722
5079
20388
602
29900
2100
1822
18683
13972
6621
13703
11419
19515
3304
3366
6273
17122
14256
4056
15146
1486
5362
11681
3402
6196
2116
12205
9875
2736
5587
4912
2773
25388
846
725
3802
12646
28319
14137
7014
13
3988
10126
1275
11479
5490
7680
18953
31256
2529
10325
6842
12902
778
161
7256
8765
21157
10028
15890
9140
13901
8581
30217
17870
3856
11231
12676
9774
10823
6779
12564
10013
21846
20883
2533
13425
4425
9182
8597
6368
12393
19813
11351
20915
21238
3360
11142
1873
21338
3721
15011
5291
1513
18771
10097
20201
6263
5237
7702
5891
9592
6755
6407
7433
11116
1729
24408
2483
790
18718
7224
9564
3804
26725
1168
18732
1444
1874
11471
26815
11675
2313
17102
4656
3581
18933
148
24564
7151
3447
2587
16614
11494
5259
20874
1545
4072
18000
347
1099
6067
9376
5237
9472
3073
7374
14808
4235
6188
685
11762
284
3
20702
3227
7267
44
1172
3786
2497
9903
2666
4156
1528
18453
13409
5796
7920
24850
23185
19711
30194
7625
11304
3378
681
31002
3770
663
5977
3861
5220
3972
3191
3537
15293
14813
7679
3369
17420
4764
20260
6704
15617
11286
23120
13325
24152
2516
18005
20163
6732
11372
11666
2610
4282
13151
5796
7112
25243
2207
8412
7556
271
5244
11621
20890
1857
1338
14246
4566
3483
20148
22620
11356
2587
14914
8756
20655
17180
4185
21227
7133
5145
116
23189
6655
22730
4235
17743
9476
842
16153
11303
8941
24721
717
6699
7533
9893
23855
2556
559
1405
1883
28649
8352
6928
1476
17247
25642
13695
14314
13292
21845
8134
7224
424
2939
3428
1466
14449
10889
6297
21364
7188
10726
5010
4155
12714
21989
4761
12779
20135
18319
27332
16893
8048
11878
17409
8155
3188
13829
5429
5445
7547
15622
17331
10791
8435
8037
8212
7717
11731
13450
13512
2372
12086
8840
11893
22289
27519
12086
22325
1635
21123
70
12623
12065
20896
442
11213
6780
14224
7635
16873
11270
26587
18302
12321
22758
13148
9527
1599
1020
4515
640
8032
12577
1564
11227
12127
7427
12920
24193
7186
23279
12349
7089
10287
437
4205
6792
1795
23940
23022
17536
616
9243
27054
15475
6533
12018
5227
6890
27316
18612
25032
12568
4134
22897
13549
3845
14744
5280
5473
8852
9515
11239
4313
4849
28816
4018
25313
24584
1753
15939
4180
7304
19021
1318
1998
7659
3136
13401
13354
9817
11018
12247
20334
14684
13957
6441
11614
3054
18607
11551
6065
20584
2576
24038
8325
10081
12803
7717
20738
4356
5913
7528
1153
9342
27029
13136
4138
8518
2856
25183
22218
8011
1525
2918
2641
10725
22071
21162
9669
19582
7401
286
14288
12937
686
3925
9226
569
422
6581
7321
1263
31189
16515
15651
5961
11357
3520
6546
2825
3039
10772
21585
24160
3718
6532
20278
20034
18601
9225
1209
6409
412
3892
11408
16060
6477
2616
6821
27790
18436
22158
25568
6454
6447
2452
7403
4057
9439
17963
20401
18161
15393
7140
1231
12184
15206
6284
14629
3020
1760
13809
8626
2228
236
2880
12311
19264
13076
18900
16086
23530
11132
1231
14961
20939
15815
2537
19660
1754
21757
11240
12521
13672
12595
6280
7626
17120
19545
24357
14880
27727
11311
23138
4156
11296
12461
1332
975
20047
7784
1765
21074
19029
20955
13943
7591
8570
5
287
9132
2996
789
1605
14562
19030
15953
5504
1052
5410
15851
18397
17628
2819
16917
170
12900
13147
5343
1690
11183
17501
28972
10947
7221
20919
23746
3927
8734
1659
30440
17266
15176
9804
19907
5976
2154
10968
10738
25134
8714
21309
10024
12840
163
17551
6083
8661
20023
1836
23478
12046
3274
4294
15256
7395
19951
8077
8793
27532
19070
5534
13783
2174
12616
11324
6603
4513
7768
18266
22658
10936
1261
9873
30650
14942
18422
5899
3724
4901
27140
13380
17981
9074
14214
5396
1942
7852
5036
2218
19099
4956
11097
9557
1669
6957
6503
26125
1918
3094
18296
13308
8992
3633
13042
446
3635
1913
7042
6692
16702
6073
401
2542
11021
5499
10924
11609
172
13806
1816
10216
9536
24050
7182
9638
7724
29460
3285
4433
6325
22673
24794
8324
4544
6330
3673
13514
572
12070
9808
10693
28791
31886
4119
2152
13263
934
306
1806
12643
4681
14058
26259
159
17075
3689
1853
6360
20350
8521
14576
8562
23565
16074
11480
20040
16642
3218
2146
5191
5337
13871
12889
15569
8086
5922
24195
30549
656
5351
2147
17648
284
5423
8680
17774
957
29810
868
5568
3133
122
20425
15452
17137
8430
26705
6157
10652
17150
12341
23398
11882
4689
1505
3226
8813
966
9775
1540
1860
3865
14650
107
5619
17048
2519
21715
7206
9536
8385
1519
2208
7544
17911
20704
3306
468
4511
4976
19547
10597
7790
4432
11608
13350
2465
26940
1836
10261
4149
5843
18304
11722
19415
2206
8458
434
5845
3635
14511
22833
4800
13329
360
7858
18594
22518
10949
17260
18342
29644
8008
5105
24961
29254
14935
10763
12038
9454
4570
1890
5974
9281
25609
1553
10697
3412
8913
12661
20470
4562
11324
18072
20966
13827
26219
16727
4045
12517
4472
12477
26
18828
1870
14403
1053
26415
15068
3966
11845
8113
6698
4272
1815
6714
6513
17289
11958
3037
8699
11265
5197
1028
22958
7273
5494
17353
8338
7070
9104
6850
20187
19079
4979
2992
9876
2715
1214
16830
10528
6555
3080
17897
1523
25208
27156
4360
10153
18762
336
10631
5790
17782
13245
16129
21215
5595
15983
14717
4338
6817
2555
9177
8878
961
3438
6431
12564
5402
1871
947
5765
20305
15411
8269
11664
27027
7791
997
12594
13590
22768
17749
12731
1083
14744
6244
12458
20700
9581
26662
10259
286
19778
1009
7814
11612
3354
12967
7643
11067
11035
17539
3943
1884
16303
12735
13172
7170
3206
5383
13275
11872
26197
1167
1424
11809
3917
21502
6718
13148
21268
2878
11352
340
16005
5637
24136
10873
13389
22244
5233
7055
3148
18169
4348
149
16594
2604
20409
10730
16908
23554
3655
22417
4608
19225
24404
7092
1485
1318
25766
2468
9524
992
10048
25675
23293
1799
10154
4166
4483
3505
10217
3954
18483
4358
10077
6093
10857
8457
17404
17752
11296
7682
6588
19278
6546
3167
23246
11510
11128
11775
14704
4960
9064
14553
15731
28714
2805
4013
28747
14473
952
1149
644
18546
8543
9923
6712
1285
10349
12622
23751
880
13001
16512
5190
22035
8670
6392
19280
335
97
10390
2149
9804
6305
27595
4975
13085
9645
6737
2069
2921
22581
8422
1791
5300
6884
2469
270
18406
13017
16476
19075
11985
14090
15695
9823
1894
13179
5543
16512
5747
16113
6877
18351
21689
16871
9388
24779
4320
17181
4929
19606
9449
15010
10760
4235
12649
10164
4968
6029
12498
4250
15314
2638
4395
6237
5312
4183
15354
6070
7928
3732
16152
7152
10412
19154
22345
9184
20315
3050
27296
15433
5948
15460
4739
13507
18745
19648
29175
3110
4465
15164
6644
16957
14670
15718
17648
30318
8441
17762
4929
10305
17495
2431
7470
4748
2834
11267
10768
8751
13520
13049
1553
3225
3671
15168
15812
3017
23354
1227
8010
25327
14871
7198
8169
22143
2955
9230
10482
5433
9246
13099
24039
10883
20217
2307
4117
6184
23606
13984
2968
5057
8097
13487
17540
17655
3391
815
10271
10260
6018
25772
11601
6546
17245
25131
15760
20528
11560
10507
12325
13347
5733
2197
12882
9724
4744
2234
674
3234
39
29528
16987
10521
21563
10372
4338
29286
926
6474
16648
30369
17676
4745
8964
21371
2575
15297
11253
29335
14394
25788
1359
16462
20575
18872
19546
13384
13868
12436
2753
23838
3077
2913
5006
8026
7586
4483
22844
16407
22997
8605
3982
12097
19367
13394
21171
16784
24680
9626
27439
29114
3783
25084
10774
24718
11171
13645
9256
4394
20714
11421
5267
3005
1669
28193
2749
12817
1332
16637
9831
20913
27066
7632
19285
11846
4049
1937
6101
23838
4040
6290
2598
3127
1474
4914
12441
6206
10130
10818
2578
1560
2829
7982
10982
29951
5736
1678
20004
19215
5887
7128
3785
19304
16348
23217
3483
5731
8028
4408
8032
10428
3101
12700
22389
5367
14242
4592
18394
454
684
7447
2909
4427
813
2970
15528
12195
2023
16268
2614
18065
18094
12866
3398
24035
20833
3679
7197
11487
18627
14441
4005
8099
6041
11841
15276
19962
18330
1909
23524
7174
3121
18990
4912
17559
7860
7320
668
13712
20243
6569
6591
8642
25838
14035
21434
143
10774
22982
5245
22379
11003
11798
26246
20369
15702
1317
26549
12149
2065
3131
14002
2839
10443
27220
11687
5827
2094
4338
1490
291
12949
24992
8090
18688
11470
12595
5337
5165
21185
155
7386
18157
7130
14948
3132
22475
17326
28322
13607
25441
10364
1262
11901
18047
8106
21250
1633
13450
3188
8386
25652
19258
2636
7686
24188
3993
15322
14785
5795
24432
10642
14431
8169
10053
18731
9503
8383
30830
14110
26213
12254
17972
4143
1378
25875
17093
963
18131
2571
19361
5723
23397
14883
19871
12000
4018
19378
18396
15968
48
10837
6806
4380
4380
12297
1998
3565
12288
2404
21222
23185
1469
11440
16171
18677
23541
5301
381
16401
11332
3438
6727
4576
4228
5980
1542
19163
15869
304
12385
17374
2473
3420
12951
23885
8243
8835
2009
271
9479
614
8781
15564
7774
5323
17874
2981
12905
9606
14290
18257
18613
25246
27431
8649
15293
6793
2571
13716
76
3477
3623
19806
19754
13129
11649
15393
20833
2955
6238
18043
13355
10822
3594
98
4082
2487
19231
422
21255
6057
8874
347
3643
22303
8570
3256
3640
19292
23092
19340
12461
23548
13903
5957
16570
14634
1225
10178
6168
12827
21275
718
18266
1720
17790
15291
6978
8800
5986
8414
14164
9914
2802
16920
382
18064
5743
30006
7716
5034
8247
18279
24464
2657
394
521
15222
164
577
867
12257
22320
10502
5480
23494
23330
3316
9343
17401
24356
18875
5665
7623
17829
3620
594
10972
21691
716
5970
4364
27363
29866
26212
8295
3976
11280
21232
26577
2923
22762
2537
7393
9879
15451
25450
20035
11996
4126
21221
16793
2216
7802
11585
6372
25748
12154
9283
1264
10156
16216
9126
17370
12255
2797
12780
16478
7355
6220
15432
14363
1923
27336
13323
19444
7764
22001
2480
4148
11557
11944
10412
4852
3158
954
14046
6275
13578
16610
16052
4830
6963
14934
8084
20445
10427
5784
3876
16962
17310
16685
8704
17073
2602
14389
10182
18625
18824
10469
8555
22302
1025
1041
7877
1745
12650
6224
11013
6397
9290
3671
3420
10306
1620
2693
7182
8567
6502
6484
1978
585
28961
1631
9935
7200
4166
13152
6020
5639
6520
5213
981
92
20139
16169
3643
3705
4618
20761
9551
792
30698
10749
15630
5308
1881
4653
6634
24785
12903
27834
5404
5099
18615
4373
4807
18131
16264
5458
9240
8701
19558
1911
16296
4765
3591
11673
6601
20171
3171
2319
20915
872
7604
1533
12972
13546
5296
16287
7130
23214
18687
17563
19764
27360
19658
18237
23967
8796
14789
8264
19253
4911
13748
2453
17212
21004
3893
2339
2082
4466
11656
6789
21991
8156
2519
10291
20995
282
9800
7260
2719
2007
4225
1059
6052
24201
1797
11244
3769
9511
1737
11841
1081
1573
14412
13204
19617
15583
1330
11731
3480
4472
25524
4893
2881
26288
5975
5983
24401
7020
3403
10477
9983
21355
13317
14990
5364
1895
13408
733
1552
926
4538
15635
5076
6400
9702
2012
2925
10992
4033
15096
17874
4326
8846
4532
14357
22619
11217
21741
16148
2482
15739
29625
21658
17076
17921
18317
16701
1135
1897
3987
42
14321
10571
18085
11296
6950
17062
15924
1112
3519
20237
2673
25398
11770
3179
19217
9707
22415
9705
15861
24184
29435
15553
11600
22580
8526
5587
3817
838
1343
22630
545
17302
3031
18
6215
695
8974
16193
7314
1546
4601
1777
7049
11649
5404
20238
10250
7569
26142
6036
22939
14398
689
139
3919
19615
8411
24417
8830
15767
15536
9294
8830
3491
2065
7661
14931
16252
7168
17417
9319
12437
9151
9999
14748
4660
12446
19847
27345
6921
2555
7130
19274
10030
4050
3558
11664
13096
25654
391
24769
4155
6101
150
9797
3662
6366
16961
3546
2388
7862
21230
499
15891
28540
13613
21462
6819
13735
21702
15683
2496
2031
12546
4929
5462
6378
5531
7709
8188
6647
2692
19995
15889
2978
6912
5112
16139
24645
324
23245
25762
4930
10951
7778
12028
3278
7088
17854
23298
1220
4305
4245
4120
8967
8389
13115
16668
2444
10591
7193
22174
5829
725
6969
4542
11469
4615
20914
10324
11142
15018
12086
6354
13379
10690
18726
21827
5459
15888
3794
20975
1030
15594
11480
17837
20629
5226
521
19314
4026
16537
10898
17337
10618
18471
8854
2788
521
3302
6567
24218
13685
3474
14123
4175
11531
17010
4148
17388
10790
8206
4746
18307
14674
5267
23377
7250
7830
25346
11195
5322
3980
22641
643
4807
6331
11014
6239
12917
17714
26318
3813
21329
9728
6512
23232
4199
18726
14686
21935
23202
23515
14073
1265
12138
7735
9085
554
25452
21568
23377
5360
6311
4043
5024
2361
27375
15597
1415
11948
20787
19923
14756
11057
322
25378
3019
6770
8084
17353
865
9023
27658
20919
14831
1228
13660
18306
14690
26461
22436
11009
11454
19351
11923
20778
9415
13618
7211
14299
19685
17311
29688
22580
5180
20632
11324
8313
13290
16513
9873
18302
10198
8205
181
9331
21756
11700
459
7293
7064
5177
19836
14797
9231
26132
28603
631
5120
4105
1712
1433
5214
4634
1530
13693
1967
9103
28326
10831
10751
13736
2139
18632
16365
9197
19411
16865
23404
25968
12667
13303
14202
8981
26271
14811
25715
13634
20769
9771
2571
4034
14064
15094
19838
14037
2370
8176
6268
9730
2010
9369
3967
1895
9035
26050
15374
3973
14304
4287
14427
15477
1258
3924
123
19588
17426
18352
362
11420
10126
3133
4129
27731
19482
17695
14001
20419
28347
10598
196
18001
19985
7773
5540
16236
24966
1794
511
6337
2645
6891
3076
15426
6980
16481
7198
8707
3400
7773
2986
5757
2110
8819
10138
9290
14276
11012
19149
20653
10243
20242
7820
1358
3813
9025
6190
27052
7240
2273
17446
12402
7335
8205
7641
13962
4269
2470
755
9891
595
8372
27187
13454
1605
4926
23202
11064
11031
19264
5745
316
4118
6191
18413
6309
3904
8873
15099
17621
4056
14227
15890
13888
15518
8519
9233
870
8159
3726
4077
8156
9799
5836
3923
2510
5063
6604
16032
5833
9817
11510
22347
5854
16796
10373
3747
353
10781
6263
7617
3405
11252
15817
275
6330
124
12294
19948
5053
61
7834
12787
20807
2165
21425
2819
9660
23312
5270
867
3141
28432
4269
4736
6362
26901
4797
15750
19978
4779
9022
24205
70
1819
845
1942
15054
19799
8245
2699
12828
18101
9142
1030
683
8408
18484
11358
1221
13506
16700
14887
20511
5764
30106
21466
10183
4486
10199
1397
25314
27662
5318
12115
752
26190
1395
18423
8071
26022
10962
9775
832
8492
14697
12062
156
13581
7507
3757
5427
3291
9582
627
2988
9791
749
9723
17675
8396
10998
215
12551
11523
3751
1300
17799
26768
16999
3320
10742
22104
8321
9915
5586
4553
24599
6780
13924
302
1797
11417
5099
1397
10986
2206
10763
8101
2259
2881
13958
2185
2977
3920
9688
25248
2534
22135
6465
5016
15332
118
6075
14837
9770
6570
7099
14188
7978
21578
20660
1629
22405
1146
16044
12571
17512
13515
13420
13279
6615
7216
4941
24922
266
7238
24040
20118
463
10222
9088
14068
721
18875
1213
1268
10416
870
5862
23065
20216
11126
7115
12465
2634
18285
12601
13692
3897
15533
8461
5624
5548
14481
18116
26900
21440
6685
22943
953
14915
10678
22336
13734
18403
6649
28243
3694
10865
2545
4835
11916
13752
11127
15103
7142
9581
7144
4656
10017
11698
9658
2157
2840
4988
6142
5343
3245
22136
5443
8731
15292
16573
8088
8230
10037
17573
15551
705
21496
21782
7989
13009
12999
6760
18488
11133
17568
2480
3236
2860
3337
6426
1249
11552
5356
1960
10330
304
105
12885
3438
11606
2859
11512
11248
11785
2648
24533
1946
9048
6849
24043
5430
10213
1768
9607
14615
5772
19608
21102
34
26287
14484
6123
4841
24992
25507
21051
11243
2957
1311
23912
8886
939
3188
1574
356
11430
16297
7841
10587
10065
9119
25703
14055
28957
12360
4123
19482
16355
19310
18988
24361
7348
5110
6553
1337
1254
3209
10865
29853
10547
20503
15518
9552
12594
3411
4465
11934
14181
22687
4932
11834
24535
11399
13637
16429
20358
3713
2838
21131
3718
2983
10127
4590
23593
2356
20646
9719
5954
9814
7677
29418
857
8487
10182
4681
27258
9304
5389
15223
3124
7979
4086
17248
2592
9223
13420
11231
11965
22300
25734
4016
9076
23165
213
680
19119
1520
2274
13629
26027
4322
16047
18930
26711
8119
12857
11235
16051
8814
18271
523
18128
7070
2518
10308
9542
26469
276
6671
8335
17144
2533
870
6514
12699
5222
12908
1465
7845
7210
15392
10054
8947
12779
8768
4829
17618
23731
4979
21259
5761
10665
1166
2597
21801
2276
24370
8885
5226
16152
11924
14840
10330
8711
5058
9246
15288
7566
16153
14593
23206
16725
17377
6722
7565
14981
16759
8243
2830
21672
15365
2083
12932
3175
22533
6353
26975
13600
8383
15609
17545
10652
3079
2344
15403
10301
830
17595
21509
21
10191
2718
29742
6424
13807
14891
1914
3795
21359
13891
27835
1408
12445
5048
6329
14148
6882
8611
15349
19743
6089
9776
801
16783
15807
933
1727
1361
14895
521
1429
14887
15952
6171
1179
6227
3310
12626
2498
6063
24312
6706
4330
7937
13011
23915
16645
5824
6211
8120
3452
20636
4687
16269
19541
7393
1252
10479
22238
9419
5317
3185
5333
17212
7115
8277
17270
29406
25257
25852
21829
13943
9159
14193
6167
6631
13867
2350
8400
1487
16416
11312
3135
15502
7620
9582
18110
1528
3028
11200
7344
9672
6921
29278
10825
3080
26178
3425
11612
2956
5419
6135
3540
69
4995
20587
4134
23548
16593
3420
6951
14727
18667
17315
20703
4102
13973
27833
8370
28153
5106
4940
8904
18298
6755
20006
21865
4594
5412
1287
1999
2541
9810
185
94
18025
14300
18720
2795
4639
2158
751
3927
22223
10605
6059
9660
7211
22072
14858
2981
15915
22806
16616
2274
22494
10079
8634
1089
13842
2936
12578
1762
13860
12880
25282
20981
11371
24713
8066
17678
21138
7955
18339
15673
22260
13302
19600
2346
5408
4570
8457
3937
19189
2416
1963
17113
2
4775
14224
13808
15837
8942
25735
3329
5985
12583
11079
3730
4057
6189
13331
2491
15535
7577
18962
12710
15277
13485
11002
655
3344
4045
15035
12871
10577
5400
11063
14991
21912
2372
12314
3682
4098
19966
4591
16847
8845
4509
90
164
28265
12474
1561
12001
7388
16729
3221
19927
8477
24032
1535
12003
15407
15235
6212
11536
22597
6096
20252
20265
2566
20823
15909
11169
7110
11752
2345
5603
4805
17893
305
1767
13456
3123
6181
27373
276
9974
5077
10469
19374
3681
1205
10794
1995
5890
21996
13251
2358
23881
19552
3913
6850
17901
17054
5735
1896
9984
18841
6993
14152
7945
15725
308
5646
2865
8331
16445
4873
1374
9764
13467
4499
22824
13269
22335
4919
52
293
4913
15773
570
13610
22576
806
17525
19477
7115
21557
22397
16855
7642
8650
15047
12531
3331
6083
1961
4780
6389
612
12513
2700
14755
15565
4328
6490
13787
12221
7418
13793
14932
8976
7182
3893
15767
20961
24610
14225
1228
636
6972
17386
21709
15071
14807
380
11174
2454
14443
9278
15379
8079
5874
770
1267
19510
11577
20265
24207
8960
4334
9738
21118
30800
14229
892
15689
25439
8006
11284
3190
9501
455
24690
426
16779
3723
15589
507
5255
21592
23675
6810
14394
843
478
6666
14966
5488
5014
7668
4602
3534
24827
19379
4502
10841
25097
4253
7849
18022
7282
16084
1340
5118
4306
800
9944
19660
7061
19294
24696
1330
3082
4224
12095
11618
25789
19113
8772
21112
25602
18457
7008
9789
23669
25069
8959
6156
19914
12627
6864
9519
10886
2687
27279
3070
11731
2282
7682
3279
14694
21127
21719
19297
9740
7190
12359
14042
4473
3440
6090
14275
4284
4661
12330
17490
23269
2236
8990
5519
20206
3796
14896
831
5616
10035
4255
4057
12438
9501
9760
11590
10786
4144
14568
11018
13231
23606
22629
18138
16657
11538
23964
8248
5616
3648
6961
19465
18994
445
1789
8862
25541
986
4785
8214
8117
12783
14268
2344
10040
3676
11704
2984
20629
4368
1606
14778
520
3277
4037
20751
11934
9474
5402
5267
6145
3
892
14476
9198
3199
3473
19251
13164
11181
24901
165
22882
5886
14044
811
14535
25305
10280
8458
6708
19758
1489
3690
12456
3131
3468
19938
12520
17665
17071
3457
10134
17396
1289
7115
22090
7254
9187
1139
3038
11
8391
7488
13756
24040
29574
5627
17712
1723
6326
13681
7055
5254
26060
20834
17752
16027
20430
27511
19500
10322
13499
21529
7336
11777
22054
4571
22698
18626
20036
1635
3417
9593
4200
18181
7
10896
12665
12898
11653
3825
3156
19838
1738
2970
21300
15433
5395
17580
17791
2050
1203
16118
28365
5408
17603
13028
8843
4536
8464
7170
5104
17507
5308
1745
9982
12320
25758
5398
1926
14596
5388
14383
25387
19610
14923
4222
14325
17904
11879
4541
3875
5695
5441
13950
15890
8743
10753
8276
11279
10629
11902
28648
9047
9313
23680
16493
11037
673
22881
1422
1633
13413
1112
21540
27673
6811
11829
28932
3480
2425
9020
3272
4623
19460
7484
10905
25598
14258
6802
21061
3730
16966
25299
6579
24501
25298
9653
1072
8190
11001
21068
17253
14050
1732
4678
9582
13482
5187
15178
3916
19753
3356
4736
8814
15349
10016
2010
14203
5515
15269
22353
12618
8679
5414
5093
16915
6173
3369
22767
2962
25817
26770
22609
9567
6797
9339
26616
23471
25565
762
13366
7635
4349
2615
16263
20001
7066
29152
47
11927
14939
11325
23756
445
11269
8441
11150
7851
15316
5801
26429
4843
1818
4350
6653
2703
11429
6177
17373
6698
6515
4064
13660
1106
14984
12027
22854
3479
10231
2375
11883
13996
20875
13618
6282
17045
6096
5036
15459
13095
15207
2958
15843
10784
3471
26457
8555
17072
15120
6803
4771
22714
13126
22324
19205
23251
4570
163
4635
1319
19882
11000
10375
5260
20829
5801
8820
7768
13062
18594
4328
12665
21778
20089
10663
5662
19257
15112
23167
14598
1458
2396
7702
13703
10679
6047
8398
21392
13835
18944
18723
5765
15111
12636
20746
6978
26108
3345
3383
3865
5490
8298
2353
14711
17788
12790
20075
10255
13966
8505
11211
11574
27893
15640
3167
16699
3083
10740
17014
18534
8893
1647
4204
1329
18752
8712
11902
804
10936
11385
9958
883
9007
7376
11654
887
1516
12239
11502
3889
9560
9659
2867
20468
11228
20095
12217
361
3457
11691
7685
8671
9961
25325
10795
21460
7681
9979
24660
9552
16670
15050
9037
1478
3442
1709
6080
191
1933
2123
4769
14195
14241
4032
5600
17424
17925
3504
25595
6779
12945
11
14220
16509
3991
5906
3089
2120
7340
15727
19601
13217
5799
4032
27870
3178
1284
7969
709
1141
23948
6257
8916
6148
3040
13966
2308
819
26830
6443
21956
8993
13990
10808
19122
2111
7331
8635
18720
7176
15108
15745
15300
9422
24982
9211
6462
1865
2519
8886
29451
9813
3135
10546
5676
5464
22596
8823
32
14632
835
1973
853
8552
6025
11296
498
18437
5188
26982
5945
3677
4599
13773
5929
1322
18008
7957
17836
7406
11902
25074
8111
10482
17856
296
17328
630
742
4674
6224
10087
4709
6638
20734
11321
715
3807
7022
2089
10870
2098
2590
11735
5849
6496
24130
5978
22581
23074
15895
20092
1369
3428
24186
1280
27647
13334
1752
3525
29762
3181
9566
2170
29108
9538
12896
2799
18293
6482
18795
4926
12657
5512
1992
3119
11037
193
7232
4071
7198
15873
3623
13342
2858
1341
3860
25661
15739
20232
25267
23835
9615
2467
19647
3647
112
13402
18102
10856
19595
23519
16873
1518
112
19934
700
2710
8179
21791
14427
5882
24441
27962
20795
10651
20953
9771
10660
7086
15412
1746
27874
5331
1446
4823
11331
3687
2704
1784
15416
3517
369
4823
7753
1852
7899
6207
18298
4044
10654
20712
4371
13464
13559
8067
1831
30345
14141
14293
9130
14648
16735
14180
4271
4518
12097
7207
2467
4886
22264
11295
11873
17627
6223
24115
278
23529
14185
10217
24321
19640
12750
6397
13554
3785
10053
8557
2744
29573
4627
17254
12231
23531
17389
11836
18111
25794
10292
23724
11778
327
15117
13019
1630
12226
16320
1455
15424
23902
8551
14083
4581
30685
8990
4602
9741
2908
13439
14468
389
14975
835
20534
5398
9847
12285
5301
17434
13933
762
18720
3493
5560
10940
17883
11522
1908
19286
6645
11740
1233
10113
6916
9197
24984
28344
4487
5024
1771
14577
1321
19061
16840
4868
8808
16611
15569
4093
14868
2489
891
28760
320
1890
11253
1543
25056
22050
4708
7533
5707
7368
1531
1236
717
655
22085
4713
9600
15497
5728
25645
8667
10799
2689
4924
15108
737
15680
4218
194
12284
2208
25371
2921
10083
3792
11635
9441
5789
12052
27045
12350
21017
10427
16447
3858
2673
27071
2860
21409
2494
26974
19730
21267
2931
10837
14468
17089
5433
8185
16503
18332
1766
18598
984
21264
7978
4867
17184
27322
436
4851
4183
10914
19951
6702
5010
15500
9259
2331
26116
8160
22737
4269
1208
21422
16338
5534
14141
13557
22736
11288
6721
10294
12407
14437
18700
1118
26045
6790
21123
24383
7405
3109
27373
18528
24473
1590
3600
967
20573
8254
10450
24858
7798
2378
8424
16123
11691
17169
9314
24137
27852
20671
650
7838
686
8955
13465
12403
8094
3158
4511
3957
2578
6173
14864
18895
10259
23781
16638
9483
9856
13827
19411
1021
14915
7497
17517
4574
11417
27510
14318
218
26334
22029
18143
18947
5978
10287
6723
5705
878
10601
13456
3614
654
322
1165
1185
9998
11054
14643
12373
12622
9075
14344
1012
28356
8650
23293
12724
9313
22685
8476
3529
6467
11180
3808
19164
4260
17003
12396
6946
2564
11117
112
26537
29107
14755
2413
1079
10427
18311
14637
15131
5566
21055
22034
20152
3007
11758
6439
19016
2323
22791
22224
431
14406
14776
7274
6771
483
3433
13243
19915
12579
12567
13517
21225
7544
11163
7342
4904
18031
7764
2453
15547
2955
30271
3269
20181
25449
20970
1148
24495
14117
2587
1578
9831
24618
2894
2358
24227
10734
8375
24469
5791
3192
9340
15632
7855
13505
236
11333
7636
826
2474
5566
16610
25051
29572
9199
4997
15601
21295
7629
28929
18466
10146
99
20725
7280
12354
10109
222
12916
26559
8198
5363
5188
26296
906
2158
14009
28216
3007
12309
10664
12956
12993
6881
6474
847
1051
13778
1388
13247
3052
80
5194
5140
1165
1453
14675
2211
11423
3352
5207
2596
17416
2826
6441
82
4017
4440
10139
23732
3597
19237
12102
10364
2659
6214
13340
16672
2107
7955
1544
2787
4424
3751
9622
14232
27181
1548
10425
1881
10503
297
8034
12169
9756
1282
5723
19911
9385
15222
15361
20296
14926
6398
1694
5147
9260
7793
1614
4703
3703
20377
4461
12488
19779
8363
14425
18797
4825
14581
1427
14808
29055
23093
847
899
23872
2061
15363
8254
7364
6872
4944
7040
15047
22794
1200
25675
1094
2149
14878
1718
25209
23736
19030
13626
3765
27668
12954
14724
9143
4720
2973
6277
11137
24795
18008
9423
896
1289
16632
6014
58
11037
12444
11717
4491
17259
9182
8480
2846
16731
5953
9933
16508
19256
13721
593
3810
401
14030
10883
2339
782
21617
10675
5405
990
2646
2604
24335
11892
12683
30060
1209
2684
1679
6268
19166
2602
23202
21112
2433
2404
2342
23971
2692
4325
1017
11507
14943
4240
23145
2076
7815
4655
1641
10391
20855
770
2567
2931
18253
3703
1321
23397
3729
590
4369
6009
10008
18527
13433
14595
22687
17505
12230
1695
4992
19276
9511
10317
5084
12337
19735
3772
12796
9020
3933
30604
13031
5233
2150
20621
29070
24894
1830
10848
463
18103
15444
17019
600
15308
19366
12772
4989
13264
1779
8301
3762
13347
2649
6219
18725
26319
9642
5455
20636
4913
9566
8210
11738
4378
23928
10248
8356
24895
16909
9921
364
4884
8177
9577
1867
15217
3100
19498
28285
9520
11540
18837
5760
2012
20898
7727
11432
10077
21594
7581
21960
18775
468
8625
27680
9280
7725
12471
20227
22700
17074
3485
4828
2321
2040
13001
926
4647
145
12588
1776
14718
4038
1831
5692
4505
17243
12094
2267
8253
1736
1379
23123
25401
14968
7186
21644
3204
10992
12695
647
571
12280
9425
12670
13219
16510
9778
5416
11663
4643
6181
19162
1034
28389
11067
17865
12314
6964
426
1982
6241
10721
4680
921
11431
540
3680
268
7979
12151
1786
1816
10365
17479
400
4204
13930
26667
13387
6067
15193
7029
2112
23214
31450
13511
8596
3212
9834
4887
3726
971
9486
18870
8174
16999
6005
2607
10809
2836
4637
2969
7684
766
7944
393
11546
14896
16482
1733
13550
8681
10214
7791
467
1280
7691
16409
17522
14148
20065
974
20491
16588
17713
9694
21999
8049
12142
9940
2872
402
10831
2405
24144
13340
14463
4011
2088
19613
16682
14961
2296
12844
1766
22496
9544
25411
26648
11265
10081
25281
3445
7699
3656
12901
14920
6855
19409
10494
2263
19344
18590
18530
2119
8807
13184
15296
6791
15565
11010
582
4677
10071
3974
700
10707
8261
550
3079
24193
956
4379
3962
11909
12314
26719
12122
12762
27573
1707
11254
3874
30836
6483
14831
2007
6404
3554
12010
10544
3374
1517
19822
3514
958
3791
26247
57
8426
5283
3840
14198
13682
7341
3205
11422
19508
8505
3361
5962
4818
2761
1388
29224
7174
663
2224
3944
7517
8099
15477
10366
10657
18116
8895
2886
6490
21799
29506
5877
11031
24456
16200
24747
24158
14654
11021
4631
9950
9657
16576
4899
6337
6224
4158
634
18390
11707
3512
1099
7873
7567
26501
7546
5788
2695
8268
3028
22845
18353
4140
28140
23169
7620
14684
20509
25560
13272
6892
5115
8829
815
8575
13007
293
18127
22769
8909
23141
10801
2734
8429
360
8934
9866
7373
3652
13951
32017
14523
26748
24041
6222
1740
22574
18706
1370
3959
535
1680
23611
20549
17181
10817
7633
4318
1363
1311
69
1321
21676
21096
18440
3150
4150
5687
21077
7920
10786
4657
12272
27113
13470
1133
17054
21075
12030
7525
25716
2130
4123
2128
15952
16267
2983
12571
22393
14363
2028
10279
2760
2651
5082
5860
20484
668
1282
10262
4805
17919
10208
7968
14849
14735
24288
2471
15004
7257
13387
17383
2003
12643
300
24347
11669
5714
16795
9356
2884
9938
16746
18462
4297
12432
1334
21916
19978
5222
15097
27473
2517
6739
13891
8182
3496
8136
4318
5532
14597
26018
2986
3091
3675
15989
5907
1469
15848
1990
21875
27631
8380
9037
112
25551
14513
24450
1335
9529
18541
4333
2946
15286
14214
8794
13556
6613
10389
1231
534
17352
7488
12241
2211
6120
15175
1707
2492
459
3668
12163
11272
5597
21824
8305
9955
18950
723
492
472
23563
3707
11919
14172
26819
5205
5190
6673
9342
12111
5568
169
10450
6104
18712
16459
1328
18006
18234
19354
17089
1627
10006
6739
11549
16563
7319
25273
20777
86
19572
18287
9595
24081
26107
2340
28020
3354
24352
4293
934
1120
9479
5953
20457
5783
13414
12791
7425
23740
9964
8774
15160
23332
11387
3711
4848
8790
7068
5908
15092
5716
8200
14120
24229
12658
9853
14240
27537
26524
575
4287
17400
523
14000
7298
27016
7437
8100
8634
3713
1731
2093
2055
15700
15589
8359
14043
15476
5137
9681
12160
16004
6430
8235
13335
16351
3410
9421
8439
16036
7762
10079
15173
5889
23343
11659
11699
6530
1591
5308
5722
10675
10415
4841
13028
12714
12602
10674
9622
515
3432
26417
22330
1840
7676
9195
5009
11512
18941
3437
2164
14292
15266
12100
10280
7849
28586
23763
24404
4827
2522
2637
16961
5426
5571
9094
230
27627
5565
28445
26164
2814
26764
25294
3057
6607
10252
1254
614
17022
15765
3504
16131
3963
16122
9634
9574
7808
4022
13448
5817
3134
13629
2582
6171
15876
11648
8152
1537
21365
20935
5733
18823
7696
5176
5202
19787
16282
527
14793
4121
14679
12714
2852
13196
14441
14239
11708
22142
4122
205
9168
13736
6187
21794
4024
5800
3006
7850
20379
13003
9633
8589
10604
3516
30461
18688
9375
6883
5900
6109
8484
21592
29677
2594
21455
23768
10893
19667
323
622
10754
14687
778
16854
23743
1752
12003
17213
4938
22848
5338
8851
5374
5609
16461
13451
27671
10830
12843
7154
6228
28086
18201
4067
14870
15676
8431
9753
14439
361
6020
6483
6285
10594
6072
18926
2012
4492
2907
21923
17055
9180
11928
3322
25324
15629
2616
1762
3952
12433
11747
11242
759
16035
17436
13231
20060
7967
8626
3886
6869
11264
21581
6892
10150
6926
25948
929
26979
19971
13170
2845
2942
21624
1292
6626
6357
16636
23188
9481
2821
13009
4014
9202
13308
6097
22932
11941
10743
19020
3854
16204
1430
16579
22550
23651
21815
16035
14309
19246
14674
7013
24938
944
1260
2297
22356
26608
3300
22593
6715
6342
6333
10277
9078
1774
10972
1830
26177
7041
2403
24724
3175
10857
5309
5911
13514
24095
5153
4133
3436
5467
18072
24299
5576
17876
3217
18128
8396
5113
13273
12438
19915
7292
4715
13073
17419
13076
7805
4632
13215
11358
2350
7296
27242
8985
6642
5680
662
23835
6121
9356
8658
9372
2346
2077
16834
15136
7037
26412
8652
887
10815
7163
1174
19536
1277
4595
12709
1492
7500
8948
5582
18973
1980
26552
9965
5315
1159
15194
2980
8254
1759
1695
10276
9581
9649
5360
20127
974
9295
10568
8858
11250
1416
1138
25146
10010
17584
689
9858
11137
29904
25677
3628
5890
15238
399
565
10761
5447
15918
6004
493
12797
6282
6073
5830
20293
2635
10302
4551
17905
15355
5058
17451
156
3092
8871
1071
4107
6682
29
157
20907
17079
582
357
1115
2472
1316
8654
9190
6442
961
5298
16790
4168
17280
13825
13557
23326
4331
2822
23995
9457
2172
1172
3313
1379
16208
30110
15247
7882
3126
6017
24960
12142
14764
1734
10441
7752
9254
2111
10674
13465
435
6473
9485
13708
12950
20282
1286
27275
730
16280
307
6671
10741
3942
20335
14038
29980
11141
5147
10439
7590
4447
23850
10870
2305
8180
4637
30093
22527
6527
17784
17149
4150
703
16742
11359
6319
11337
5229
22830
4777
1662
12256
9670
30199
21224
18807
13882
8973
3250
24430
11739
24569
4400
22740
16915
29743
2078
22861
3982
9221
7075
17167
16685
31983
23780
3600
1031
18300
3064
2036
7292
12734
27244
10697
13258
8493
18915
10086
15673
11885
2230
3891
17770
19706
4242
5632
18670
21355
2755
5046
739
19085
11962
25190
11219
4314
14471
2501
4199
17950
28621
15785
7416
4775
5282
212
32165
21888
5067
5207
997
8457
7406
2585
16160
8446
10874
2981
19437
177
27045
14921
15535
3962
12365
8460
10872
22908
15955
1107
19361
10166
14840
821
27720
7187
924
9165
10390
9174
7548
28402
1575
9998
13487
11704
3205
2844
3574
8098
12534
13936
4393
3835
15281
5561
22298
949
12500
22335
11224
25421
11840
367
5483
9066
17788
8901
1948
9886
170
10638
3462
11102
1990
1835
5426
18417
12514
18400
22356
10174
2799
24143
1149
9461
21269
20664
7246
997
10334
11635
18184
12329
4131
13242
4586
26170
18785
2156
23193
1597
6395
19340
11799
9015
16687
12079
22525
26165
7415
10578
17079
24768
15728
13954
288
5310
5484
14148
12812
3750
14122
1714
5456
21379
6171
4673
8281
6425
22046
6512
19555
14746
20431
22876
25898
2071
20929
6565
6916
6528
9625
6283
2897
4720
1796
10734
5546
1029
4140
4141
4826
794
1653
2360
364
21913
14353
12962
20731
5432
11761
25703
515
16838
7833
8224
1356
13234
67
16221
18757
1023
6970
4673
301
11705
6279
16532
8148
5660
3528
19209
18747
4070
7312
15907
9087
7780
10950
5527
14557
21897
3718
14382
14077
7382
5130
9162
579
14296
22048
5627
7500
29152
17827
85
12617
4390
24373
9636
9153
7991
22399
9385
809
2876
10205
25798
2790
6584
4439
8126
12730
8792
9009
5945
1695
5508
6975
4986
737
17227
6370
5659
18232
7293
6063
12982
7395
1634
4291
5364
14406
5065
1336
8873
675
27023
19074
29
16768
5501
5013
3142
8809
43
2627
8102
7629
5139
10040
927
9359
12372
7444
7992
13237
6520
4102
12540
18229
2614
2216
3849
19985
3728
9009
1752
21366
30363
15915
7408
11345
17096
7995
1075
4053
270
6654
3003
5316
10992
11414
23607
18203
4273
12284
7602
5880
22703
6854
4288
11714
838
9042
503
2034
7116
96
10395
16356
14401
995
1526
1330
26896
4788
29681
32
21459
1966
22899
13977
13090
8158
3498
18838
13062
14836
6791
16995
1889
28617
8066
25899
8751
30317
9745
3391
3275
3050
20493
23733
18098
5654
1869
10791
24863
27906
11168
26303
12319
3049
4496
15902
14540
4540
22857
10762
21111
1235
20827
30462
16022
19944
8627
28404
30287
28216
4651
6223
1709
904
25747
16756
18036
8670
4584
14557
3532
17825
9808
8176
8097
4346
1028
13531
14474
8320
10107
21331
2853
15979
1889
5829
15031
9974
9324
9623
21303
22605
10445
22170
11586
25716
17919
8501
13245
6041
13034
20992
16192
10669
6787
13561
14323
4058
2762
1710
4330
3621
12015
130
3168
4223
21218
4590
369
5454
1537
2344
15984
23105
2660
22150
1946
25827
4264
2104
11906
31224
2921
8590
13752
21099
4257
19872
8493
20095
1292
6447
328
4925
22448
26072
25295
13162
3553
10256
83
20367
19040
20701
13515
4967
22345
19603
4328
1121
5274
14306
10207
6570
701
12520
4804
26744
344
188
12500
294
13961
9799
25447
25376
29173
15596
7465
4976
7647
4713
5749
25068
5040
8347
4706
1553
1916
3925
24110
21266
16872
9469
407
2286
6738
19542
25371
7830
9626
15165
27941
12093
1198
2395
24730
22493
7566
6290
8657
15368
1454
28128
3671
16269
4761
10302
31623
24232
16002
3184
3562
9184
12627
978
516
8001
8094
12864
4487
1277
19178
31241
580
26225
1711
19618
18583
2792
112
616
9659
19905
20099
20502
22731
22330
10857
6191
22098
13391
7883
11670
7949
547
13515
307
15277
1005
909
10881
15222
4603
14142
7231
8629
94
28387
1399
12820
4598
9361
15007
26867
7433
24037
4108
8962
4106
12091
30881
29735
872
25876
8340
10759
5396
6453
27367
28364
2486
3799
6200
21005
1755
3641
2765
5136
8032
656
17193
1983
7605
29249
15102
1814
11139
474
14938
8292
4055
1071
10007
3771
21122
4871
24228
13122
2781
12081
6771
20757
12988
22628
4972
8492
16572
4338
3625
1356
20270
21943
6790
728
25754
3633
18269
10109
8327
1895
24573
393
2578
1682
12779
476
15281
12660
10165
22713
21554
12018
25174
7034
12263
7752
1317
2022
10018
16211
17682
9415
6608
14612
29670
3643
4944
23231
3194
3868
3685
12704
16482
3669
4303
23634
5267
8431
25406
7490
14335
14003
14518
3417
3731
10917
12779
18234
2509
16873
4365
16930
1839
10096
16131
27082
8673
2382
14339
11080
23196
9630
12236
14776
6929
17344
5165
12014
1968
5031
25147
6017
19307
9811
15477
13747
14370
24969
6092
23705
13612
3752
9838
10220
6016
305
12726
2209
1390
5712
17373
872
20334
20076
14886
12555
1782
15061
13875
9484
4974
7301
8728
9427
7622
16723
24362
46
7526
10964
2790
2940
14573
19513
2862
14746
14275
6004
176
12792
13405
1699
21399
813
12478
5696
20933
19668
3525
8309
7116
5930
30441
1806
2954
767
6293
12910
27267
18798
12385
11266
17421
18226
3498
2558
1833
4365
46
12423
15094
26598
17288
9141
14437
17869
3711
13392
16898
1727
3414
15437
7199
6418
8691
16324
2173
9390
5451
12254
21578
3651
15959
5531
6595
19392
8472
9399
21893
21904
21260
7467
367
11208
18416
18555
15368
11939
11417
5140
22096
12540
17576
14168
4538
680
10020
7280
6396
13085
5159
11003
30577
18059
11937
20520
13477
1117
2208
10944
892
10715
13277
18720
2298
9448
3370
3457
3459
17200
4211
2986
21791
6967
12168
5523
12334
10511
16170
20960
2404
8372
17835
13589
14735
5720
1931
13670
5894
15202
15727
1334
1763
19005
7957
7214
13837
11102
9250
22844
5748
7768
19239
10964
3261
20134
23594
3287
8196
1422
6020
905
1309
13016
1781
11496
19793
15415
2908
16921
26064
398
6407
641
15578
23886
19094
23367
3075
15965
2929
4208
15549
14820
21387
8944
22023
11047
15404
11180
4103
15358
18874
12720
16726
17836
9326
1590
16635
6953
7856
2686
3928
11591
16040
3735
8574
7520
3984
13772
7511
10846
5275
6035
8146
1965
8516
18723
15803
11612
12388
18395
1702
31325
2165
10658
9479
14810
2057
28271
27350
14207
8433
18194
3697
8686
13044
4872
10015
4370
3294
27136
2080
13141
29799
20429
2995
15937
9727
12337
5648
7159
6189
7076
325
4568
23818
16874
3931
11815
22062
12627
1961
3564
5439
15090
9587
11389
20119
23580
10128
9258
4600
12092
980
2502
2566
1944
16719
3455
28918
6612
7624
18263
29550
5358
20789
2660
6289
3881
6862
14403
1986
6962
8984
24200
19774
8380
5168
1082
5304
26048
12000
7775
12849
28004
11299
14655
24121
26800
13144
19497
799
798
9347
13296
20126
3173
13319
6792
2734
16710
192
20815
9058
17720
24521
2664
22404
16087
950
15295
6137
9892
17497
11839
1911
11266
12604
14187
10704
15781
10998
13814
1922
6247
20241
1307
21073
10314
20643
18133
13264
401
285
24945
21306
9223
3446
10373
2451
19458
2174
10522
12800
4323
8223
23707
19897
4702
12628
4947
11814
13013
8564
7855
12809
5767
5451
28164
4442
6056
11114
22241
13389
3566
9307
19739
14559
16168
13699
7773
19001
4581
13255
24335
29878
25547
28214
12380
17807
17951
77
26980
3132
4570
2329
18894
7159
8917
374
589
13002
19172
18366
6343
15613
23084
12077
20217
14438
12788
10264
8653
6703
392
21761
1122
17936
971
3630
18105
7746
9824
3098
15844
5960
16240
18504
19434
69
4262
9884
6111
18322
8056
4340
23128
20674
2619
10836
20702
8480
5997
16313
24416
9042
7456
8063
11203
7506
19010
21948
14210
6559
25844
17352
19045
11080
8442
11552
11770
11632
4358
10628
23457
5171
85
5271
831
3678
17978
30397
20782
4379
22847
10931
27574
3647
17165
17970
1457
12353
5667
21356
4532
15101
12435
17121
24115
25954
3068
11762
873
6406
10024
7055
24308
8293
2196
12320
15776
4856
9872
965
9157
21366
5891
6572
3313
13571
12735
2452
423
13046
3846
13247
10688
29127
2663
3565
10076
5570
23908
6123
15636
4161
3632
5986
33
1100
8243
17909
1518
7494
12224
3430
13867
9478
5358
1536
3727
6092
9022
8607
10530
9614
19610
10535
14279
3690
19691
3241
27428
6760
1678
17136
3626
25004
26434
14730
818
16744
7462
9304
2302
3351
2950
7252
9817
16676
16901
21552
1801
6904
17819
707
9367
4625
3048
18225
8276
4231
7994
16823
9789
17230
3295
10489
16981
3547
24032
237
7268
11165
6183
878
7172
869
15063
17350
13051
4543
1258
1583
890
8320
13926
26165
10604
959
1840
3613
11486
7497
3329
11815
5426
50
8646
9838
22299
22724
14069
8654
17253
13250
3139
13739
9268
7576
15818
7264
23760
1784
4652
14405
13359
3017
15598
5701
8565
10590
18150
17032
7896
7748
2741
13132
8992
15911
13112
136
9571
11227
8731
4524
9665
10968
1783
2393
347
1685
4650
186
10953
8030
19214
24526
4442
19130
14166
5383
4672
6699
17462
3297
15257
6864
1441
13093
10893
15119
16794
16402
16181
8719
5997
2180
5212
6994
18732
664
648
15041
13906
515
12927
14262
7048
7881
4408
28087
13364
7306
18897
19002
3403
20517
20655
13681
2794
8234
16873
15481
26695
14779
2569
7980
762
20007
17737
10014
13149
14230
1919
13181
8394
15890
22019
4554
23423
11536
8738
26931
30322
553
4732
8070
11997
12025
11848
6351
19005
4340
6028
1162
3863
23260
24114
5246
6260
24693
16568
13319
9954
25037
15740
18310
6287
8475
6660
13649
8340
8115
486
10034
8259
13870
4903
13194
17210
13692
7417
15505
25265
15457
1311
15019
7889
4498
4939
445
5213
19887
4217
7448
11291
27980
22287
17600
9120
21139
3536
8261
433
15652
8869
27727
14302
6677
6794
3247
17277
6970
9179
10079
18827
17320
12200
9929
13241
15049
13167
8643
14593
7164
6360
2679
14486
14311
5236
4698
955
7547
21972
12897
11756
5205
2705
4715
4842
10274
273
19560
1119
8573
5054
1549
7174
21307
13205
1779
11477
19415
19583
27573
10071
28321
2935
7833
16126
5058
17476
14456
9920
23771
21139
8641
7095
18110
11874
18698
13549
3575
4847
1046
22718
2778
10589
14272
2591
491
21592
10904
12763
14366
23999
10663
10959
13487
3197
7607
5326
3898
27363
29788
15183
8167
10892
367
4893
13984
19905
13126
14824
10957
879
2330
13721
3918
20534
13454
16123
6770
12750
3331
12095
18361
3994
12800
16543
14524
630
7315
28847
6548
94
20801
8676
3472
990
4310
19160
6156
1670
12769
22171
3851
17952
20861
3459
3126
14571
2545
1934
17518
13684
18107
9779
21810
13279
14644
27833
189
13751
9751
1280
21645
8300
3771
11784
17662
3269
12044
1041
7800
19176
753
944
16782
20540
5922
2159
16321
7052
30272
4669
969
15597
13642
17652
14574
15383
12880
1849
18507
8568
23219
11914
16075
8051
6989
7081
15978
18600
11698
21667
1772
12456
11706
1107
6740
2733
14472
5468
12272
12837
14180
17684
6852
5875
1932
1474
4225
5866
3068
9186
2424
15066
10484
6476
17776
31551
4255
8356
22527
2895
9211
1716
2748
14735
5824
658
2208
4042
5849
5708
3532
10487
23326
5890
5590
26507
6215
18495
5721
18292
5622
8976
6745
5924
2543
2310
4593
5072
9064
6212
13369
11402
5823
18650
178
9802
5027
11735
4460
4936
18976
3747
4044
3809
6961
15345
8722
1006
8628
10731
10379
16304
9429
4625
2454
20424
26471
19971
14292
2859
4590
4789
745
28164
1523
2953
16395
675
25334
7928
9765
13686
1118
2019
16391
8153
22156
5125
14029
14755
6467
17662
2934
25369
6383
3687
308
17656
3521
11212
20488
18410
1402
2104
19258
6622
31424
19587
7310
20492
10320
17214
12187
20179
10097
11731
16814
15630
12138
17540
10985
15922
4406
5944
1887
24128
21050
25307
1355
23097
7321
5163
11863
8812
12443
7171
16122
8654
417
5096
16760
5826
20201
1714
22249
18384
18602
10924
12070
1531
10098
1417
27832
9829
2075
8006
2008
16532
2858
1929
21035
14461
6294
19432
15620
3388
24137
8102
24773
25326
5485
24711
7193
1526
6845
15961
8375
13053
5831
2519
2002
10339
6047
24266
8584
7113
5042
5098
8619
12551
5412
14074
358
18808
193
18970
6140
434
18852
12286
12500
2874
595
7695
16796
3278
3350
19474
6147
9726
8034
1649
10550
8327
11432
19179
29282
10385
4033
15988
16018
4675
20765
4456
3163
11086
5850
28499
17491
2768
2130
25309
16442
11027
798
1519
12657
1788
16970
5080
377
21412
22020
12271
4160
22072
24356
5614
1281
29095
8530
19130
16385
423
5621
28419
295
10960
2748
16649
7309
13861
6916
2234
2455
15758
9512
19191
8579
24025
6741
5350
3098
2979
3659
6332
4144
802
4120
27432
19879
2939
1657
24790
8335
12718
18490
6573
21585
2830
4122
469
18433
381
904
447
14387
18548
20215
12501
8869
3973
3297
21887
3354
15794
1470
26493
11497
28075
7466
16915
29309
19891
10251
20993
13497
18922
1351
7698
11903
25874
13861
2805
1047
57
4735
23218
18345
1966
14337
28773
2019
8111
6042
19180
14361
26233
13723
1496
7922
12266
10656
15981
30434
12464
14740
14478
22354
12248
14679
9029
1891
20261
4357
6343
12335
3101
19238
18469
843
2527
21052
26688
13323
18960
8886
15411
12122
10208
17877
11065
16757
16633
19528
17343
13996
9046
10325
18259
9999
11612
23596
29178
5626
16896
10656
24584
9439
1632
14737
9212
29318
6414
972
12113
662
4596
9254
25396
7335
5316
701
16170
19680
7749
25229
7882
5492
1269
3192
7248
3372
13971
16669
14653
1510
8784
1068
23719
24325
11479
4149
14094
17701
10946
5747
4545
6729
27741
19852
6082
6216
5092
6374
12960
432
14450
21087
18313
16229
290
11266
4487
3426
3574
26203
17082
9195
4999
16926
14337
28351
2672
1804
20157
10815
29653
13680
25827
726
17048
8310
8329
20322
9579
4983
14505
5796
10349
12787
10999
4956
16153
3901
14335
8893
16682
1838
9425
148
17587
23400
18372
5516
12479
1900
19944
2946
25095
5297
8838
23473
400
9825
6359
22941
11309
8305
14065
5238
11335
3610
6670
2422
4214
20697
10677
10145
21314
12937
10914
3473
25057
3873
15914
19291
12772
11478
31926
5772
9258
23763
15887
3186
1527
2685
23196
15220
31199
6759
22095
16371
10341
19947
848
18573
17989
22841
3732
3485
9149
2196
13698
8428
1534
1578
9132
20126
3872
11349
23606
3729
31975
25831
8719
19986
27221
14259
25574
7518
21057
17029
10919
11288
25842
6010
3281
16829
13067
21384
16240
16277
12515
20219
8373
633
22670
5486
15098
16473
1632
1187
9283
24044
15826
5299
2421
8022
18802
17685
28893
2447
21982
18445
23539
243
8071
16228
30207
4476
10299
14206
14691
1485
11119
19810
27193
15777
12704
2671
20785
18473
10651
13896
15666
12416
10386
12618
7743
12132
151
22779
5957
5233
18936
12295
21872
10061
14088
14169
4756
9478
4391
29467
12606
1859
24803
6333
186
13147
6103
4020
14805
1994
7610
21380
12548
21441
1231
4847
21813
8541
5717
18077
28445
4527
12186
13031
1422
10368
3153
16914
14638
8355
7269
18018
23347
2691
10418
4276
9171
6825
6126
3647
1553
3087
4354
27118
3132
17509
21598
4371
21568
4250
3725
12543
6469
4395
8673
25839
2359
6734
1982
6487
20300
11992
18502
7092
3177
17852
4372
1142
14398
28681
21593
18178
3002
235
4506
4297
4296
4295
16562
5474
8549
21716
13650
5771
12630
8733
2827
13525
29185
2489
12471
18700
15028
4391
13659
1384
3295
20391
23854
25262
27358
22753
17989
20421
25024
15457
6382
823
5155
14897
3849
11304
30952
2492
28059
3554
3086
15017
19618
1338
11212
9499
1234
10540
7520
4706
8491
23739
13138
24158
4368
317
2788
18208
9711
24546
757
10077
13352
2741
9479
24038
544
1716
733
521
8262
526
12889
13036
15156
17908
11408
9252
3569
1827
13989
2501
4829
16060
13122
12958
6270
16002
15491
18631
12515
14520
2694
13379
1720
4806
6110
2146
23830
28283
6177
8228
26829
5559
16392
4627
9884
680
13302
1911
15335
9446
21101
3998
12461
8455
5594
2709
1977
1102
14472
16646
24840
17359
9777
5110
6759
9338
606
12447
20650
9987
17709
3254
9213
12847
1727
2551
17008
19024
7711
8385
7773
21988
5293
26143
31317
4733
3356
7620
15963
9640
12923
12842
11857
6913
17781
7960
15389
566
9845
1223
6791
26392
20341
3675
3108
13686
13669
7780
3469
10848
18022
9505
10527
7046
3823
16985
14149
7613
8867
13304
27115
28307
3329
10454
3984
2034
5188
6596
20744
10381
6796
4425
19569
14036
4948
17620
5598
19852
11424
21339
2450
1218
14970
28687
5545
23708
25626
19832
11284
6924
1896
2994
5675
26761
19609
2886
4396
29850
97
1363
13991
8816
23971
3997
8495
5127
1107
20751
22664
1272
24591
1984
4327
10566
17389
12621
12870
4657
3415
4226
24137
20923
1205
7642
12126
2811
80
1898
18514
8618
11688
14729
8792
8825
6376
23552
14592
11322
21976
14241
4783
9444
659
2571
254
2413
2737
1961
5503
1704
18
16324
15388
19151
9294
1409
15683
7780
19801
14063
24460
19233
25753
24096
14400
15839
7694
3426
10189
8704
21052
14359
16613
10648
3657
16000
8660
1936
3913
21656
2522
215
2083
28157
5338
4626
1609
4833
15974
622
23313
22329
17247
23640
13470
13335
24450
2908
10885
7333
27056
4264
12645
16245
11100
24603
4225
1021
8031
13282
16392
4075
21210
26000
10801
4459
20622
21296
3905
572
137
18548
12282
5686
477
8087
4917
715
1102
23507
12242
16871
19758
20813
7217
13932
4981
15513
8977
20075
25686
21493
957
23525
9429
19851
5891
20269
6314
23708
10756
18408
899
6477
15997
15291
17365
6016
4115
17392
5998
2112
5821
14708
10559
13042
8278
19985
8598
25666
6036
13666
845
9086
5286
20982
4144
5004
22740
6983
27991
15283
8448
8807
15307
15448
337
15282
8251
2602
11426
22634
5220
4174
4356
8423
3877
6887
2318
20711
11949
8517
5899
13444
14159
8582
8801
432
14393
6579
3442
1947
7024
16894
23443
11737
6718
8324
6935
2006
20343
2141
8913
18048
11274
11422
8544
11680
3726
8538
16513
27389
17076
6676
27594
11080
13919
12670
17902
17897
3547
12945
22213
8331
7105
26764
9778
24412
4041
21263
21053
17064
17111
13829
12157
22624
3782
13858
14229
10080
11006
8719
15833
4318
1263
9234
2763
1266
2045
4318
3467
4808
28330
12346
1683
461
13549
9229
11338
6920
3729
19929
6538
4432
4007
22011
4949
14280
3853
2210
14346
11558
2457
5315
8320
25469
11150
2241
6758
4307
1752
23839
3232
11897
701
897
25279
17338
2572
21642
5373
16896
4549
3471
5482
4895
1227
1400
2547
3189
21367
23883
14211
1559
4662
16195
29587
12265
9181
10179
17975
13673
6581
9892
2209
16095
5484
2653
2841
18759
15096
257
10980
8791
10277
2574
5530
2598
4000
19294
3427
23324
4951
4362
1026
847
6782
8833
158
7695
8371
491
15189
5463
31177
25397
6937
43
12904
23046
16251
11957
11413
9751
5512
1131
22737
1258
12979
5962
26033
5237
8351
11704
20584
14084
264
1911
17875
2249
3917
4246
9748
15603
23579
1336
10920
15529
9228
21931
23991
3619
9336
8031
18029
13825
3498
8156
11430
24088
3892
4389
8315
5887
26230
6384
4034
7040
2727
16850
23354
3001
14568
20677
1701
2111
2066
8768
10140
21426
27690
22852
19213
12443
2274
1694
10524
7510
22637
5011
20409
4350
1901
20099
20543
16598
6890
7535
5928
24075
3313
4128
14169
2151
29560
1720
18647
6030
1803
9387
232
5545
3402
4540
14444
14626
2064
4050
9300
1686
3338
12594
3619
5432
21481
710
10084
23392
11328
13118
10815
2689
9514
4007
2552
4870
4054
18933
9725
3970
22531
5192
6262
4532
8183
14612
533
881
13783
1463
12519
13750
7408
1057
16194
6451
8781
10062
10429
6108
21758
7245
9903
27654
15487
11062
10916
6812
7812
13514
10619
21120
8387
574
4310
12036
2051
9770
20163
24850
6502
10
7857
15451
3405
13583
24139
21982
4006
7256
3860
10591
1944
20860
10739
3358
31179
16819
17127
24003
20747
11350
968
20484
1515
6950
10817
28279
12661
19444
7523
8481
8860
12076
2341
593
2809
21684
18760
29789
5404
10321
28397
3546
19587
2582
16809
10636
11066
2994
157
10909
1093
15160
23953
11927
1785
7717
24651
9050
16621
2012
9987
13488
836
6003
7174
22306
10762
9976
14075
18588
32144
118
23543
12720
7990
14771
21874
7245
7116
20304
23578
511
19371
18588
16772
17544
14810
1412
8506
5752
8659
12847
3041
2654
8144
2213
19832
8919
7291
2737
1944
16769
4873
23793
20058
702
22178
13307
4168
5353
25296
2077
2409
12461
568
166
4646
8833
6733
11667
727
1709
23336
5828
5674
6498
256
4726
15606
4014
14446
7530
4092
19212
8671
13051
23416
9412
17404
4505
9681
14766
26422
57
10278
7669
20918
22503
11052
10666
15580
3970
7887
3647
6061
1963
279
20692
2665
106
19520
15692
14268
7327
2919
1285
15124
906
21822
165
15500
12375
7146
9788
5834
7004
9116
11063
8190
15215
4182
26215
7266
6748
12773
1783
637
18581
14122
4633
20029
579
1945
5284
16586
14192
8242
2120
8277
18211
21406
23627
21431
12102
10725
10547
11971
3907
2039
8073
4189
6138
28409
22186
13275
11474
3296
458
4471
3022
1112
5950
3534
5559
731
6655
7156
7596
4361
14601
1753
13237
29101
14044
4029
1680
15526
11536
6381
10071
18861
15058
21723
16943
16074
6853
3040
410
11861
4994
12509
5559
18670
9287
3116
16546
5573
1868
3006
16461
4701
16218
19663
4921
13437
1161
11610
3364
1029
1813
31782
4676
11277
20413
4811
14732
7926
9618
977
3947
9530
4368
3368
12877
10027
26446
428
6607
12
14648
2340
4898
5418
20359
27209
2226
383
11215
7455
22327
5328
5092
6693
468
12995
19567
1058
3131
22429
16699
5623
9181
4960
26036
7126
18392
18916
4636
11650
18655
10576
8309
18654
3741
7704
13045
1047
11774
1279
28121
6674
1878
14979
30111
7150
31231
7851
1537
23374
18655
19205
2864
6818
17460
9942
781
14914
2189
21499
26078
3334
5421
2666
15210
11982
19959
6532
1889
17928
20996
19142
3180
5999
7182
22089
7117
13058
4736
1202
16340
18967
30723
27872
10936
5110
22431
11266
3125
4812
12278
25815
5587
2828
7081
9825
10729
5360
15913
7935
29049
5632
16284
6323
14004
1500
20780
12493
20456
23001
4823
17368
9437
16338
11837
11630
12275
6488
18862
16328
3210
22819
21718
3548
8506
5529
3482
12548
1039
11270
6180
10543
23329
14980
15905
18197
26242
6465
2466
12185
375
7951
20914
8928
9848
11648
7956
9804
8812
27813
17392
10604
7921
987
11319
27114
4420
3885
3257
56
13648
25410
16690
10259
373
1652
3848
734
1861
16993
21973
12404
15267
9663
5225
12608
7406
3270
14161
6640
8117
31553
9831
15265
9711
1459
4323
3950
16634
9208
24200
2119
277
9675
544
30913
10863
7188
4395
4010
14343
1929
16566
4446
12908
7034
1874
24746
14157
26823
15939
9974
6042
12006
13425
11512
10783
4027
17630
26626
8757
16397
11318
676
4280
13743
5606
8346
3589
7877
570
9672
26888
14155
9527
9544
19663
4409
20162
301
2622
3907
14431
25147
16872
22926
8558
7526
14452
5354
22274
18796
11626
18980
11583
5649
3123
9134
22994
1446
1986
17630
12730
7348
8606
16339
10249
6242
7735
257
2318
11553
8222
471
17588
5556
4407
4385
4229
7551
819
9725
7808
6469
19679
16685
7343
25885
20396
1210
19183
25203
1850
415
2422
27196
2501
4757
9815
9380
12927
71
9382
10274
9876
22458
11454
21225
20977
6496
15994
20793
270
2362
10409
7624
11494
10056
19611
29408
3399
9305
18194
1775
4533
12865
3617
3796
24973
16223
11285
1260
6494
14304
1212
13238
10631
16749
3019
24037
642
3772
2740
166
19397
2148
5445
23960
1764
11963
1385
5715
3604
14733
7962
4573
5851
16896
13172
7824
4992
1420
5771
662
10213
13943
14801
2698
26456
11970
11892
4288
2654
11748
7634
14252
7312
9547
10354
19323
18499
18220
12231
1904
237
9703
24831
2768
1331
4261
11783
1470
16506
888
21072
6314
6683
8388
10203
3627
4740
3555
5907
10293
767
19058
6899
11002
15517
1885
22437
12086
7636
8339
8554
2569
3623
5157
19838
5177
30136
14874
18735
14026
8637
8705
5168
3570
1388
5341
26111
25023
4869
8314
17367
18208
2940
16804
15817
21590
19703
12310
14139
20667
19253
23694
2761
10990
21012
1189
11134
10580
16008
24871
13093
5262
10191
12424
214
3756
3448
21793
8562
20738
19699
16805
29935
6965
24996
4366
1484
949
7321
12504
9345
11308
17113
2960
20570
9312
401
8152
3468
1027
24413
14947
6510
3516
24005
7300
27928
10658
16709
3011
16695
7956
13031
5514
12627
1133
17280
16475
29997
593
3994
1476
19333
18035
12249
4831
8117
10563
5719
7418
24447
1093
16861
2742
13682
2961
9966
5785
3723
9662
29075
846
11508
10410
4479
27313
23194
16420
8461
729
3419
26550
15627
13244
8658
12000
3475
13416
6998
17631
11499
28419
5674
4159
9078
916
13575
22361
1233
8147
18526
16939
11207
6329
1989
4545
1018
8602
27232
26250
704
743
1118
17741
8384
14584
4218
19940
705
10592
8680
20837
7155
31054
11786
1293
11866
7009
19269
25941
6678
15731
21810
11853
5332
9502
17405
12747
4563
1718
4727
3912
11942
18385
3673
9399
16831
13153
8137
3804
19441
5574
5871
3794
9260
1042
13789
8919
9483
2864
4999
16810
3193
4626
19500
14213
10553
14326
1403
4332
8349
1487
13749
707
16789
12447
17797
1605
23949
1817
14349
10030
14754
3135
4515
21517
7476
14359
9134
9943
2431
17191
3339
11300
21644
2001
10175
6378
21833
5819
22879
7848
10903
5754
13457
15029
7795
11604
14959
53
5717
6250
8541
4215
4887
13648
17677
4571
312
3711
16897
24788
12124
6614
11998
11876
15206
1413
9576
16380
27783
17477
21650
24228
20464
13799
5747
11771
7864
10440
7199
22185
739
17605
5700
10543
24987
4994
7390
2248
15751
15132
31324
3104
2623
24505
27613
24018
4706
14698
2707
61
16452
16657
29962
13782
8130
4405
15816
9096
13088
7088
15553
9354
213
9675
13874
25068
7895
16205
958
1989
12077
11779
1906
15243
13786
617
2861
28389
18784
17615
1105
3889
15557
2608
5331
23425
22313
2914
23199
185
14422
1707
20767
11464
13024
5468
2577
11472
27062
10175
3754
21464
5318
7845
6908
5843
16256
1809
1249
13968
4114
1573
24634
12982
1214
14833
3348
8073
10539
3440
1079
10671
23293
3931
6952
15566
16759
15715
2921
7862
3146
13203
17683
5120
18952
2961
8594
12075
7272
31339
908
9595
1461
21018
15015
15544
2800
8221
2504
7021
4232
14063
6552
24545
9869
9479
4916
1708
3601
5051
4674
7870
7691
2255
13727
16754
6054
10168
11972
10099
8780
19190
6021
15504
3559
5639
27910
13206
4237
13516
4369
11521
24261
17710
10509
12369
14485
4470
14841
19600
1761
19523
10142
10247
27557
14564
15561
3750
7403
6955
17234
8153
5188
15542
8809
10412
6515
17119
6714
7873
16498
17655
22914
4931
14920
879
2752
12363
6356
8904
12644
2825
3238
11386
6736
7336
9968
27492
15717
13641
10960
8549
1277
22225
18707
10428
3778
22817
12441
2995
4329
12768
3197
537
27130
142
2002
8481
2547
24146
18737
22467
23146
24574
3967
11532
25096
25579
21396
11383
14476
2994
6998
745
21262
4845
7613
18265
1838
12845
385
30560
8202
2787
24596
10569
3537
9252
4727
12321
11561
20947
16905
20627
5104
3938
2917
10042
20300
3119
7611
20873
11206
20511
7722
1289
20439
1158
1685
1520
11954
13687
4757
4118
12215
1414
2117
9915
8019
28778
1951
4139
15927
28610
5588
5531
7153
6443
28810
14332
1824
23833
28991
9211
17408
1007
4431
16346
9079
10857
9251
13370
12658
8797
261
12189
9278
3920
11357
1884
21834
4171
12964
31686
4596
4325
756
17460
977
1856
5265
3960
27673
10336
4942
364
7931
2063
368
20932
21688
4676
7983
24433
2861
12289
4558
16020
17934
12790
9709
8345
21410
3573
7050
22519
12018
12097
18446
11727
15216
7669
6506
20701
8514
8039
20696
11898
165
4273
1619
14070
9695
1696
19894
10052
5988
5779
12897
18469
20560
6471
11778
6543
1159
17781
4942
13416
13127
9538
17653
11318
11993
1437
18907
12959
14520
6770
31276
2979
4826
24647
8776
9721
18708
12400
1305
7083
13545
22761
7165
5641
6755
9162
26582
11907
6844
5942
19725
5686
17180
7158
534
1667
14060
6419
14235
13807
11890
7276
17313
23778
19154
24425
14080
21586
2573
21742
13345
6836
5323
591
13400
13092
1016
20584
1030
15168
14111
24143
12561
3960
8118
7443
21395
1004
4638
9860
15219
21073
5100
4455
14371
11763
13664
16593
18276
11777
9718
5994
3554
1931
10681
11481
3929
9636
25390
6914
648
4517
5960
22693
3480
7931
4491
10779
8223
63
3245
9684
12228
23002
7410
4762
8733
9262
7262
22575
9766
6877
930
17191
22047
17208
2546
15380
21499
17712
12706
1546
14598
1898
2818
527
4940
6501
10330
10471
2226
3611
11864
7289
12811
19259
5044
10072
3000
23854
1222
7382
26418
1325
10719
16027
20233
11714
10694
16934
17262
16260
4012
2950
21257
13258
2407
18999
24806
5838
1499
11961
26793
5765
22850
1600
13194
7092
19066
3369
5246
29927
12362
7575
24118
15849
16644
8678
27630
12050
7430
1021
4569
10029
17495
25221
1818
22555
14463
2983
6262
3769
20535
1671
21066
2969
9108
2749
13694
16626
6052
17804
11513
1078
16018
4658
12400
6906
126
4457
3555
8446
7098
13993
12668
4735
13897
20512
4684
9799
20958
3676
9920
4229
2310
11274
17190
4969
6903
16999
16336
29117
3240
25184
12772
11823
23667
11313
26128
13279
21791
9784
28399
2183
26270
6993
11021
8199
11591
15763
4937
1315
14720
10459
18973
16675
24791
2520
1463
18658
8907
15172
12289
919
17270
2897
13170
2628
20223
20225
2393
3824
7128
10352
9607
12107
10028
3645
29283
15351
7259
31378
13534
7350
711
13496
15694
15454
21536
13632
1361
11512
12735
18685
14586
19455
3042
19725
21718
1841
15748
19448
5214
11745
5899
711
12108
2279
9893
1414
24891
8106
570
5456
19895
27859
16188
30460
10719
7129
14286
22491
13695
5144
121
2760
12693
3196
14106
3415
19169
16755
12816
11142
2602
666
14126
2719
1858
14028
14569
8276
8201
9051
3125
4698
9669
6785
15458
23133
9151
16544
7164
3510
10738
9041
8583
7600
3448
22947
10531
16626
4212
104
488
4779
3986
5197
12744
19966
15651
3607
22955
1174
10327
2488
968
3637
9690
381
5537
22417
666
6111
3813
5401
15526
5067
8365
9537
9618
24333
21928
22099
11076
392
20053
12420
1319
7665
9418
2290
7824
5668
21465
14900
6570
6298
10385
22612
7303
15865
15517
15457
3793
12084
5141
14856
1379
5726
21333
16602
8705
23481
4414
12125
1989
13554
2621
4722
4556
6328
13505
1044
11832
1715
2598
12550
3462
21031
14385
1410
4632
8664
8121
29882
784
2330
11933
7504
21657
8992
18431
12667
7032
12523
182
2871
4936
9160
11442
4551
11640
8130
8233
13447
44
19768
24635
13145
11984
11294
26620
24319
27704
9376
1271
6302
9830
5014
6202
3552
13115
18919
15331
2558
31014
5599
16388
3457
2830
17094
15283
8225
12571
902
1537
6692
13877
17274
24393
14363
19921
17126
1150
10198
20513
812
21344
7837
23861
10896
10675
14560
3593
28346
1074
12857
1881
11333
12726
31590
8889
5482
7479
17892
14624
14901
3035
10823
16995
21895
20556
20944
6408
1129
15523
7868
18837
4160
6984
5328
9296
3188
1180
9443
333
8619
663
24977
14774
3426
23627
16830
8677
4000
9017
3712
8490
7750
11474
13235
4315
5966
5129
6221
9483
15777
872
1467
15168
19553
6907
23375
11059
13536
6617
4838
3353
2340
15813
13563
6827
6789
5603
8994
14687
14391
29972
9115
2602
18244
841
6882
10494
11026
21516
14325
2406
2642
4821
16663
5942
25779
11231
19286
9138
25353
25816
17471
5484
1102
4285
7176
11017
4479
13150
14532
10431
25008
11181
19968
11695
4025
5759
15661
4518
12624
24881
714
6955
19128
6864
7047
2716
31287
1931
7764
6955
6816
3170
5932
4016
3094
19835
11712
9352
13781
28928
6464
3555
12740
6210
15425
28907
15568
13513
15469
11191
10685
24582
25122
17604
9717
22652
12990
19730
19905
22101
24431
24667
25277
934
11039
6398
3057
21889
3197
22295
15286
13612
898
360
20925
5965
27016
483
17943
15783
14826
19873
28024
5830
6887
29637
9828
8511
13741
19356
7862
1364
19195
30878
14576
9039
8668
19426
10708
7225
28605
6221
13487
8352
18647
8110
2417
1128
4201
19342
2134
3640
14961
9496
8266
13235
5900
3815
9503
11634
6862
3215
25884
17825
26656
10126
3663
19513
6112
15968
8316
8406
24811
24443
15287
4076
13145
15003
9059
3068
11500
8175
3970
17892
25148
12974
16660
20895
15637
18037
13539
9542
259
20082
12797
4091
7716
826
20442
11572
6153
557
11035
18012
954
4259
24676
27245
12383
17103
5301
8640
19504
3569
17969
5969
8827
5308
30114
26089
13979
27361
1
3410
22304
25096
10090
9494
5632
5692
7318
13722
3158
18385
12687
2982
6255
10712
23597
10061
8086
6085
23440
10456
20033
1355
1715
7368
949
13541
5746
15375
13573
3684
5491
3337
3092
7161
2347
7532
2993
18968
14555
14729
17239
9440
15612
22
11557
8893
4645
15814
1517
2571
6679
10893
4924
10188
4566
19558
19641
4033
8619
9827
17263
2990
25404
1463
9552
4100
7545
10604
239
11868
15016
6916
10726
12282
10572
2476
13901
5997
5158
12841
31160
3201
11691
5402
14207
28747
12801
15321
24371
12850
16680
15791
3629
14048
20615
16144
10533
9310
4041
8675
18291
19092
7455
12139
5064
10599
19811
3453
18002
4647
1702
421
9814
3088
8584
19943
5840
21247
19952
22223
13779
12893
9976
13719
10937
1428
10269
13932
6723
29295
5877
19713
4719
28695
5233
13239
4921
6771
544
9938
1783
18645
1138
21127
10544
1930
17712
12287
682
18594
27288
25000
21714
12852
6889
20737
8315
4492
2645
5456
14890
21386
21501
2146
6188
10255
14890
6461
22037
5263
4167
4829
14322
17200
6492
19071
10688
1840
21331
3105
1448
23599
3344
13082
982
10194
15318
1516
3517
3952
244
11448
16151
13555
13569
11814
21168
5268
9548
2368
9265
10767
17391
24942
13960
16325
6180
10601
13028
4112
14744
714
4854
9702
14922
26229
13405
13965
17795
1112
5434
2328
3877
13052
14289
13051
27254
13081
14800
1544
21136
1806
445
27603
7381
5052
17312
3287
15169
3485
1255
1527
25407
12795
17125
14686
302
24036
13478
1445
25614
2088
8199
6670
2660
797
16591
1564
14140
15427
481
20419
8696
4095
14092
16989
7009
578
14941
4915
18177
15325
8789
22818
16738
13092
754
6749
4815
15113
22600
6991
509
16959
5931
1142
9895
11864
5238
5119
1269
7207
19997
25274
3893
483
11350
24740
5842
10369
20
2308
7284
6458
1321
1907
100
7076
14383
5427
11856
2725
1592
11474
24868
10932
24250
4987
1455
8656
12690
11336
4916
22577
1771
11316
10408
12400
16947
12507
6347
17991
11154
514
13451
2864
6188
847
650
12319
11599
13560
22708
388
16540
10362
16830
22236
29084
8972
27087
3822
9972
13005
9883
9057
22511
19545
15492
20760
19884
11038
4266
10361
11501
3543
8807
1432
4740
7372
13791
1348
8367
27332
23907
13078
6209
7717
1895
499
4207
8393
17757
29916
16248
1944
9363
1758
360
831
7934
315
1919
757
2134
19132
2463
4807
17077
25594
4112
16391
5620
14635
4139
4305
4151
18977
16532
3244
19483
5689
11969
25025
7840
9183
18097
6644
16585
8396
8226
1761
26936
17936
14972
5141
20202
9378
27971
9350
16955
13476
3531
14968
23162
17328
15623
7133
6558
21153
6886
15044
9890
567
7847
3820
203
4464
9906
6509
22770
4521
19663
1284
8516
8951
1016
2704
5851
2781
23693
8105
2656
16780
1942
5895
12776
13233
12370
539
8237
1291
6947
9145
19143
7603
11976
4873
20688
3040
16831
26148
546
10599
5524
18009
3703
3036
21916
24665
8893
4956
23483
25768
15080
16301
10197
1265
26706
7868
5942
6915
20341
2882
16337
13579
5912
9894
19208
13248
8962
7204
16386
26488
12775
852
5229
11365
14100
18955
3452
5493
46
26919
10074
1081
8302
23979
31665
4345
16662
10443
14285
1397
2898
25528
512
1069
11201
17697
11688
11646
3778
7257
11392
6391
21002
11354
18468
628
14885
8394
2012
20477
6909
4308
13546
9901
6623
5215
2701
5226
10468
9109
6426
7348
25361
6222
3512
4461
7392
2693
19881
3822
9459
29824
2518
14755
1096
11043
9152
3026
14693
6503
13857
13065
787
14312
11220
12670
2112
3448
925
21256
22073
11653
11229
521
16140
5574
7140
15643
27394
767
591
10554
5641
14372
7526
20242
16748
14957
7836
4325
10092
13007
1383
23014
1819
9389
21212
16662
13561
4944
5050
21901
1101
6738
29843
29346
7631
11852
14993
418
25868
3666
15187
2112
11278
673
13058
9125
7471
11049
1739
12757
14215
6593
2653
12169
4139
4208
7732
7691
1609
1288
4280
11140
3430
20193
790
8671
4939
10946
16924
13941
5404
7630
7364
7821
16193
3916
1405
18227
5679
12970
30844
13465
4083
19045
1721
8197
29573
9618
4222
22674
3990
2329
23237
25259
5194
12442
10628
23420
3971
1558
2227
8783
3641
7609
10180
13432
13877
2611
3646
3553
3059
21457
17388
10347
4303
2384
19284
954
256
13729
5198
4343
18972
13296
8519
27006
1822
22011
7202
28250
3848
8963
13004
2448
12251
1424
20923
10869
10234
11053
3704
17922
11845
7051
452
26344
14595
13818
5057
11427
26863
16302
28681
18666
25188
3452
238
30380
13640
12527
8288
20011
12579
11326
5322
6372
29543
7140
5383
15027
6307
9972
18811
16630
10904
6316
8393
20240
11879
9707
4759
16870
6197
12252
12597
3473
29663
4882
3047
15343
3719
286
11163
2831
3728
24041
9119
8721
477
21473
13022
32173
14043
4964
17799
21173
6998
8633
2874
8061
12695
4777
24256
15827
333
25042
10413
2083
3340
5543
19284
4643
7393
11891
12640
31456
1897
21353
9585
29031
19660
3465
6024
3213
6090
5795
15747
2149
23455
28467
17510
17851
15641
15223
8619
8194
6245
2290
24507
8571
11328
8967
2637
25164
10551
12634
4328
4804
1671
6937
28419
21596
5297
4420
11463
8517
21104
830
26586
4203
4427
4016
7431
2961
26499
12577
14027
848
19850
5870
1116
8645
2149
1444
27701
21688
29964
25016
5412
5955
19356
21627
19380
15848
2243
13928
4479
20329
807
3548
17238
2073
2892
227
13031
23136
32150
11610
19564
30627
16644
3995
28220
13661
2285
9097
4809
5327
12160
6305
8926
7220
4700
1930
20743
19524
6926
5380
18787
3354
4398
212
3480
24488
1704
20750
9064
893
8511
25375
8690
19940
5432
14491
13668
13019
3344
3442
8867
3715
7618
9967
18526
10245
16019
9103
2115
5777
7517
19520
1142
17129
5257
7997
16596
1493
6602
1667
14258
10694
19224
11045
20054
27977
4540
7151
4008
3349
24756
4541
13601
21848
18817
6240
18778
2521
17025
2269
11115
25240
901
3466
21370
3723
8450
4720
20031
20844
13527
13201
1461
8796
12982
5282
14334
7672
14820
24894
18504
1235
23055
16037
1592
28360
15166
6155
27217
27026
5385
2491
21659
690
2635
24088
12436
22888
13990
9338
16468
23305
296
1388
6198
21127
7108
2486
27763
19298
1862
1300
13085
5787
2126
21949
667
1310
10409
24085
6006
3580
19447
23828
786
1924
3505
480
3354
14624
15066
6587
14194
15817
25783
13101
20401
17140
8220
3819
5843
7948
3501
3883
25906
13145
3218
2161
25431
2207
9844
20842
20587
8591
7199
7111
1631
9125
292
14984
1017
5896
17859
2356
4660
3595
24035
7505
10450
8064
10720
20710
3064
16423
8109
10104
16116
751
6111
15277
7618
7423
2981
1965
3976
2414
8686
24424
870
10079
15797
1588
12615
1748
14700
1530
21860
2530
1239
3874
19071
18968
8093
24139
22284
17976
5304
3273
5427
20085
27575
20440
22213
20764
11477
21088
8872
6006
4379
20391
9273
8637
3844
14137
17681
6341
14063
9726
15644
28624
18077
21280
1250
5935
16771
5583
4484
1208
24461
6475
2196
15586
25832
6782
9338
14921
1820
22586
16382
11449
2194
3605
21805
12070
21222
27543
19345
6520
2222
5373
14111
29038
4338
8031
328
2951
6432
21176
6866
4933
8392
24343
6210
15824
278
5523
4607
7244
3548
14517
5978
6611
22604
15981
292
9158
891
14021
3858
16324
6221
17975
904
8612
3897
9333
7678
8554
4499
12260
3693
9794
2580
15790
1879
7082
26503
5107
2631
12595
1847
27085
2383
26066
9972
12669
13676
22833
1330
4014
8574
7683
5435
2398
1359
18642
10657
23362
18383
11088
10543
8991
10442
27018
9164
8053
11138
1115
4681
337
21049
23248
3843
16702
22918
23987
13313
21105
11883
827
23894
6546
18261
12387
25113
9695
15503
17369
20861
11342
4931
3806
11001
6566
12537
11264
10478
11082
9777
3721
22560
7175
19040
5930
10979
27310
147
17972
18408
8200
2494
3765
4030
5854
22132
2668
1259
420
11901
22119
5108
3516
15365
1613
5795
11511
16652
15461
481
5527
17916
6561
18271
4151
1700
12121
3239
8804
18301
3560
11378
11104
9482
12515
16857
12129
1268
3359
16225
9232
24534
7099
1569
6032
21280
6857
18257
5735
11711
11666
12786
15753
8098
20668
603
22780
1830
9498
10818
4201
5378
4272
9105
11487
30485
5158
1771
5541
15365
11060
4098
8585
17547
17708
7576
3370
7096
10481
2987
819
1884
3172
19494
18688
21933
23846
3613
10156
334
20898
26599
13434
984
18380
14589
11035
13021
6891
14572
8062
6321
6979
6511
2689
11893
22118
16908
9956
4353
21084
1001
29769
2817
15383
107
998
25492
10677
511
26269
8898
3392
11783
12851
13382
3557
20491
1925
7026
14269
8604
14128
4798
3240
371
6833
7171
648
20854
10904
1965
6662
5146
1142
4522
18970
28980
3068
8754
20412
870
8203
16578
6999
4839
10856
6531
5258
2541
2178
5723
862
10667
17376
11664
4993
3319
3888
3245
12362
10404
17654
7704
2334
9351
4016
15494
18628
18382
7183
486
10274
17839
2107
32431
2116
8031
23692
8098
9786
6344
13351
15732
22335
19967
18984
14545
1138
20648
6328
4743
6487
4638
8408
26639
21638
14361
1656
8246
13750
436
7328
4024
25623
67
2262
20640
17182
15866
8298
5238
11480
25216
5782
13644
2767
15446
12698
307
27170
11385
6320
9161
4755
4769
15953
13641
722
5781
14050
4673
6776
13908
25006
528
30722
17377
3283
19157
5087
6857
3183
10709
97
3159
1249
7733
24157
4053
2746
6972
9348
9018
9781
17967
11763
14153
9892
8638
12901
86
2029
8279
