6864
19492
9858
25735
18208
8357
10511
14623
23354
16320
11956
14649
7684
19325
21003
5920
2931
14881
11858
19054
13970
8004
884
21826
11971
28117
14505
6791
31035
8461
8571
2246
11796
20507
3233
28786
9907
22973
18682
6152
38
1116
25650
4867
6227
10937
10915
18218
9239
14528
6392
7304
22882
5205
8947
26804
15467
14232
12933
6695
22722
23801
9266
770
15567
20682
10590
9042
7767
24697
1075
836
12623
18736
23801
28099
7331
18669
2404
12703
1962
19614
9561
17538
1088
3137
5365
9036
19307
20047
19669
12363
7611
9938
15866
13937
11862
17793
23126
2306
6681
10512
566
5602
14348
430
5131
5797
6689
5215
382
15705
7871
26164
11852
27606
9242
15683
18982
27420
17922
3137
25934
2889
25534
20628
4757
5796
840
12590
5652
14579
16893
10004
17475
5210
6769
5017
17814
8500
17015
16120
9772
24423
23603
1858
10500
22562
7167
20066
1906
3108
24573
12374
8013
20558
26109
13802
8351
354
24658
23536
11056
3129
7488
19813
631
26963
8655
20346
19890
1108
12403
1362
3787
3217
10855
5743
1591
2663
1455
27844
11847
8167
14525
180
27727
19921
4952
7609
3254
30274
22687
11601
10834
20579
7066
24202
7377
9687
4292
31889
6178
5344
5859
10367
3210
34201
11829
3177
9155
1486
31006
1830
7766
9764
4739
31540
2525
22687
17826
4974
16931
12312
13315
4730
167
1632
14751
26366
2878
29400
16646
18184
5512
8964
10214
22413
27475
14234
12831
1874
13182
7718
20595
17450
22425
11308
6455
8713
995
5544
2738
10646
13575
9396
14671
21058
1438
5624
583
1780
11246
17257
16075
23549
21129
9200
16119
3414
4380
3228
1746
8608
17738
13659
6405
18084
10863
7579
17184
30829
20996
5370
3804
22075
3707
12670
16196
6892
10312
22349
6252
23787
2036
17803
11577
19460
16400
22565
22024
689
4296
18319
12930
17234
14389
7323
8764
6563
15282
8252
9811
5682
10646
26418
28822
21357
9108
1646
16746
17063
8437
18020
5721
13600
3474
3054
9992
28024
716
13433
8621
26701
36037
1724
20703
7636
33608
1900
32499
2888
31308
14632
3086
6978
15244
13080
16300
9020
9876
9670
11257
9440
1803
32469
6691
216
1530
19888
8895
1446
3068
9496
224
21857
9739
5662
2880
26142
15284
6376
20996
31414
32237
789
7358
22165
19968
22901
14885
20028
10060
1156
13056
28031
20998
26552
5311
2957
20537
8595
31632
7070
3936
396
102
16403
6549
34452
983
11926
7148
4101
17673
19582
1224
2713
17785
10742
10646
31550
9371
29990
9670
8770
6328
5741
14615
7794
7752
15914
10720
12850
20172
18092
10074
8521
14382
6938
5048
9306
18496
10652
3726
15908
16703
7083
16570
3013
306
13762
27729
18783
6753
18459
26653
6560
30433
939
15993
4584
12851
12047
2787
21718
21989
17459
5158
26483
11378
6060
5119
4037
17455
9651
18858
3350
9657
11454
16046
22568
13374
10096
33408
15781
18211
19424
20342
18386
4329
7172
19237
18373
8198
15554
26527
965
15382
4495
8960
10111
15027
7929
2590
6677
743
13229
10493
2762
15565
4020
4979
33459
5982
4182
23647
5298
14991
13649
15527
14545
14626
10711
4287
28062
13541
26576
7820
5244
15229
10820
9249
24696
15538
22427
9207
20023
2501
20612
10101
23884
24810
25689
24508
23031
5083
7168
8214
1970
7444
2380
17221
7318
11438
6549
12312
17596
24301
7625
4393
5695
31558
1480
19373
5319
7933
27787
21947
1238
2269
15850
20199
2472
6948
6649
10021
8026
11502
2581
9898
15570
24451
1034
8113
1179
2090
23932
415
7572
2462
19182
25186
4954
13961
18946
7446
14792
5067
8834
15146
1566
6366
30306
15391
22004
33233
17260
12464
14385
7716
17638
1357
21323
10293
1977
7722
20555
21051
22318
2809
10688
10955
16813
8280
11529
21372
6887
27591
18284
9000
14381
8916
4538
14409
7098
13144
21280
23344
2832
20198
22583
15304
21041
10064
13633
12258
11472
913
15445
5089
27977
20225
4025
24689
19099
11820
14020
6441
24756
9989
14538
27086
9397
31359
23277
20065
24749
13050
24859
26313
24587
2247
4876
1308
7357
25307
18521
30663
23136
1129
25819
2113
17603
967
1569
14678
1033
1052
24368
13278
16109
3948
5858
8030
7923
27756
10149
2892
11097
27587
382
19609
7425
3380
8698
31014
18972
13728
32176
9768
21643
9954
11552
13199
2077
409
6226
7432
10943
5255
4064
21673
3772
3121
8846
3770
18549
27204
26872
25391
9322
890
27157
9780
11700
23522
6555
20914
9494
14769
571
3724
12343
8015
430
3680
26941
2827
7811
834
9727
26522
712
32511
25065
4444
11288
12551
17981
28961
2113
1843
24625
12739
8274
12331
24431
8673
24406
19704
5818
18729
17589
7304
16182
24178
19348
10752
18560
2220
1083
16365
27034
17208
1655
18570
9698
2808
282
29724
2865
8876
24956
6371
9512
1745
27972
12943
17614
17441
6737
6222
4113
22328
13939
6431
18531
1018
7351
1812
17534
16359
15917
15635
16484
10384
25408
2808
580
5311
3138
19138
5079
1396
26607
8902
15536
30012
18966
1486
24046
27195
23936
15131
69
9258
17483
21104
10930
2591
3541
27599
26378
9578
4419
13439
15273
13061
3515
11143
24767
30488
1428
3990
22110
2920
4360
6368
14021
280
6215
19114
19544
4463
8789
525
18461
14927
1944
9516
4365
12394
12137
10945
1270
727
22375
413
10049
15489
5102
4833
13789
4811
1574
15127
3659
5012
6377
33090
22743
15861
9565
23046
11752
11245
6945
8726
9054
13850
17803
6378
10353
3780
17598
10455
7347
1024
25864
7397
27586
13778
10668
11348
4634
12920
24575
23775
535
2716
498
859
1679
22405
2674
16207
10463
6581
25349
8917
129
19425
18543
5515
1222
16336
20435
22859
6884
26529
16557
14327
8107
31996
13519
6180
163
16374
9360
13349
556
457
5436
12513
179
19216
5821
4213
13931
20903
490
17130
2468
7241
7611
2817
32155
20396
31639
31467
336
14683
2885
25478
5056
6409
28076
15742
22946
2580
13601
15614
2786
8939
27993
3348
5947
32456
194
9628
29565
1578
5130
7273
9007
24137
23168
10433
5157
9550
15800
7412
24614
12759
12070
26578
18424
11027
10734
3115
1317
24072
2862
9359
5527
14350
19899
14211
733
11589
10602
27011
25295
13567
8852
6116
3332
111
4273
9544
12817
15545
22224
30516
14279
11969
6625
19562
21496
422
1011
1199
17410
25336
10291
16750
12524
31898
263
21249
16267
2999
16211
4720
5690
17308
11450
11356
8363
8322
22551
18166
21771
2304
5317
8724
13881
22539
26553
16107
7510
15596
2780
18422
5229
5369
2169
10777
12809
21554
19363
22411
3769
34249
4014
28373
29583
30069
5267
19982
26412
34239
8340
6603
5383
10317
5203
8988
28522
8840
2427
1281
3454
15800
11017
1696
25219
21952
6582
8153
22926
14688
10379
12957
607
24013
4185
25955
10033
19630
18321
26589
18561
11646
19476
19558
10346
5272
20111
2818
30242
12267
8475
21549
24475
9496
11773
12171
22397
19161
17367
16298
7489
13212
5791
27749
11022
19788
10356
2726
9578
17386
11695
4071
6133
1086
5142
18627
3053
16880
1480
10898
4096
514
5018
917
28402
25619
15150
1495
4831
11876
2981
15664
1442
14360
8726
34720
3292
8523
8086
8813
14700
255
26915
25720
1433
3969
684
22760
9953
6784
14623
5636
2578
13694
13009
15876
13619
2983
6731
19949
4881
12185
8183
9416
21021
1149
14148
2592
1660
6712
8803
16370
149
7755
2292
5877
10521
11648
9678
16144
22346
8320
6122
9389
4232
10999
10146
22158
27712
2036
8089
20951
324
5156
19943
10539
1927
12144
11900
10847
9526
3534
22272
268
12636
24
15973
25062
8831
4688
840
15506
22266
9573
6094
15463
8389
23933
14204
4207
22205
6924
14969
895
19443
7434
8538
23188
27199
26178
1872
13475
14760
5790
3128
21407
437
2346
10623
11553
9407
19927
18734
16354
2565
11296
15551
19139
3778
22599
2319
13212
25944
6900
4036
26473
23396
13561
2859
10767
20843
4841
11219
3901
674
18458
13165
8498
4570
8730
11240
11970
3846
14398
11842
4302
34851
361
2662
6719
22066
12568
28245
13645
11746
1305
6207
4752
8326
20009
22042
9957
7829
5551
22073
33368
9006
5812
23857
794
18705
21454
14064
30422
17297
1793
11804
21596
17237
29383
4977
22748
4891
28935
26779
15126
1716
23660
13560
18693
406
3204
24927
376
1941
33696
9272
13815
11340
19462
754
23429
22426
3439
4876
19389
11912
19060
131
13914
24690
15848
15997
10426
8593
2052
2813
6852
4844
8525
22443
16485
24289
15898
4969
4448
7242
22269
9227
4346
25200
833
19688
