7981
1523
4346
3103
82
5570
9428
2328
1526
3854
8484
2904
3979
1648
8913
8875
6035
3753
10318
1268
3706
341
1223
3479
5658
11895
1801
15228
467
28
6680
5758
7189
12829
2915
2452
5381
5415
11313
4134
12954
432
2668
4444
873
4397
10970
4744
2679
1239
460
1182
518
56
8922
4296
2371
10479
6345
5405
1087
4104
5801
12646
12670
12711
127
99
1804
9467
7946
4734
3236
3350
13726
4478
12797
4469
6690
420
214
7064
391
6616
15894
10118
47
5597
8232
9585
11002
2765
7886
2877
6240
8281
6715
3573
1754
805
3530
1130
9335
5267
12176
5214
16532
12686
8548
4390
6963
703
1114
4849
2833
7073
17133
1192
4345
357
1380
10429
4835
8489
13665
2034
2299
11323
6210
1405
6734
4017
3939
6505
3340
3062
5646
8457
4497
3844
10781
6730
10816
10426
14634
7302
14363
2987
838
7104
5361
3536
6548
2204
4128
11487
11316
1243
799
17302
3667
5838
9548
2259
14545
5904
1062
9957
5505
5532
2581
5093
1190
9064
18227
17926
12285
11769
5276
7829
10446
2024
10125
440
15609
10039
7094
15662
14658
3640
4074
8419
12386
10698
1179
4767
3067
565
1983
9129
4188
4477
9641
2237
1161
9174
9343
6358
420
8696
341
12893
954
18175
2377
1456
5232
7617
7108
18807
6442
4308
180
7360
14897
6015
11339
11682
14491
9623
8785
5512
8781
1947
13578
5252
7140
1564
10558
15843
6381
2138
7404
11990
15096
1360
8591
8720
5277
1536
10213
3740
7070
3198
1024
17763
2930
2895
3030
830
2159
6064
3003
2166
2169
3027
3180
2936
12339
3068
3512
5023
5261
10972
344
4678
4054
5881
4812
3850
4697
1013
2505
2381
10619
3268
18214
5789
982
11046
2404
4012
3273
13338
7274
8057
2576
5949
124
5981
7291
936
8181
13121
2677
5289
2290
9586
10603
4533
4424
2794
4195
4753
3804
11568
11783
2441
6203
4425
7244
9690
6855
9369
1789
4626
6317
1304
13715
5898
8486
4997
2885
3820
5800
862
10546
219
9424
9148
16014
112
7751
10010
6431
4776
18168
3408
3749
13268
8390
2721
8764
6700
17606
5274
1325
18775
2322
9403
9994
8668
13677
8434
13678
5533
383
8588
3068
9112
6208
16146
9804
9408
6983
9022
2690
2348
9115
10733
303
713
13211
15264
2738
2813
7387
3794
5607
3204
3244
8730
1794
13302
5468
4382
3033
13435
8251
11974
2450
4583
7416
2582
2891
6068
13726
7047
634
18051
6361
301
4566
6032
100
14921
1074
6368
2210
4793
3777
1930
1832
530
4615
3254
13618
6473
12717
611
9732
4811
6597
2656
16491
51
11610
9044
12404
8125
6405
871
9371
737
13545
13010
8162
4484
9057
4023
4294
633
939
4147
4782
16201
8793
2899
11614
11232
7875
5679
11487
7450
3068
6074
301
7250
7753
11940
45
7927
8331
6491
3292
646
6928
1205
786
2020
2222
544
5726
4132
14731
5615
7872
1105
364
6420
1581
3359
709
4630
3628
2246
9422
14463
1916
5156
2996
2372
643
795
8707
10065
7550
12912
5203
9111
13567
14235
13051
6086
7645
5962
15270
8964
15329
6746
13324
11901
52
13884
3635
3601
4724
3759
11015
6774
3375
12868
17161
8903
6490
13175
176
5127
7367
913
2797
4569
991
4875
8373
8300
6046
5756
6230
9576
9675
10768
264
9437
1954
11140
6834
8937
3614
4574
3376
394
10767
3648
1466
8036
4743
7137
17638
3337
4222
8750
4518
8091
4033
6576
2798
10071
8420
13010
17429
4075
9962
9386
713
4392
3610
6616
1286
958
12318
4694
4076
6138
3047
497
5229
5440
6764
4092
13643
7964
2457
2294
3861
17510
6111
5493
1063
12458
4932
7809
7845
2973
6159
6649
8476
1377
2258
4894
3643
9440
292
11065
4202
10927
243
14411
6235
2389
3778
4206
6722
2050
9723
1055
3506
5168
4096
9630
13848
384
15629
8013
18154
5364
1310
11121
11816
664
595
5561
2793
8092
3081
206
9099
4443
7842
5607
7752
951
13311
1511
5458
13062
2958
2284
7107
1680
874
521
6054
7493
12396
4289
17132
2519
1599
4131
4861
248
5771
8666
9505
7132
12398
2493
2225
3127
816
7037
2389
704
1692
5288
10253
5365
17273
7511
6382
1493
7106
2151
1728
17192
6883
1074
1639
6632
9963
1284
4369
6259
773
14359
12817
9675
15712
454
514
9816
2640
2050
2879
10170
4566
14484
1381
13898
687
9498
15819
10479
11631
5803
3552
578
16968
16416
7945
5659
3829
13923
228
3002
12409
2108
8649
7387
3948
200
7676
4657
11690
138
2835
3736
4294
16814
14120
7485
3989
8314
3412
5871
353
4771
9636
10923
14868
6157
8626
5309
4008
259
4596
1131
9522
1538
8881
5934
2682
60
8654
10132
3149
1756
11001
2180
15542
3712
3794
1725
14039
5039
7169
4842
7334
2454
9703
1918
2986
12446
2638
4275
3724
5754
2964
10430
16198
8296
517
13960
17
2670
9438
1968
1232
3651
14908
6974
12461
7693
16591
6885
6055
9761
5103
2299
1954
6293
1463
6607
2486
12184
3045
808
2395
14208
1430
342
1329
10003
8686
2194
15995
620
13035
2557
9461
13069
4474
13354
8391
5118
6450
1019
3269
6712
4559
8336
7025
6630
12520
5685
4920
6221
5345
15383
11446
673
10876
1601
1910
4582
2283
5826
12018
9834
2313
12701
190
3513
938
12073
4961
4674
2613
10928
5042
4867
1340
1566
12278
9403
5519
5334
1929
5711
7922
3360
7828
11864
3614
8910
189
4333
15004
11598
413
3670
587
1067
8327
3098
16105
11117
166
10399
6143
2993
13118
2367
8769
6783
10316
16756
6532
5052
6642
6544
6119
9802
9982
8872
10683
4507
582
3189
4042
7684
2389
4249
11657
5226
375
6393
5167
2564
8288
2457
1216
2160
8473
5101
2486
8333
9187
3390
6025
94
7681
3352
4749
35
1318
6115
15566
8245
2405
7397
10983
8813
10379
6981
1949
1293
14037
1134
780
14810
11030
11816
9118
2485
5506
4738
9724
227
1994
14017
8102
3646
3575
3324
17683
1991
6163
6368
9700
3031
10556
3332
1611
10280
4407
7134
6562
1549
5300
4581
4617
318
7020
6862
5446
3629
2837
7363
11019
2131
1977
7748
3365
8657
4851
6216
14788
24
5629
2934
2086
4442
683
6513
8126
15478
9224
4131
4032
2837
6106
10206
9712
5390
12251
7349
8292
3785
8554
5869
8563
14806
12336
568
2280
3389
6557
15837
103
1617
4093
11308
8614
4336
3576
3828
10441
7467
1365
3619
8756
12820
11234
9064
14098
13885
1223
10295
15890
5678
16835
12396
1133
7260
6583
6742
10400
7765
3469
7577
1330
160
5372
5082
2078
6509
1134
4376
4256
9560
4322
8397
2807
9229
4809
6697
681
1830
10771
2732
1155
799
2884
10719
94
6919
3196
7260
10423
5696
13908
10824
8305
9845
5336
1599
3093
7382
13274
5776
3057
7100
3315
7441
3894
11086
4913
5720
4224
14125
4283
7180
3208
3051
4098
4649
1351
6213
12596
1679
6049
4874
3974
3502
7753
3241
5083
9693
561
2920
5172
6927
5623
1194
757
5735
11727
3852
7445
9776
11483
11035
2900
14539
17549
9457
7025
14068
2232
4086
10412
5853
604
6254
12405
2699
13234
7622
11102
2580
12039
7136
15077
11090
3875
9585
620
7847
5335
7962
12345
1513
15502
5637
12093
4606
807
6867
2365
1712
1511
8197
10501
2383
4951
3190
11207
7843
7859
5636
9326
50
2289
2573
7684
8882
791
819
534
693
14769
11626
6665
7893
5052
6517
109
684
2696
6170
2483
5842
2036
4658
11778
8214
9877
62
787
17098
5033
4512
7274
14194
3949
5705
15209
5111
3572
10654
76
1704
17487
1900
8261
2347
1588
5610
16536
15672
5234
2499
12099
13346
5977
642
5771
4269
14334
7797
2450
8820
3239
1662
7402
11879
734
4092
5437
3249
3374
7041
15602
8693
2217
260
4198
4193
9325
4853
9004
6022
1207
9753
9983
6694
9810
9396
11277
14176
9666
15129
7705
2943
5345
1321
4064
255
5182
3954
3801
2031
8310
13606
10590
796
11428
99
5030
10300
12290
11211
8283
6713
7090
8509
7138
9374
10618
13359
7687
3390
6265
2264
7005
8864
4529
1509
13462
1325
11541
9218
12682
858
3256
10750
3824
4225
6903
3535
5115
10768
5926
7652
15108
5351
10540
16590
17034
2263
575
16446
1931
2233
2203
7464
5424
10580
10265
12549
6293
273
7687
16504
1441
3890
6251
7183
8162
2302
4570
3464
11822
9166
2973
762
11744
2463
590
6687
6190
7400
13317
8633
10992
370
534
8410
1256
8214
3597
2158
1510
8491
1866
827
7798
6866
2377
2332
2306
4367
9644
10393
5516
2778
14128
8624
17698
12708
76
17656
3126
11131
4999
8614
5748
228
5826
12937
8699
16436
6442
9553
867
6141
3323
243
3533
6636
5573
4195
11506
12943
2026
8619
9942
1533
10639
3911
1907
13
9699
8241
5549
15933
10905
13238
10549
8403
5767
4295
4436
14527
9489
2462
8190
10064
974
16184
4576
5626
12111
1163
5014
808
1291
3882
5059
8456
291
8402
3684
3313
1712
15901
1082
6890
12520
729
2413
5113
10949
8516
6270
388
2101
7253
634
5530
12416
2540
2421
753
94
6978
15475
4717
10793
704
4101
5487
2374
1378
9414
6139
13632
1982
3653
4490
7427
5620
9259
414
293
8726
2350
3435
5061
4798
7535
2978
12391
6640
2419
3435
5649
7710
8584
636
125
12622
3997
7303
252
827
13136
5668
12525
2418
746
15176
7944
1129
4446
14994
9127
3574
4238
3971
6126
1112
772
11238
1288
8153
257
574
15654
14839
1203
9939
13003
396
283
14905
765
3074
6018
2036
3109
4164
13566
6442
2834
13568
12358
12495
10921
52
9328
12408
2132
3548
1545
16077
2030
14058
3464
7019
6279
1504
13244
709
3678
9291
4622
2793
2410
8986
7099
12671
10750
15584
4339
1668
17031
1256
993
8744
7387
4375
3142
15399
6784
702
329
540
8074
666
2911
10436
1284
4331
1372
10278
721
2807
505
4064
985
9128
4500
289
3004
3122
3161
7258
5649
3318
4209
6313
10483
8409
9982
2949
1819
9852
11940
2258
3259
7783
3108
3420
2225
11490
279
2983
1002
9521
1662
4633
6243
7770
1777
5573
1109
411
3412
255
13161
8580
3155
7928
2139
9403
8633
2535
14907
7454
2554
2344
2217
7748
9416
13494
10524
286
2217
16622
3932
9509
4715
5807
15370
6609
3384
437
3977
1794
5661
14840
11419
3108
3196
4830
2708
5876
10318
6657
4885
10864
1259
7758
3558
9656
1713
1922
2917
1826
2341
4439
4559
4307
9883
570
6876
1519
5611
15565
14584
8270
430
17167
525
8787
6605
3443
8637
8949
2896
1864
3297
6765
15367
17893
1020
8951
2265
961
10029
11149
10400
13492
1041
12797
5104
9198
8558
3161
2242
9631
12845
2379
3784
13225
2874
9510
8533
13080
2214
696
2262
6629
3078
2543
8817
11134
10298
4747
1347
1327
5767
11431
730
11570
9609
3011
949
5461
14541
5065
6974
4346
13093
10178
7805
3047
4355
3944
8805
2024
5119
4173
14505
7468
601
3139
14302
7030
1083
5141
5292
3817
1306
12021
2710
15265
4247
3324
2412
4689
7581
14021
1392
7656
10945
4790
14613
1069
792
4749
4310
6612
299
3853
4817
13686
14155
5936
14746
12511
4114
11521
6053
4418
11176
1366
2588
2367
1712
4642
7616
11534
6570
7264
2522
4407
10795
1272
13915
1567
10821
1855
6331
4197
1636
656
11873
169
2238
2176
14208
12944
2122
7247
15459
4765
8188
13206
2121
591
616
1234
1311
1225
9669
9887
4138
8106
2170
9494
2878
6810
5130
2703
11639
7103
3466
5465
3727
521
2567
1434
9304
3570
10002
12823
6611
8652
1214
8886
718
6762
6800
2038
451
7740
11125
7646
4997
10048
2879
9440
7214
3609
8054
5090
7221
3454
13679
5293
7884
1627
9114
15974
2818
13328
7358
9682
16543
4827
821
2992
7361
11303
2539
1522
1054
7020
5011
2639
12923
11594
2339
6596
1706
3904
1498
10622
12608
7409
8631
281
9235
509
5455
8263
8882
273
1823
2158
2675
8088
10783
4348
5678
6947
140
15975
3432
8914
5705
11885
403
13396
16399
10777
9719
7164
13164
4976
4546
2796
8452
2686
1892
13723
10086
3633
11831
2799
2368
17262
1935
2045
14742
13203
3925
5952
7356
4680
4650
15664
6290
11539
802
9919
5047
2504
3374
3109
6260
5181
6964
3930
15167
4462
2863
8824
3573
4910
3704
4319
1329
1759
3331
7878
4801
6990
190
9547
8068
5841
3112
9516
6297
6351
4287
3722
9195
9308
4850
7931
8805
8858
4024
3224
2609
7322
6836
1249
964
10673
10294
229
3787
8997
11311
4945
7110
2514
6154
161
2559
10145
6246
15334
1955
2142
522
1870
6242
3087
5427
16
2609
6084
3059
5111
3191
1943
9108
5629
6154
9392
11202
12277
7016
107
4890
1626
1243
4821
288
13145
911
8068
1377
3819
2206
15470
535
8802
3157
1729
6444
16033
6095
2036
5760
3134
5953
1339
498
3296
9072
1838
591
518
8041
8876
10877
7262
1333
10391
356
9419
938
7937
5175
5186
1335
3306
691
14884
6267
10993
2647
1987
622
662
1222
599
6474
13696
2531
779
618
8225
4231
3237
13903
434
13253
8161
2754
2681
8985
8459
3034
5854
14832
2179
15473
8598
1463
7990
9941
11612
227
2228
2417
16595
1810
14100
8661
4805
10033
2851
3569
1707
6788
1308
7681
5696
14137
7471
6990
10545
6602
5743
13909
9629
2452
3211
1176
2548
4571
1919
1565
5265
2103
3500
12830
11318
2587
264
647
4733
13966
6003
2308
10201
7915
264
12686
16979
1487
8073
1985
4590
13789
5711
5402
678
3482
11257
2458
1515
3255
6531
6496
9447
1155
6635
12296
9897
10120
2510
8577
4676
2153
1261
13119
2754
10251
12102
1341
8673
1307
7294
4127
4613
6017
1736
11537
12787
2602
9005
7063
2892
11024
5742
337
2437
5196
5675
4491
11747
11589
8475
8327
1259
4216
15403
5532
791
6358
5557
1637
2816
13458
887
3937
506
4953
3035
1291
6412
9445
7767
2376
4244
16855
4268
8405
14473
11805
1630
5075
5340
14501
11636
11595
3592
9580
11364
11300
12551
3777
4081
8161
13819
1670
9873
707
3064
825
11477
16222
10224
449
1344
7829
11518
13824
13268
10547
3979
1104
7627
4188
6856
7664
3924
13534
2487
5610
11228
3705
10969
10239
354
9374
9160
8506
6468
5076
9770
2901
1996
15694
97
4
1207
15363
5313
6805
6922
2738
11538
1765
9964
9206
219
3347
3665
1024
10144
7293
5647
11377
15714
5307
5569
9825
1549
10849
4018
7421
8414
4909
2187
5302
8947
7967
1182
2798
8844
418
4725
1152
2062
4329
5616
5671
5173
8970
14959
8601
3176
8827
249
15920
5310
11757
1380
6652
5504
982
6506
11922
7090
6269
8731
773
2662
5184
1181
17547
3953
8454
12714
2728
7068
163
14820
5397
1560
6379
8230
751
1436
5607
1401
10253
3026
16287
9863
6915
9307
5662
3124
15755
8487
9847
214
8700
2251
2609
5925
3785
8016
509
1371
971
9957
2607
3233
7488
14558
12760
1637
18848
2652
1464
3366
1511
9328
18336
1203
734
3263
10442
991
4881
7761
11046
15221
604
4014
4307
4862
7898
11255
12703
1764
15289
6269
6608
14186
12317
7887
2574
7313
3650
8925
9607
14791
2336
8171
7485
9482
7482
6549
342
187
1419
2590
951
5854
171
5197
3774
644
5461
1238
3139
5748
7361
530
2683
5121
3882
10425
8092
5065
1443
6961
3898
3146
4954
6072
11075
8056
2284
3436
9288
13385
4403
7432
2027
1003
3544
7733
1418
2038
9496
10971
4501
7713
7899
828
13024
4089
3813
1747
15693
10502
15170
10116
8411
8342
9290
1635
17
235
1993
3018
3030
12361
612
6077
5356
3267
4883
10132
438
2013
2888
335
8058
2660
3359
4126
8208
5313
1956
5449
3399
15846
9680
17208
1683
6509
12849
5434
4815
2907
9062
13822
460
7431
10361
13430
2827
15637
2985
4062
2688
2096
3461
15775
9645
2994
12280
13502
7802
5563
13084
467
9865
734
6197
2388
8546
11456
9244
7284
7356
6123
922
6754
1583
12216
2692
4898
857
3572
10704
12597
5306
9127
3288
631
2704
1488
3020
5409
5428
10434
11915
5180
1373
313
1331
343
4588
3117
9862
12074
834
5095
6882
9186
14181
9918
9095
592
5916
6399
2389
14230
11497
11643
3863
12826
11892
1230
5619
12256
1179
3671
14083
9087
4849
1677
8594
5553
2919
2128
11140
7583
3088
7666
12003
5430
204
7136
8073
11782
9799
1295
13384
549
10821
8979
13416
7773
11836
11139
6503
19
16843
1692
2204
856
565
4904
8718
3675
49
16609
15701
259
2081
5696
672
376
10979
8487
8793
3453
5424
3013
3450
205
12158
6075
5368
10484
9340
5415
11650
4235
5059
1978
4230
8722
1751
2347
8361
8423
7910
7953
3425
15813
12203
8903
9223
6722
4161
10537
1652
11052
14725
2034
2150
1425
3569
2527
943
12511
11972
4858
4374
644
5020
4676
5346
15211
86
729
7095
1462
141
3126
1337
6588
4904
14005
17392
1235
678
3452
8497
3764
1150
12682
3138
3348
8308
1511
6855
11419
4251
5637
12933
2422
12202
3043
11009
4600
9206
10252
6295
240
16665
1429
11643
11128
195
697
13396
14097
796
4287
923
1764
8895
1464
60
10355
11142
7489
7684
8782
9442
14794
10032
5674
5929
9183
13805
12234
13655
12470
8452
6816
5550
8290
2246
8155
9773
3921
8927
13850
10973
6184
6684
1061
15261
7149
10948
1245
7976
4246
6235
8271
2717
6870
10958
595
5693
4280
118
10243
11342
10530
9791
4329
4579
17692
1709
4907
11499
9745
4091
5671
1903
292
6755
4553
3234
16781
310
82
2672
2199
503
13362
480
2828
1762
10456
8743
1794
7275
3379
8896
2245
6757
2467
4926
4602
1932
8991
1734
10169
16298
2623
1799
1276
14598
15021
10384
4532
2124
9244
3149
7909
1112
581
7713
2970
525
5601
2969
2552
9223
15103
3340
11896
2982
13103
639
15161
2409
16508
10466
4687
4347
2580
1047
3217
865
3985
4191
12832
3026
10475
8889
3381
5468
4843
4600
15343
942
2390
81
12386
4654
3216
1526
2651
7243
642
425
2529
10480
4416
4945
4836
6949
7189
15875
922
11685
8870
7283
9690
5746
8364
2036
2188
1150
13926
3171
3512
569
3849
7165
11917
5732
9644
9079
2569
13186
1842
1287
10249
8506
1042
866
2497
2941
12892
9952
3678
7561
11776
4431
6807
198
3963
5728
11127
921
8180
4437
8603
1215
10231
4604
12375
9916
1254
7545
5742
653
15308
943
4902
6800
11144
829
12446
15133
16720
431
8043
2599
8388
8680
8500
7951
9274
15701
11809
8357
1661
1385
6963
7311
16720
6522
16264
5700
944
5888
4704
13849
2512
650
9177
1668
8087
5880
8502
8272
6009
6877
5635
247
7471
1720
3748
11109
1717
15757
1904
4272
14261
3678
6705
1643
5628
7920
5100
12798
15093
3522
11136
1124
3718
7868
5768
6171
883
6907
784
1729
2691
849
11937
9041
592
4229
6268
6840
14897
7062
8117
6589
10888
10757
1734
6719
4832
2016
3283
9704
6771
3635
8373
7713
2194
5529
859
4552
6126
10408
10607
1978
165
1932
5918
5468
3970
6472
12165
661
5346
7101
762
10663
7366
690
5344
153
672
11472
5767
7573
7889
4847
2090
3440
2381
9193
4772
12059
2675
320
3436
5311
4965
6467
8212
10458
7794
3800
2570
5873
14531
330
2606
3920
12478
1471
522
3095
8390
6869
2860
4716
10213
3669
16777
1786
10273
964
2144
12567
2664
925
8148
7772
11633
3573
15790
8615
12519
13424
4261
3311
4539
9595
2243
15311
8186
4458
2485
11623
6686
5835
7635
3533
10657
2449
4468
5620
13077
5519
11196
227
7584
8149
11400
15040
10964
9828
4075
9255
7923
5858
7591
2754
1276
2244
2068
382
801
5314
1573
3232
2847
3036
8855
13260
5603
2934
16248
8845
2197
9313
12718
5037
417
1582
4262
2779
1378
6563
771
12036
2738
4634
545
4251
5349
918
14294
12688
777
11593
4891
5323
13942
15430
1020
3041
8245
13129
1651
11969
5119
2136
4577
5477
12805
292
18214
13245
2946
3382
9481
5202
9772
3546
8271
816
7734
6828
1409
4577
9199
2501
7108
5233
2730
9328
2820
13072
356
660
5313
9260
753
7799
11984
2840
13833
7490
8554
5236
8743
6457
4310
3101
3890
7635
3501
26
1139
8491
4369
9532
1012
769
2579
415
3556
10290
1633
669
4557
4621
1618
2757
5620
13829
8593
11399
8615
13027
7486
11943
2659
1659
1467
4540
865
8661
1528
4712
2630
7800
2118
15020
8158
2998
3403
1438
8538
1747
11876
2659
8592
426
2280
14902
2846
11060
10248
10790
11668
390
4816
13404
10481
13990
11903
4901
4388
5431
12384
7055
384
2271
9166
6402
3104
5514
18
5367
11187
5235
12920
17296
1283
3546
14556
11769
16
6386
9562
8021
11690
3537
13654
2616
3244
13554
3994
2966
3048
438
9583
1544
2608
16971
4949
4116
4037
3641
1888
15220
3531
725
2079
13090
4390
1501
5131
5652
2398
11361
5075
5734
2514
15562
11588
11026
1535
6300
9194
6277
8031
9659
1683
6029
7205
461
8431
14215
7320
18613
15653
8217
13597
9674
4873
7396
168
7163
12357
13889
6947
4768
998
693
350
82
13635
4756
13380
6919
10737
4044
7952
4419
6121
12738
4129
9652
828
4977
5998
4870
9139
7833
9934
5029
10792
4937
9766
5436
9701
10671
5337
1120
4877
1862
11471
7620
2995
10946
5016
6847
7797
4609
6937
926
10150
336
1019
5380
12840
4226
4000
118
5977
2676
7070
6033
495
1329
3595
7714
3342
1438
742
14150
668
16367
4010
17760
4735
8240
9560
7818
1347
14123
9720
2777
1729
1401
6131
8345
2469
14735
13219
1253
6622
6205
13499
6128
14450
2397
623
10481
17830
2849
6509
11103
3915
1970
571
854
3435
4285
10638
12238
14397
6252
1006
5431
3583
9483
686
7476
10166
8243
468
11973
14396
877
4677
8569
11925
8990
2912
2743
4689
12796
7638
6544
15035
5490
7832
7797
4333
1081
14219
4824
482
1542
2267
9611
12812
8239
7512
1814
7068
2479
6138
11140
5527
5312
899
6672
10702
1803
8719
11001
5398
4842
11757
10740
3295
5838
9121
1541
1469
2724
4672
2029
556
4694
2199
4321
10747
705
10589
584
12986
4093
572
979
448
6595
7002
13435
13896
956
2165
3061
8610
6978
5765
1729
12489
1677
8076
1327
3749
9734
8090
15178
6388
8280
7809
6710
8797
2528
11636
2453
14213
5451
3876
12083
5119
2124
4302
2033
4379
5804
14507
1921
5365
12323
4453
7956
4147
7630
5051
6766
4609
9029
12565
4545
1974
4614
2653
25
5293
8732
18312
8277
3453
886
26
8573
5203
13687
2115
2949
14322
12009
5802
4120
4103
920
8208
5711
1353
5662
5537
11327
10162
8213
9163
8793
3666
13555
136
658
4695
3303
8757
12954
8874
3163
1748
1256
1137
3357
2676
12750
3449
9558
287
8128
4908
3571
1051
9817
8167
11370
11076
1106
13891
8793
9804
5206
11566
3905
131
9134
3374
4075
5025
11069
7226
2051
14347
12023
1048
1918
14575
6016
904
2996
9181
10698
4400
5222
3584
5208
7495
282
3866
3859
10804
7961
2848
3459
10355
2082
17881
1644
661
3570
7579
1712
1938
16015
12332
15767
11828
11475
4807
5682
9439
14885
9099
3826
251
3955
6251
2981
4080
9942
6682
9212
4969
2515
2810
4391
219
8306
1116
11225
1949
770
4595
13174
4004
13171
80
8168
8956
16039
11781
1362
3529
12647
3943
1921
16555
5318
10841
2189
7917
8116
3888
13299
4927
10291
2657
1931
9857
11181
5745
1266
2904
4568
3979
3162
2460
17183
1911
2969
3993
13119
57
771
9444
6343
2804
3832
3632
11923
3602
14450
4626
8461
4443
9503
11668
12625
7100
4534
959
483
5707
6667
7701
1740
7539
5837
776
817
12977
716
5382
17090
8043
1845
2949
1407
2590
6115
1779
10301
4944
15634
4718
6101
2670
1981
634
4610
111
2000
14706
390
13394
5919
7772
3805
2808
11777
9143
7332
2753
11610
5268
16034
3892
5191
11265
1726
18377
1319
10890
312
3799
8870
5634
8
7835
11313
724
10301
14402
18
3723
3980
13226
1662
12796
6177
8781
6538
657
2697
9677
10426
4868
708
8542
12386
13059
11286
8551
1760
12124
715
5098
7518
7034
167
10976
11961
2365
1338
4452
2842
4819
233
7446
244
3712
7932
6053
2478
456
4312
3919
15517
6061
5016
637
4513
1888
1905
3319
13765
15302
7732
18034
8014
6014
3789
2935
7377
5092
1549
876
5868
6210
3006
5463
9528
2064
10415
2825
9432
6271
2817
479
844
3109
1980
1534
12535
6483
16294
3689
4678
5927
2731
7041
5708
17718
5644
5031
8247
8322
4746
1045
1451
5634
1739
6461
11584
5819
13294
12082
5678
2615
6172
42
3127
3806
5359
10158
2363
3738
5028
10579
4506
3517
10916
1368
15105
5498
9752
2297
1654
13323
9381
15557
2665
1294
7151
3411
2827
2234
5677
7068
2280
11987
10030
3847
657
11366
1197
1661
11257
4125
15251
2821
909
6032
3032
5187
11567
1464
12298
6885
13356
7140
14462
6122
6559
6615
11389
1768
8182
1738
8824
5470
10563
3547
1029
4842
7970
342
4360
1335
940
3220
10292
1158
3598
2666
7546
12422
15177
7732
1375
12260
9074
2200
14164
5761
669
2403
13080
2802
3567
7374
9878
4667
560
8776
867
2262
8439
165
1321
8612
5946
2915
5624
3276
15419
806
8037
6273
941
2274
1060
2518
8916
15793
2462
3165
4104
11065
10124
2361
3226
3763
10210
4822
1666
7009
1364
6734
2975
8702
9910
3367
4882
609
7866
2746
10644
8077
4301
8669
3710
13416
2318
2466
13206
2215
7922
5605
6416
2400
8033
16998
9326
7905
16483
1384
4684
11850
14757
9683
3692
2724
6346
2240
13146
7833
10415
1940
9435
4408
6687
10196
5914
5604
6987
1384
3643
541
3588
13125
2482
8737
213
7076
1095
2500
876
7877
11805
2156
6582
11570
5554
4777
9636
2937
9090
4128
12111
5575
9679
6463
5697
12869
14749
1769
11187
5916
6810
1286
9246
3788
5716
8604
5305
9402
2446
9639
4209
6979
6730
8282
3996
3511
14786
10995
12539
10584
4163
5893
588
1827
11661
5863
4066
15852
301
5132
10058
14577
3886
1177
3585
1791
5474
1257
5967
4207
225
6819
1410
13366
9230
2080
2691
4756
341
3826
989
1375
10789
8186
14649
6345
2997
8515
10223
453
11838
8699
762
10503
7538
239
6267
6318
786
10171
8121
11224
6062
2606
2942
5901
4892
1488
2779
18535
9768
7167
5521
9178
16494
46
7186
4167
17370
2348
5853
7759
6277
2692
13987
12938
9759
1143
3559
654
1016
2094
687
3712
967
7146
1194
3050
5133
7761
4382
579
9826
7011
5058
12180
10195
3635
5947
8834
14245
2513
686
5281
1091
14007
4777
2782
11608
11399
5730
18218
1437
1710
9456
5577
5453
7782
12571
15315
606
10220
14002
8285
14523
12949
6652
4396
4760
3794
1064
1762
7340
10031
13671
9710
3903
3602
3095
1764
4163
812
3895
14833
11592
2423
17052
1154
9437
14717
5287
5173
12488
17518
6685
3870
8771
11082
11369
992
10782
13250
2837
5471
14456
11402
4673
1323
4034
9041
6169
4612
3540
6983
3441
12161
5707
1122
330
1023
4681
7123
398
4892
3010
2671
2212
849
2325
1478
9995
8419
7100
4972
5121
12398
3950
825
4945
6784
1407
5004
3262
8054
4458
1511
6201
10792
3610
17062
17257
6786
650
3189
2489
2719
3398
10932
10432
1551
2812
5651
11534
11111
11079
11621
2041
4424
7465
8305
5952
1942
9397
3935
18351
1302
3975
12525
269
16535
5074
10318
6727
10864
1751
2118
13237
3988
6393
2582
15213
4455
9415
1072
4741
13230
2006
2776
2219
1282
14077
2882
4923
16006
1352
11196
4258
483
7585
8001
7247
7149
4441
4032
7037
8822
113
15879
7314
6499
1854
11214
3523
8087
4298
5311
8480
278
6120
8257
10309
10630
5583
3128
1482
12516
4393
15318
9138
10678
5087
1920
2951
11766
10966
254
11931
1566
4215
6606
8493
7253
1223
2185
419
6655
1631
979
14160
4050
6500
16507
16194
7176
1430
1877
6373
12475
1240
6179
7285
629
5578
2158
8089
2797
13761
8416
5227
13514
2331
1848
3378
2557
8250
8493
3933
3038
2499
2680
9234
3444
8512
1430
4143
2488
7400
11684
5546
7517
360
571
3930
1221
691
3519
4624
13730
983
3369
1871
16058
2348
9066
1501
5034
5799
3928
6386
6132
4001
6762
4150
1514
8442
13866
1937
563
12265
8882
10565
6489
7987
1472
12517
14538
9549
16011
4704
8865
5690
4462
13115
11362
3285
15152
11364
920
14135
2649
1975
16351
9659
25
4199
1857
251
6953
985
1968
210
32
4058
5894
11485
1503
10606
8914
6269
13557
9475
11671
8918
4309
2215
10654
7753
9467
3993
10541
2691
6589
11515
9504
7279
4089
4128
14467
7335
8191
5859
10128
3519
2355
6946
16178
716
12322
1343
8085
2718
2623
3131
7245
15413
7029
11581
6866
3608
1470
8159
6698
1913
12992
7175
2138
1531
404
6203
10107
1676
3999
3849
2378
426
14333
1324
1218
7980
12726
16319
2887
14427
4973
2162
2872
10214
14643
9212
4649
9772
12821
4416
8020
772
10006
15747
11399
1412
471
150
11559
11310
2817
7360
12823
8254
2769
2598
2251
393
7903
4699
1925
2600
2868
7734
3346
1184
3215
1798
4983
12012
5103
982
7043
135
9825
197
7742
2653
14612
282
806
8794
3496
13082
14590
5134
3333
6214
1018
1685
482
494
7030
12169
12373
5292
10180
14986
3586
10417
3188
7948
5315
11330
4487
8388
4372
6266
473
1973
132
3511
2448
2250
743
6880
952
9744
1751
6199
5733
747
4931
3209
10146
2465
4972
2827
8795
2231
5603
6848
5873
9790
1468
924
8032
2606
2756
2721
2559
4948
6647
9531
13550
5826
6834
7744
12457
10861
5741
671
13601
8563
2118
1590
15326
5109
1277
4424
839
8190
2842
6237
9906
14230
1584
2132
12694
1269
11095
3540
5068
3410
9367
14723
371
9943
3363
11636
6180
1139
13912
161
7856
639
13235
3884
13782
6685
12661
1848
872
5365
4901
12861
2560
1046
1665
13435
1830
16599
4822
4709
11461
4997
2304
11961
1761
1503
6164
2676
9844
5423
3582
6371
2033
13613
2341
4258
8175
2376
8234
9997
12119
6897
8181
12919
7459
40
6984
9255
1592
6324
2047
5344
313
535
1788
2927
4627
2673
11432
3100
15328
229
13785
9133
4908
1265
1401
6883
4910
11587
14911
1674
4970
10103
15526
8962
8167
9946
4032
3992
11049
7122
9782
5052
6725
12909
7049
13070
3087
8704
10278
4141
770
2321
12287
1486
4472
16823
1933
1690
2921
12480
5379
1526
3463
7337
7111
8059
7
8127
8324
13398
2693
10959
5517
2564
4390
14383
13592
9091
1128
4180
460
1616
12204
6944
8009
909
3624
1471
3319
9383
1276
11043
1100
11393
5708
5302
17032
6228
9463
1435
16174
1681
12091
18118
9753
57
7345
13985
6130
12804
894
8085
15832
9163
16602
8093
7949
2687
7147
4837
1334
3772
7519
638
6788
3506
2776
8535
16826
8194
6627
804
4032
2846
6883
2697
4688
7999
12667
5613
3062
632
4605
219
2385
17280
4905
3394
12777
8683
7651
10705
15756
11107
8175
9398
3792
8663
1947
873
1912
13707
17236
10427
7029
12308
3275
5834
4532
5793
5191
6771
468
11968
3455
3547
5176
7468
8569
10538
2525
7823
11805
2518
10266
17877
10718
4276
11677
2384
3828
5165
108
1038
1837
5992
10217
11995
3557
5571
8995
6774
10304
2271
11174
908
7308
11858
3649
4817
445
5125
132
5842
2998
5624
4723
8920
3655
12222
880
7736
11113
9283
4275
416
487
16322
1517
3651
4198
5664
9958
11099
13095
1144
15579
10359
9785
3887
9395
7256
6695
2470
1111
3330
299
7651
1456
9055
6494
11369
5481
2150
114
1228
1038
12656
5445
6347
5415
6402
8789
7097
7565
9381
433
7755
12449
10805
2739
12307
9735
4881
5972
12779
11893
454
8798
8359
3741
2160
12638
5452
9048
1536
7774
6368
11871
12976
2607
8725
843
14233
3360
3604
759
167
4323
4858
8200
4332
14207
1989
593
9844
2199
7079
4600
2083
14617
6378
1084
1783
11237
64
11085
8628
6684
1736
10795
14237
4646
1843
7745
8640
4302
3568
11085
14446
597
852
8220
10884
1041
13501
15893
5861
12582
14485
10000
1075
1850
9539
2587
9375
13573
2459
9107
9773
9489
191
2198
1811
15337
4738
70
3730
1660
11006
4015
4989
11641
7636
8939
6446
1958
4656
2120
428
10085
6689
388
1543
9349
9576
534
18194
10203
3128
132
5919
15708
3689
2593
3053
5320
971
11712
2464
5177
5004
5889
5637
3779
3971
6510
257
4455
893
13083
3773
7514
9086
7194
739
610
1130
6869
17792
9023
7355
10310
178
999
7131
6719
12191
3003
8951
12373
864
8689
10340
15039
8534
10508
712
3054
1246
3215
15678
3434
1754
9405
8474
11011
3204
707
11593
13820
7789
8022
2455
4001
9149
5930
2037
3591
5847
15654
3131
3220
9990
9210
14001
80
4261
8188
3953
10501
933
4655
7580
14281
133
10668
7088
7337
6796
6267
318
7252
5071
5643
1647
210
936
7655
6782
11710
4884
2791
3641
9204
4835
340
12081
4357
5625
921
14331
8298
547
10327
7641
4950
10181
5583
3911
8161
2932
199
7581
9157
2171
4020
4534
7387
4075
9665
4796
1255
6591
4045
12569
4094
3553
3605
8235
4842
3641
4442
2898
4223
790
12954
198
5354
6818
11494
7662
4375
3937
2440
10090
11649
12174
11310
9164
9308
8448
5580
2534
5798
5358
14583
2870
17324
6803
2318
2801
1576
8935
14156
474
2220
784
1997
5201
2595
4307
5028
7321
1497
15045
7903
7543
459
2906
7274
5964
1725
13426
6093
9525
4505
8915
11606
12207
8076
311
9028
11832
8494
867
7400
7369
10123
8420
15364
2249
573
6974
1075
3205
10992
9473
15162
1192
2515
6859
4957
4986
2919
2278
6373
4739
4367
3639
12667
17402
8672
8131
1622
12513
7112
12281
9312
7294
1407
1662
68
5624
9352
753
6824
10411
4400
9139
1225
3315
3073
6732
2424
9738
14701
4661
4811
2158
14769
1364
532
5851
3394
1329
3193
1853
7488
10803
12618
7866
470
4379
15830
5906
4123
4520
9253
11431
3460
12097
1019
3687
9092
5889
1907
7357
2027
1278
12341
3722
12225
1338
9843
9781
356
6418
5573
3760
8977
865
3105
5508
10761
4479
1665
550
330
8646
9336
15362
4081
16503
12007
9140
3664
5105
16478
1071
12855
8258
1978
10344
2721
8802
5490
13278
12742
12513
15292
332
9428
6153
3629
9564
12901
3159
13425
1230
9226
2568
1365
6721
9908
12721
1796
1775
8727
5780
4280
4892
1145
754
12893
7693
1209
4463
11816
1234
15087
3562
14392
6902
3100
15073
10854
711
4118
7231
14229
11643
358
16240
221
8544
1713
335
2506
3997
738
6840
6358
12221
412
4589
8447
695
8136
10378
1640
4755
6048
16359
1013
17279
9966
3544
7040
3499
4155
6097
7649
6635
1057
2501
5853
13339
2688
13345
8194
15000
6372
5044
10075
2069
13819
4096
5368
3798
2183
1702
114
6436
2417
14232
6993
13023
3235
7336
10376
870
630
2850
3441
3646
3086
6619
3021
2144
1551
3352
160
6971
6584
5988
4543
15863
651
116
4828
16329
12728
2450
4057
14313
7922
10245
6608
1698
5430
3815
13092
3272
2912
5143
1179
2264
7296
7676
14817
13480
15898
2209
4648
4515
7950
476
3533
719
8895
8311
2719
1797
1860
2002
1735
11610
5313
7070
1248
2562
10969
425
8253
1471
8714
367
10270
11588
2024
6470
3738
1582
14023
1349
10014
8175
4426
9171
6042
11931
5615
5032
7621
1112
7584
4621
5212
3512
6299
3542
4387
3344
1102
8756
3363
9936
5192
14564
1675
10701
5121
8608
7895
6544
1850
9852
1074
59
1774
4256
8017
6888
8159
5542
3144
55
11594
1747
2834
6559
1301
12153
5088
683
7146
1251
2296
4782
969
6399
139
3381
13670
6735
9553
12061
2406
699
7243
1476
9682
4541
2412
710
1847
7198
4890
12377
6474
17188
12777
11031
4438
1883
708
722
4595
2295
6575
7618
5078
8704
2523
12342
759
6819
8523
375
15806
5550
3888
3907
3350
498
12218
11038
5771
174
14484
1654
3236
15175
12579
3951
10839
4940
11339
6320
991
915
7056
3671
9479
18629
4827
17552
11351
711
4723
14536
1504
9195
9295
8735
11770
12909
10272
9388
12103
1371
4370
11843
5289
14424
7163
5577
2420
4920
884
7069
11870
3329
4616
2045
1672
6387
7976
11739
11469
2798
4805
3127
14220
1535
6385
4937
8216
11526
7356
374
8750
9517
12
3757
9064
6782
4386
10487
9828
4623
7642
4906
4958
1279
8855
9882
2660
10098
10574
13692
593
7226
8060
8460
366
9836
8519
7554
6754
4988
10055
13408
8779
6760
5264
4469
8518
4658
8659
2507
3291
966
5870
7130
10376
8030
464
8678
5359
6084
8279
6310
12440
7982
5975
3073
1832
17080
11209
4668
4754
9422
4027
6670
6212
2682
1073
14159
5054
14102
6370
2444
15804
7026
3395
4263
307
2667
1890
13501
12052
11187
7497
7484
5203
7633
1597
14747
9715
2198
8698
3266
8357
8555
8012
11049
1219
4838
3499
7713
7562
15172
17890
9740
1101
2275
8929
2806
4576
5334
18349
8959
10342
1010
4559
14249
13859
6544
7229
755
6177
9443
10065
10687
5145
4318
4233
4303
7914
8646
3238
5599
3128
4120
12862
4870
7185
5519
6373
4906
6195
3302
7130
1422
1854
3017
3153
5193
1320
5755
9943
4542
3028
4615
7673
3241
8372
1351
3076
3627
813
1724
5441
13413
18982
4000
7850
3177
992
1110
6618
9846
16150
10429
16137
3663
4164
16388
1729
3304
6776
2348
1184
976
10110
5820
4677
8216
13052
14378
8189
6498
2716
11664
9797
2688
12136
4388
15120
13338
3820
6366
8262
7164
2073
7819
5793
5111
15035
1703
6936
5097
5079
8642
12081
3644
1579
428
12419
3520
14634
6456
6891
9139
8811
185
7331
11549
4516
1972
2155
6444
822
16722
986
10441
6355
5338
13539
9497
406
8441
3952
128
3480
3577
3372
5639
8213
8237
5303
8274
6402
7739
8508
1264
938
10182
3483
10143
1738
7869
1508
13717
1254
6233
10313
442
12383
119
10807
1897
11903
7634
1667
2450
9681
5213
14460
6727
696
720
2534
1890
6777
459
2482
12741
17415
1585
672
6784
1349
16855
5392
11362
7930
187
2882
7330
861
243
2741
13679
1196
4100
9666
6621
8515
6072
7264
12812
4265
11543
4489
5663
632
3830
12851
137
456
7449
2410
2459
5220
4194
6069
5542
3221
57
5131
13424
2644
20
958
1112
667
2424
3151
1107
3776
10041
8322
16721
6415
7629
456
691
3323
7919
11511
1596
12000
3476
10183
8182
1630
5008
8225
4716
9003
423
1693
2905
1066
1426
9928
3393
3629
4149
6873
3582
2309
7719
12453
717
9610
3358
8665
928
10306
1955
14948
5560
8307
7166
1069
9718
1787
10702
1199
3746
12428
633
2626
4821
7233
13426
7323
6590
8204
10417
8030
16011
8428
5680
2286
2810
11984
2436
7905
10306
628
13211
1575
7406
9602
4067
12546
936
5883
4094
15623
854
5550
9150
17519
6596
3483
438
12300
16652
10680
1262
10853
1896
9842
2337
1855
11821
13796
1966
8890
5296
13974
14889
9613
118
11392
6192
629
8676
4109
1974
3218
5194
6324
2017
5070
10099
6732
11687
1582
2438
8366
3020
5305
5408
8874
4991
4330
13160
14138
15513
774
4937
2432
11885
818
8170
3156
10484
9457
9523
11407
2631
3967
4038
9149
3262
6538
9618
5004
4128
440
4139
4941
3030
11904
6987
1025
6472
10218
12918
1249
8382
11198
3525
7762
572
9029
1453
9530
8490
9721
5181
2544
10273
6850
2906
2451
14261
7733
8326
248
913
167
1349
8692
913
9355
86
1020
10298
4961
13639
10274
8176
2482
2817
8983
8950
723
12658
7506
13003
2108
2949
4391
1064
846
11951
4678
10141
13705
8955
4235
6701
5610
5987
10279
112
9611
9656
3484
6344
15229
13387
5068
1378
7574
1211
12571
4122
10366
3128
23
7949
1401
1995
10768
11467
4443
1091
4593
1310
2114
10901
4972
10661
6760
5732
8348
1020
4377
13872
523
387
3208
3344
6335
8684
5276
7840
2850
3222
9529
458
8195
5793
1679
5629
3779
853
5835
3100
1835
4201
3427
14953
7624
4136
9798
12447
11276
859
2609
13969
7985
11735
735
7274
2600
1832
1270
9359
8532
9565
11464
5664
4316
2111
13014
383
4088
1769
4547
1847
6690
14378
9232
3879
1192
7604
13351
14517
7406
633
3807
3824
988
3194
1579
7977
14170
7455
11
6905
10646
3747
2740
10407
10315
7913
2700
2205
1759
7264
208
423
1780
10054
3447
2658
1054
4834
6727
7872
7681
5754
378
1230
9636
8077
8080
8092
2213
10288
3514
15128
7526
6304
613
12604
3027
1274
13678
365
9280
8037
9818
606
334
2507
437
8416
7247
13707
9924
15564
2814
9967
8072
299
11268
14532
1698
12144
4696
8784
7209
9540
4720
7816
8296
10832
1808
749
8614
115
6339
3842
3042
4729
13402
4161
5938
5672
229
3267
11101
2878
4305
9606
11970
2012
7566
14205
11245
5322
13600
10773
869
2664
14719
3038
2967
1348
12161
10664
5291
7239
1194
3408
7292
6015
11961
509
1649
4974
11670
672
3200
1873
7431
2940
5016
16891
7118
6447
9602
4046
576
3029
5762
1046
7453
3322
14873
436
5630
1803
9610
10923
2056
7283
5090
3640
2231
7354
2027
7083
7610
13964
7629
5468
59
10273
4334
16421
2467
9160
556
6348
15013
3318
12336
12904
17956
17067
2033
10880
11228
8330
6275
1987
7592
3253
3018
307
5466
5103
5511
9141
786
5116
4432
1764
6107
5584
6730
3730
8679
3301
1546
13782
527
14948
18528
10439
12645
248
10960
2459
449
6184
4044
9176
2516
1155
104
18697
14282
11674
7260
13096
9735
2195
6224
10368
16730
1525
1946
5917
7175
15596
11148
13067
163
3995
4014
9548
452
9883
13926
1262
7473
2202
13732
5342
14194
7244
2356
4098
853
11075
6278
1208
9728
2790
1768
6579
9199
168
3338
7927
3079
412
15481
10670
4237
5149
12608
231
8876
11025
17270
5643
2497
10214
2870
17328
1276
4297
7383
11316
2766
12226
3143
11662
1717
7556
4516
9054
5459
4186
7193
519
7344
4793
2153
679
4163
5663
7757
3061
9308
3231
2547
5037
350
2089
932
12079
5607
4216
12636
7737
3967
3321
4303
12987
5767
1879
6169
3618
1239
548
3923
9395
6056
3644
767
5109
6886
9151
571
4471
6120
377
8044
3493
9745
1460
5080
6232
10408
4691
352
11723
3364
13724
3962
3504
180
97
10849
2753
6819
10381
1476
6417
8659
15942
783
6407
7264
4726
1755
6219
28
7524
4572
773
1294
14443
10929
1177
2350
13883
10206
3853
5318
6256
1097
4890
5030
7503
4250
4653
6300
7419
6686
5007
1217
10712
8859
79
288
4402
14712
13584
2600
1201
2095
9007
10679
9530
4490
2326
3224
3374
12707
504
4140
10118
4102
6186
5452
5812
698
1171
9109
3875
1985
65
1683
2508
10351
53
6452
9037
8212
10276
5495
1508
154
2520
937
10740
2480
1222
11782
2338
13250
2877
6901
14043
3473
2565
5310
13761
5138
4932
1090
624
13570
8902
10482
1574
190
7884
12054
3452
10683
5428
5967
11876
6340
9989
403
9991
2293
4746
4684
4403
5536
11154
10798
1542
8048
5684
9144
590
1105
10206
4301
1322
8126
13050
9798
1649
17298
8757
625
13858
9695
5769
2761
6791
1068
6197
64
9663
10465
11717
3507
6779
3024
6264
666
8596
13336
2304
11498
17504
8340
8729
12945
1067
1513
6120
115
11512
12111
5281
2069
6165
1312
1418
330
1169
11675
5149
4572
3508
9947
14635
4973
10210
10561
4323
12500
464
4286
4235
15724
9331
3536
8435
13810
9357
4063
12609
4116
7989
579
6165
10087
11163
9925
5708
107
8228
502
7117
5583
13539
4318
447
215
2538
3016
1935
13248
10971
1643
9360
4648
1348
7594
4814
6605
17290
127
4353
10395
273
30
5005
545
3859
11664
10022
3457
10980
15380
5884
642
2917
462
3183
4190
12742
3972
12323
11996
3901
4574
5927
2427
12803
7836
6782
13533
9633
13512
10894
2004
6319
8393
9355
14942
5258
2649
6351
9585
2490
4997
2893
2682
16547
10399
4155
11283
7518
9051
5547
9009
7590
11428
279
3515
10861
8656
2424
6546
4744
2093
1451
9329
6256
4124
10395
11048
2451
11742
1150
2073
8341
2896
12273
5384
9519
11179
7776
8989
6133
12734
1214
14823
10124
3312
3636
2158
14251
1447
9876
4797
13811
8238
9856
12982
9854
1708
253
4664
8789
6426
7904
8884
13325
2319
16324
7920
4013
2121
671
12198
5262
334
1402
5724
1659
8479
9134
4970
1158
380
17098
11775
11974
1397
5620
11745
6127
3756
17429
15768
1821
4488
9032
1020
4201
4821
912
3252
3822
13141
3458
370
1210
2706
5273
11122
2446
3040
1745
1405
2149
1248
6952
375
4882
4903
9830
11370
1268
2301
5590
12988
3327
5104
7013
9953
81
991
12140
3151
1418
1491
13388
11695
8244
6242
5819
6293
5125
2902
3291
3319
8870
986
5305
966
405
7778
10858
7136
11477
1180
7812
984
3047
11522
14234
1453
15183
3357
11473
458
581
3843
5310
12398
8600
17508
15172
6877
1171
4640
5300
3888
3975
2098
4308
8542
6128
5294
304
2693
8126
8551
8650
6402
4636
779
6796
4960
116
1087
9987
7478
16256
3315
8317
14500
4128
9920
1734
14783
5759
9205
4401
6415
14483
3764
6215
6484
5243
720
13129
10021
4818
14039
12889
8470
11922
62
5894
2494
4509
6784
271
5782
1312
8230
4739
2970
5860
2236
11375
3145
12044
1918
14502
11461
519
17767
11110
13110
11321
963
3422
12862
11386
10849
470
8842
4937
6463
634
11963
14665
1010
8209
5122
7474
3899
14217
6592
399
5259
348
7483
3207
1514
8557
5602
2342
14502
4658
14748
10609
4365
5083
7153
426
13204
1882
18
836
10604
159
17653
7937
3445
15786
1114
1565
5004
4425
523
9385
4068
18189
6148
9237
6831
4656
2129
8250
13374
5123
4044
6369
13334
4625
7290
2949
8690
9518
13700
1143
1768
263
7738
3896
10478
2411
4585
13167
2623
4645
4792
11133
6086
951
461
2716
11852
599
68
4244
12199
513
7372
2893
6465
13197
11231
15742
12741
15762
13338
5958
8034
5391
9831
10743
3998
2679
8655
3100
11894
4240
845
5073
2994
5248
7956
2317
1368
5609
5089
272
1201
854
7875
3977
5938
4286
16752
8801
2104
12828
12779
4896
3185
1509
6810
14964
3541
3758
12940
1353
13875
2607
1530
4242
3314
1172
7969
12536
2662
9920
13071
16083
12402
1188
9404
2911
1580
6916
2206
7452
1886
846
750
126
2225
781
15928
3879
11579
10752
14920
17
1655
7338
5707
9045
3531
4934
12457
1441
6921
1957
2539
16777
5502
12478
3704
16986
11258
984
15498
7250
16379
8863
12372
2978
10993
16093
4664
2891
2750
972
4403
13252
11655
2581
3442
2668
9386
4942
3830
3660
8412
14091
6578
1704
10584
8930
14740
13079
3127
1890
459
6204
1256
13771
151
2982
3881
4105
406
8266
1363
5124
350
5514
5798
1980
2464
169
2536
5988
5235
8099
6271
10914
6891
4170
2071
3893
3228
14934
4395
7797
16262
13832
7632
302
12015
40
2857
1704
10888
2127
6840
4242
9425
16298
4416
13639
11094
6355
6007
12590
8292
8508
2132
12681
5802
6876
2246
4299
10895
863
5269
2515
580
1616
2895
7627
12658
7749
4282
1785
3114
2705
7538
11387
6621
1833
1883
10897
10504
4956
7147
12528
13451
6340
8594
4343
313
9883
6588
10219
9841
8614
8487
1644
997
169
3084
12505
5497
4900
267
5128
11396
4364
3671
6037
13791
5163
6807
14638
14487
15267
674
1681
532
12793
5373
10267
8901
3029
3001
12090
13451
9994
2003
1196
2196
7715
996
10254
2901
9485
9347
7118
2215
4625
5261
8611
2335
10544
8980
14183
12823
8352
4126
11908
5232
1102
2530
8629
9509
6556
4025
9080
10766
5374
16002
3268
1726
13670
3139
7884
3996
11708
14200
3118
11484
4894
7943
15935
641
666
5225
2546
5689
3401
2095
12046
7658
59
9215
8478
8420
1155
5418
6191
3572
7321
1492
4983
1239
6934
13383
12803
3889
8198
10805
16534
16059
4441
12340
3313
2947
10955
1340
13410
391
1408
1882
9683
5476
7891
2198
3819
536
5764
16527
9279
4210
6071
903
2245
4700
386
8009
6516
909
4675
9836
15208
16126
5761
3302
4749
5819
7630
6062
12280
5689
7864
3854
2109
9740
6688
10614
3909
2576
9663
3899
8248
8654
8907
2128
1381
12843
893
9890
15535
4199
379
4686
616
2336
8770
5053
3870
7966
1674
9489
7269
2136
6346
564
7444
4726
5803
14768
5791
9244
17087
1787
2651
7890
81
4430
8842
7759
16819
2925
5015
2975
1827
14985
9027
4278
2097
3313
7850
4843
8654
6353
8658
7876
4374
729
2278
11329
410
8267
9728
18101
1370
782
11730
5682
15114
8630
5215
8087
448
2695
5121
12186
6879
1075
3141
12496
10500
1442
5911
93
10010
1448
601
647
3421
13352
1215
2545
6957
5228
3893
4550
4509
7531
5389
1349
14250
3754
6677
16366
4381
654
3486
3962
4300
10182
5202
8191
35
9639
11097
16569
4543
4215
7573
9305
5591
2078
2762
3796
6228
10507
13709
9770
372
5509
3896
337
3105
132
13845
15912
4409
3282
3458
4745
1664
2605
8767
7842
2044
6092
3017
2603
4931
6721
8577
6526
5638
184
786
11211
1724
10672
976
8782
5746
2255
257
3191
3867
4063
9743
4459
215
3737
6826
2617
2009
14372
3263
9141
15194
12364
5608
1341
11055
9924
1548
1108
9923
2364
2634
7790
3790
935
6331
6907
5717
11842
5832
17890
1471
1545
8126
4609
8948
610
3177
1834
4334
13746
13615
6231
483
9302
15506
7402
1277
7473
12510
3823
5296
8
1272
5519
16326
7511
1701
8639
8342
15139
4213
2322
7836
14106
5838
6462
2836
14590
14069
12207
2861
107
5658
5789
4534
13143
570
965
675
1330
8155
11281
2142
9261
1982
10465
9590
4512
12274
12648
926
10086
3722
1475
5018
7000
10219
9920
1716
1872
3003
5998
9715
10265
243
3632
3295
1505
3261
13783
8939
6458
11148
13627
7341
4282
1128
2081
12789
5744
11924
4208
13366
7151
11255
14222
9451
13060
5970
1607
1673
14817
5961
529
7393
357
8065
2532
4896
11061
3004
4091
1872
15809
8441
3312
11213
5754
7324
8099
5359
10464
14330
6827
2639
31
9075
4110
4453
2095
1029
1384
1952
3498
9040
4779
2296
8223
7997
12032
6534
552
10304
2637
5257
3008
1102
3182
5380
9889
6194
2541
3297
13717
4695
4559
1346
8650
4950
1826
6908
12430
2742
729
7043
2393
3868
8724
2812
8883
963
10030
129
2644
10663
1556
12872
1306
9050
534
5086
5270
2915
6737
6907
2897
2185
5833
5746
1489
12316
8309
4755
8808
1514
11158
4179
2360
2040
12842
980
3279
7393
339
3861
16518
2397
10751
6224
3969
4400
4431
12633
6443
15045
1113
5289
4875
3579
8846
7265
5313
6210
10964
14265
6309
12004
11841
4844
7898
9551
14761
7653
5431
182
3883
8157
11626
852
6676
9446
9937
1362
8346
1150
6698
8333
105
5885
1329
4278
2243
1021
1403
589
8355
6213
2232
7205
5873
1499
8724
5802
2561
6245
2335
5551
8388
5540
157
9857
9214
2338
475
613
10326
6156
6375
334
6953
11501
4059
1261
3723
3288
2146
8436
4550
9492
10443
12467
950
9178
13084
13140
7482
1929
1712
9264
2811
6388
3441
1491
3149
1396
12497
725
119
6471
7897
8454
10787
296
5547
4206
13105
3467
13382
813
5137
14092
4728
11236
13008
9437
11828
5300
2757
1861
17471
2352
6184
14928
47
2301
5290
9434
13838
2011
15550
14358
1915
2055
8077
1302
3545
6370
3417
2509
1162
7372
5409
16396
11084
88
7562
425
2322
17096
16747
13542
9141
14901
14482
4246
5576
6730
9967
6017
3858
6474
3313
10979
6400
12330
1463
12209
3754
7443
9368
12261
10141
8293
10975
8391
6173
5852
4794
3586
5083
3522
1689
1440
749
4904
4554
15438
2838
4267
7116
10810
2890
6516
4633
9446
723
10035
1803
8643
4494
3364
9328
12274
7143
6076
7601
4964
580
10045
10210
3339
3927
15278
15732
6848
11862
4952
12703
1720
871
11449
3833
2650
3721
13464
15786
3639
5572
3573
1602
2961
4035
3316
1647
6120
1638
2564
7161
2549
1910
3395
12698
4660
2183
748
1833
3051
5862
2607
4152
6836
2449
14453
1991
1236
6883
11801
2689
1983
1310
11234
148
8786
1374
13315
6454
11715
13858
7925
6370
235
200
884
14372
3765
12861
5875
5936
5789
11615
2058
12190
4556
292
8869
3782
7852
6376
738
16943
222
12531
12163
2591
1898
12456
13961
5331
14866
11238
14209
13636
8534
12718
16383
5842
14660
11304
5728
3944
10342
3003
6237
740
8390
5150
3020
8584
5707
289
8888
7404
2049
9709
12399
1276
6494
9517
10013
3538
14793
3633
2799
14704
13278
894
1697
1555
7199
2706
16297
597
4977
7687
3605
9208
215
10303
2272
6111
4163
14227
7228
10186
1322
13302
9176
12632
12537
4468
8237
5612
2525
14548
13961
14101
757
4619
3796
2905
14622
5039
11126
6411
5425
2668
5633
7629
7173
11945
5666
4192
4945
2360
11487
10910
10264
16592
5398
3961
4708
1277
11985
7928
3703
4856
7057
13208
4436
2688
10575
12554
9107
7224
457
3519
4649
14945
10986
8412
11414
10138
3252
6019
14193
3991
630
18136
3059
4736
13750
13657
736
12246
11360
4040
12637
1969
8388
7020
4035
11171
832
11000
4487
11204
3571
6202
10602
2406
2317
5387
11840
4677
8508
12464
13439
7751
12930
2419
4263
8213
4233
2673
2796
6071
87
539
12276
4285
3626
6148
11909
3647
12153
8154
1020
5213
16660
2907
6896
6183
3188
4469
2856
3989
3433
5211
432
10383
11914
1264
1099
710
6473
15952
3796
10333
10958
967
3004
5097
1630
10995
4258
6727
4453
1109
1644
11255
11061
88
17217
5601
84
520
2406
15852
1357
15889
13497
1817
661
9376
8868
5833
2155
5459
12409
3157
6674
5350
4611
7412
4598
4176
13231
12008
8940
1335
2981
1122
14820
2219
7834
11097
6239
2050
17512
649
4592
9
13187
2511
8458
8266
12247
7312
2779
7442
11776
621
3636
2308
7759
15695
933
428
1387
10518
6043
7156
2041
9795
10356
7893
16273
1881
9188
4498
3339
195
1027
16239
8826
7092
872
501
5655
14429
811
3061
4036
7773
4427
3874
190
2583
5510
2888
1582
13649
3958
7044
2265
3504
2859
6387
1344
2077
3423
1990
18361
12437
2766
4826
662
5347
5430
9172
686
12572
18576
12660
5121
2383
11505
40
15685
3049
194
1980
8968
12065
5332
2126
11302
6859
2995
2961
11896
6824
1356
1433
4913
11473
13603
9052
3273
9568
2470
4766
15066
3984
2163
2943
10142
1555
11395
12815
596
1057
4689
14341
2483
4261
5033
2290
12631
15226
11115
3943
7307
3043
1597
13134
5690
5834
1479
7730
2052
6933
1408
6397
2713
8152
7561
7373
15148
6575
16376
750
761
5026
3983
16664
18215
5856
8606
1578
14340
3784
1062
4172
5179
8143
7715
7769
5318
13608
6738
5928
13902
3945
13325
6260
165
5443
12439
12488
1772
1146
15012
899
1874
8720
6496
757
1941
5325
1317
889
8366
8797
6760
1615
3304
15523
1047
6260
8277
986
8874
2892
15751
7388
4595
465
4002
9366
8602
13111
6322
4355
1406
5466
7571
8837
4026
5310
5353
2878
8552
10294
6907
5386
11903
17381
3877
15587
378
15702
170
17163
8226
12969
331
16424
12469
8516
8428
4738
9259
10615
2706
9857
2567
3138
13724
12683
6387
11763
8548
18416
6156
5016
4508
4784
2201
14753
10984
13888
16602
6339
8164
6241
1829
9857
10921
2816
626
432
4019
4802
11030
7532
4255
467
2068
656
12789
7644
9449
2202
11536
8681
8001
1308
4219
119
10270
1576
2491
2381
5096
14114
1011
6222
1212
14103
67
4096
7483
7270
16581
8701
5739
9714
12927
14068
3006
6505
9843
10826
12660
6096
2099
3364
6057
2630
7119
1622
4621
16694
17250
2067
12928
605
7592
9418
3365
1224
1307
15870
10736
16583
767
6918
106
5716
8308
7568
4288
9736
6054
3725
3517
5276
4532
15294
11903
9572
2120
4392
14615
3733
184
7587
1620
6475
6399
8156
6431
3264
8412
4964
11485
269
9188
8443
1407
669
10128
9013
6838
6547
1766
4448
4164
9054
14508
1829
5289
16424
6869
6835
3957
9385
296
10508
12756
11570
2536
1161
549
9751
4369
6329
6894
6754
7093
6334
7652
60
3347
4578
8300
7711
2722
10077
1268
6734
4247
9544
565
2354
7173
7793
11361
2879
9669
2837
9265
3197
2795
8458
14863
9440
1564
2822
12659
2200
8639
10209
2212
9661
7122
3663
5088
1446
9294
4323
1131
1044
5717
2222
2856
7774
12077
6009
2159
10294
15102
4604
9478
7408
4462
3791
5410
5114
9182
8920
4845
13354
5525
8580
10276
5052
2891
15682
790
11145
9950
10128
8537
12313
755
14669
7777
9606
4143
6369
9916
1839
16014
12799
14209
15987
932
2608
2006
4075
5386
1272
4498
12147
2326
13117
7165
139
9895
3218
6925
2322
8993
3418
1949
1586
8796
247
7153
67
9507
10383
10319
1323
7858
14964
10394
6279
6065
10001
5312
1264
4761
7889
12502
2460
889
2436
14054
14684
6421
3669
7824
9337
679
1696
5389
12011
3537
67
5419
11836
6449
3993
6243
1135
13052
1172
3309
4909
1658
15309
1211
9220
2222
5435
3767
8790
306
4834
1876
5652
11768
9583
1881
2220
9489
10216
2338
301
4658
1683
698
10548
3721
792
10527
9547
3440
2423
1566
6074
195
10196
7910
10080
1713
4642
8038
11289
12780
9554
11098
8035
973
9240
4567
3774
1866
5119
14117
12518
998
7217
8835
5888
1921
4492
10476
2168
6785
13182
2195
13538
6957
1296
8848
1156
1629
15163
5635
13768
6287
14903
6813
5281
10069
412
1542
2190
7487
6526
17949
8426
2954
2515
8764
1477
4353
10207
10346
5613
10821
2938
11557
6586
4643
9383
12205
8497
7697
14739
7219
10242
191
10188
668
4576
644
5759
5967
3576
11817
12964
4514
1234
2405
7113
914
5384
189
4106
14570
6219
5314
1889
4820
5760
5601
10455
8923
1316
2892
3497
3589
1636
6819
11302
6091
7403
8898
11031
3844
1561
7575
6602
4885
4317
517
6450
3568
12453
2834
14898
7653
10698
7923
1879
1635
13441
2246
15215
424
5476
1999
10070
7792
5351
2581
9932
16258
2199
7758
1153
5021
4961
4033
4651
11678
4978
11849
12154
6635
2077
5274
2088
5380
8163
3462
5272
4843
7693
8895
4513
539
5694
6653
5438
4747
167
7582
8810
11173
12953
5889
5566
3330
525
8420
10993
3583
2200
723
2058
828
318
16514
8124
9144
957
5534
7050
9467
9905
3953
5964
441
7859
13664
14257
755
2521
5614
1466
13739
4806
3934
7814
5190
12172
16212
4139
7365
1397
1821
2477
5978
6351
1475
3515
3972
1657
12101
6068
13712
8467
9253
11253
9825
4158
10016
818
6382
8694
4978
821
35
1713
6974
5801
8023
6707
453
3566
6107
3045
8128
645
10680
8690
7852
4752
7698
16492
4836
8394
2909
1369
11856
14994
5585
6056
8380
6153
6747
1470
1129
13738
2206
8842
3703
10048
6435
10902
3493
5796
10229
186
775
9894
5174
2566
3049
903
11508
5149
7658
13877
8187
6938
4972
520
7351
9310
16716
4149
2650
3281
5386
7674
6002
2459
2848
7399
8865
2093
12727
724
10563
3257
4889
12233
13606
6123
6335
8065
12878
14953
3721
12772
3597
7649
13602
1740
10818
6171
5242
2670
9483
4016
3153
3188
15817
8874
164
2084
116
15692
17480
5112
8900
15003
13208
12363
7753
4414
12404
4268
4752
6786
805
851
300
7871
10910
757
7816
2809
10660
15422
5141
2770
1126
6951
6523
7469
7989
8851
12718
1774
8424
4742
2486
5875
5025
2163
1300
1379
6688
16740
2703
2218
9812
7334
12782
14
840
11178
1602
7190
3320
12165
11106
5939
1226
11652
7082
5224
5129
18020
2979
4239
5940
1336
4016
1819
572
1031
1056
442
6108
6403
2886
204
8240
4998
3925
1202
8464
2146
4892
9181
3324
928
332
8096
12220
7412
5673
14167
7605
14383
874
4171
5694
4023
7927
8022
2926
1589
10224
4262
10368
1559
4301
1432
9596
122
9497
4301
417
14480
8514
1246
7855
11782
1925
12907
1701
8387
1242
3910
8381
2513
4392
7485
1101
1921
9183
2610
6500
1313
6862
10958
9089
6271
8342
9948
11891
2478
17523
6897
11231
7808
6359
12418
9411
2839
3117
10466
2282
1794
3967
6784
4850
2535
15677
4366
6589
9169
10093
15006
10166
5330
9105
15666
3973
10812
3326
2267
3209
2154
4351
6944
8037
2903
3792
350
1188
18186
7079
9276
4197
10438
3749
13868
16800
3505
7109
12763
5098
8349
2987
2174
2071
2199
14915
3659
13663
1307
2092
3611
1685
8648
10616
15189
7745
4213
336
36
1424
1948
10457
8352
13133
3128
1125
10016
1902
8409
3951
11932
9059
12928
12075
6171
8680
1853
15224
11307
1454
3734
2521
6410
7462
15413
851
5658
6724
8299
11371
10281
903
6436
11268
1134
3323
3390
6616
5192
9831
572
5723
8559
7617
4129
345
795
500
1715
5610
4853
3452
2951
480
8941
9062
13819
16207
10081
2655
5112
958
351
3481
5619
2800
15886
7676
2747
1492
9707
1694
8835
2303
6658
10162
10531
13227
5570
11505
11476
1572
3060
792
14139
13891
13302
466
17224
84
10233
1258
11982
12804
1070
7287
4846
3907
2750
5506
11428
7837
667
6150
1827
12641
1601
2196
4933
155
3677
15240
1782
13040
6635
7135
10647
5723
3609
271
788
9728
11359
892
3550
8130
8141
1665
11014
12779
3186
8900
8659
443
540
3178
6110
8853
5315
6470
9581
8047
8016
604
8288
5005
5692
5633
11590
2789
1495
1694
4964
4305
658
8794
13798
5251
5387
1337
1138
4928
16470
234
2057
2985
3046
6950
7316
9057
10775
10230
1377
6344
704
10871
8744
5054
8651
7829
12894
5113
3263
2401
9327
12641
11116
1393
10650
1239
3321
8495
16034
2387
1297
9413
15952
9185
7639
2464
11649
1563
3407
792
4928
3089
4834
688
1774
3772
3480
11025
2482
3334
11792
4535
11342
4755
7567
2493
1797
1922
1676
1042
708
14815
5876
4613
8860
3681
804
13827
10380
4649
324
1089
488
9048
6500
4326
6562
6440
9511
13013
7229
7118
1611
9296
3108
16298
5261
8466
5308
5808
810
15931
6232
5413
12764
12645
943
4128
2969
1828
16656
8329
2230
6405
11288
6755
3246
13420
17340
10787
11889
500
7748
15462
11390
858
2843
49
3892
40
1249
4255
17218
7339
812
3393
5295
1710
1336
1859
5258
14868
3143
10524
11355
7208
9754
5825
3742
12619
893
3642
5928
3244
5773
2050
970
2339
1763
392
8637
1362
6756
16792
3009
5569
1995
12097
2247
6162
2942
3703
3690
6304
3358
5454
4049
15312
5723
8986
729
51
3458
12558
4588
8090
1658
1227
1308
7395
10387
686
1938
4849
7184
8737
2491
2883
12586
6997
5129
2451
2708
9776
4296
10486
12783
1469
3667
6267
149
12788
5517
5745
9551
6267
7821
1529
1740
4842
8178
3324
5639
3295
507
6347
2018
8782
3842
16890
2588
4788
8580
12121
2350
41
3048
6553
9072
11053
2709
11097
5866
4896
14176
4110
12275
11044
6106
3254
9535
2999
2889
15836
11213
11888
9394
6584
15128
2631
13972
13883
7036
9403
6417
2937
15772
747
675
1882
1753
3783
10029
8042
4944
10872
921
13941
223
488
6209
7338
9204
1946
8351
1011
5103
1977
5051
12733
16229
13633
7123
5983
7769
523
7455
7796
9756
6781
5608
11355
14529
11326
7003
4419
6507
13323
2374
5388
14457
4421
8361
4029
1537
12484
2978
4259
13017
930
1572
6246
3593
11199
14452
8971
705
7933
2626
10448
720
7535
12124
10159
4283
991
4623
11491
6647
10433
5655
3058
8511
17189
6944
250
1199
11601
4422
14211
5915
9558
10625
12671
10735
2836
1820
7907
13872
14821
1292
561
6831
6018
1959
1239
8663
1423
3064
2507
8944
10615
8119
8725
13208
2800
7986
5194
1569
17092
7418
1793
769
14633
7724
2951
6254
4748
9739
6264
977
9846
7752
10994
9609
394
2477
8317
9249
2984
1466
2140
8984
1716
1090
6143
4289
5137
8573
1135
3382
8181
2875
3762
9334
6086
4051
3815
10870
2638
5331
3402
5840
2540
2259
4754
693
8385
8345
14123
4064
12845
2677
5063
18248
7214
3152
46
3180
3312
1739
8492
7748
2323
14021
8770
9578
6749
4149
2189
6490
518
10465
550
11457
1592
3257
11519
116
11437
11671
720
7277
9284
8463
1024
9726
8713
359
14145
7673
3902
4064
3550
817
12491
8290
4541
866
2094
1218
2034
11077
4724
3513
10391
7905
7394
13819
730
1048
11850
3974
5641
82
1936
1451
10940
2518
6406
12590
4295
10257
2406
3442
5229
399
4263
7660
4505
288
12921
4464
2590
2163
5885
4230
2676
277
7186
4845
15777
3069
3320
10607
3205
15100
16106
12541
264
7516
10690
10097
16689
15897
2555
2532
1210
3231
4912
18578
293
14032
6380
7740
1811
10132
1859
685
9500
1582
5699
14139
1458
12146
1570
12081
10481
450
17570
4779
3671
10281
8454
5866
10985
420
7681
4118
699
3172
628
4023
2732
2351
6650
10412
12916
6145
4148
9354
11320
7304
11463
1391
1455
12285
5215
8625
2612
6886
3828
4113
1648
12118
237
1249
550
919
3564
5590
10175
7804
787
8271
7384
842
6103
1819
3809
5333
4536
5812
14042
5824
399
3802
1858
8500
8025
8339
7511
7367
173
17145
5764
4772
241
10799
2746
5870
911
7777
6479
2215
9653
9306
7364
7101
5662
6566
5070
12711
3508
3377
1895
5936
4343
856
3128
1579
7981
8826
10116
8283
6983
5115
6177
5283
773
15472
6246
6577
867
1727
2404
2961
2617
5928
1280
7820
5847
9870
3270
3323
3206
1141
9804
7398
2352
4407
409
8375
12160
6812
6470
6593
884
15254
980
6382
563
3726
3359
3855
9200
10976
4205
4252
4529
11531
8193
1636
3726
2960
6410
10861
418
9912
4862
6203
10808
7296
2687
6814
7106
8875
11286
1385
12198
7855
1939
5082
8827
636
13034
9819
333
941
1167
1746
5743
674
7833
14951
10514
8724
18383
5068
201
8364
11686
318
3272
1707
5970
10590
13659
4119
8772
8700
8106
14980
1410
16830
11093
2767
1659
7761
7241
3907
14130
9175
5111
7760
2137
8357
514
2295
13461
564
11730
2105
7364
1650
11822
15587
12995
2172
9319
11078
8522
559
1388
4532
3428
5919
9730
12346
5663
1749
11316
2947
15656
12135
11727
4953
1046
1308
16723
3103
11768
1002
338
12140
3000
12180
2765
986
8026
16147
474
3734
3949
9163
5824
14758
11997
576
2607
4492
7278
50
7424
1175
7179
8898
9572
3203
62
4121
4575
5084
3676
8588
9199
2966
11768
2463
5123
9410
1652
3547
4349
17316
8439
11775
9
2964
15948
2862
10098
5139
15952
6728
8460
2017
727
17238
11265
10766
17104
13198
5793
6607
4257
4378
15350
3956
3809
872
5169
1568
3963
9086
11492
3020
7815
5793
2419
4995
13840
18265
1805
11666
7446
679
13422
16750
12243
10520
7291
6465
4766
5429
7363
4388
5279
4567
3227
1295
5350
5682
637
2502
2679
11318
7152
18153
5364
4365
5618
6331
9493
11181
8488
7542
5472
644
1398
5540
17177
913
5298
5972
10434
7282
2308
6168
925
12061
10110
9885
2734
10476
10542
11991
1490
5906
6065
6856
7475
8341
15373
115
6638
10663
2110
10751
8132
3475
3273
16421
11241
1065
9563
1461
7084
10611
3740
13627
9815
3491
2524
735
177
14293
10893
1445
537
3073
10689
5849
3899
6054
3861
3506
385
11467
13758
6803
14658
7022
7697
14850
4102
8263
8887
10962
7796
3216
3242
3029
7784
12583
11091
338
11291
2959
514
3758
6939
8123
8879
219
376
9010
6110
2009
4525
4391
17692
13963
3895
9684
12818
3208
9420
3234
5062
5060
6481
7658
600
5834
16075
2942
537
14246
184
11472
12662
2982
1259
1518
9623
3279
1244
2644
5612
11610
5783
7348
13689
2969
13550
2581
1121
2010
2089
1358
11005
8887
1835
5635
5964
13233
4044
1913
4649
3241
8356
9264
5971
4481
4061
1689
9215
4070
8905
1769
4145
6508
13121
7656
4462
1748
90
948
768
16641
2490
98
4412
397
8275
1525
3778
5170
4011
3918
15176
5208
9915
11765
5500
7413
12926
4610
4140
16613
1244
8915
138
14400
11275
13735
14148
2456
5076
322
11477
1792
3921
5483
3184
15335
13327
189
4627
9621
15753
6338
6928
10582
8480
7179
703
14035
4443
3877
5361
5034
3928
4157
11077
4462
60
7712
2092
9017
13112
773
803
7059
12970
12261
7688
648
285
5363
9265
15544
3435
6538
7183
7795
2475
12660
3117
4024
7487
1639
1369
15937
15440
18053
2919
13002
7704
259
6653
8791
6495
664
2797
2939
11515
300
9935
1629
5135
10599
3818
1679
14152
11389
337
12775
11167
15959
5469
12749
3315
1171
365
5213
4217
3514
14179
14513
14125
8130
14208
524
7076
12796
12163
10352
1987
1564
31
1925
1867
14888
7247
489
988
9909
7640
3409
783
13930
5902
2742
3738
12065
4389
9835
13630
3768
6658
8676
14600
8295
3021
4495
11491
11563
14322
138
16781
12441
6439
6981
2078
6858
3292
5583
5465
6101
2427
5047
6752
3188
9598
4796
4374
3626
5369
324
3557
3688
5314
15492
4091
4178
7872
13927
163
2358
1579
3138
4785
1855
4490
4833
3046
10762
6591
15187
13951
2415
15796
1441
1487
11820
892
392
4247
11710
413
2246
5425
5612
1952
972
5160
7989
5848
8130
3730
11781
9421
4920
13366
14373
6887
267
988
9474
2436
12878
4087
36
17021
3383
10677
2517
3255
2660
11223
7828
700
6964
10859
13047
17
7443
18830
3175
10579
1128
3654
7034
4766
12963
14049
7607
2988
5947
5945
1719
9383
5635
6025
16358
10807
6892
8960
470
7837
5771
4884
8379
3504
1564
5173
2818
630
2799
598
4083
2389
2154
5316
192
442
5940
1461
6392
12159
626
6099
803
4977
9051
11052
4924
6267
10246
729
3765
7031
2159
8915
1700
16981
3449
8744
3734
6907
3571
4712
2519
2000
12853
4716
3464
10602
9456
9310
8800
2780
2786
2846
898
10253
10039
9470
3961
6645
4184
3016
8187
7237
16619
692
6765
3833
7220
7259
909
843
3253
3135
9407
7326
5692
6750
2328
3706
13177
5964
7971
12443
622
6220
345
572
4250
10166
3974
1856
9746
4332
308
6941
3686
3585
2161
3415
6989
1711
6747
18023
12907
8274
14898
3489
7766
8688
8995
11340
15153
1573
13904
4668
5475
832
8982
3023
4838
3284
5925
7742
6007
10805
4489
3658
6500
5550
5425
8401
6394
624
923
2812
1047
3291
12002
14565
2617
4496
2294
508
9626
67
2501
1733
6055
295
8718
5339
1702
13758
2552
2211
11518
7614
2039
2624
9305
9981
2254
8223
4407
10301
18227
10621
1791
6487
9989
6058
43
312
8930
16001
4704
3277
15896
4334
7646
6552
15979
4381
1793
13492
6157
1261
992
10946
13776
14940
1611
8825
7351
7384
8045
15650
954
9916
4659
11699
8133
5320
6025
375
6300
1167
13095
5786
2224
4060
4888
1491
4402
4385
6557
1568
9442
1319
629
8287
9474
14192
7489
776
14241
10875
3814
7750
8126
8111
3386
1361
397
1441
5777
8162
655
2941
6200
1696
2153
8343
5418
843
5634
6065
11103
4299
4166
8253
359
689
3603
5521
8032
1438
1098
552
1823
5341
9951
3142
10916
8365
1926
11979
5025
134
7473
17246
1590
1570
7540
12356
10999
3233
3207
12473
13863
6527
2030
10283
3989
1530
13350
6035
12477
6792
703
3586
6651
6568
12436
3638
7233
145
13620
12718
10746
14816
3512
5024
6040
2042
3340
5676
10468
11169
6477
6195
7700
3652
10371
11350
4776
3795
6572
7110
10701
2690
3438
12686
7224
937
2122
1666
6809
1142
2487
794
8828
2865
1245
494
14884
15356
3283
16869
15509
14033
5564
3581
1248
3741
2913
7064
6326
12295
11202
3332
1050
5582
3017
2138
7473
8849
5232
15026
922
142
2496
9975
8388
13
14166
6650
6432
1815
4560
5428
14961
3566
9900
9251
6252
9424
12196
4051
3137
18069
14937
2505
973
3221
686
6116
8929
9637
2323
2247
11094
9567
9159
158
9854
11780
7586
1323
5288
3127
1952
270
14036
16118
961
2289
10492
7361
5489
9785
2762
8127
5101
11103
12768
7800
5332
8077
1034
1547
9180
1326
2716
10774
7350
4745
967
6490
991
4584
10825
8784
10116
3031
13559
5971
9672
4543
17184
17708
1748
5695
6704
12769
10273
6062
3585
4801
6838
1077
6214
3668
1449
3832
1992
6175
11790
2773
3627
17175
5607
2171
973
17356
9132
8927
6370
6266
4336
14805
11553
4092
7470
2517
1749
16331
7536
1341
6725
9155
2382
5560
15936
9469
3908
1185
1807
1986
4010
15893
9713
6599
10350
2211
4249
3382
2107
6989
12425
7386
3378
55
5321
7880
6315
844
17526
6359
16182
516
9622
3123
15049
4341
9856
1826
11389
9101
5598
15633
13718
14317
1733
2964
4505
5464
3995
4500
15839
2825
5633
846
7341
7740
10392
9520
4440
6732
5190
3248
5156
7148
4028
51
14136
5220
1980
9490
156
13091
863
4622
266
11136
7445
3983
7398
2010
5277
1890
9355
12525
1447
8539
1175
3127
5007
1763
1967
6991
6577
5149
1802
6698
13970
9436
4529
2125
8984
9115
9829
3173
1288
5306
14120
8674
5887
1485
1521
3905
667
4174
17043
9683
2634
4247
7447
7125
311
10378
18604
12626
5632
11726
11404
11757
2479
12035
6441
4241
10907
752
4524
5811
1188
3358
2956
10753
1107
8495
7872
1100
3600
5343
12071
6374
7832
10697
4769
8212
6545
5398
3439
12875
560
14480
3554
7085
1649
8235
9431
10207
3453
5930
1739
991
4100
11094
1631
4926
9792
244
5264
6533
1325
992
14204
615
7751
9647
6330
7813
13248
829
8015
12781
10406
4298
17817
4908
313
3737
14838
5462
11988
335
776
2116
5028
12473
182
8724
10719
11648
9838
9779
11321
1183
5639
2992
8744
7081
12147
3092
7848
7349
5826
11209
6267
2277
11245
9057
5415
9739
1962
6044
6239
16342
5134
12451
2942
12920
6794
9265
7246
3844
12072
16036
3746
6947
1652
10032
4448
6892
2136
4036
5177
14036
802
205
4478
12337
8143
3212
428
4241
2122
3281
8358
16158
12
5579
5027
2393
2185
17478
5540
2291
5256
7622
5709
3296
9327
1565
6126
4845
6299
8919
10412
9382
13306
1880
4073
4633
10862
11855
1106
388
2686
5979
836
15073
11322
2675
14073
5091
1030
4365
2203
8208
60
1880
8570
6003
3944
14356
10696
12731
5909
5203
3641
4165
5983
11705
433
9450
7826
238
3372
3015
7140
9572
7429
11156
12428
245
5057
5428
496
13238
5303
6148
3014
11191
932
1628
2260
4749
2168
10090
6663
5095
15812
43
11483
2153
6727
5118
2578
2298
8363
2496
10291
13961
15515
1093
7525
8698
15731
11609
9565
9067
5094
4744
8225
17615
3086
9715
6367
9894
2021
321
9384
8809
16481
3107
4802
893
1169
6856
13265
82
2766
11037
383
3654
3640
227
2143
8238
769
358
11219
1784
8450
2498
8777
2508
6399
3833
12097
5856
16032
14795
6426
9976
13746
7832
5205
4954
9968
449
6425
1686
11683
4940
6697
10514
7207
4614
6205
3135
354
13409
14442
6795
358
4122
6815
3242
2108
15134
4911
1170
5714
4355
5241
4178
1321
4947
4153
5153
2121
2861
10290
5094
8024
1676
883
4001
2250
14761
6606
844
13979
8509
17298
957
4779
8311
1705
1814
3915
10490
9074
6679
3478
8072
3307
1402
1573
8157
1491
2498
9767
5950
4449
1551
4245
3069
3156
13768
15654
2143
1621
322
12760
2751
8557
1251
4430
4293
5753
6737
5266
6483
7723
45
5434
8864
8024
8737
13545
15686
10009
10927
2247
214
4683
12530
9142
10
9118
9258
16645
991
1845
8943
2003
12895
7706
11958
7478
8468
4311
2465
7796
3860
10610
81
9600
914
18017
5767
466
5644
5455
14981
9814
1626
1682
650
13016
11661
6291
12359
5454
2011
13625
14824
16590
548
12362
3487
15445
4292
1203
10456
8744
9526
3307
2437
8424
17046
13127
3386
14760
7353
6461
11312
3004
15019
6397
13969
2335
6927
13139
7557
9464
10995
11038
10010
4024
11491
3586
5425
689
1421
3520
3485
8693
6548
1989
6751
6277
3270
1617
901
5142
15041
4112
11519
2233
12855
7738
11967
11884
1401
13445
6871
14590
571
6356
925
5215
2611
986
5641
5806
9314
16560
5215
7475
8655
9227
11688
8339
4930
15040
2170
5352
5404
11010
424
3177
4189
91
6359
3928
389
7375
16853
5259
7454
783
4170
9658
6662
7078
1888
1123
2155
5517
7661
884
2716
4969
1733
7572
4722
9306
94
93
14760
105
11614
6778
10077
13205
3940
8195
6270
14368
3580
9640
4767
799
8162
692
8703
2848
2684
1920
1324
4683
1384
9759
1672
11287
6267
961
987
900
5987
9010
5943
15757
5976
13977
10779
10397
11200
188
42
5206
8806
6973
504
3821
2943
5978
4750
3207
15779
8581
9157
5870
12349
13100
3372
6389
8753
7904
3386
3937
7321
12105
1008
10716
5172
1027
1034
3001
11325
13574
5587
8048
12736
4908
6113
5692
8669
7117
15220
1809
2852
5111
11304
342
4047
11918
10567
5631
2023
1764
2149
6551
12407
491
13602
6633
80
13708
9531
422
408
2189
346
11513
8537
4511
6568
4892
3826
357
1556
4561
6573
8626
12048
5302
3354
6082
6067
907
3861
1326
4372
12772
8170
215
3479
3627
9558
4380
869
7371
11718
10420
6665
4968
1046
640
8159
8556
1628
1275
839
2316
17718
5855
6305
4461
202
7405
1424
1209
11221
6964
3119
6207
75
9666
3583
7991
1612
16300
306
13516
1889
5000
3160
1087
511
3005
1406
16376
8375
7104
8280
6978
5751
4357
2355
3517
9730
9034
7329
5349
1686
4911
16515
7840
3163
6655
11843
6296
5973
4030
4960
1687
6350
6949
2515
3228
18226
3397
3474
7874
2943
17595
11105
1246
6584
9402
10481
17598
3613
9559
9999
7798
373
4622
2697
7019
2505
7780
3685
13123
8683
10068
5281
15545
11512
3255
6692
5492
3760
1608
9761
3051
9136
6718
480
5946
12518
6808
8381
5558
7998
1164
4697
699
7507
831
13091
4998
2667
968
17820
467
361
7145
2675
9667
7963
5224
14350
14990
2550
9906
7894
625
9709
5252
831
2473
546
10877
4071
8442
2391
2261
7946
4779
3405
2272
2656
4947
9874
7009
4025
5338
6866
13777
270
1545
8760
7512
1516
16257
8278
964
1654
218
15141
5567
4452
14452
2772
6790
2520
3520
2536
3476
2937
12877
9324
4830
10555
881
7914
7205
10312
9445
2744
3945
2544
9164
3406
14258
15989
9469
13558
2877
2620
363
6747
5106
5639
3163
1058
2309
10781
908
6317
13720
7775
4866
3281
5995
8099
12794
8301
5892
1280
8552
8166
4552
12431
11420
12863
2808
1853
77
1795
8678
1238
9899
2940
6886
10970
6578
1673
13359
923
2048
2171
14891
1969
7361
7999
1532
8880
8038
9196
1344
3406
4249
1610
10996
15809
5635
14970
6247
1000
8211
14643
2969
12405
6260
2125
13205
2508
11586
6949
6539
1072
14787
1324
17294
710
3987
6517
10373
5567
306
200
2868
16831
1412
1513
10321
8024
903
6472
8807
17749
9286
2367
15567
16857
2043
5389
12153
2821
10099
7208
4609
9495
6332
8760
6004
1672
953
2929
309
969
927
3283
6495
13234
153
7365
1119
1116
329
2471
11437
3034
10351
3075
9466
9700
3240
2704
10599
4709
16449
726
2639
11012
6279
379
18056
3968
4487
3863
5288
321
743
413
8005
14348
11586
11555
682
8859
15235
6160
12693
7959
10585
10781
1705
3631
3391
5574
16070
6563
264
5820
7475
1380
6897
9164
1563
2712
1433
834
1931
8928
14331
14381
4312
330
1402
5367
3807
7546
7371
8819
1020
4196
11665
14934
6481
13902
10622
5662
12699
5828
6887
12936
9873
2360
12674
15808
3429
16008
7186
5917
13384
3943
6267
8873
9453
9902
6442
4083
10083
7752
3637
1519
11743
4622
12375
5610
4030
3507
5411
6057
3721
8449
7966
378
3236
3283
16261
3068
10522
8911
7667
2040
3197
12722
12112
769
5037
1398
7763
4550
2014
17386
723
378
1431
8146
3914
5111
9832
4723
8657
1542
5332
11565
2589
13131
7368
7287
3685
6777
14078
8179
1511
3651
2243
11622
11055
1794
2505
3400
12947
2139
10645
11762
4899
5764
6677
3992
3582
7777
8678
218
736
5958
13939
8195
5566
8311
298
11695
7044
8636
6230
366
3855
3237
6940
10300
239
6860
11671
2431
6841
7225
8048
1642
6357
10692
6637
15560
2271
13172
4043
5202
5746
9223
213
13860
537
9807
11613
8393
7239
1065
3662
10281
4662
253
5142
9175
15628
11397
513
5038
1009
15963
2264
1863
3385
4347
1458
12293
2060
12865
15676
12339
2193
2525
1273
3416
2207
7297
2416
1290
14278
4382
10086
16464
1721
6357
2206
16980
12244
1249
10832
10243
3194
2024
1341
9587
13620
7055
4557
5060
1809
1370
100
15510
963
116
5392
3327
12396
9888
5851
1011
6179
453
1951
8684
11275
1946
6709
7966
4285
6705
5994
9632
11629
7176
11540
596
2981
2849
15918
6877
8576
7685
15097
655
11080
3525
1393
7853
3727
3750
9829
6559
6357
14306
9936
7889
4706
1730
2256
9900
1688
9
7647
5532
2103
11801
10716
4295
1296
6008
7762
2213
3211
3823
2751
7000
9828
10650
11104
6790
3228
979
16492
1329
8966
12748
1056
1341
9166
3639
8576
10430
13405
1440
8784
948
297
493
5486
979
6339
10706
13471
8680
6499
1253
6888
5600
1254
17383
3174
391
6840
1870
908
520
1110
554
3419
15636
309
5516
5312
8377
11235
3993
7653
1071
838
14513
2035
4638
7137
8110
570
5036
7014
6868
1472
6203
15969
771
5178
2963
9916
9848
774
835
4721
11635
1194
2022
1720
3847
8882
17186
5680
3252
8435
11881
12742
2054
4299
1146
8321
6861
11602
3177
13086
13794
11744
13785
4775
1278
10260
11
201
1598
2828
5505
5439
2813
9826
1868
12768
8311
7541
1040
7170
7455
1156
4091
1015
9871
2377
4652
7163
3574
760
13493
6103
3366
3591
11421
1946
15844
289
4754
4210
3943
5648
3147
7435
6763
2592
8824
11347
5332
2267
14612
7594
8568
4385
7977
1905
11350
2403
6298
1482
11528
16466
10062
815
8954
6839
14240
5159
9492
13103
5718
755
8575
8868
528
3828
2804
1263
10097
528
6650
7532
6875
10202
276
4052
11421
3661
1768
6523
1033
18607
11513
10158
1513
7121
315
2690
14305
13943
2390
5327
6419
7487
5605
1611
6713
1370
1253
2580
11802
7507
3038
11043
1509
10966
4787
12478
12651
1823
4824
4998
2245
11649
6488
5419
10745
10791
17526
6780
374
1112
4193
5
1775
16928
7374
10214
16313
7088
6345
2624
11327
4545
6909
3084
8925
4668
4312
3201
15163
15249
12896
8085
777
911
13002
6995
6321
16986
5747
14662
7367
8354
519
3000
1443
9774
295
5953
13751
11286
13988
14418
6153
4182
971
3401
2121
7770
8694
7774
9014
9630
13386
3938
7439
2593
5070
13242
5843
1579
1187
6236
10185
7001
5999
9450
6333
6160
1081
9876
896
4002
9775
15880
2296
4914
6948
8855
9930
1599
774
1767
411
5009
1499
3599
14671
12770
114
5836
9166
8023
7085
3890
1214
5380
11790
1879
7562
3901
8190
9822
2390
2359
4089
9481
9179
6623
1551
1071
3859
5076
10893
3440
4709
3982
4910
12188
743
2908
10131
6788
10632
8712
9255
152
3679
8096
10174
4356
892
2155
336
4686
6304
5683
1871
554
4516
1457
6785
5085
6425
1533
1291
8867
12240
5389
322
5147
3933
3298
12468
8981
6975
11716
4714
2364
16911
5882
1063
737
6728
9617
5202
2149
2928
7217
7094
2834
550
816
2248
10006
16385
1265
2356
620
12074
8964
4797
3914
5378
7922
10615
6471
4180
2770
11327
4915
10368
265
3323
14018
11144
1582
5464
5394
7370
7833
8061
9690
5533
8521
15140
6835
8909
7610
3074
2802
5781
12696
13116
14752
10345
7330
3143
1329
8266
723
10976
6270
14864
10664
2933
859
410
4647
157
14102
11623
5623
10666
8187
8459
9470
5029
10683
5835
4461
14714
2925
9522
11194
6456
3710
4563
72
7792
6487
5059
8151
2123
11184
4926
11078
12033
1619
7368
7626
9066
6646
165
7663
2036
1091
8223
7355
3916
679
10965
10229
2719
12053
2562
262
14387
5528
665
4622
314
550
6725
1104
3712
4400
1111
6329
2529
2210
4948
11897
12590
10969
7858
5707
8966
11605
15088
8369
7081
13919
3743
11442
9567
6659
7365
1973
9454
3748
15261
6021
8309
6579
7029
3248
1124
7081
5356
138
13637
6188
10705
7128
11534
1472
2657
8033
3178
2346
7871
10200
2295
797
10542
13276
437
8459
10559
2706
14541
16290
2971
3302
9412
10898
14178
8085
4930
7842
9401
3313
5389
15585
3518
16
2814
12970
8363
10134
15402
13605
9737
16141
10326
1313
10527
4607
7874
12409
4776
11863
8214
1658
6430
10488
5804
3956
8235
15953
3818
12393
2406
5035
4174
256
11249
1037
8233
1333
6537
4325
8110
2416
2840
3903
888
5326
8713
3421
13967
7625
9480
13998
130
2487
10257
8565
7438
4044
7965
10059
5935
8412
4697
2456
7472
8817
6842
9384
6717
4957
10184
8066
12907
5380
4289
4380
4158
7546
1836
13519
2070
12235
750
7759
9801
657
2076
1821
13455
5447
1268
346
10340
909
4693
10809
1067
7728
16730
11230
4761
12449
3452
11996
1999
6933
14707
6113
3646
8923
8110
8519
8753
3027
9458
10129
12580
15744
217
9012
13903
2235
8196
9663
4043
3676
2143
11108
8534
356
3555
4303
4116
1910
1605
4907
4941
11518
5757
6634
7844
11226
16665
9361
9996
6709
9591
8322
2945
1474
15441
4834
10526
14488
1208
5988
11047
595
13075
15572
7990
1618
10332
9100
10556
9035
897
1649
15712
8256
10258
1248
11589
6203
2304
5313
864
11249
2244
1982
2569
5940
12941
6924
650
5628
9318
1111
10998
2668
2862
17006
2883
1714
669
366
5292
5857
2836
6896
7266
4639
4424
12429
5890
5591
4800
3083
16420
7822
7304
8714
8570
7212
3285
9373
5013
7090
6034
5347
4353
5400
10880
8523
3192
11156
5354
831
7639
6863
16575
10759
389
4046
10964
8876
3330
494
18326
11373
2580
1568
2210
12144
10445
15990
4003
4335
642
11910
2547
14467
9548
7661
778
7111
11790
5330
12513
15092
4788
1475
12469
1790
10974
7234
8904
5596
13657
1249
4696
3425
534
4954
10477
374
4175
4470
722
8303
1083
5027
8282
8028
14896
11180
2812
3940
11187
5015
161
4179
1736
4942
2411
608
5656
16545
12159
12516
12553
13740
8444
2629
12452
10019
10369
4032
8660
5876
10355
5844
2258
6336
497
11595
11184
6837
14034
9653
10936
1638
8305
13493
4209
10656
1310
2072
311
4456
16951
547
3748
2879
3047
7019
8176
4040
2704
2558
8825
1414
13193
3591
542
5978
1185
6318
2185
6112
11861
13040
6731
13419
11584
13405
14619
672
2527
8856
4424
8440
9665
5760
6411
1922
561
6696
2437
15348
6928
2201
2884
1058
2377
10213
6163
9597
5737
562
7699
3596
5824
8877
7785
10174
5676
1910
8868
2626
2217
11062
9565
12156
11925
8178
3713
10497
11134
158
12552
1757
6125
7015
9374
6986
5910
3228
244
1922
1673
5117
483
8503
1696
2154
2255
3610
8172
10370
5123
16549
10816
5571
62
9286
4152
3432
12282
6116
1541
12920
13490
14484
129
9281
5870
247
11174
2029
8300
589
105
13985
5805
3760
13397
8158
16728
482
5427
3607
53
11062
1957
17074
10595
3331
9060
7835
3094
2410
3013
13992
5591
12326
1723
540
13183
14394
7677
14339
5120
15313
7736
267
11315
8471
1951
2904
11173
12479
1769
2693
1677
16921
15521
4995
2968
2669
1794
10581
1161
12918
13320
7579
2873
9771
14804
4651
3957
387
10809
4668
879
2038
5994
3965
10711
3922
17070
6729
4737
3587
15153
2077
11759
11561
11118
4246
9253
4845
9265
13524
755
9300
637
12067
2963
9497
3292
152
1626
4873
4940
16077
7872
2957
4172
5613
10148
8607
4169
8252
3728
4808
1142
14140
2471
2385
3392
278
7216
443
1744
5269
12645
12005
2468
4941
15503
823
6878
1783
3826
373
169
4386
8662
4484
4956
8854
8091
6937
3391
7270
5958
254
4718
3466
6731
12161
8267
8333
6762
4973
1097
6573
12032
2700
4344
9786
3019
6345
4897
11002
1486
17426
1318
8410
727
4668
6810
9146
5527
5013
8397
3680
3384
1433
9184
17358
5793
7596
8458
11472
7807
4073
18709
1991
2076
10345
3114
4088
70
892
6344
2102
341
16335
8656
14871
12092
8943
18196
3714
7937
2842
7459
7253
11346
4309
8396
1001
15685
198
4444
777
12711
9017
8956
18563
6734
9072
1103
2837
661
5054
7470
11034
3689
5262
12504
1716
4424
11032
12303
1137
10068
7499
10383
6321
8958
8799
602
15697
9052
1341
3710
4381
12030
5490
3458
2627
4400
8298
4136
130
746
124
4340
11683
295
11287
1485
6627
3822
3245
15157
7991
10320
1994
4731
7017
5006
11061
1964
7804
5024
72
17125
8685
6608
2938
3951
6723
66
9239
6892
12283
12253
13142
16530
4770
13935
15941
5936
2815
3496
13763
2986
4804
6164
11619
1372
426
14
3092
9483
13097
11631
6931
5126
8546
13061
5672
3426
3500
4238
10772
5818
1589
11
9358
15549
357
2092
966
12838
12108
923
15696
5951
3095
2397
4252
7622
9758
12160
14261
1424
10566
6606
7155
11333
11663
941
10472
4067
5154
5159
3178
7916
11569
1893
5942
1588
6231
7654
4762
6613
10939
9894
12202
15358
1960
14813
5698
1534
4164
9164
11160
2372
8584
13363
6303
1946
11992
4511
5004
11997
11600
5924
15956
5365
3810
9085
14542
15607
8543
7474
2989
668
17979
401
6536
3097
10329
13077
4176
239
8075
6810
6639
166
4505
13582
1185
6568
4328
2281
1022
12514
10908
2919
6030
9070
11298
4387
4395
10975
2973
9523
3563
9031
13621
11035
11258
10676
11292
493
8544
4277
15173
2090
2093
731
516
7948
2603
13645
9317
2051
6631
11041
3043
9232
7639
6752
3355
6602
7889
16165
4408
2969
3099
7765
79
3953
2461
1116
4778
13507
3360
925
8918
2517
17719
1396
1246
1441
14040
5063
7334
3825
10660
345
12074
10275
973
7518
7029
927
16315
282
722
6861
2977
1885
826
2981
12517
779
2265
12931
1282
10977
10221
6822
8580
2927
15602
10809
5185
1765
10020
172
6840
8458
6907
2268
9178
13794
3978
9835
2793
9618
6020
14474
12787
1987
10379
2467
1197
4101
11051
5091
7058
8143
3600
12632
48
2305
1142
7791
1301
413
2585
3815
444
9668
15789
1968
9803
265
10469
5526
2875
1137
2612
9173
1793
17034
2710
972
3999
7603
2897
5142
9842
1583
335
7696
248
6947
5415
3028
8615
5368
971
6573
4314
12296
11012
11068
8528
11035
4854
14498
1188
2300
12225
6668
5581
285
454
8340
11219
6565
4297
8611
1700
8231
4443
1748
7018
2908
2696
10307
8765
10060
2415
4622
3499
4631
4724
4889
8369
1915
9729
1566
4161
10514
6752
2198
4981
3180
13621
811
354
2444
7597
5575
2464
1867
9835
2924
2111
1975
5270
10828
8000
4918
1168
9468
3086
4705
6300
6219
3543
10040
13262
4119
16112
10279
938
9076
10468
1040
14047
1633
3398
1913
5439
5897
8747
3342
1876
2904
12030
1348
2231
2967
8624
1752
9122
10903
14089
78
16405
3896
6258
3079
3088
4359
3894
2394
11662
9157
7641
5099
1950
11526
11156
354
5424
8166
487
8760
6441
4808
10175
5821
6103
8863
9846
1445
13880
3249
13001
3172
2267
6481
6536
89
5015
913
3272
2308
157
13946
8951
2374
5177
5724
10865
6908
966
4184
11444
1102
10392
15921
940
14214
123
11102
8125
1593
1995
3731
11889
10723
8075
11908
1108
5679
14877
13561
4166
2306
619
11689
17142
5903
2852
358
4841
6203
606
160
2082
7507
2965
12594
146
3686
7150
1489
5598
1427
4321
5803
5915
3466
5636
8801
8257
8665
4831
9004
1301
11209
16982
8701
958
13956
5889
535
1852
7394
9955
816
1139
2688
10869
7776
6433
4681
3454
930
7022
8821
4327
5712
670
1610
3735
16517
417
1740
5807
10648
10800
2535
2688
8284
103
2677
3416
11608
4767
6738
8525
3542
850
13763
867
109
15299
5620
5067
4999
15453
17587
3224
1557
4321
1096
3952
9234
3431
3683
2590
2518
6360
1307
5012
5727
8709
2224
11418
3708
4179
6910
8417
3354
8014
740
5390
4490
11481
4415
464
6710
9826
12382
3500
11889
15549
2553
1941
10074
1204
2554
1505
5607
11574
12085
9164
1284
15496
11049
10178
5218
6818
8292
4065
8195
3271
3293
3223
1757
17215
3947
2718
6335
15429
5456
4906
3477
12941
1894
2468
585
3236
9439
7296
466
4691
15079
15611
1425
13876
3518
17419
4240
6383
9401
710
14634
161
4618
5887
9692
1033
14710
1931
4095
559
18094
561
8811
13856
1143
6210
13269
2746
4242
5806
9417
2749
1472
2597
551
11153
533
9586
10420
16792
14238
6764
1161
17603
2061
240
1662
13478
374
12545
9672
13793
2769
7644
7871
944
10584
4665
6729
4034
9131
12519
4650
10239
595
383
5368
14865
2463
3018
6812
10148
10344
5092
2727
2726
2299
12220
3185
9699
6070
5781
3981
7733
10618
1040
11468
6134
6658
8011
9917
6317
2488
6510
2675
7044
567
3881
17273
5123
4719
13013
10276
5794
3731
6293
5427
1839
8528
16439
12216
6797
7922
5372
15409
7367
9182
2233
3355
1963
14868
13185
7235
11402
3635
2806
8725
13268
6634
12078
13564
4383
274
8736
5214
8912
7082
1827
10829
1294
10676
10545
13944
10591
6524
1305
1248
12232
6100
4447
12538
3149
4075
8390
10473
13618
6839
6052
10090
390
541
8829
2498
3029
2969
11337
2261
3115
3600
3363
10320
8872
8564
6356
15058
9239
1154
11049
6074
5544
850
6323
7246
9021
8790
14485
18401
8239
1372
9431
6014
4035
1988
10649
2070
4257
8338
5538
4106
1296
1658
1616
1911
2522
12762
1381
2387
6179
3431
9437
12525
2685
14587
552
216
6231
452
11923
1060
465
2321
13895
9622
6871
10987
1303
1048
10977
6144
497
4281
10049
1586
10126
10420
11493
4197
3298
6842
4702
3478
5125
10197
3672
1859
8178
9802
8614
11840
8188
7085
5314
362
939
10140
6921
15208
4725
4376
5616
12779
10060
287
3679
12925
3
13297
4558
8805
10999
927
13
5965
2343
914
3021
3776
2299
9965
2123
198
5683
10682
4895
2879
4001
1064
4171
14878
5031
2473
1564
10506
12116
2168
8950
2732
8384
2918
5347
8477
4623
1087
10697
4737
1385
2157
2998
4850
3898
4070
2411
1086
4417
3513
4804
6161
1142
13357
1545
9106
11492
6478
8152
3986
7619
4115
7116
9104
11600
5423
50
10038
697
930
361
991
9812
1927
5999
5489
7439
17303
3968
12626
9381
8189
451
4124
9054
6461
222
701
2764
10381
11667
14228
6460
2777
2210
12912
1783
1537
7495
4361
15570
16580
6724
987
5142
9419
5530
7948
6543
842
16163
9922
9925
8257
11395
6435
1199
9744
533
5872
9623
17283
8632
6943
6670
3789
16229
2421
1047
11079
3647
13659
1036
2315
1359
8008
744
8453
2713
10161
5713
3676
5184
5216
3212
5594
1035
1153
9391
6471
1433
1745
286
8843
8145
1809
8461
834
3433
8717
5246
4574
7573
14249
1613
1289
5726
3283
2808
7093
8451
3100
9130
5206
4074
8560
9960
1140
1974
4084
1291
7379
723
5777
17336
12712
12221
417
11208
6419
656
5316
2897
11998
8488
3174
7341
5052
6271
2890
5178
6590
3228
1288
2368
13765
7974
9141
3419
6473
1437
14092
13353
4411
3527
11124
12466
2753
3740
1217
25
2178
4616
7677
1016
4369
7681
3576
4746
1800
6260
2932
3336
1502
10875
727
8647
9426
1065
1970
9279
4929
887
5443
12331
380
631
2044
1147
5822
7055
6387
3988
14086
12428
1869
14374
1778
6220
1479
6186
871
3702
6347
49
2011
436
14213
7557
12457
17110
4707
1512
3780
7809
2244
8581
4814
1050
7731
845
703
6922
4282
1191
3416
1561
6276
4053
11400
1089
6644
4259
7941
5703
7409
4992
8531
802
3811
5463
2687
7994
479
3390
2246
414
2265
2847
10671
5726
9244
5402
3235
16753
16713
1367
14195
8472
8656
10552
1205
3024
61
2985
100
3042
9848
1267
752
5072
3190
4780
1019
2738
1764
17540
8266
3614
3188
6824
5123
12322
7286
12013
1257
13697
13102
1679
1978
5459
5030
6235
3410
8251
2926
986
1379
1229
8263
9385
7624
16572
3417
17713
11290
10198
8549
3438
1225
365
947
4906
7665
642
14722
4792
8271
15278
14186
6072
3231
4295
10963
5712
6437
17671
995
9578
6088
6564
7981
3408
11922
6765
5697
7846
7632
2418
6571
14674
15705
7000
7273
10074
7105
2926
2900
6447
625
7045
5902
14323
12088
2182
6992
4638
17197
12108
12524
74
6406
14009
9199
5973
14063
6939
4315
4167
13664
2163
12649
5978
10763
7431
6454
2539
8691
10440
3800
7113
5306
5168
4476
4763
6678
6326
1368
13743
3761
6702
361
7831
10195
370
12941
2683
14313
15705
5622
12272
18174
1519
3191
13036
7645
656
8881
365
11944
6926
16318
17466
7848
3206
2365
3188
8209
3726
247
3535
11891
1074
10874
13307
10357
3736
6552
4841
11755
2110
14348
1611
8203
3374
2740
3332
4801
2049
4698
10622
4940
6115
5748
3997
1999
15006
2854
3912
642
6407
9990
2185
14209
3774
3526
14081
3199
2515
9328
13048
3764
4206
2535
877
16640
7241
5271
3232
2376
5659
4977
3811
977
10099
495
7476
12159
3173
416
2031
14529
2807
3411
191
13468
7184
5077
8958
8980
2405
1563
10573
5808
395
3225
9641
586
5636
1679
235
10
8903
10445
7752
2266
4981
5593
3456
3054
11079
6506
6779
646
17735
14209
1742
11639
9331
14680
9757
4714
11088
11380
14168
8289
8191
9768
4020
73
7568
2321
2969
12407
15022
2033
5135
14146
7476
2708
3142
1778
10784
823
3300
2240
4814
1050
1860
4473
6890
4584
6872
3434
7723
10337
14820
10905
8458
9865
5955
1635
1217
9223
12561
7398
7827
4399
2830
2055
1246
1696
3879
6491
1411
5466
5831
3094
2588
5742
2949
4288
4451
156
2433
7639
5795
8798
11953
7254
4765
4046
4448
4566
9537
1187
15227
3597
14705
6729
5699
44
1996
8002
6080
8070
8735
8601
3471
15008
17588
7293
3153
8879
957
9434
1429
3775
11322
10988
2205
6290
2339
7575
9597
1614
10438
3316
3453
17813
9620
2960
2099
5181
10530
901
7951
9385
17725
4394
2144
8950
14056
5334
8850
1983
12052
6062
269
5413
167
1172
1149
2829
9979
5095
7772
16763
10379
971
2476
6097
1935
3331
2945
14599
6990
1718
2896
3142
4337
7453
8723
14006
16410
2507
4520
4038
8769
5215
6674
15106
2487
16483
1314
12333
4821
17128
15584
9940
1380
2274
10874
12286
13527
1578
1433
1705
16194
10366
1474
13590
8241
5764
1999
1461
290
7568
12691
7607
2894
4442
11467
5185
9093
7941
7683
5261
7571
1408
1057
6308
12606
5290
8895
837
5603
4238
506
8687
3222
5793
3773
4137
638
1025
2106
9329
657
5964
9865
6776
452
7950
6312
1810
9704
2276
4800
8729
275
8979
13058
5874
9339
15323
5976
5608
11769
12567
110
8335
2785
5521
1479
4878
11272
16132
10193
11554
4649
1272
8389
4163
10057
3897
513
2362
4465
8008
12274
4597
5986
422
9090
8210
5262
13440
4854
9018
6845
4800
4739
6319
1762
291
3537
4511
5639
2583
2000
4045
13647
1684
8972
7761
1611
3636
11540
1382
2998
2224
12510
9587
15530
403
3295
9945
1110
2877
2692
3573
15693
8836
443
3561
13551
785
7603
460
697
1050
2172
11336
13337
8916
13362
7306
4231
16038
4047
14288
7019
13002
716
11981
5362
507
1731
9866
7979
5232
14913
5216
9904
1118
14919
3252
89
8392
10304
798
3619
5947
3807
14630
2241
8565
1235
1491
5864
4892
1549
13195
3281
13545
4461
13393
14505
1859
13114
13125
2366
1829
9109
17221
5800
8377
13139
13718
11190
6207
428
579
5726
5970
3848
8618
3648
1842
5910
2336
16694
5327
1400
3803
7570
6698
888
491
2960
11859
3897
2262
2370
3960
12809
5738
4846
3623
1602
8061
10326
14357
3009
10723
2264
3508
4628
524
11289
3041
1560
235
1291
12807
10726
2080
9656
4922
2777
9658
258
5402
2148
4134
1593
11798
1515
6078
8722
14394
2952
4971
197
7974
9830
13179
12202
2823
423
10546
396
10660
7767
2273
9880
3403
1694
6303
9179
3740
7452
3155
4473
1430
5940
14183
772
2000
8482
1851
5760
15930
202
5316
4973
12379
284
6192
765
1343
1890
9953
9047
9465
3366
4098
7891
1490
3723
9482
5062
8245
505
13340
8940
7509
3894
2314
914
9163
1941
1723
979
6399
16009
9541
3010
5799
4104
16331
8353
1185
3516
3773
8322
4527
2571
12679
6152
10312
848
686
445
10461
1786
3805
8405
10750
5860
6613
1442
9541
1601
11533
2328
12900
13474
10679
5546
3804
2407
2056
4892
9797
6724
4043
5752
1152
3550
3563
7839
16147
11837
13606
4394
12576
1112
1950
7659
4357
178
502
1003
3873
8493
6362
4181
8578
1286
14127
4272
1793
14950
7142
9117
7959
2717
3875
6050
5133
9941
7821
7622
4110
1202
13882
972
12700
6615
11877
4489
3150
1994
1161
1636
9281
5381
4364
8211
16041
6514
639
3833
3352
4590
6496
5974
3827
7788
16029
1130
6487
933
6686
1530
535
1487
6580
811
2749
12505
129
1666
1269
11866
3342
11975
10146
7438
4177
3280
3492
9520
3330
13070
4346
1067
6718
4909
1670
13795
10110
95
696
1808
5313
2239
10149
3436
10551
1558
7501
4378
12612
1681
1686
2424
10594
8131
8461
5321
4387
4076
4332
14286
11740
938
10226
10684
4729
5844
11118
6490
3184
2214
459
1108
2201
4797
4694
1754
16352
1325
7501
6253
1570
130
12535
4452
2926
16696
1573
6082
4984
7812
17398
16244
16200
202
3257
4253
4775
7572
400
1781
4826
7301
2872
6097
7
5082
10510
14451
9077
10124
12001
6584
11260
4421
16857
2108
1278
12338
1486
10934
4913
4183
9949
8533
13289
10397
12351
1967
12624
7312
5643
1843
45
14795
16990
253
1039
2973
5732
3385
3500
5638
7724
3671
6400
403
4681
8351
4578
2022
7373
3177
11152
9493
4987
7177
5818
17949
13804
3031
3221
8589
8878
3946
9391
1921
10994
184
8318
5785
6494
2031
952
9411
2033
9657
12423
2663
10405
12459
4079
2414
14734
13431
16350
347
12631
1535
74
467
7076
3578
6183
1107
4835
13004
3608
10443
6692
578
10973
524
990
4647
4877
2230
14254
5821
6844
3464
3978
9003
8207
11127
7003
16702
6942
3828
4813
8209
832
5707
4975
7842
3911
15292
4923
9979
7946
2779
10962
6845
4351
11752
5531
1677
7085
232
