1003
4894
1972
9350
14418
6436
8681
17689
3125
194
10762
16834
2624
171
21402
12480
14785
11491
22065
19328
2029
3609
2179
16776
12513
3441
19186
2615
2892
4444
18151
8956
3876
5303
16517
3300
1015
3159
7213
6247
14789
10121
657
8022
2359
4450
7592
7753
13671
1587
11125
2491
293
6372
19754
1168
3986
7389
18977
14440
5002
9905
10617
1954
12932
6549
4239
1679
6735
13312
4058
6424
19502
1924
1226
3533
4163
8226
683
8011
10989
17552
6524
14671
8068
3329
12502
7264
20224
8033
10929
5874
9823
11265
5470
1511
817
10704
9474
7174
7090
7750
11856
17758
19115
10916
14037
1358
11755
10567
12434
3901
11481
7500
6636
10189
14804
10942
19701
659
10211
7471
9989
6988
1251
5708
9613
13990
2222
11893
2919
10884
7988
2837
18574
15531
828
14141
10189
19691
6973
9928
2211
3140
3625
14758
10996
13136
5220
4201
7324
3023
5777
18743
3620
18924
1982
21088
9921
12558
17486
9526
18540
3145
6039
16006
13408
1716
2039
5430
6198
1756
2014
10318
13893
2114
4616
5848
7231
4200
13453
4949
9769
7572
13174
365
7704
1611
14019
2336
3945
14917
5029
2318
4825
11356
2499
2612
20417
11186
13734
4827
15293
1771
5231
9073
8450
2409
1008
4143
1364
12190
10584
581
4647
9544
4204
2857
2412
20596
5576
11105
854
7059
3960
14141
3703
22664
7878
13253
4539
5161
3493
4459
3283
1493
12259
9079
5422
7972
7406
5584
397
1710
173
994
481
14996
10809
20570
1707
20633
9966
6974
2908
5090
13518
3520
1685
17171
7675
13015
5263
11464
18276
446
2851
14784
4850
5074
14695
5039
3981
7672
9783
6281
11964
17918
3813
3382
6112
1211
14914
13473
153
3789
9982
16341
6499
462
13304
7078
171
2114
6580
8129
4670
1910
13078
12532
14031
13419
6139
2442
7099
11869
6523
2344
5530
11372
5869
1084
4943
7077
2834
1524
4914
5124
9525
8892
8116
1269
16642
1919
9929
10349
1718
3048
12893
1902
3062
961
15166
13197
4916
16492
10935
4183
15157
2229
10495
7245
1806
18022
10577
9982
5046
9478
2374
6505
7999
1508
3742
4904
7801
11154
4764
7454
12589
555
3510
13925
7535
7953
3782
14125
1736
15972
3857
17777
4625
12668
10790
570
12789
18197
6511
10406
1152
4991
2862
10335
2396
4582
18168
4284
14397
2712
6198
9957
1726
20173
806
3844
3634
5704
21370
18698
21422
21357
12359
6597
18747
1517
7913
81
1639
3592
2062
9935
6675
2311
731
1873
827
9665
1011
21852
7376
5791
5998
16082
2
6376
5257
1352
2461
10635
798
5969
4519
6821
343
10709
2202
9328
5419
11593
7421
3109
7073
23222
16991
4785
5369
669
6587
16176
1830
9581
12801
6592
1040
12491
3223
5567
8202
1512
12496
15834
3675
8563
1611
1928
1735
5480
6884
16555
20852
5213
14414
7132
18730
1710
11852
2076
6748
9203
773
8630
18867
16651
9600
10982
5067
12045
5387
13191
13513
6868
2211
7137
13978
6834
1152
5778
9777
1179
6252
4345
1087
15468
528
4623
387
11356
3158
3952
14473
15187
2869
379
11654
19142
7691
10697
3396
11290
1864
16542
7333
2073
2954
3777
4271
6824
17112
5590
2235
11455
1656
10790
12384
11882
3833
10037
6259
17154
19851
20288
6715
11229
5279
1065
5136
1351
13480
1027
1818
9082
5141
15287
12616
13598
18244
17344
15836
8589
1165
1675
21956
1440
3346
3473
12335
12986
10232
15940
7759
15235
165
5912
8322
14654
6211
8229
3010
8752
19466
8840
14500
5403
1823
3011
86
508
7837
9938
7305
1825
10177
10168
8349
19627
4650
12245
6492
5854
2390
6514
3128
16738
1722
5340
1136
19063
7540
3627
2461
10234
2516
15195
6092
10586
6486
1643
16738
1435
5683
19479
9971
6495
4972
1382
1720
2418
949
3395
2947
10933
3703
110
8329
3127
13286
16260
2298
9791
5350
14143
12519
12611
11499
2007
4025
7475
2690
2959
17302
1251
3909
2272
2447
427
21676
18984
2462
10537
5664
10144
13713
17623
5311
20348
4359
2355
7718
5335
6764
18264
6224
5267
3703
23334
1612
2759
2167
15390
4561
23654
7011
1339
18388
7154
6754
2026
8157
2954
3000
8904
21811
10431
7501
14170
3578
7213
2183
11222
16072
18851
9402
2936
2004
7020
808
9475
4971
19721
5526
3818
8500
489
632
15134
20317
16070
7296
14621
12827
17668
4958
511
20454
9096
2752
11377
344
8639
2089
414
10726
5897
8565
1183
7568
1976
8213
7455
10632
347
8623
17481
4994
19998
7897
11346
951
8778
700
12102
12391
14334
3799
14199
18847
13128
10658
5838
801
1142
326
6598
13044
10326
4724
809
5640
15143
8072
522
9921
3058
15870
3403
8601
1808
7039
2386
9506
2107
15325
14203
1091
8066
6996
250
2686
1484
18746
6032
10783
5397
11038
4646
5905
6022
4262
14669
1473
19668
9961
4339
1119
1944
1360
11570
7422
17014
6335
8130
23937
288
11560
7441
4018
5903
6748
4404
6046
1335
15386
11101
4774
8404
3234
5203
1795
4937
15031
1481
5297
4404
11084
3884
10844
14022
1113
4758
19535
6476
17938
8153
2540
10291
11148
14758
14623
7708
1797
10265
2360
10126
12642
2676
13895
8472
15530
10955
2960
278
2103
1373
20616
5924
1689
12151
17432
12552
4131
17444
2787
4432
4035
12984
13801
1250
12405
2061
5175
3853
1951
2272
17568
8586
7004
12447
19812
7496
3595
3689
19490
6950
2709
1390
9392
20220
13369
1009
6552
6599
15460
14956
5639
14013
6731
10672
9704
4898
3765
15993
13619
8294
5694
1033
3182
21332
1445
1272
7503
294
7041
362
3153
11976
17708
6153
3040
11786
18149
2655
190
1049
8287
6491
8876
19301
5589
5073
12214
7643
4090
6520
4146
11494
4213
2047
2596
8400
15993
6433
17434
13269
15226
5333
1946
14653
5073
2999
15326
2769
14725
10855
18589
8536
4233
4362
1080
9856
19571
4590
15714
8558
13459
15441
3555
2374
656
11911
15216
5852
13293
13763
3781
9930
9442
3821
1923
3682
2474
5321
13730
5103
24324
18480
1599
4013
259
13914
15375
15243
16889
5892
18894
3520
2737
14440
175
4927
7420
5638
10897
4235
6979
4590
254
11838
461
21678
6733
1916
17148
10999
14
11135
478
692
6164
6251
3001
6627
6287
11507
3420
9581
2693
16602
11985
6014
19259
7046
8450
14876
2099
16608
710
2417
1390
10445
21811
8410
16619
4917
864
5507
12128
21615
3418
3294
15064
301
15296
18537
17937
6651
18768
16509
21660
8455
1955
24026
14516
8418
8718
1739
3125
12408
2506
15484
5583
793
3863
7232
6631
3148
16644
588
9280
5000
1015
18872
353
8185
8437
2234
3041
3977
841
15827
20460
20279
18769
3858
4491
13662
8793
9075
1171
2554
3948
20035
6186
15718
9778
18004
17354
3262
8275
1157
4979
3049
10523
48
1726
2861
8241
19530
14255
3475
5345
12690
4183
15270
16851
17571
6245
10555
11076
19976
5923
13532
8481
1362
12337
4288
5513
6033
2984
17984
594
3433
8942
5720
10518
7519
19966
9476
7502
19171
10661
12085
11876
14777
4663
3344
480
18782
4213
17375
8366
3148
17893
12347
775
9630
19543
2818
6277
21652
2586
1956
2221
9953
17370
9434
2400
5033
3237
19604
779
9484
7816
4177
736
11830
1204
13013
22272
10062
7350
2713
3377
9120
1986
17552
1900
1257
1557
13547
2075
2986
7191
9823
1722
5585
2577
16909
12415
11797
13428
14051
16480
5155
5647
122
9761
8047
15361
394
6640
11660
874
5681
16226
3208
6318
950
1034
14616
18191
16111
17361
11269
6962
13512
15720
15457
179
19810
4519
13680
5686
3648
12703
2977
6302
6177
15993
4061
7891
2777
12086
944
478
1783
9074
5851
4057
16325
24436
11475
7510
12523
6319
5612
4826
5917
10051
6950
3447
4375
4469
20765
9062
2275
666
3493
22437
11543
9939
12789
10743
19531
3675
2424
9178
4439
11206
6393
3497
9284
1920
11670
19055
4656
434
13551
2811
2397
8366
19711
15548
1747
14783
5468
5025
15773
3631
404
1923
6247
37
23160
19964
15093
8354
6006
2157
2791
11849
2763
9040
5264
13459
9295
3047
20399
2763
9345
14402
9657
11328
4748
4149
630
12768
10216
14941
12231
1800
13025
2067
1543
1721
5823
1821
1481
7313
459
4911
10625
4429
11971
2567
6039
10016
11889
16
9585
310
18105
6115
1198
361
3850
8942
17336
14347
1738
10501
266
8283
4769
5838
2613
15168
8109
19158
10930
1332
7392
5375
10685
4793
19886
11146
4660
14935
17870
13111
8387
2363
10101
4502
2064
10604
6742
11734
5529
9812
12560
5337
5487
13516
3998
589
3222
15240
13415
15322
11178
1009
15795
10399
1475
591
17023
2857
4953
15751
16546
8505
8482
1568
6556
5556
10712
3937
4844
3047
5990
14128
750
20290
12150
10577
3687
12247
13480
15608
14955
4014
13636
17912
17320
1181
22816
10287
3232
12564
3749
11973
6250
4210
21672
6449
20744
7669
7903
18187
1841
20037
22032
1645
6890
3664
15391
18376
7009
4001
3042
17110
5866
9839
11486
13389
6733
8440
3204
7852
10135
4203
6208
12014
11398
1080
11233
11016
1992
6448
2584
13988
1673
2239
10052
14258
14704
18745
9881
11477
7537
2077
6521
23625
1613
729
16632
4435
13106
5234
2730
15071
5003
1863
207
4244
13184
3870
16193
203
4728
2829
9630
8701
2969
6238
6594
5264
10036
14333
1273
7304
10422
1738
1313
3652
7154
2770
7905
10417
359
495
6931
21294
19795
16008
9369
11039
6491
3989
17019
11827
1135
2755
2019
13409
11853
1941
10650
8995
8795
15778
1029
5540
3072
4988
6970
6834
7703
4135
9756
3648
10941
12354
637
2448
19911
23063
6986
9727
8989
378
1497
2330
1617
1858
18366
180
11606
6848
11587
11745
17020
3934
21317
10476
2815
204
5100
1907
17828
3584
2957
4108
7711
16466
3782
9390
11165
3284
11530
1360
4677
18208
2414
12838
2672
1515
13702
7031
12376
8815
8965
1613
9099
7676
6556
11508
1210
8962
10812
14982
16279
846
4226
5491
9682
9597
12742
144
16488
5470
670
6153
11874
289
18438
5579
12580
22727
20153
3997
10859
66
3464
1535
505
2837
4069
4301
14973
13259
8528
3042
22059
6126
10659
941
5122
477
22160
12467
16430
14531
8923
14691
15750
6896
3059
7743
612
9561
3138
654
8975
1444
2890
15211
2218
13987
3730
2383
818
749
10494
6726
11659
4059
347
23999
2806
19281
8049
1635
9345
15303
13237
8117
368
5386
7912
11778
22902
525
15686
12904
16443
16125
11727
7336
22706
18759
394
7986
3257
2158
2209
9512
7194
4459
6947
17167
18356
5023
1367
9545
6673
4790
12422
4557
10517
3985
9558
2680
7233
1387
10886
17164
7117
5034
6993
18650
7200
5217
492
6506
3658
14094
1167
1303
5395
869
11688
8865
16238
7195
1217
8354
21573
4744
2725
8457
1940
7538
6263
7334
17416
20510
8241
20485
3729
2876
5575
1220
3102
348
18938
342
6195
12680
5176
9942
17140
4155
4832
13916
738
5234
671
12924
12955
2098
1774
4694
11894
1198
3233
7643
12848
1760
12431
3657
791
9940
12839
1170
4248
14351
2155
18976
22093
3468
19017
5771
14466
9489
754
5202
6928
3302
5727
13935
108
12150
6220
10158
408
6032
6959
2825
7476
1287
2451
7370
11605
70
9971
5684
4237
2965
3318
16615
16578
18992
10510
6211
4384
21475
4771
8172
8098
4307
3929
16069
4018
17137
4834
3697
5272
5317
13857
664
8083
7610
20539
19149
8752
2424
14145
5672
94
6551
7724
13336
7229
279
6492
17901
2899
19454
10319
12164
9264
5984
20570
5526
278
9337
1000
2903
7557
1650
4161
19909
1549
12029
3391
9473
218
13577
3953
5948
8099
6985
7273
19535
14278
4830
6580
2
7117
1093
1095
4968
16715
11769
4945
16830
1171
3060
17227
17768
13903
9044
11720
22188
15342
9990
2573
6015
3202
10674
8210
18080
17903
2620
10145
16243
19131
14096
14760
9164
11387
14230
3457
1216
4803
2273
3794
2164
14739
6282
9040
7459
118
621
6710
6766
1554
7776
5524
6157
2252
9207
1690
7764
7903
13396
1662
13259
2564
6670
2140
6863
11207
2782
6829
2552
6749
17482
12931
192
11753
2040
12049
15235
6667
19343
2739
6381
10067
18598
779
5685
5573
8344
17468
1965
2696
21194
529
6549
13206
2014
1194
6583
7070
7685
3131
3268
84
11043
6303
7080
2507
18527
1189
3053
14101
6934
4533
8766
2637
12202
2791
4509
8138
1577
3820
4299
18465
5952
6572
1137
7132
16522
6840
1873
18668
11352
1114
465
1731
14282
18699
918
10952
14841
11226
1318
21898
2843
4718
5084
13134
10501
3639
15996
17939
6972
11246
3197
4157
1584
1858
5310
3166
6458
8478
9076
10077
6073
1752
9172
228
21460
13871
3898
11668
15276
12806
15588
4398
3254
7350
16382
22354
20101
10474
912
4481
10399
8420
6301
4704
17670
6195
8147
13832
3379
6080
12580
6546
4655
3339
8070
10508
5480
9250
4183
7438
18655
348
2791
11669
8226
5442
3396
16556
7833
12603
5764
1250
1665
765
15855
7453
7255
2155
10081
9183
2724
1810
19597
15758
18749
4971
10548
18691
6064
12932
20974
12497
13679
17821
229
2813
10655
12596
7121
9779
6296
1929
12490
790
1676
720
4935
5358
4118
6751
18175
22326
4291
7226
4569
5081
3083
213
18077
8222
7736
5896
2059
1542
2371
22606
1483
14921
19655
4302
9919
16281
11384
1620
1777
10863
19430
2904
4282
649
1439
15880
10510
2631
12886
2419
4185
447
4986
5785
9904
6413
5374
10699
10046
13465
14418
1906
4624
2526
400
616
13576
23889
12684
22525
4789
14360
18257
3392
17508
12928
9570
11674
4217
465
7319
11113
12442
497
17860
9898
4040
15981
19557
21813
4731
15391
11486
8129
8321
3864
2519
5435
24188
8022
4595
7135
7387
6195
12069
6125
191
2814
7396
21941
11153
6495
7967
9504
12071
9458
7921
9004
13825
317
8457
4586
3483
10929
2602
1328
8747
5161
9485
1802
12481
17762
10530
7254
10861
1941
1998
16281
84
10127
2043
13852
16272
7908
3612
10923
4505
4451
550
11662
1193
4053
26
3934
5764
4619
7258
171
3946
132
9876
2000
13503
6920
9766
11685
7209
17598
11830
5841
12009
12554
7250
16836
10452
13353
4483
17392
8120
6510
4337
15646
11086
74
6401
4301
14073
4857
2170
3165
2111
17721
2339
2335
2655
99
16557
1803
18676
7598
6131
3813
4892
9404
8703
16366
940
18804
11593
662
3580
14999
20748
21751
2085
12913
13260
2045
380
18638
5594
11045
148
10179
16100
6979
1053
18603
318
3899
13840
397
16939
919
23967
17572
16387
16941
1180
10945
6109
3102
6350
8154
1845
19345
9866
9908
11458
4374
10970
8992
7036
185
11923
348
15021
9708
2554
2228
10145
7253
11763
8783
6996
5366
17856
17915
11724
10139
14183
1476
14851
10240
3996
17521
21583
2189
19933
14409
10265
9366
13194
5103
779
10850
14723
559
7995
9543
9332
8055
7432
4470
1114
1845
8928
14175
16992
346
14871
6976
865
4579
4197
1053
19089
4212
17589
15868
6584
15621
16496
3650
7526
12432
4432
9717
10249
16808
6846
6097
8001
152
623
3888
10891
424
4597
1991
9759
2881
15518
4344
13249
3597
749
19146
12762
924
4750
18325
2519
2094
6749
4821
7283
21584
16058
11995
6731
2311
11575
15708
22
21288
3426
7907
8932
17437
2831
11163
10517
10243
4499
13939
17
7939
10127
4502
11586
1285
16021
1885
23387
16715
7386
629
20708
448
1660
5010
3994
2779
10269
6683
2342
2627
15676
11016
17212
657
18876
17317
10452
441
8828
10131
2002
2718
19129
20261
8674
12029
10733
3765
11945
15342
2676
4210
5151
8028
8463
10558
9230
10739
11961
4162
12443
1103
11479
12136
5336
5299
16515
10776
3276
9706
3474
7243
4755
345
3372
7426
9533
18947
1356
2840
18535
20240
17832
23616
4984
4166
5096
13362
20040
2877
17414
10428
6634
15452
384
12270
2749
21082
2112
16493
10592
13378
10942
14200
3993
20463
15874
4893
2021
187
1378
11161
4185
14200
9298
8645
2532
13010
8117
22532
94
7595
1486
7166
9830
10504
19020
8276
17433
1782
9518
150
23883
15338
3437
3161
11571
6412
1792
7117
431
10644
6003
4858
5637
3091
2358
17076
4519
10333
9847
12980
946
1992
1939
10617
3252
2215
4021
14934
3731
3899
103
12565
1099
8838
2237
126
12439
6029
1274
19014
7076
3499
20926
16514
1509
17236
14026
13925
2190
6490
12080
15180
20551
2208
6355
7694
5526
547
9695
1866
6078
9082
1108
15567
195
8980
5641
3263
14962
16676
5590
805
5643
736
752
3909
8639
2432
1321
10383
5930
18919
12270
3215
11991
7446
10603
5613
12789
690
14736
21581
3702
4951
12437
18047
5731
5492
10583
9776
5016
3416
12546
12214
2601
7770
3570
3088
1167
4132
7895
9726
14866
1441
1493
3657
1176
1272
7565
6930
6791
6945
5355
2877
952
19327
4003
4352
6692
9558
748
1177
3146
5653
15619
1456
2339
17119
6534
9432
5905
9320
2610
9117
13717
7181
5599
15493
5438
9598
16394
2938
13473
19035
1634
19205
1118
14955
3624
2585
18618
2528
1917
3316
14574
4358
7248
2578
209
3350
21308
705
12348
503
2080
11793
20437
2667
106
19623
3978
9501
16517
1028
1573
10823
21584
5208
3141
2923
15970
6292
19028
8386
6001
8032
4977
731
18899
15397
18520
17968
5082
5260
13921
401
13778
4593
8976
3050
7721
18981
582
10209
3181
4953
13852
1937
13773
602
5282
12525
11973
9994
11760
9998
10801
2441
13447
4253
17744
12751
18534
1099
1333
1634
2094
10930
10266
7873
4358
1228
13036
7006
13197
11517
1243
9263
2644
14636
8950
1125
12998
1492
75
14127
264
12550
14816
10083
2046
6553
9771
8587
435
18569
7283
7048
10
12602
6709
9235
5679
16489
1218
1410
499
17173
6027
3287
2574
11994
17479
5585
4159
8049
2440
4655
18247
19340
7062
3235
13029
11911
21019
14663
10597
15993
4671
12624
23558
18768
15550
1179
1138
7521
3118
5611
16306
23605
13309
14831
1985
1982
12442
9828
12256
20285
3331
1117
15336
2192
15581
7526
10553
15419
15917
7169
11502
18704
18179
13409
16751
6412
5025
19417
3351
8014
4000
24143
9048
11483
12359
13121
10405
9235
2895
2397
3492
7267
14350
8373
2120
4131
6505
4422
8551
4111
15585
5582
13821
1295
3703
4371
922
4433
5916
9081
1608
20059
7158
6124
16636
13382
14758
15231
9083
2286
465
915
6963
1059
18749
9713
4558
12220
9696
7072
1224
10047
667
2972
1838
1273
20338
6826
2736
13710
4140
3874
128
4874
1752
21475
3644
6685
9741
2197
13983
5679
12239
14148
12212
5063
17021
8728
239
10647
805
3224
16729
13128
1558
10020
14825
6097
15442
8062
13829
8350
3266
12985
10685
7700
15532
13788
11854
5404
511
8710
7060
191
7655
9699
14203
1565
8585
14484
15048
13393
9957
15577
14831
17728
7223
6152
16167
2641
798
8795
15108
8782
391
665
4449
16235
15702
11359
7025
4256
8501
8768
19336
6846
19976
8519
7451
4986
5599
9726
15927
16326
16882
17000
4975
7273
6968
1966
2722
6575
21423
1689
114
12935
4480
3057
3890
9745
11382
3200
21617
4002
8171
3108
11518
824
20237
950
738
10506
14818
3804
3687
11081
12629
1570
1642
11877
12157
9909
883
17828
9819
8994
16729
6331
3633
6209
988
185
19653
5238
7622
10246
3367
3101
14411
15885
14872
12404
18838
6426
10468
1266
7581
3367
21834
14122
1242
248
19268
4161
15193
6147
2564
5875
15930
14948
936
4727
6740
15360
4287
2227
8197
9960
18457
9204
17779
6053
18255
11789
1438
2605
4576
1741
4071
13447
16453
8596
20998
16547
7363
16988
2601
7706
857
7792
5868
2325
3923
16160
642
12495
13272
9787
8278
8094
7182
6595
2599
13775
8117
6030
16358
3204
21795
4607
1162
1105
12671
10563
7190
8166
5087
11130
5346
16922
14458
11828
15861
21588
7394
9009
7039
11310
2976
2210
20917
10988
5922
15086
1917
9279
11893
1047
2716
6862
17989
1030
9340
8557
1054
2577
22521
490
18927
2386
3748
12759
16521
5885
15423
4
11897
17927
5673
2812
6345
8352
6182
5156
1344
4627
13839
13225
18919
7513
3850
6300
4802
6658
3263
10761
5287
4197
14656
10549
16133
1533
1729
18105
16381
8391
873
2107
12632
11528
9648
5832
10264
3820
831
98
9277
17370
2425
11944
4928
13960
2959
9752
6991
744
13547
6850
20225
12277
11770
6331
18766
13826
5001
7985
3633
2677
22483
17019
21183
605
4791
10623
1137
13625
20366
17748
4515
8683
17448
5999
1089
5191
15256
6794
10325
11510
6338
570
44
12040
16197
6092
8372
6070
5322
1221
14765
4001
2853
19624
18526
8850
8431
4649
12838
3430
5421
1412
14907
13293
13530
375
11578
11493
20929
10143
10799
13931
8988
1263
10294
6466
1272
4133
504
380
1954
24277
6182
6804
2747
11312
7450
12925
12646
22242
9308
16618
6490
18561
15382
1045
10869
9790
6244
327
2744
12327
3523
7008
7729
22856
3563
11453
2922
9678
12109
3571
12884
5905
4105
16005
8590
4650
3814
5537
617
828
6593
1756
8606
19956
6470
15850
10192
5091
16516
15530
2178
15843
1046
12925
6335
6199
13999
8298
17215
20046
4139
3481
13820
11915
21513
593
16147
13096
4317
5534
22320
4532
10679
5807
5756
279
14736
348
8401
1379
7244
6107
17555
138
8604
3540
5161
2548
17
2597
15705
3305
12845
669
2239
466
2820
3446
4045
4921
1805
8760
4380
1878
17387
1699
13132
17104
3696
20948
6637
14421
3291
10622
546
8135
9641
120
220
7595
6924
5341
13642
10800
3778
15698
2512
612
4742
2700
20055
6276
18449
3546
4010
1750
14250
2862
13232
5164
1053
16856
3210
8782
11837
2047
4452
802
7349
4035
3412
84
21738
1893
2240
1550
2607
4261
17903
4126
9729
11230
6764
9627
203
8981
372
6135
11173
9135
5266
271
22071
12948
13339
9671
11337
4287
8335
157
7135
11565
16548
14526
2188
9739
6509
442
10628
10396
12923
2927
2384
68
17925
6409
527
5973
13804
12358
17714
11321
14020
19697
2954
11859
10966
3933
15707
10235
2704
12091
19052
4006
16018
15627
12053
16972
22880
17798
6268
6401
3726
9833
4798
1542
13516
9151
16264
23666
2080
1670
7797
10808
18777
19148
2982
14918
4365
16362
12410
22440
14974
9456
3523
7405
14445
18881
14513
19445
2264
2047
6494
1648
5693
13600
15528
1288
13357
4745
8576
17465
4398
20015
4204
20921
69
10746
10575
8270
6435
23035
19370
12841
4514
8674
4595
6153
16162
1196
16574
2756
4643
1571
2509
2089
10350
21211
3821
14066
609
5443
13619
12067
10016
729
19028
14312
9098
12368
1753
491
3906
7708
10141
2562
2113
6459
3055
17008
11726
5681
12900
7240
486
10107
8509
7977
2870
10929
3004
16271
9987
3671
7429
9734
15986
8688
12260
10367
19505
740
15791
6048
14833
4276
7629
23488
14713
5587
22540
15062
15951
5969
1433
11172
5555
8747
1681
7002
9391
3737
6701
2177
4363
2196
8118
650
18447
828
7148
9364
15377
6876
23737
2459
6650
532
3890
12892
5271
16924
2184
9943
8803
11987
6377
15631
7819
17604
9500
6266
18412
14947
8187
7125
5528
3826
12117
7547
13732
9294
7538
7958
1124
14092
5352
13269
6209
196
8310
3485
528
620
6140
2144
906
8898
11760
1362
1359
5723
21108
12103
15100
6985
3557
3299
6920
5522
9811
5670
11067
4051
11883
8321
2953
12313
99
16121
10376
11386
13009
12656
8356
3389
795
3436
1457
13772
797
4290
3963
6510
12025
1660
15353
5158
4139
16596
4419
23326
12725
2541
13732
10087
2246
3132
8392
22979
2824
1455
14697
1603
3365
4211
11926
19891
18782
2541
16614
6692
3628
4688
12033
561
12622
5593
8206
1114
17164
4481
19587
19547
4221
3535
7881
3733
10432
5397
5263
7257
13398
14686
1250
4197
3595
1099
3060
10857
16221
2823
414
10006
20904
2801
3696
12166
5897
7352
1636
4217
4180
5787
5120
16612
2736
2046
22665
6398
3070
1407
14693
12014
16411
15911
14450
2388
5594
1810
1065
11185
6523
10498
2371
13061
82
12863
1255
4624
8378
15860
19
7448
4684
10252
4228
16675
15511
13939
8588
6156
2317
10829
8110
11707
8952
1456
6903
11214
5404
8662
3203
1933
6429
13257
5066
2392
1218
15795
12360
4391
8952
7795
2484
13137
3712
16797
5105
16647
2180
7071
7347
14699
8446
4537
5107
3953
4841
17904
8068
8868
1711
5876
6482
7691
8400
5296
3458
12551
9411
8459
18427
1650
10220
4191
9298
20083
6494
2817
538
5906
8129
2943
16562
14084
22382
7017
9807
2343
15712
7034
1309
6409
4656
4073
19407
7293
15985
1959
10806
9634
5138
6227
2549
9449
21022
13043
21046
24
3293
247
129
7099
833
658
13847
7339
1238
11608
481
7384
7903
6104
7961
2738
12254
9756
13876
2619
17522
531
14731
7090
4849
3440
7881
1072
4754
756
1952
18654
11695
7877
4499
1303
14778
21696
874
7436
17833
992
15726
5775
18780
3187
202
1192
3286
1186
5090
11807
2145
15686
690
20997
11354
1422
2241
11417
12213
309
7257
13606
7128
2026
7600
3094
4513
4224
8260
8235
4204
10652
7220
20007
12609
8535
6158
2905
4107
3373
1617
12222
12891
3434
4524
15751
239
3903
15829
16507
12454
4350
11887
9569
4415
15856
1655
5869
7716
7251
11961
6657
647
5193
9526
2761
3824
8466
8589
3015
10245
9952
4696
5665
21502
906
8111
2482
5155
450
4700
6568
11839
9637
3228
3216
3810
3849
13541
4034
4121
10933
20927
19044
15996
249
12982
2056
521
2948
16833
1772
621
14509
5565
21149
14208
5141
3816
3533
2204
21160
6505
20908
18337
6809
16920
7303
11283
7123
9812
3717
16972
9909
18039
2739
21831
1125
4023
11891
4582
226
332
12003
9426
20461
4565
2961
16192
3806
6308
15270
10226
116
3190
17647
19166
6019
3834
13068
15362
12127
10156
16136
1784
21144
3410
12779
5169
13050
7477
14158
8187
50
238
1883
13005
2336
11739
9594
6561
11098
668
18206
4947
7507
15693
9508
16311
43
7386
7536
16322
9157
4577
2864
13730
5483
155
18042
8493
5776
16694
19483
19387
2726
7903
2019
4351
16476
21086
8193
11733
13574
12303
7168
10656
604
1219
6286
21101
12018
8629
5797
13799
12114
111
8391
8934
19118
10319
3659
13414
17820
1343
22253
536
12207
14991
12742
15018
3049
341
9650
10512
10069
21443
15445
1899
7724
4304
10160
5999
18768
14349
520
1101
13161
10510
881
10533
4554
4876
1282
2648
15979
2392
18743
12634
3645
23418
14596
54
14216
14883
15090
6054
10876
5509
4420
1233
4129
13885
7474
907
16643
8469
23829
10838
6397
4345
5890
21614
12038
16944
19814
14799
7789
9424
2684
10021
16710
15414
7687
8691
8794
17727
3387
1686
19970
5656
21862
2973
7291
8682
12381
5092
19622
1986
4029
244
761
1673
18420
3963
11491
3018
11346
11694
3018
6023
12111
9387
14267
1998
16395
8558
4985
5358
2303
10548
9633
12260
6323
150
3422
11742
4240
12245
10453
16226
17866
10492
3560
8452
3331
17197
1367
3322
4196
8232
15984
9305
8298
15103
6102
7580
4438
13933
6916
12175
18115
12586
171
10631
473
12784
13505
4411
7206
1687
9029
14796
5434
2210
12762
10217
6237
9160
10210
2746
5962
6368
8301
2409
22186
7399
17690
4106
14884
9655
8110
13289
20579
8678
9058
5219
2081
9878
8165
3609
8467
2927
2596
4386
6966
12689
6760
7727
5221
6835
8351
1042
10035
11369
17992
15794
9384
1297
178
6273
3214
1758
8678
440
4599
907
8546
17107
8469
21074
3858
16327
2619
5631
22334
492
7999
13371
8141
95
9263
321
16807
22862
781
989
12298
7660
8270
1989
3714
16659
44
6532
5056
15942
19882
2280
10726
4186
3056
11584
5668
5948
7012
6377
793
12406
3305
8829
13032
21759
12097
8656
15844
13461
12335
7694
2885
1310
13184
4102
2777
2934
693
9231
16035
20189
10808
2943
1306
1519
4005
14991
14220
19364
3344
2763
13759
14280
6372
1260
1742
11618
11649
12032
17684
1695
11690
11523
18906
8803
7662
12453
9927
10255
7649
288
5594
9248
5824
2585
13939
16026
15972
9751
21894
18403
9703
8107
5067
2242
2674
7124
378
12656
3090
11195
3182
1838
2929
2807
8263
14251
3383
4992
4447
12548
9938
3119
915
8212
19607
1638
4442
6379
11194
4396
4938
8861
20074
14201
7560
1376
10143
5418
14066
13055
761
4200
12239
1518
3729
20532
8855
1102
3730
529
180
4069
8613
3001
7842
4429
8444
14734
10021
2582
8253
4575
6361
1074
10046
10354
8323
4651
9197
2196
23377
8844
23825
11443
5672
9221
10441
3663
12763
2113
815
942
16857
4328
2720
960
18833
5194
723
2399
5080
7449
20080
13354
268
11579
14086
2903
1787
7521
5190
9566
53
5301
13880
19062
7563
166
6131
4190
13406
4790
3706
10020
3786
3042
1719
12496
2285
4393
3614
2777
2916
8771
18570
16735
12928
8965
9809
7127
8757
6177
2652
6301
44
1813
14605
12530
15735
10267
10080
18078
11420
6964
5703
9088
5752
5818
5004
7153
5939
4568
10535
12885
309
4280
8233
14563
17473
8119
2310
5892
16183
3025
17780
870
7915
14916
8846
17990
7387
2912
166
5745
2715
12774
5141
4202
11871
1571
8818
332
10605
17477
1312
8014
11378
15766
16192
12115
2453
12033
7328
2067
7531
21800
9058
8933
8454
7693
7131
12956
12529
3345
11101
4161
2878
4316
20008
15501
2696
11393
4
11794
4305
19413
4214
12757
1724
563
948
17925
7605
74
4385
2984
2543
3540
10971
6503
18398
5911
17332
2013
10397
10431
8973
14787
5886
10953
2528
2700
3549
9028
15426
16651
15401
17336
12578
541
4475
8315
661
1548
13773
3855
1412
6071
6571
8293
1559
2985
18874
4885
9434
13415
7138
11165
768
17371
161
4759
9409
6060
1117
3291
17170
354
15363
2273
16192
10068
9757
4318
2643
858
3144
1413
16568
14635
19335
2668
4148
2244
10353
8496
3822
10813
11090
17821
12506
14162
9654
12725
11810
1014
10944
2736
12611
17327
3776
4524
2467
1818
16825
4404
10961
6160
3850
8082
1757
13223
2622
11138
16896
16197
6459
13856
6516
3911
12352
8282
9406
10999
1111
4036
16294
505
14131
2575
13098
10422
17586
9860
10597
2073
8755
11892
5495
8667
525
5108
15571
3564
18268
2608
18732
4272
7641
8117
616
9205
5241
1459
3019
3042
2096
1019
6538
14489
6767
1133
8083
4385
16733
9776
6639
9579
3931
3494
8852
20446
9366
19227
12542
758
165
1163
2848
6902
14933
14884
719
13248
7476
9304
6193
3791
8304
13579
4457
919
3392
3075
6306
9666
757
1282
11109
6642
2509
3016
6659
6333
15065
9048
1934
170
204
6213
1879
8445
16011
3390
5461
2129
16626
12146
13144
17925
5893
17117
11562
1443
19507
10375
4411
18923
18525
8355
12859
5742
3001
9957
11569
7223
10900
9869
4724
1785
9671
6788
4406
13661
4451
1518
284
412
14065
1780
10174
17333
8021
12797
9428
11480
1492
7652
14913
859
2301
1091
1868
129
8553
8741
2608
10674
3092
1558
14491
1748
2081
4173
8528
23468
16702
14616
10675
20584
21072
1589
8614
15737
19597
14275
3956
6660
8930
11738
7014
15294
14930
5494
1255
20281
8112
1337
11479
11052
7270
23174
22115
7968
13380
5014
12621
10749
6419
12497
6725
17689
1286
732
4272
13551
13542
3044
20567
4443
4963
5562
438
9502
9671
13791
7449
13852
3837
17550
4583
10020
1984
17908
5621
1515
15952
10136
2968
1856
6974
14850
21077
13565
18947
3891
7265
11985
14504
99
14647
261
8097
11283
8273
18886
1852
13164
15720
3024
6866
1021
3329
2269
17848
24309
4261
6897
5007
3240
2471
21648
5693
7178
11727
12741
1695
1928
11923
6563
8618
12106
14816
23673
10347
1270
7140
2903
12964
10005
4960
14097
17181
14064
3888
8950
2689
13754
658
17739
1563
5606
5825
11397
10114
8881
21985
1875
21626
11814
4037
11989
4692
4063
5666
3981
16137
5641
13572
8852
18648
4137
9655
17094
12421
13988
7811
1055
1964
6298
8088
1593
14832
6892
17768
11796
2917
10320
2230
5992
14171
18655
5533
8606
11345
9806
2487
5907
13989
9281
1541
3804
9200
4654
12189
10484
10426
5346
7328
14412
8735
5459
9618
6046
12393
517
5813
4312
11296
3609
15819
4125
10012
20477
19590
2354
16423
12357
7020
12513
1235
2360
9037
12859
8661
18198
6519
1037
16719
17193
10021
1735
13238
159
1398
8522
5537
3868
15479
32
3249
12371
19687
22992
4570
7057
63
19451
4310
2063
11116
12860
556
19360
6680
942
1267
3839
5103
1471
9432
21775
8333
6258
1573
696
11429
2767
15095
366
9458
8544
3200
22912
8315
9555
6904
4600
10066
21548
5582
16067
173
5219
5394
2558
9849
4535
6942
5529
13938
15463
5340
7119
3591
1481
17698
14389
14825
9676
10182
11830
2771
4220
19140
997
3933
1099
9598
3721
6707
11454
5152
6728
15179
6367
3308
12080
6397
14027
11322
13752
689
18831
4171
14536
3957
19759
7399
9275
3015
2326
3675
11134
7715
13914
10210
14035
14832
14893
12006
1786
1324
7157
9352
12012
13907
4873
19319
2447
13122
16648
6173
8310
22804
3547
5229
2871
10113
3687
10848
10245
2801
4810
10939
9420
5870
5807
5382
2774
10913
7315
17750
14264
1096
6842
4450
1259
18721
9066
10295
15103
5636
11693
16965
7753
16238
8846
10465
19405
1832
11211
20796
6349
6725
4944
20352
151
942
10032
11036
7690
9129
9312
10824
10284
488
5643
10005
2176
15112
2677
17820
7091
2486
13631
2878
2521
6866
10006
13687
469
6140
10034
7644
5909
13830
10718
10881
9674
15053
801
19386
12238
6646
1331
16162
12880
8428
9456
540
13598
110
20720
3705
1829
8001
6363
11875
17435
11705
1563
393
4462
8724
9521
4116
2831
426
11480
7331
752
5283
18139
8154
8549
12003
17840
13639
7886
223
12567
1314
7521
13059
13316
9418
4050
21255
6328
11393
13266
5630
2785
14231
4120
2714
4986
5377
8728
4713
13221
13579
10102
1224
10662
3997
8705
20968
15742
1972
838
3280
9694
13245
15346
3578
5878
818
5165
2159
7616
18455
11449
11166
4116
15246
14883
4855
10534
12124
10315
8321
7888
4846
5435
1858
15588
288
7599
2728
5163
2966
9034
833
1581
12115
19985
7628
1138
20231
14929
2033
10443
7965
9701
8930
15459
14456
4564
4618
7895
20218
14538
9090
499
2036
15891
3868
13983
1328
10073
905
10444
9971
2007
12538
5137
9192
12576
1391
7113
7713
3270
15390
2234
8215
10353
9856
2679
499
4952
1059
3565
2403
8381
15377
4031
13688
7748
3135
7888
1531
1854
934
1228
1707
2435
11489
3348
8860
1750
11713
4254
2647
18738
11233
10550
1799
9485
8766
4685
15569
1700
4632
1731
5821
10777
2071
12527
14768
7447
5967
6203
15113
4866
894
699
1111
4074
412
11774
2482
14457
10674
1424
2260
1703
6111
18629
9576
21528
244
1534
3471
620
7506
10998
7904
2725
9292
10680
15260
16823
14259
7664
4383
7477
16468
5051
153
10453
9887
9285
22686
9722
8174
18106
9810
13974
4550
9379
4256
9700
15928
2756
17217
457
18677
11573
9183
11626
11191
7441
3850
15720
3744
16148
19232
5276
14700
11578
5015
3993
16584
7780
12896
20013
23437
7000
19469
9579
15977
14477
1528
5429
6006
3445
4914
1407
15255
7281
828
12068
6606
13108
13461
12603
14587
10279
8018
9991
6676
64
5018
914
352
660
10684
18029
20567
13302
5900
2736
12477
5995
9320
4662
5280
5755
415
7070
15162
4355
488
11997
4653
117
2856
817
8999
583
3936
16694
962
636
2532
9466
18949
7801
13268
3131
4750
3096
11819
2950
16751
4527
1673
3902
3984
13098
16696
13887
1331
9918
4125
1001
1722
1617
13998
4349
17826
14353
14200
15928
9431
2969
85
14527
7951
2893
7319
15715
1163
1240
20561
3246
4499
599
16303
8262
8109
3530
9579
10575
7243
2314
14001
293
3650
17439
12027
173
1170
8803
13351
14056
647
4005
16840
9782
11021
15218
4639
2383
5775
15448
3404
2377
8167
20776
4068
9
16908
1763
13926
18532
19120
11714
5521
9858
11710
1897
14980
7388
4911
1437
8284
9843
1342
12528
13099
21032
19838
7903
11036
7711
4618
4286
7652
10826
10095
1868
577
4740
4371
14805
2680
4019
5598
12597
942
3395
16135
16054
3787
14006
13131
9311
4727
21062
14614
10567
11908
15342
12470
4924
1871
8001
5583
5253
18684
6322
3247
8995
14846
18171
18932
8819
11691
1429
1957
14486
1256
5945
5616
13546
136
12282
12953
5039
649
7071
4975
15200
12399
508
14379
5101
9154
18363
11314
4514
10238
7425
2636
15769
4767
4274
6558
8901
20221
7086
11718
12757
9132
1722
2710
448
4986
6052
7296
1526
12424
6745
7666
5754
3621
12105
11765
5189
12058
8385
16151
6733
11690
18185
8210
22006
14093
8806
9906
17289
7531
9694
12881
3636
8357
5156
2688
379
12519
4454
7892
3227
15138
10635
2296
6198
8451
384
4444
16973
3097
11124
15546
13889
8970
344
791
20384
3232
284
3842
19311
13964
9156
3790
10699
7260
691
13044
13486
5867
10888
7373
12883
7170
4595
9979
3867
4785
10476
151
17755
4255
296
13097
11930
1114
4985
950
1536
14011
5996
12880
6907
5560
4390
3915
516
11786
6047
613
6502
12882
16178
14915
5552
13917
11072
5188
12839
2464
2054
18054
9021
3971
15209
9443
2152
3834
4699
12211
11968
6966
1819
4735
4078
11248
16938
4510
11373
15301
415
4756
8135
13698
21099
8867
17140
985
7320
7215
9711
11748
1935
3435
21771
3441
6508
18575
17090
6043
10050
16015
17620
7567
6444
793
15459
1294
2173
10495
23046
266
4627
3560
8680
1109
4794
3766
6833
3218
7916
4606
11503
15734
2872
7167
2716
8588
6345
18342
12299
15208
1687
17891
11101
1654
6090
4363
11996
15591
16644
13741
12614
1844
2390
818
778
1713
17913
12211
17039
2376
1988
15395
2053
4257
8060
9358
7936
4877
23006
9953
11533
17138
17970
5806
4202
12529
6496
6502
2098
14665
1547
2314
1169
23324
3134
5914
10056
14278
5255
4523
10181
8694
3482
12045
2625
6753
10745
724
1031
17389
4778
4392
1733
22550
746
6437
2381
22323
5763
11935
11587
21701
20786
3327
893
13919
4005
13619
18596
18789
12944
8881
11908
2438
1617
2242
9996
11028
8858
4645
8260
1449
11778
1962
14096
4937
1614
9744
5160
12677
10624
941
3716
7110
1281
4065
6185
9583
13371
5945
7339
13475
11256
502
9634
4387
7431
6350
10453
15181
3267
6022
19082
14921
18659
20403
4198
8173
3568
13713
11524
9991
7325
3123
19730
3202
8406
3451
19605
2179
13756
1390
6725
8851
19072
3521
14299
10378
3610
4795
4926
3705
4427
12855
9051
13498
7551
16219
7467
3037
5804
1062
2151
9764
5397
8028
10234
10058
17744
2394
624
1593
6260
15042
1645
8742
2800
1531
22620
1885
1848
3473
7658
14957
5865
6493
19875
7378
7367
2131
4220
1369
3311
2675
128
9467
3651
3322
1378
2703
14314
14180
4847
10466
6150
11657
6682
4
12629
8017
10324
7556
6098
1870
11349
2784
15860
19608
12440
4244
12810
11964
12954
5782
1914
7378
9615
14196
9285
14447
5098
9893
1310
18309
5447
10503
386
19096
10087
3598
13944
20024
5471
12141
5810
9154
10091
10166
367
3996
13549
17436
14314
15685
9087
1103
5780
6051
5104
14459
14940
17363
12312
12803
4813
4866
5304
4811
1028
992
335
12866
8309
3181
4008
13969
456
10766
7935
13025
2305
6996
394
5177
12010
2470
7219
2212
872
20704
5829
2467
4144
2497
13569
20668
7659
9246
5634
15210
106
8538
4261
14603
10774
17354
11618
24624
2192
6935
14502
6650
10128
5961
18315
2930
3579
825
6388
865
15785
19812
3688
15461
9229
4145
3125
2608
14329
12108
13084
4791
15002
12753
1668
7434
3570
13217
6650
2763
13778
8162
4242
1257
8287
8938
858
2810
6331
7161
8114
1839
1322
13019
5950
12190
14455
8549
13336
8545
11161
11122
4468
18967
14625
12668
20724
16654
7754
21242
19832
726
4049
15067
10265
20171
11905
9261
11615
12755
11372
4374
3415
6433
101
7231
1628
6885
9949
4753
10516
8466
16594
10004
7180
5804
3912
558
10418
3902
18530
6037
18882
8735
18652
7538
5091
10895
7748
3868
3376
10401
9891
18622
14929
9856
10962
256
4988
9394
2599
22357
13809
7646
13640
2079
5818
12096
5214
5434
10250
3560
5751
8376
10195
5389
17133
11580
10481
4763
1461
1511
3792
16616
18136
9162
3577
2049
12020
15694
2358
1446
5417
7516
10729
1076
5719
2450
6338
2547
14348
3996
20516
7386
18703
8460
9351
2882
11021
2505
11291
16898
370
9712
4854
6137
5402
17048
34
8093
13633
1947
5258
8923
8186
2388
331
12953
6593
9765
566
15915
780
5500
8887
18004
5305
13828
3141
11423
6959
4538
6853
7278
19150
826
21277
11897
7160
6364
12814
4724
789
16646
1699
3918
18795
8187
13577
21603
1913
9379
12183
14431
557
12226
2274
20310
15922
6859
3675
7785
1290
11899
5574
125
5100
14913
173
8262
17046
5346
6426
5771
3800
5287
1627
444
6944
966
9291
10415
7315
7781
18429
14144
6910
11764
3599
12244
15684
584
862
211
3040
3579
55
3173
6828
9850
9109
5142
8233
11446
17407
3687
2027
10476
15038
170
5854
12784
1779
13455
4225
6298
9628
6715
10836
12348
5362
7887
5587
13923
14368
4335
1380
9652
10714
19860
1142
3364
8472
14421
9158
2612
9832
8090
2571
236
9730
11507
3160
13320
2021
15026
8143
10163
7401
22203
30
3205
11074
20061
8764
7978
362
16908
8676
3441
7001
8834
2554
1629
1957
2976
8527
2396
15379
15098
12603
14216
591
2889
1395
7989
3455
5922
11942
6916
6808
5016
5025
298
1369
2706
4516
5019
4174
1849
10129
6530
4429
1471
779
4806
8182
23200
14863
1993
10251
6597
4214
11602
699
7658
8818
604
3156
328
4441
12030
4085
206
6180
4771
17766
16293
14428
7075
13384
500
8952
10530
3571
7706
1577
3427
1494
1222
3327
16704
9839
20016
11435
10107
2823
3338
17408
14659
3826
10232
861
3494
9926
2070
4900
4208
19535
19502
13683
20973
8858
16716
605
13453
5421
2835
14376
7
16990
13656
3473
15644
4489
2042
2270
1510
4367
924
9681
14493
11201
8734
10683
11186
1307
4808
2491
13632
17453
3468
1937
4939
13904
12012
1624
3014
8760
4703
24604
18096
6437
3897
4345
18126
3525
4097
1444
3041
8659
3226
9158
1830
4007
8533
11926
8652
5432
2560
402
8230
14875
14978
8728
9619
9305
15787
5572
10364
12783
2378
12843
2343
6604
9849
2779
279
3385
2998
77
1758
1890
11163
4303
7203
15887
5629
6828
13783
2586
396
5570
1226
8207
20618
3415
96
11321
14260
3613
224
2259
15526
7025
9227
4314
7611
7596
540
18631
11302
1966
7890
11810
3208
17932
1733
3980
15619
9303
8241
11517
1486
15583
11974
6909
5006
7104
10272
13815
82
9293
9794
3962
10182
6978
1865
11597
18137
12678
8225
196
12884
126
934
3394
1037
2801
5
3438
542
7332
10656
1526
6964
2534
8767
3335
15373
4997
11705
15982
1052
7891
5582
10864
7279
9490
3450
7708
12952
14377
487
2662
1024
13374
7807
5214
3563
12316
15943
5141
7959
1436
2251
11183
12613
3732
10512
5774
5248
19255
3527
25
6272
580
608
10820
7233
3338
819
5192
6795
6491
6876
1533
10931
11937
1039
270
1828
4006
7537
1764
592
931
20768
7514
10215
278
9118
12751
11774
6561
6338
369
19412
16732
9358
9374
18933
15817
17353
3558
9526
17159
4775
3706
3997
11333
10791
12044
1414
18988
16844
2669
8750
1515
5411
1614
1421
4780
2987
1841
12408
4377
20825
6678
16053
4089
658
2511
496
12792
7449
5177
6556
8664
6891
9947
9970
5406
21247
15913
10003
9215
5189
2324
10113
3751
12838
10200
5513
7574
4100
211
2587
6161
4051
6532
14399
10363
13959
4075
5589
1116
6662
814
15279
3562
5482
13095
7806
1699
19534
4994
14823
7779
4257
18934
18690
11125
10733
14864
10754
8508
11513
7906
1688
4111
3221
505
15045
15419
16848
20673
1633
13117
327
19191
1998
13498
20867
518
1049
5925
17189
17230
7967
23960
8194
13387
15747
14508
4760
20328
6313
11256
366
3807
1207
10872
20330
2177
6223
12674
9336
5039
9437
2075
3676
6718
6305
2421
8208
17792
17803
14876
20800
7892
4919
10895
4796
12480
9341
1056
14526
9170
15383
3506
2432
2422
4204
10328
274
2930
6446
2346
1275
10658
6917
3827
1187
1258
11345
13231
12277
7322
10886
16046
6095
9329
7545
956
10532
568
361
7229
14307
7814
5457
7809
74
14115
1561
254
3342
3593
796
1632
4936
1753
12505
8633
10123
6020
4926
5383
108
11925
14621
14912
15441
7848
10709
12153
13347
4534
9471
5911
19809
8285
2805
20546
19214
3732
2987
16128
18372
1432
274
8880
2495
11545
3760
8389
20853
3540
12570
11470
21151
7651
2331
4177
10035
18604
949
5182
15883
3668
4065
9189
9989
5909
8849
22387
10349
189
12264
1696
21202
10885
970
1576
20267
264
7186
9421
3523
237
14147
7461
8843
2933
958
5884
3997
3182
3222
4322
2444
7945
1680
3036
21420
11426
7954
17209
2374
9526
1522
2226
10865
13783
262
493
2493
19305
7696
4198
4086
905
5567
3339
5520
3586
22998
3818
1097
13349
20067
22965
8417
23830
13896
7460
18674
459
15363
7625
2613
7504
16843
4438
3794
7090
14474
14040
17075
4107
8498
21641
2803
17455
3552
2277
2639
5208
10268
2044
1977
6441
4510
5932
21528
4026
11162
2251
17918
7515
3693
2876
12816
11736
5849
17585
12147
8888
21855
1855
16919
1113
17538
11621
2830
1801
21513
10748
9754
1619
6010
5009
17511
7602
13363
7655
3165
732
3124
6734
6005
3349
9016
7367
9154
13642
1005
15090
6588
23389
12780
13115
6217
11821
5661
13039
12321
19527
5583
2911
8978
4330
11074
4539
7654
5934
2066
7499
3407
7208
175
10431
2142
5633
6808
3871
1500
13610
6750
3308
2200
2167
5615
3222
10923
5958
3442
13542
2543
13662
11500
9031
7528
9640
22352
5198
22
246
282
7073
15906
6051
5818
13379
9974
4699
117
4830
3359
402
16874
9592
1768
9547
2845
6554
7869
465
243
1935
16711
16853
15293
6344
16577
1077
11181
15802
2206
7197
2984
3001
2157
17849
1219
18159
5482
22508
4987
11243
2257
3800
13446
12151
49
8900
2344
7573
11917
16852
3994
4384
4605
14605
5074
9124
5995
8240
8182
5563
13745
7879
827
510
18865
10062
1758
11263
20952
6521
7276
6604
2424
13920
8508
13004
5306
6208
1960
789
7085
9267
6835
13608
21531
3797
19544
10037
1916
9830
7794
9153
18862
1645
5245
8475
13434
17744
13477
1690
1502
22521
6282
10246
1101
3820
491
17700
1588
13147
19282
16574
12512
18576
70
10927
14281
4323
13
5651
9323
349
975
3038
7108
8329
8859
529
18723
3779
14413
7818
9252
7647
4245
14761
17809
492
8499
410
14168
9019
7317
14558
7632
6180
7064
13717
17147
14941
5304
23128
1458
7319
14710
2236
2464
15582
2074
13143
1656
7526
159
13264
4956
21103
20040
14963
2096
5151
7806
10750
1650
12558
7229
14818
14463
3878
3718
5125
4499
6709
1933
4742
4905
4827
11185
3772
10973
2155
11370
11641
1521
8455
13604
3635
6281
3140
6068
1668
10266
18475
20193
8527
6031
1878
5882
10100
5467
3515
1342
8464
8508
7804
1558
14699
12091
8615
2170
7329
3530
1492
1760
206
12853
1465
7588
6575
13263
10180
2406
11488
3809
4930
18047
12398
15639
7560
15165
18787
16753
6463
4517
10633
12967
2880
16359
4319
2298
3021
14120
21734
2908
6145
6829
2854
10580
9883
5514
6883
7257
14044
3469
15410
9862
2469
4434
10816
15131
136
1982
18579
13699
17802
3769
2695
8629
2305
2382
4635
7773
15564
7867
7307
8163
2819
9287
14496
20172
320
12900
5398
4286
4123
2049
8290
2318
4138
14531
8757
11173
6752
6297
4038
1259
11151
14171
3028
9088
13784
6405
2021
16009
1643
19886
3656
1060
10817
1351
13781
2906
14425
781
9039
3077
16522
3595
14736
8157
4388
4762
12555
13369
8052
9249
14454
24155
7683
5168
5919
9916
4835
3635
5973
10316
2395
12514
6560
15228
15676
6236
12650
16037
8137
9330
5952
12996
4702
14831
5481
7436
20272
842
7731
21735
1015
2151
12444
8309
9023
1684
10766
3318
3055
5044
10235
1240
4227
9092
8628
5938
141
6450
11802
2263
13353
1319
2576
6158
9066
10866
12547
8987
9126
5290
7636
4153
9442
7227
1556
4722
2850
4518
5817
16969
2748
1919
1918
4948
4310
11023
12631
17648
5494
6830
5355
2132
4633
10597
4184
1815
4820
10266
6991
259
12467
1572
9288
3317
3298
10689
7502
5952
14328
1217
625
2267
3340
18698
2360
5708
12098
13294
11744
8901
4111
1909
1124
3563
9649
14469
4173
22599
3169
541
362
15173
2771
2742
8450
9931
1140
315
4040
12399
9444
1111
1875
5658
10968
8762
1179
1196
9883
2910
5000
4886
6948
13592
14884
297
3603
8034
9824
2652
7303
11509
20306
17055
2702
2604
1482
12719
13649
3686
10038
616
3697
2794
7727
4278
12964
4456
1411
21976
18109
3878
1166
13873
7624
55
20434
14008
3150
8551
13313
21555
4388
6218
3683
15473
2688
10232
19957
17857
6858
13486
6677
309
5617
12774
932
4104
15066
1693
9150
4052
1717
14486
13732
10380
1673
15397
2778
5813
1890
2402
15239
9077
791
600
9137
11498
3796
12724
4266
20042
19423
6933
10869
12844
14008
23271
19779
14700
4658
16063
8572
13170
3631
15473
20285
20708
5112
2142
4605
6447
10498
11076
11032
1835
6086
2734
18888
8
18339
11776
4240
2562
16760
22509
21148
934
12045
13714
9768
22180
691
5586
757
10045
3295
4440
266
14921
13575
3947
6319
16072
1060
1853
4348
2312
18077
15307
15226
5374
16857
20621
8583
2258
19260
9987
5752
9949
13707
3925
21690
17534
6741
12497
9950
10191
6873
5146
16949
15850
3653
10408
4123
4173
5100
14257
10606
23349
2294
6265
5830
4502
926
7699
345
5508
7266
1791
12763
5284
13776
19365
14314
10411
4484
855
8654
6670
13397
5057
16266
9760
1128
2123
1498
10603
11412
6146
21605
4655
1801
11386
16102
5567
4212
7368
3934
2514
10663
5868
7684
11883
4698
2601
6393
9022
4938
4028
810
4071
11751
13746
13210
10800
12969
4507
20366
3122
4723
8991
11033
7536
1146
13670
4136
8844
5449
849
6339
14713
1798
1668
9493
3201
5955
5413
3947
6944
4532
6910
1849
13590
11870
7002
15469
1218
6986
15131
10589
10288
3606
4151
17054
9839
9552
3284
387
16925
8830
12686
14517
16932
802
14026
103
2569
17082
20439
18138
4718
1588
2801
14096
13489
8568
6080
2068
13952
2705
16294
1264
767
11919
9042
1974
4730
1089
7752
9797
2378
16785
12722
3316
12492
18090
9426
9649
13380
13892
18424
2891
5304
389
12274
10774
8782
5081
9192
2233
4137
2037
10864
5352
15379
2584
2409
12486
4040
5843
2936
5074
4656
8883
12295
7608
3363
2018
10264
9462
3180
20760
2324
17030
660
6700
9533
319
15366
1961
11667
19233
5212
14882
152
19483
3475
925
8605
966
11997
21281
4045
4198
4953
6121
3983
1702
8293
12477
18044
3373
13647
12296
13303
14683
1824
2607
1538
18785
15263
10458
3636
8339
896
11839
16811
14206
8854
5164
1387
3325
4503
495
7843
2269
17465
17445
4064
529
13185
3526
13608
5574
4518
11434
14039
2689
14876
8903
4634
10607
7774
13720
2328
12574
213
11635
21636
8894
9305
2995
15410
14053
10164
28
9951
11175
3418
1635
14919
2301
2623
9862
6651
12619
2069
8900
4316
7801
6428
1142
4801
3798
8817
10390
16993
18155
6908
3955
6966
5586
12814
5423
16985
6578
10243
5805
12293
6625
4528
389
1301
17330
2717
5306
12956
4884
9306
11414
4880
2767
7781
184
2969
13676
5150
4015
3113
7305
5599
3222
69
6196
12102
4917
2184
1142
2422
1434
942
6386
7798
6441
1857
2289
5973
1941
11103
15045
7134
4944
5702
1300
4242
13878
10736
13512
438
15587
4639
8412
15242
1861
3209
11234
1827
3539
14585
7277
507
7769
9084
734
5740
24064
10934
906
19051
5462
2322
13374
12084
7481
11203
14576
3140
1110
7023
3215
9088
14399
956
4768
22123
21684
6494
10619
866
12949
2259
5741
12637
1441
6217
14535
7289
4500
5112
13649
6303
540
389
1949
22849
5975
246
11524
17892
4898
1795
19657
15999
2365
3023
18431
12828
7090
11402
1206
8359
11108
9923
19131
6068
3411
13800
4358
1621
9843
8157
14792
5112
10439
11731
178
7855
1313
8540
1895
9111
17105
1118
1149
10923
8916
14994
9496
1617
15036
8732
3015
2678
18993
986
2138
1495
6847
6855
11208
7595
4398
5228
11090
3625
10663
12312
13044
16435
19744
13693
9489
21187
11080
5237
4396
6156
4362
363
2632
11738
12439
9885
10643
5839
12936
639
16179
7999
15694
8828
4296
15980
3003
3182
4097
1053
4758
3205
3133
13275
4340
5885
18057
13410
17015
6342
18747
6813
580
854
3231
709
9768
7499
12382
8899
6990
1844
4742
17352
11216
1779
20548
9139
12650
1587
10163
15857
5600
2532
17483
2800
11778
13584
13762
1375
22207
6179
10616
5119
10730
610
966
1359
2313
15955
10901
4893
10918
4174
1756
3660
9401
1500
9110
14519
18414
3849
14031
3486
13128
5959
18712
8204
14840
10152
15728
17048
9683
6405
8734
4911
7676
12720
4864
8729
5939
8854
1083
13045
2440
2498
1763
8960
19936
2463
16125
10020
2982
85
8038
7028
18209
10674
8280
356
3108
10271
1512
9207
2613
4681
22181
4357
7000
4103
12938
9992
13905
15008
2188
19356
7621
4463
615
2834
7747
5150
17178
11910
9954
20056
3723
15690
22290
5707
10160
19681
2227
4888
15007
13978
1107
13937
7280
2237
9909
11562
7248
11787
7404
6319
19023
7240
3231
12250
16782
21889
9026
2927
8245
18590
14446
12588
4841
1555
5306
9894
7175
3865
7449
7546
13224
7043
3518
8957
5746
8006
1778
9014
17598
4408
1481
4322
4134
5552
9843
2300
2292
1437
15855
7883
3552
1233
4664
11188
6676
2850
7425
8586
7303
87
19070
3506
2354
11297
4786
10844
7330
3092
7990
3131
11089
12869
4762
17232
5335
11465
8699
1151
2521
3571
13289
3740
6075
1391
11664
2438
3213
4905
1586
1486
14670
4809
12606
4882
4540
3268
4388
542
8257
22609
6925
11068
3415
10351
7635
8941
3007
17294
4862
18435
9598
3203
494
17488
12338
9146
3836
1108
2942
7402
1001
10953
697
10451
11316
9544
12296
3444
2077
10118
22340
9106
4941
2437
20678
3785
1142
3492
2395
2965
7494
4392
945
8725
52
15038
11537
5170
9348
10514
701
11427
8501
5049
147
2911
1927
12370
6810
10057
6143
16558
4854
1665
5116
6011
400
1704
12370
867
7190
278
2433
4242
983
15504
14935
11329
5513
17336
12480
9213
12733
264
6192
4452
15114
6004
4395
162
14288
6083
18592
8744
12421
5163
805
17859
12066
11999
16040
5212
1348
988
4764
7815
248
6159
14396
131
17293
7244
10489
6039
9766
15353
19013
6164
12391
495
5844
1093
14590
12721
7717
21297
402
10602
3247
5111
225
3898
18523
25
14447
3215
3596
14073
13312
9439
8798
7182
20867
11443
3379
8746
4505
3927
16496
2082
10080
5590
12272
1388
15414
4926
11886
3405
1531
11574
8894
17879
10179
3336
15269
16719
2040
9914
6248
13492
2759
11616
4659
3053
2590
815
3653
18675
10152
7289
17299
16856
7100
3581
3431
5056
6875
1614
20140
4765
7242
4568
8373
10511
17889
8903
13928
2863
3392
14168
12913
3711
7034
13469
21306
11882
8142
8629
15588
15073
9422
2686
21365
7267
833
11653
35
15988
16210
116
11018
1546
1723
658
12
5189
9402
564
6697
3192
10786
5951
1857
6813
1392
9395
18576
5832
9076
10676
12958
730
385
15806
1138
9728
17231
24688
18744
3956
9443
9893
19722
19668
14564
14217
5933
12784
12754
5854
6377
2477
5274
17854
3583
14749
4369
8862
5387
798
6166
8826
11099
15406
12088
7207
8039
9738
7392
6082
228
4979
11297
8904
1336
5594
2556
22603
4955
15030
6425
5436
7219
16000
2689
5788
1355
3611
164
8568
1126
3854
9079
3654
2414
551
15854
11527
4251
6198
65
6117
5013
1133
3523
7926
22164
19029
5799
665
15996
3335
4444
6297
19090
5224
12715
6087
15134
17732
8116
15602
6905
7447
18990
176
2479
17350
1642
2662
5052
8571
2524
11048
14469
13600
13397
14707
4102
12023
3274
5977
1216
287
7284
5484
2178
15876
2682
21114
3285
12023
2319
14794
5341
2812
13997
15850
3355
12870
5078
5972
12862
4124
14819
18752
1176
11586
8705
1415
10336
15438
6889
1554
9946
5726
9482
20419
1404
2198
1128
2332
7600
13447
20378
10128
16768
3100
3375
4583
20276
5026
14777
4377
5213
6162
18254
496
6081
1414
13014
14857
5531
11601
8623
11253
12768
14238
13373
3473
1898
811
921
7756
19712
3969
16070
4663
19293
96
1584
4076
4137
7276
1195
3080
2218
20961
10686
17380
6531
4010
2873
2092
20429
8948
12507
4074
12026
7719
21892
11123
2137
2619
14844
4583
15984
880
329
9489
8460
13770
5362
2599
12003
239
10471
8192
749
14644
47
2385
4497
8469
10650
931
16192
10673
9056
15558
3566
7143
10044
88
12812
9871
1193
3875
3637
7689
6369
4424
15554
2260
3048
13520
9476
10802
9480
5428
3324
11256
3598
12535
13991
18405
16396
7550
5705
1360
3435
1190
4997
1456
11000
15743
8686
8240
9537
1452
1835
17721
11521
15609
8225
21322
18258
9592
6536
1480
19644
7957
3160
4869
16209
1472
830
9248
2621
9723
8985
5074
1900
22482
282
3004
4954
6720
1709
3695
8421
16997
3067
10600
19799
3346
179
8793
7105
2496
5860
4105
1201
24232
991
2251
9409
2778
4607
4151
170
16964
8239
6099
9965
19909
9968
12641
9525
14555
8706
8968
6861
12086
293
11826
710
16325
9231
5139
12586
16606
16653
21974
10842
18652
12343
765
536
4700
3776
615
11558
8944
6719
1750
12222
4438
8288
14271
6076
6138
8146
3055
10098
6956
11480
6275
2055
4718
8308
18252
1354
13187
3857
14815
13835
8996
7889
15324
13191
1733
14511
17461
7605
1011
8328
5999
14404
16482
12277
15102
3510
10485
3271
4970
12019
9939
1197
267
11348
3131
7150
298
886
8697
10031
5127
2413
12468
4483
3781
1547
9352
5424
8519
11021
4983
9169
3055
9539
2264
8470
7241
12058
508
15328
1063
5986
3702
15167
18538
5745
13446
2201
1633
742
2832
2214
10449
12505
9749
6196
14658
19404
7447
15123
5767
16631
611
16895
9165
809
6619
2386
2383
16608
18343
14023
12092
6308
5588
9569
6166
4182
8389
14017
12739
1454
2272
2015
565
17
17465
11590
7450
563
668
3941
13181
23279
7793
13266
21565
5189
8911
7445
2958
11507
3487
19248
13346
2836
2363
1133
9973
5510
474
13518
15125
14965
3606
5781
7326
7447
1510
6814
2816
17813
9267
13545
19243
18293
13610
5194
6149
6349
22613
2887
3777
20381
20711
6557
3154
8030
2051
207
7915
9488
2039
4382
3710
8749
10549
4389
2453
6108
6926
9826
6019
5555
8265
2473
7235
3734
12999
10837
4485
12027
8862
2270
4481
14257
15554
15996
12684
21664
2114
1097
7943
19608
5706
13412
13058
21821
886
13413
801
2376
12077
940
12542
254
3406
1812
4910
2068
8910
3482
8180
18597
743
16296
10570
4095
18862
9495
10223
124
8535
2969
4306
357
6469
9780
1058
10443
18868
8979
3981
4482
715
5055
1319
10116
1242
7139
3223
11562
6500
464
7589
6721
5271
9705
9937
16697
5770
8593
5669
4421
761
3190
7047
4445
9948
3756
19336
3143
22155
1018
3735
14586
6939
4540
15032
1189
1897
1880
66
10601
11831
496
12696
1566
17060
4811
6037
4917
16280
17700
11354
16673
13450
9831
9789
9871
910
7333
7825
4655
10043
8083
13516
11139
7361
387
6649
7465
9111
8468
16093
10929
7649
3250
12688
7260
15889
10578
14431
5781
10948
5980
15631
856
6539
14579
11442
10245
94
5928
1355
14423
13795
4092
11994
13293
4559
1712
2861
1023
6697
1809
15024
9498
10244
2791
1254
12310
4435
6165
7127
3132
11714
5191
12786
3459
3011
19121
753
4431
1531
2371
9766
2082
9881
12614
3646
2245
18198
9530
12917
8345
13076
8849
73
12680
18097
1884
13912
1468
1532
13166
10340
7146
10822
4260
8171
1506
10074
3072
18456
6716
21537
8522
3851
6485
16497
14692
15109
7587
18990
7768
3338
2201
7989
246
638
10646
1544
17202
15044
1256
1493
7591
7623
15792
460
10514
6333
5424
604
8286
12328
645
8740
1879
10255
5694
3451
8642
11818
823
1905
18041
9763
5937
15652
15784
12280
12985
4832
21485
8935
98
16121
3307
2515
7719
10333
2896
5494
9520
858
511
15409
16829
9339
5040
1785
7403
11764
19944
2282
4055
2233
599
9410
5339
8663
4544
9462
2154
8790
9397
21102
19907
545
9747
4870
2859
10003
13478
6833
5318
5035
7157
7716
1292
7781
7034
13277
7467
16086
5860
1669
592
18265
5542
9000
10474
13338
5066
2557
3790
12854
18471
357
1141
4918
196
11587
16232
8491
3305
4577
7013
6092
64
379
2835
5663
1047
2863
15362
5754
11071
21240
19207
22671
4617
14166
21009
2994
4250
14977
635
7464
205
16338
7212
2487
18304
8520
10633
17205
14305
3551
7142
1454
2506
3598
10719
6107
670
4732
21084
6431
15277
576
20037
7321
7077
2903
6159
21452
4021
17173
3577
1795
5034
18922
11550
13678
2774
3958
3234
8322
7366
9461
6639
9635
10910
4567
13273
897
5897
12619
6155
8381
9408
6979
355
2229
10670
471
5301
899
8673
8698
3163
11748
17688
17268
4850
3022
912
12374
4597
2957
7709
1907
4851
224
10672
13699
1950
5918
9489
10038
7163
3617
5369
2224
3843
5411
7055
1490
11033
5702
10416
7015
503
4006
14956
5927
20040
13788
7886
22270
9224
12505
19627
1433
453
11844
4213
8635
6841
5018
9926
6572
240
10326
6278
7248
7776
4791
13776
3943
5697
3790
765
2655
4862
5207
13233
11802
601
7952
20547
18746
15612
14169
12003
8467
14333
2631
2031
4299
9752
12720
19340
1772
6679
16094
12951
7754
3365
2319
2751
9831
2796
7324
13084
14270
666
5093
3236
2354
1194
7670
7607
8657
3903
13066
1551
6081
4905
2120
1114
3044
4155
7593
7690
4628
5856
5722
1
5158
4664
2495
2596
10436
6012
2600
21135
8797
14779
8961
8635
12864
19092
20778
5021
10962
10053
1325
14731
2150
6532
9526
3970
7482
3823
12239
9597
8932
19899
12862
6638
22710
5421
6383
7859
5625
609
19869
5733
9580
2553
19488
16829
5079
5243
252
11959
7390
6215
7928
15538
4763
9497
6141
12953
1385
1166
15389
3428
6024
4078
11891
1640
2372
4234
16265
3587
2057
7785
4714
7913
10760
645
9177
954
12924
4141
7892
8815
19816
8663
920
16516
7382
16251
2399
13595
3320
21060
6925
9016
1885
1428
10889
4363
8815
1961
3366
7089
10360
3797
5457
8325
525
1582
18029
12508
22156
3877
11929
3057
2957
10747
5655
14490
6490
5803
21856
415
5290
14278
828
12637
16941
1751
12127
13304
7265
11761
10797
11463
4225
13235
6575
3857
8249
16619
1297
1679
9420
1962
2471
12304
1436
4703
15911
1345
3241
6239
18820
6131
17985
7962
15324
2747
6469
7218
1353
1302
1100
18721
13370
22091
9781
4503
5199
2855
11403
21275
1986
2831
5139
6023
21
3700
4618
2605
1544
1518
8149
5833
16034
3115
14690
20342
18040
13776
5714
5970
6200
1602
7136
2256
1064
2307
3106
2212
277
489
7020
20284
12780
8442
3685
3264
13514
6757
16020
9454
3223
2122
6397
3718
19207
1685
5003
3275
1648
6048
20660
21409
8468
4736
2387
17461
2605
4506
6561
101
21721
9749
15468
346
18893
9026
2605
5933
8852
1720
2777
11269
8291
1846
8957
9074
6383
9984
7890
2130
1021
11345
3332
14565
10886
5018
233
7117
12899
3324
6166
22361
12411
2075
4982
7608
3486
3539
5330
3179
5256
3682
12736
2787
4748
5747
18712
15879
7368
17089
15996
15781
1627
1270
7650
10408
3435
15856
2211
3652
24041
4828
17096
10353
13436
21448
8703
379
12463
13348
2018
4378
2421
17697
12851
6697
4548
6170
12239
14015
17862
8055
14158
13375
9972
21174
765
18722
11978
4304
70
7225
1563
2147
5649
23
9852
10584
16774
11587
974
7319
12915
2124
20707
6855
411
4530
8034
14158
6551
21796
3462
4739
13956
5745
9705
1285
16495
5119
2268
3585
16878
8274
10492
15440
11154
3696
63
945
13925
8108
351
16385
5316
20179
247
20518
9081
13116
17780
6306
2627
1538
10003
386
1524
354
3691
419
2855
691
8281
2622
12100
14081
13065
2700
3992
7106
628
9211
9573
11653
19165
480
12175
4014
19381
4848
3629
13497
3220
3963
3525
4831
2757
8613
492
15340
21373
6101
16577
6023
1284
6922
645
3428
1789
21519
1586
3886
13564
17973
1974
5709
229
10891
868
5104
6240
19576
22743
12905
7461
5936
11555
6532
1407
459
1891
4526
11667
7338
5166
17512
9570
8049
2753
7359
16260
9762
10095
11107
11064
1480
1967
9086
14156
10659
3299
675
16167
13996
12087
12042
694
16898
4478
6853
11901
8118
13170
15873
800
3558
8509
4853
5420
11580
13995
8023
250
10677
13925
2414
16420
5204
3176
1859
15170
4139
3263
13386
335
19218
11800
9276
19761
2995
3870
9222
11524
6425
4735
16515
3530
19256
3176
3045
4918
10374
14301
11549
11841
3001
2853
1471
392
21107
7565
3161
6049
1800
4629
344
6581
13164
5159
7881
40
15479
4756
3821
12538
16417
11691
2896
15153
13947
17106
7328
9150
3432
6017
4778
1191
14869
102
9434
2607
17832
19606
11258
4855
1318
22347
14788
10914
18440
17294
283
15969
106
2417
17378
2050
9681
1225
9247
7249
14282
206
13369
9370
16279
3684
475
14811
18623
7923
5176
12969
2876
921
2754
7417
8175
2359
3304
6619
17126
7879
5611
20004
3434
8982
989
13926
3740
13477
12726
8051
6127
9187
5719
2861
6582
14054
12409
9762
8177
8234
16343
6224
11020
3503
14193
2144
2269
1034
585
20785
120
18750
10402
4929
10890
4890
900
9702
10526
19928
3480
2376
9998
13209
6318
3409
12511
17179
6443
3153
5727
15922
7754
2760
12617
4683
13120
2208
11868
3209
14094
4280
11745
6502
5727
5429
1966
4420
1193
3554
3730
2969
1642
12991
13646
10779
1868
4021
1172
13063
4861
39
12881
23578
6731
8676
13452
3059
5880
13802
14456
836
1824
1149
24431
263
6641
6034
1029
6934
1894
23002
3853
3737
6088
8889
17606
4510
6442
7776
14998
17701
16471
2422
2496
2384
1311
6759
4422
3368
4146
17532
937
16070
22206
19953
110
6804
1370
2350
11684
9027
8731
467
10270
1136
5751
3374
15627
24404
3669
15165
3609
14522
1832
4194
16755
3805
8318
4229
15085
11557
11858
539
915
23256
9567
11150
12990
7443
20194
16441
19223
7598
9027
1099
7985
12291
10623
7219
1381
14948
8773
14139
18976
6126
1699
9822
11023
20253
15081
10939
1362
5656
10013
3760
3651
13382
13348
11491
17526
10651
11486
8274
4339
7027
15775
3242
8503
17771
1771
459
660
507
4401
4337
413
2823
1070
13172
7395
80
1234
911
10656
17916
9739
16322
6682
6704
220
4014
17206
4234
11254
3026
392
3398
7824
964
18464
3394
3089
5355
6038
11085
13888
5572
5726
6220
5075
7462
1588
11697
18203
20816
6097
6736
3360
18672
14299
8240
1089
12306
4548
11951
20080
4840
3220
21037
9484
4612
6223
4202
3829
8243
90
6533
419
8674
1044
482
21137
7646
8751
4627
20838
4790
15287
11628
3147
364
7145
9151
20434
3400
14027
8219
4349
4323
1774
1857
2924
2062
15296
2160
7925
7372
2089
5786
5069
3077
14512
8155
898
5801
14556
16898
6748
18170
4804
11174
17227
4044
2861
2444
17911
8570
399
11358
20627
699
14377
4437
5883
6449
3015
18314
14945
18450
1697
6841
19993
8658
19957
7801
11444
6693
11653
8042
19298
125
6877
8662
13061
18297
16757
9394
16917
3654
3781
861
5558
4022
12183
11954
19069
16838
14255
19218
9718
2033
7153
144
696
3966
6506
2446
11851
9781
8996
3298
3366
22045
9082
14551
10639
19387
459
14088
869
12514
4042
9031
1340
1428
18249
21400
11076
9913
6801
928
13706
17292
6978
10398
1372
17598
3242
5783
2661
13425
4167
77
450
3102
9288
3249
4353
6803
6285
4627
5743
20145
4188
11064
4023
12770
16528
12523
3862
10165
8260
17640
16913
367
5856
15707
16889
3637
17174
15948
9916
5986
4181
4855
9288
5638
11964
11338
8090
7405
6492
4589
20124
8361
2605
8152
17956
2576
20243
7237
12490
14150
78
10675
2193
12086
19284
8115
10163
15455
4763
8090
17168
7778
7320
12792
2794
12245
6047
6483
7370
12035
5824
4266
4654
2287
16758
1990
1844
11632
6986
333
620
8963
2797
3552
15135
5731
17022
9642
4045
13738
5224
328
12352
17110
22130
11115
6903
3543
14143
2552
10489
13475
7523
5938
14774
9364
12939
74
11766
4969
11287
6067
10820
13150
3343
5337
5566
10570
2206
921
13365
644
10094
14029
13062
228
2105
11271
15399
10000
7323
15998
19560
6338
4797
805
6257
10245
4809
18111
1804
6069
6969
12588
6401
12768
10097
687
2462
8044
143
1377
10722
6970
9
3272
7893
8778
16007
2354
5705
4667
5315
7314
3445
10300
12845
9221
9166
3413
5789
2170
13684
11567
1091
20300
13666
8373
7895
261
1989
7515
13603
11155
461
9616
1025
1439
16787
8000
13611
2838
13272
6067
7669
5340
16529
15589
4053
397
16246
1217
6993
11209
13957
10740
3359
13183
5550
15205
1193
3149
9278
5399
9118
13887
8966
21929
7390
5776
18504
17522
6524
20924
7085
14733
9698
283
7096
8069
5676
12352
14319
11965
2298
595
20489
7680
2092
1247
1029
3855
12157
5291
347
869
16826
3218
893
2767
11052
1912
10554
1385
644
8964
11405
11030
8150
11820
11062
5722
6748
9392
6200
3186
10340
19672
12326
2593
6157
1806
4799
18981
5044
15674
7443
2683
20146
5636
18444
21463
8367
6475
1980
16244
6400
12557
18760
13074
10542
5927
20637
6448
9705
15536
2509
18396
1434
8297
6628
3500
15757
21693
6591
1302
4595
18414
5950
3616
12990
10962
7601
10846
405
3907
2451
12106
1257
4604
8628
6775
7340
10702
16433
19803
6559
6957
303
11520
8455
7309
12489
12871
15640
4153
23609
8963
10071
7498
21211
2470
15934
15087
19512
15841
2430
3766
6788
1886
8923
6799
3525
6978
3989
1082
20862
3648
12181
4709
3013
12226
5242
3988
16305
3684
4439
8423
14713
1194
19467
22283
10791
2662
69
22382
12538
21291
5349
5671
3433
15871
17280
20411
2076
6318
3160
6126
5506
10879
18108
7387
17493
2142
2093
1488
7569
9461
13822
4247
2735
5860
1164
7812
2391
7333
2338
10516
3219
4855
5401
8674
1687
1002
16821
1157
12636
8088
6197
5287
19705
5085
7964
16472
599
5046
18167
22501
9978
10758
4574
671
4213
4496
117
8598
1992
5342
22525
12639
14235
15162
695
2772
9124
5339
63
15957
3373
4490
13597
15196
9067
283
9601
1106
10128
2440
6940
5305
10100
18891
6845
6721
2427
2623
13457
5873
11358
10487
8466
2938
9033
322
4275
7013
2547
5201
13801
6564
10127
19031
3514
12524
10922
6209
22187
995
3935
11672
21144
3884
8676
15772
6667
16241
2435
6857
4226
424
14367
18697
9599
16018
1648
7022
10058
6986
10925
2090
10320
1831
2434
7659
4059
954
11602
1080
8760
3285
13115
9048
3948
2475
18755
1020
16070
18816
2005
2750
5919
7267
9057
2568
3643
14471
6852
3028
773
18350
16428
1731
12015
9596
4063
3033
727
9510
2104
18724
9347
5624
4337
727
16282
9787
8153
2719
858
14602
4233
16883
1800
6977
6578
7517
7285
11489
4490
21384
3711
11020
2026
17034
10724
1686
23280
3379
4010
1681
5003
20282
7186
21669
620
1023
3894
14004
15411
1851
1347
20570
5227
16410
5164
18658
18923
7800
16151
3301
20878
13435
10146
1538
7914
6521
10781
6454
1322
7100
18617
13496
895
5727
9019
8995
239
13555
2369
8156
3838
8399
17327
2288
19800
22408
12570
10965
16425
3292
19744
17260
4981
9315
2004
10791
6532
13604
10867
6530
3529
4052
1728
3622
11519
16679
3616
222
13185
966
1471
7365
4114
2719
6586
11187
14830
13247
5031
1111
2376
13205
11195
12687
11661
7556
14437
13288
1552
6369
14295
8370
8799
7774
3777
6196
4832
22806
13470
15455
21808
16567
3048
7987
5149
17328
8433
10984
756
9480
11882
8619
1372
12437
1375
16209
20052
5283
17917
3011
6485
11967
11900
10434
2347
7606
43
8871
13987
3334
17821
5890
6620
7854
8631
8834
3199
8669
8121
8640
6686
3844
13933
9492
8563
9123
4651
1774
16672
13305
11634
17945
13603
11229
10291
7175
8602
1015
10675
9934
16999
9840
13067
5988
11220
20986
8767
13994
5282
18323
7628
2468
2922
8221
12787
15411
10417
8430
15302
3094
14023
10822
5313
9821
10013
6269
11904
1367
8604
1790
18824
19834
20327
7000
13646
4764
828
6842
21854
18973
10200
6065
1506
10916
13280
2629
11719
15894
4894
66
12472
7817
18242
9058
8576
6204
5736
4870
1703
16646
11476
5075
5191
3037
3959
4544
1417
1766
12477
11033
10602
10194
731
4596
808
14271
8986
1201
18179
310
22217
4480
19460
18197
9610
1282
17458
4648
11318
9792
3826
21900
5101
5409
12104
11431
4847
20764
9871
6587
1129
10814
21355
17153
23282
12062
11518
4478
5100
17278
11867
10324
6408
18111
15675
6000
16349
4018
15929
17878
1424
10617
15042
6456
3982
14927
2063
4370
4315
15791
8595
4732
12475
4690
8869
5901
1150
13106
17282
115
11218
2423
16112
3532
14210
17246
7537
12391
1938
5846
7604
10092
3948
3377
1862
5162
22924
16372
7155
2615
6234
8113
8655
2435
6888
14327
5303
2017
7681
6096
7833
5140
2522
13480
2999
9030
5874
13280
9498
4621
14628
14964
2436
9858
3755
4522
9109
10153
20201
6515
2749
22299
4621
7858
16192
4115
22243
13293
10848
8926
12448
9261
2867
3976
18501
4253
12398
317
12842
1754
13759
12485
5799
10358
8869
4114
4924
570
7353
9635
427
16028
557
2444
7360
4868
4649
11643
11097
114
16754
7997
761
19637
9097
13905
15525
16981
6766
3758
4109
3063
14062
3214
944
1018
2486
14286
22033
13642
6816
8546
6376
3720
19099
14256
5079
2204
803
15025
4924
755
15221
18902
18589
16905
5676
7099
4966
11843
4513
11652
1282
14401
11699
1771
4820
9594
2609
1778
2357
2402
5020
862
4652
7737
2644
2883
11847
16564
17992
135
2612
4832
15523
2357
3285
9210
12394
23775
8110
8128
7417
678
2499
18807
5722
9069
3533
10465
9491
7031
4302
127
21809
7121
2814
5697
10295
7263
13234
14573
12306
8450
5357
12364
2490
4562
15214
1466
732
23537
12777
6034
14034
3234
3834
8312
1301
5382
6393
21427
17186
14704
15649
11459
17391
20100
2528
19132
2441
8931
11276
5265
13321
17233
11535
6157
1104
15322
4896
17351
6427
4721
6293
10123
3141
3835
2005
4638
12733
3870
10910
5234
3467
5724
4080
5848
2963
4627
5523
14668
4762
15871
15468
11573
10363
223
1361
5795
887
3690
6420
10193
19406
20451
3499
6446
19448
11603
14133
11950
22162
7612
2184
2746
16708
3391
7601
12847
20879
4238
4842
342
7364
1911
4409
6721
6517
5493
21767
10731
6841
4508
6948
15925
6276
8907
765
115
6167
10843
17321
11887
11790
10208
1173
15694
7951
12181
1309
21997
203
2043
12130
16600
5705
8260
8615
9712
21097
6869
3902
12810
8095
1667
8113
3939
6836
6154
13139
11285
15380
3491
8293
3443
14831
3639
832
8717
3399
7944
6
7072
1946
309
3769
9020
15571
3610
4456
3758
773
10195
7991
4858
1353
15613
7334
10749
10534
17506
4792
8207
13780
1012
19174
2124
13127
17504
5796
17204
4666
17447
1084
2021
13054
4256
12294
10569
11284
10275
18517
150
19807
7628
7572
4134
6757
2759
9140
15731
14879
480
1465
6769
14213
363
804
5192
10674
5044
493
8873
5927
3471
1431
1915
10235
5431
13569
2651
1380
6173
8389
8625
3272
4948
1245
22789
4037
4773
24
15509
313
2196
2416
8103
10275
5666
16991
14900
14870
18947
1158
2003
5822
6971
13030
993
4851
3304
15269
15109
11936
1648
344
1443
3401
5179
2393
14079
3693
17461
4849
16489
13901
8846
8708
9419
3756
10776
17372
1275
9842
12551
16652
17387
7367
23247
21501
13702
33
9566
2439
5126
15924
7671
9787
19998
5992
273
1952
2088
19235
2799
5798
10841
11802
7698
22012
1385
10320
1151
4678
7104
856
11320
5294
5638
13718
1755
5532
14293
4167
713
3112
5372
5015
468
6847
9949
8914
4091
12891
4581
11191
10207
7483
11097
13664
1740
10121
17204
15077
1335
2253
618
19358
10570
16569
7616
9322
8719
1045
12463
785
6843
19542
21221
190
7807
2145
3626
1011
545
4133
16976
17335
12744
5660
6411
1339
3781
13602
12900
11052
9693
15626
14071
2723
2005
722
6874
22447
5057
5805
15878
16551
5598
4503
1336
15013
363
232
8792
5523
3293
6369
18352
7787
8041
2712
9752
22013
1729
1530
14471
11013
2507
65
9584
15956
5104
11012
6007
6504
758
13237
18880
2215
16044
2009
12462
3054
8884
8336
21233
9497
9511
8276
20166
2722
19967
10914
6796
14394
7473
21931
2369
6134
7255
16258
13637
18922
7891
3224
5871
4938
7104
1223
12644
1816
488
3851
20825
15225
776
14289
7557
724
23150
16174
17478
5162
9793
757
5566
9235
740
10701
3152
22972
15721
14044
717
5757
22881
1609
6658
7841
15197
3490
6393
22072
15036
18363
18205
10951
2009
5641
11590
11194
9119
1303
21367
11891
2834
5200
9585
5219
8948
6405
18163
16710
21081
6380
17148
15260
8235
3891
11081
6157
8519
18274
7395
17813
17594
3080
7954
11046
11861
18804
1334
479
12004
5928
8631
6049
11598
5668
14341
4790
4792
1156
48
8327
16702
5087
3061
12183
5486
9723
7514
688
5651
9457
13970
19606
6441
7542
4543
21231
10937
13433
2708
14893
5791
2333
8576
4227
12429
5714
6225
18700
6964
15199
3367
11704
17536
3993
1082
3328
15480
2063
4616
2687
8645
367
6527
1699
1272
6248
16797
8804
5002
14906
5951
1351
6889
573
13960
396
14860
19615
24422
15341
11431
9019
12753
879
4702
15921
2583
11247
1440
6456
17719
772
4449
774
2843
12191
12801
1943
1491
10072
9366
10611
8663
10211
18736
8061
6157
14676
13362
1665
18226
16175
16531
14036
262
1017
9087
14883
1880
13956
21961
1834
10951
2153
4103
16610
12972
7541
12871
13905
20546
8846
11423
3851
5772
22000
5595
2479
12087
8271
2526
3960
13159
12650
16233
496
3026
7058
1921
3409
17424
651
2443
13551
268
6924
1326
9400
2058
5483
13589
6246
6870
3530
11609
1867
7351
7464
989
9925
3768
7952
18364
16832
7488
347
5902
10669
10354
6113
18993
19050
2988
2579
7443
11433
9255
21076
6232
12717
8638
6615
9122
5855
19187
7696
9529
12683
4605
4011
9883
8828
4708
4748
8912
7469
1082
844
3710
1204
4156
3616
2738
7595
13319
9899
2301
3922
13343
11821
1140
4511
6425
6364
12587
5518
2042
1338
9101
8877
7335
12127
12582
6055
6454
10836
11090
9780
2652
2611
705
7646
18073
15746
7681
10982
638
1305
5828
8414
8029
4995
11037
2488
9413
848
512
1637
338
1350
14624
2658
4563
1099
20605
16964
15980
11715
3443
5057
1288
40
1229
5381
13281
5529
9859
9159
2549
12162
15919
569
6301
11755
14562
9775
2980
19440
4482
14023
16766
3075
8241
4550
6023
12849
3584
8168
596
8934
23753
9604
8185
11866
2547
10404
20474
13819
1538
13269
6889
6878
3194
16986
17026
14169
13529
4595
1077
10560
12874
11937
3942
2603
7267
2045
3856
5345
547
1507
9142
4183
8199
13169
13121
1354
1416
6856
4353
2948
12372
18948
11073
2770
3361
610
18634
6703
11750
5385
115
4462
848
2971
15389
14977
8301
4743
24424
8763
8690
11389
14910
7347
6658
5608
3871
1664
226
975
10343
6882
4852
6218
15114
1469
4399
15497
22020
2614
3987
5123
12364
7212
8213
5110
5371
11625
8980
20928
5185
13111
7073
17913
23722
11735
3443
3604
7437
19805
1219
7015
21965
5724
17883
14328
10547
4215
9137
13031
2033
10421
7059
14905
20889
3232
2769
2168
23961
7481
6858
740
9323
22082
13297
10796
522
10041
2799
1830
4389
1316
9628
8296
7331
6675
21792
1549
5663
10471
7121
12536
3881
13569
14334
7406
2647
15497
15675
9110
4454
23189
1750
11926
13994
1824
4595
10057
4094
5138
672
888
8245
3636
1876
4174
7906
3694
3941
11281
10506
6744
4768
9180
9125
9142
2891
19292
13544
1304
639
11995
9715
14755
8563
19629
8074
13484
5694
5386
8635
14770
21297
8042
6654
1796
2542
1979
10305
17850
8036
20076
16471
15995
19174
12521
4586
6759
10416
1078
1193
817
3662
17719
1280
1397
6466
9014
11192
10259
2657
4264
9384
18600
7900
5648
2080
6552
11540
6998
3632
12372
1643
8427
10786
17518
13480
2889
8454
3110
8371
18154
104
15690
7367
22554
8826
5749
1399
634
6056
4267
17544
21406
4734
2853
11868
15970
17137
4784
24163
8679
4236
5025
20400
5900
5324
10303
4606
12461
6235
371
7450
2266
48
14513
14314
10805
7838
18529
16655
6903
9446
11855
1707
3956
2849
12261
4229
9962
10743
6578
7892
15647
6574
3406
14150
2668
9175
16609
1744
8263
12665
21147
12507
15025
6541
712
3479
5981
6634
3371
867
4429
12
11336
7437
18289
15019
1527
14335
8031
2374
22494
1923
15066
1477
2697
16857
13243
14940
9864
1948
12611
1696
6641
9956
15453
14393
14233
7991
530
9393
660
17498
5264
13155
2221
15942
10710
22611
718
12741
5479
4764
4180
803
12302
14812
20325
490
3845
13553
12696
198
570
20497
16670
3887
12735
8368
12650
21361
11293
13952
2489
5472
9858
756
15105
18022
8673
8265
5219
8598
18008
3779
6980
3095
15361
12280
4594
1917
2640
14032
857
5888
13560
1623
7685
15059
9058
5115
14625
6756
13085
2139
15632
1455
6470
8745
1323
13054
15045
11688
6155
19522
14961
9022
8237
649
6970
17186
4105
13888
8035
2670
17528
2640
1173
16644
5578
6494
2197
6933
21782
8448
901
19791
7519
365
9995
14147
3025
351
6486
2539
7756
12509
3076
6125
12645
667
6871
172
2089
9527
9691
4859
732
5814
14856
8653
14387
1366
15341
2608
147
1173
8
14121
7562
10245
5643
8288
640
688
5936
2195
15015
14580
13754
16867
4423
9257
10320
4598
1179
3008
1784
19172
10570
6101
2092
2938
7921
754
3936
9707
15569
5212
1693
18056
9197
5360
13835
7688
2102
884
6928
7884
940
10312
10703
1825
6164
4688
24013
21721
3122
6272
8416
6667
13601
11577
7814
12265
9169
7521
249
4583
8179
11827
711
7078
3813
12507
9105
7434
11408
4589
520
4911
18122
4572
7825
693
3535
10698
17372
10759
12921
8788
1614
3772
6599
6309
14612
3461
1038
22939
9989
14075
67
8047
18696
6543
15981
6631
13195
19073
10470
5085
8679
1350
16518
10161
16040
696
13886
13965
6608
5377
13189
1836
9753
2222
8981
2452
86
12429
7021
13262
16645
2748
2838
7873
20829
7219
146
10159
837
6250
5282
10842
17592
6195
9199
18130
18207
21719
1750
12195
11910
16744
179
10226
19122
5266
5105
1859
4539
7319
4697
16530
3858
6752
9926
10244
20277
1702
2811
11514
17119
975
10639
14797
9992
19872
7285
4150
12446
6617
12954
1218
7361
12571
4211
14117
10018
1864
10543
10664
9845
2653
13870
929
2114
268
1495
2357
13157
22361
4450
17640
9125
3123
2216
12667
16270
7708
4681
2219
8346
10162
13641
77
3210
18643
3651
7730
17898
11742
13831
8335
11246
7036
17551
1006
20107
6326
17237
3325
1482
306
9680
11563
10502
85
4428
9837
14546
17930
8713
18012
5116
3410
5702
5270
1580
2621
16275
11701
2834
15673
8341
3565
8066
15132
20996
15843
2015
3163
9594
13288
8891
18435
248
6579
5514
8172
423
83
7720
22626
10778
1515
2348
11817
4546
2441
842
6601
4716
159
2850
183
23265
13115
10027
8626
5393
9841
7694
12449
10226
8378
18307
202
15156
1489
4335
7777
1039
4099
16842
15035
13213
9294
11789
11644
15368
9268
1389
2216
14954
6523
436
8756
18099
993
11058
15009
10345
2637
17609
2780
14409
13933
4860
5137
3407
729
12202
13653
6671
2641
223
7510
5
6650
15811
22623
9349
8725
3098
5881
17961
9572
13138
1023
10679
1703
8431
841
5218
2635
5114
7515
4361
1683
4280
13038
18041
16581
13756
3972
1526
13304
1045
3908
7067
19029
1219
5749
2641
3342
2570
22132
6294
13608
3169
5415
8522
6102
5929
16793
320
12910
5348
9850
233
1935
4140
7050
3877
11245
13066
8369
2846
15886
10463
7674
5542
18032
15146
6315
5764
21484
18510
18538
20884
1019
12270
19927
12270
8962
10719
12131
2869
15324
5972
11882
5570
865
22393
3764
757
1909
1940
13515
6653
6717
3169
19009
10471
2122
331
4958
16986
9803
8791
5423
12909
10725
14127
11251
17624
3612
19131
7532
19516
6056
19283
3474
11848
6282
13688
11023
414
1466
21418
3531
17900
8746
10788
1102
9591
3841
16072
12192
4691
3961
584
11458
8624
2265
7621
4580
10020
5663
9384
4773
15260
7281
4418
41
14743
4607
18603
16617
4794
1374
13839
9353
16090
15947
2708
13905
3500
21143
11302
8252
11259
23579
12833
4397
7740
17090
7139
6549
5178
328
8624
3174
16375
3587
23458
4214
10465
1026
5134
6458
5232
7097
12168
5745
20696
6706
10271
5488
12019
17057
10153
10339
5226
18545
339
17883
4093
12383
13041
7244
19424
9871
15762
12129
18323
19869
15728
10812
1052
12000
14366
11171
4778
2551
5540
13271
917
2582
9121
4582
1519
15615
10681
6704
790
9331
4460
11308
12675
1763
11102
21170
3174
923
3078
414
1319
909
5616
8413
16987
13823
2073
9536
12518
16240
3709
15265
8204
3970
10384
22325
748
4790
11033
10481
6955
9884
464
12744
1236
4907
13186
16387
10331
7405
12719
403
15042
12259
9988
5097
3971
16530
4281
21951
16208
85
8395
9333
4108
1931
18026
8254
11138
972
5689
9964
640
11368
332
19170
12714
2782
85
4840
919
13487
5799
12206
7650
3840
6116
10153
9442
9036
7622
12311
3027
582
2212
13340
14916
3396
2177
831
4420
12464
11351
1552
13550
22111
2527
2985
3967
1891
14712
11662
5456
12163
8439
11347
3337
2011
18281
1260
2
7838
6988
4157
4697
4873
9413
4586
858
3462
100
1478
12619
18066
6836
11642
6626
4694
1285
4619
11041
1829
624
2497
10289
9938
373
10081
5651
12798
11405
1333
12420
8403
4069
16724
10146
7586
294
15277
15125
8985
8783
2815
876
501
2077
8188
13958
448
19688
16187
6801
7105
22422
6543
10526
10896
2968
8990
11224
11094
2808
23364
1178
7051
3792
9719
1485
12635
6708
3554
14760
8113
7574
6868
19315
1793
11872
10236
4729
5386
2292
4946
6156
329
8177
10162
8255
3847
4170
19355
3141
12424
7812
4001
20222
2119
8980
7468
12532
4106
3370
3098
1337
22205
4019
16183
7482
12416
2395
7758
5479
5000
1915
20281
4388
19740
1937
5011
21043
3506
1067
17885
4291
2390
3894
3895
21201
4864
598
18065
1117
3845
13372
14659
664
5495
2932
5877
11462
3856
1708
10824
5061
1595
5200
18591
10304
10102
19433
3030
5028
12779
2480
6278
9498
12358
13444
4180
2717
174
14796
8534
16436
7389
3367
10252
11761
16558
4698
2985
16170
2502
1829
15057
5414
2407
9784
4596
7097
1526
7651
5282
5786
13993
123
11076
19814
8878
12930
9184
10553
5740
1779
2548
15478
13789
2294
8874
7271
14208
11254
5513
14743
6444
11711
9515
6807
3484
11323
21445
6557
273
23861
2515
12418
3466
13428
12631
3217
3679
5431
3150
22406
8041
9140
4734
1482
6035
2320
3442
5343
11421
20956
12344
5677
16086
1443
2666
4841
11548
8929
8252
5058
19884
10689
5580
4649
9165
19882
12040
16904
1671
11102
10883
5602
7946
16382
10369
11301
9046
5430
6336
2325
13788
5898
3546
4556
9236
15258
13573
4246
19162
152
5027
8754
19231
5459
4328
13918
8350
1184
5139
4433
5114
13673
14740
5612
16931
12410
8155
6238
430
4508
2238
5216
3441
2937
13947
2931
20174
10241
8300
5233
1072
13376
6692
8772
13407
339
21384
4
17362
573
10504
9205
3284
7048
6708
1872
7417
12097
2277
3139
12494
4824
8546
4450
11404
9329
10430
4576
21664
14631
4207
19229
13123
4485
9362
18434
7126
6389
6705
2583
17802
6232
807
3783
2850
13681
6259
9450
4084
15340
10127
8835
11531
6169
13656
3160
22964
9968
13146
821
15099
9000
18644
19223
3805
6469
19148
468
4608
8724
19890
4465
5011
6786
3608
15067
3735
2029
17513
5236
14230
9648
2926
8847
14338
9749
4499
3778
5167
6796
6166
3270
2033
18538
5578
21216
4304
11890
21455
17585
1739
998
6352
579
16897
7284
2191
12675
7116
10367
10211
8329
4327
8546
88
2492
2937
249
2987
9346
11568
7017
8558
11467
2836
2909
2494
16220
257
21692
13581
1692
12066
4951
20991
20968
3858
16612
2489
17465
8319
17793
11370
5600
6439
10494
11356
3887
8860
872
12546
10890
2222
12655
5931
4680
8081
1120
9070
4846
964
1905
12321
12641
6092
14531
4244
10236
17317
2813
2149
16157
4150
16284
6604
9085
505
8728
5769
1465
3654
18146
5688
5272
16947
9275
21611
11668
2697
4568
17846
1259
18175
6957
10602
17016
11608
16038
4661
6711
1199
4516
7973
11412
3910
10996
7133
15908
1507
13292
23585
1794
5215
154
20127
5380
6451
708
1072
2466
9687
1076
2898
13352
2502
4527
2389
9539
2153
17773
8726
12180
9481
10448
21972
6227
3144
21032
3542
10020
5763
15293
6049
1706
5440
10747
11329
3800
5630
17348
5258
6413
12956
2232
13534
4658
3920
1193
12228
13772
10693
12052
17835
10306
4646
8386
7439
16393
15699
4831
9137
14993
9418
11146
1597
9856
1745
14837
20236
10926
8533
7831
4302
5551
7470
20068
2964
3263
294
12445
10654
16337
5496
17370
14957
6139
10652
12595
2873
10109
18455
14837
21417
5162
1116
14908
9164
18416
510
4631
10313
1144
2037
8150
11685
6948
12627
662
13081
4127
18700
3480
1105
7178
13405
16219
19881
16499
818
1665
7343
13830
15522
3079
2165
251
2427
12008
15651
15804
17138
9101
3033
5358
9945
10255
9812
347
2042
17988
9675
9102
624
1978
17044
8344
1722
2322
5087
19837
929
14040
8854
2369
1837
8612
9408
2855
11900
1143
4399
12652
18118
5316
17898
18689
3674
196
14506
18210
8245
5920
7716
17177
3869
7321
4177
13490
8455
13997
10362
5949
5688
8635
11725
5667
13993
8532
6022
2441
5207
1554
16874
6879
8831
7034
7926
2982
6510
9189
3679
14305
1948
2048
464
3046
9817
2499
12689
6771
2177
11611
7850
12146
12345
16567
3781
3397
6120
8059
9371
9838
15162
10671
10625
13684
21309
3183
7005
7690
10014
9542
16154
9508
9345
21824
15359
9237
16948
2333
13040
1014
1026
18664
9124
12754
11908
2944
8591
12584
1329
11505
5873
20506
1423
7480
1432
14601
3379
5908
375
2070
15487
12914
15367
21288
14083
10555
13034
1018
10629
3925
5770
9261
5890
10110
14772
99
820
7032
8697
10401
8956
5456
4614
10994
12795
2172
3049
9174
6999
13604
3018
10336
3075
22195
1143
9106
4829
7876
4168
20218
21055
299
682
2178
14099
8658
14164
11497
7297
10301
10334
192
16929
18742
14152
14952
9642
21205
2991
8422
3254
14670
12171
5575
11674
11259
15804
662
623
12551
10382
771
9135
281
20398
4650
3915
7703
2099
3439
9421
19
11461
6554
1125
12047
13173
3912
18153
7307
7535
9555
8558
883
4907
6455
14510
2499
1887
5316
842
1889
13352
19121
14615
3646
3301
9430
3035
6396
14631
2346
16075
2622
3396
3344
211
5164
7249
18055
4437
12879
1164
10186
1709
18996
2602
13243
20237
2584
3562
22407
625
1832
9491
10145
10137
7739
7904
64
11139
6844
4853
8133
514
23
12902
18661
1577
4605
3975
5391
4858
10787
11150
5554
4656
1663
5393
7410
3282
510
9726
9691
11273
2401
1642
7013
9228
16057
13132
6686
18364
8039
5533
4923
23195
98
10791
12824
5920
1921
12541
15169
13703
5171
3744
17097
4957
2051
1384
12389
15927
11597
1248
2892
20838
10993
12202
7295
7753
13209
12237
5968
9349
11437
3630
10881
1667
10727
15453
4506
1781
4252
7864
7591
3425
9767
22144
11002
3608
8336
7473
1568
2403
6350
8166
23101
17576
440
2071
518
14580
11876
4968
10011
13661
3952
5877
5075
6549
14902
4023
66
8219
5962
12920
1707
12988
5754
6612
20948
9469
9426
6170
5788
16819
12937
9309
20484
5661
8635
19503
2730
2854
7904
8728
8250
531
6893
6987
5633
6821
17285
13876
9707
5375
20118
13225
6101
7582
1535
2272
6770
354
18685
3066
6742
2983
13292
16410
2912
9250
4601
9677
11724
10994
13286
17232
12976
8853
12552
7296
11891
9734
1752
2092
2886
389
12782
78
15217
11868
5570
165
7413
3228
18048
297
1792
3245
11462
10750
9509
7438
13752
9789
2078
7477
11713
19562
3336
17332
175
10780
11417
293
5975
2512
11098
8708
1532
12570
20657
7462
6523
531
10055
4680
3925
4208
2523
2246
8268
5425
15979
1009
10035
7283
1318
20835
15167
10942
10892
5160
14421
8598
4703
13144
7270
13685
8289
4598
16486
12549
11425
5824
10059
13424
6646
11949
2316
1721
6264
8111
17263
1809
1571
7651
12413
7431
9573
18802
6513
2851
3712
7053
11027
10820
5026
6876
2687
8624
12314
1435
1355
16437
13063
12258
14231
8536
13691
8261
6386
15953
943
4618
3811
15008
352
8687
18922
16450
14441
7252
17001
549
7593
6437
4307
4379
6620
15937
5659
10074
3643
12280
7745
23975
19224
17837
13837
15891
7357
1812
19461
20065
11667
15041
2620
12869
10077
11684
4187
6725
1888
1464
14647
9556
6536
15362
6388
15924
13455
2073
17728
6915
10913
11182
13854
9546
9104
8927
19419
420
404
3788
3673
6372
19129
4412
9563
11052
1561
8926
12674
13369
924
4298
12348
634
2103
10411
7085
2042
12354
21906
207
15536
6902
1127
10620
5352
4625
17069
4758
10771
9799
149
6801
12488
9929
14632
2691
6299
8838
3988
2139
3597
11112
519
6160
12481
10546
8481
1383
1403
14465
7298
13792
11338
440
3212
6712
8441
1763
2926
4637
13987
2945
9081
12373
8870
5623
8823
9353
8471
12275
7018
6296
13026
16219
272
3352
2275
11189
12012
16411
1889
10598
4253
13306
15061
19498
4868
4907
1276
9083
15047
19100
8114
2062
653
3620
11407
14259
11162
12942
1926
7281
11493
14464
14511
6406
2729
5286
22372
1692
2602
4650
5805
8643
10435
9727
9927
3435
8709
10198
4642
13716
2123
11650
3784
14873
11258
10267
14506
785
13416
3746
19113
15867
11953
7159
1372
2488
12438
7020
1014
867
12726
705
3188
4868
4701
7387
11761
3205
7204
141
8940
13476
1858
153
3608
3243
866
3283
12569
15004
17120
2887
3085
6236
11
9267
2049
16466
5760
18801
2186
9755
3373
363
1227
13
8467
2609
11267
5444
13098
2617
2628
969
15219
1980
1105
860
7989
17567
8289
21161
4717
41
11968
12602
8951
17513
912
5458
9121
14550
7483
1211
4617
7835
17244
6994
381
1569
20740
8383
2306
6364
11175
6516
4586
9776
1585
13993
13714
21097
1545
17576
431
14858
8229
10507
16468
12359
10156
5268
3687
20727
1800
227
1146
5808
6451
23171
7590
3908
1229
6853
10703
14607
10478
7394
9335
10374
7658
5421
15490
9569
14881
9887
8998
5215
9773
8529
9409
3564
7737
10365
6984
14366
860
9033
1026
15109
18889
19873
1201
6473
17999
307
19607
11452
12677
3936
1500
2045
885
9755
10603
2432
4313
14441
2474
10997
6450
640
2442
8458
10438
14280
1398
6709
2145
14113
1513
9123
15554
229
5622
10001
5192
6726
22286
11003
11096
73
8103
4655
20469
2702
16291
11649
10103
5204
3125
4591
2097
12885
3969
1361
7664
10537
895
7123
14446
3862
3681
509
4597
13727
12500
4937
18067
14718
6298
1003
16609
17369
16096
11018
5264
7744
15602
4187
2870
13726
10360
7081
5322
15227
11226
6281
7886
6681
12777
14806
22193
1678
2672
6829
10280
18728
13085
17295
5877
9070
4983
20988
7182
5941
1598
15468
7572
4660
10511
7295
15900
14529
19440
1817
1750
3213
13199
18968
4994
14320
2775
1616
11258
16198
7390
835
11762
1404
16718
4756
5568
18640
2187
2894
2978
10809
568
3576
6284
14425
23417
14636
9973
10712
12239
17192
895
1681
13405
7729
7880
12631
8279
7972
9389
4802
3155
2041
8741
415
4404
9946
5847
482
8514
3992
13070
5285
9538
19882
15230
4533
6446
7550
7545
181
3930
556
1365
14603
1559
12225
12695
1456
933
8200
1103
20575
15605
12924
11610
12612
2350
3647
1376
1462
11433
8267
18257
13423
4500
15068
9909
4963
1237
222
9489
19963
15085
18473
5593
11564
2118
18048
4489
5949
2275
10176
7612
17498
12569
15476
7165
12837
4390
16873
20688
6572
7560
18199
10182
17415
4379
18228
612
3888
5358
17484
4963
5443
4997
3830
5844
17920
21155
270
12359
20605
18634
2894
1399
17482
2936
13164
1562
12779
1217
1445
4039
23885
4700
8952
15923
7228
4512
6983
7505
6621
745
2319
13551
12111
11357
447
7851
4073
844
4441
7110
2057
450
1735
1293
15139
16931
17557
13204
14537
4839
13407
8244
20771
7363
1925
2865
7555
2102
14954
11425
15549
11287
3300
3591
11917
8335
7319
1627
10409
3853
1199
4470
12024
1178
15105
2417
5639
10395
2772
143
931
8704
12284
16507
3179
13232
239
11585
3172
16507
2712
19653
14770
10570
14648
1651
3152
5735
7460
3648
11413
22170
20297
7687
6227
7925
3196
127
1905
5659
8612
4722
2276
4990
11171
20752
3132
6159
9972
2414
19418
2798
3999
10184
7662
8823
16926
8105
17251
1112
41
5310
16244
1144
23912
6094
1890
12742
3108
10587
945
1089
7861
21512
22643
4493
4775
12596
4664
6128
12708
13853
3833
3788
9894
10297
19564
1965
5339
4745
18390
277
11831
2965
4576
1351
11335
11154
4769
14178
11223
15755
16196
841
2785
8880
14576
3315
4818
2971
19335
11900
2155
990
15570
10547
178
11646
14445
6955
6366
8330
20068
4689
17684
1634
523
18705
1903
7889
7851
13391
2887
7451
1603
4509
10176
5383
2050
4794
13523
540
1555
12422
126
5679
793
4606
2371
10897
12245
15083
19353
11327
13526
4907
20455
20163
11984
11889
8724
7962
3604
17414
5704
10976
9084
4997
10815
3590
8507
2349
1540
7808
2611
13245
14083
18578
14874
4836
4565
9932
11145
12511
21478
2472
7507
3177
16800
2930
3731
7033
5253
7728
2958
2976
4860
6164
20723
966
10351
9192
7711
10599
11861
12016
753
3072
13497
14
9400
20268
12179
8624
3070
15089
10039
4614
11361
10332
7912
17738
17934
20871
12774
4854
3617
3917
23699
8173
2911
7639
6627
1324
6567
5396
2947
390
752
14401
11701
2183
3279
7467
18942
7089
16216
1529
2999
20768
2939
18427
10268
12749
11813
1239
19962
11809
538
2076
3291
13818
11614
14530
4814
15976
4213
634
7907
18742
3536
8207
692
19920
9749
702
9648
22502
9202
20616
4790
10249
12246
10013
23581
8255
5384
2853
9840
4266
14855
18597
22747
3345
1595
21376
2089
1325
53
11297
10933
16682
10487
12591
1175
961
8254
12111
11102
13720
16901
941
14717
4381
1301
10127
3811
3759
3958
6220
15267
1563
1156
17208
3923
322
5982
3197
5034
7861
5291
2986
51
1077
3704
18114
14058
2244
14755
5072
3319
5560
4499
1959
12741
8402
835
6202
8702
10482
448
13290
13614
9027
7935
2991
12901
20867
1111
1290
6409
5258
12903
1243
8972
5235
7844
6203
9746
13997
9381
19193
6288
10941
7747
7876
10746
6826
998
10750
20391
7809
20357
5137
8989
2262
1920
769
13139
8532
4300
5624
2806
9073
2350
2082
12596
2078
13468
10171
6462
1656
6560
10777
3496
10432
9407
20674
22623
16537
20632
16843
8076
20969
19651
13584
10146
5674
2030
21335
8865
1376
9071
4193
1959
20812
19335
5268
11577
8064
14999
1388
832
4196
16365
3238
2934
5701
16663
6946
18109
1283
11585
16872
3632
11983
4973
13571
9500
16174
3448
12952
10955
1976
14827
10878
16833
8593
13885
3019
4499
9570
15357
15883
10011
1517
896
