1748
680
1959
3166
213
868
1293
1777
1194
206
940
762
1829
534
2832
2151
1306
2297
348
1943
1319
2752
3519
1807
2336
1052
1593
993
1532
82
492
779
875
1067
141
1138
272
2934
2117
12
990
1651
890
791
2145
1022
1825
1967
1928
2573
365
70
1097
162
1510
1375
816
222
1692
27
413
2238
469
2793
152
1234
239
2150
1102
1033
1165
1413
1585
245
1369
157
949
2581
1074
2472
726
542
3365
300
872
858
853
2305
3386
3474
680
476
1629
1066
387
1036
2018
1474
3797
537
1435
1784
1676
347
609
986
3210
389
1380
1298
1572
1091
999
114
486
1868
3646
1593
1348
2743
682
853
1941
1250
3383
1776
728
524
1747
580
630
1915
826
2186
982
3439
1602
1117
526
227
2905
1088
1865
3400
857
214
2546
1424
883
1252
2280
1061
358
1120
1760
1008
1413
971
458
2148
2582
201
1164
1000
2709
2366
1573
862
38
299
2867
1346
29
1560
1471
2335
229
2487
388
1897
110
3378
2660
1132
1922
1686
283
81
1610
1520
1900
277
2371
2263
191
1722
127
2311
224
897
2251
711
310
1946
1565
1080
3443
2474
1914
1282
2281
3288
360
3716
1279
1549
861
1305
931
1529
2231
1631
1230
1593
161
2727
3379
2329
1749
1397
2729
490
2063
407
313
2314
2200
247
983
416
1085
2169
796
1884
482
3055
2757
196
369
1152
682
1790
2779
2926
2066
779
1154
859
1526
463
2891
824
1044
3561
1781
376
320
3160
635
1818
1514
712
1315
962
1944
1535
2189
1961
1133
1670
1230
1885
2169
1207
1725
680
1092
242
3206
3174
708
797
5
1121
475
2682
1515
598
1638
2871
1632
2914
2702
2787
2096
451
608
929
2434
1526
1238
361
296
2149
2957
559
2284
149
502
494
692
541
2348
1421
2959
1931
681
2159
667
247
1495
31
962
2492
977
2439
567
116
1931
615
2076
1806
2191
459
2946
607
1672
911
754
1266
1980
1051
2039
642
3826
2530
1736
3943
126
1900
1072
1460
3223
1489
1798
1783
1476
367
2874
550
1903
2441
4087
1887
1900
1480
466
3693
1206
3173
228
971
482
3418
441
2185
1154
1512
52
1309
494
2320
2010
3481
912
1141
987
1906
124
4029
1255
2692
871
3806
532
1306
1960
2443
2263
801
3349
3331
1040
346
2162
1824
632
938
37
139
76
416
760
1923
760
123
1898
660
784
1865
1154
228
847
585
1026
1096
1077
227
917
1700
1196
2143
1868
1809
1204
683
2988
2874
2404
1205
537
299
2874
1812
2388
861
3469
450
38
2061
990
1937
1640
909
270
1947
1086
2941
703
494
41
2664
2330
1703
714
3729
790
2746
662
899
1866
1
18
2512
307
858
179
2243
1239
379
1047
1298
2422
434
1605
2613
2018
443
812
3250
1193
132
1269
2819
2208
1758
1417
3005
1469
29
2952
3954
3687
1131
2734
2570
2311
1565
751
564
1876
1187
154
779
3071
2361
2230
1005
300
1840
2175
2581
690
1769
3591
3024
3426
2630
3636
1417
1599
907
2362
888
2966
1115
2350
2478
3483
3524
1646
1867
1872
1600
956
2203
108
367
15
2152
1471
349
1352
555
513
2042
1852
3914
1739
1150
400
834
34
995
507
264
742
1474
1611
1408
2357
64
3357
2644
1357
51
3320
72
1437
722
380
377
1223
735
612
233
773
1500
932
3459
993
1157
2214
2218
1187
2399
1194
1403
813
2298
259
228
153
1071
969
1255
685
2466
556
253
841
3392
1808
1236
2875
1134
970
545
2171
529
312
582
1315
31
408
2454
2075
448
699
649
544
116
54
2178
970
1125
1064
522
227
986
1252
3105
1423
1026
1046
1627
2266
259
2410
3460
1712
3540
1040
1675
942
3331
3392
2368
825
1191
1956
2138
1265
1820
1062
307
908
521
12
472
396
1679
257
1672
577
187
620
1634
1705
1671
3245
1361
2144
3936
2697
1978
993
928
2154
1755
2116
1610
1520
3366
1295
19
157
1738
964
2412
1036
2237
327
2975
854
835
380
1009
2093
1139
1021
1239
2140
3240
1616
112
1
1680
3643
1053
2945
218
1865
897
478
3639
1926
411
3315
1199
1782
1849
3155
2441
874
2460
1099
583
124
1619
1559
1176
1429
1614
2680
613
2007
1177
2097
1473
298
3662
1143
2816
3274
1045
1909
1498
2929
3063
2083
981
3437
2919
3745
819
1586
959
683
2751
2216
754
1396
811
124
1107
3308
250
1363
2807
455
1989
1046
3302
190
2914
1173
1057
2061
275
1568
933
3807
173
695
2308
515
3412
801
778
153
3482
224
964
1409
925
842
1145
1964
196
3648
1703
1593
1458
37
3117
3179
792
185
1247
2279
1800
1757
563
549
2920
762
1081
357
35
3826
1392
1308
3342
1298
3336
1577
247
2141
842
1115
38
568
3569
2431
2744
1159
1330
2466
1969
333
412
1376
2363
1238
1720
468
169
916
2901
876
308
989
715
977
779
3293
1577
2076
211
529
2444
1663
1936
1621
25
313
3335
2035
2003
171
1076
1525
1198
783
428
1280
927
133
1078
3027
641
368
423
3154
765
2535
966
1091
794
365
3939
1893
2424
3672
440
2417
1075
2763
3311
257
834
1499
502
2500
2028
2750
1180
497
1894
1926
2124
3250
458
3198
53
2384
185
1082
591
3318
3786
3073
147
1050
2725
970
1759
3518
3883
167
3038
1404
1263
2796
211
2090
1500
268
1967
1019
2239
1954
2455
752
981
2708
3178
1283
2089
587
1738
3500
571
1046
1499
504
855
903
58
1350
3533
709
3773
3932
1768
1409
2871
1803
390
645
1201
3605
237
337
2822
3948
2581
1518
408
2488
56
2515
1031
1596
1445
2287
17
1476
1627
168
1110
418
500
2107
1951
1806
841
1768
1891
1773
458
1592
4167
230
469
471
23
2244
153
1147
1268
1618
2167
12
2579
1994
3760
1568
3119
1996
1722
1603
1566
51
2106
2003
991
3436
2687
1138
1116
288
1042
1378
1212
2780
1181
477
67
2845
214
349
1793
157
2365
26
2958
111
2114
2066
473
2309
18
44
136
1919
241
442
1033
786
1224
52
1338
2838
1496
3542
1289
1706
966
1389
258
1189
1220
2055
266
486
144
135
23
62
727
2029
932
882
742
801
1514
1432
461
272
2535
2888
1706
1784
1944
2893
282
86
1641
492
1555
2802
1048
1882
550
3130
2739
758
2292
834
2379
738
3164
151
628
558
2447
740
3328
550
2639
2726
180
1257
1854
326
2079
435
1002
498
1262
1637
2359
2253
2202
1387
1123
1838
246
1521
1719
1706
433
986
223
952
1122
1397
952
1111
1846
1375
385
2448
1879
3291
973
185
1024
1119
2345
3536
207
3710
1469
2346
3274
85
198
26
827
925
2129
1097
2457
2466
3418
343
3124
1867
3260
1043
2509
2180
2508
428
2041
1867
2838
827
192
879
3107
89
1630
3203
2600
3788
643
679
1986
524
294
606
3241
746
2028
2080
3376
1423
226
1885
936
1389
663
549
2067
1498
487
2746
2981
1769
1235
2719
101
1039
1501
156
1004
702
1078
197
353
246
1069
1550
719
78
979
2504
400
174
594
103
288
2986
2278
1292
188
385
345
1725
2227
3006
695
192
2376
570
2849
76
1059
3396
1459
1378
328
346
409
1692
598
789
138
135
628
1156
2676
2952
2305
1949
3367
1136
1605
423
2150
540
1786
1204
7
542
2434
1648
2714
2657
1269
880
528
2423
1791
1505
2678
660
446
287
984
216
3924
2243
2956
3131
1225
31
1601
1693
1846
1043
158
390
773
3486
1284
2406
1662
32
768
2023
1593
32
3193
474
782
110
957
599
1096
744
1529
199
1009
218
2580
521
1248
196
1348
1453
1407
97
200
930
1879
1926
3430
2154
2597
146
45
1453
3078
501
1372
1288
3414
1650
1064
651
681
2755
3411
2345
1186
2906
94
966
1158
1012
2238
3653
3184
74
2556
1156
131
2557
2847
1892
3471
426
181
289
31
2122
1205
1624
187
1009
1408
3697
737
2361
1166
2407
2456
2374
1396
91
1020
2085
1308
998
1510
2638
3143
1257
147
1821
958
1653
3352
296
1203
404
625
1268
975
996
160
479
2258
2581
482
831
1611
278
143
1803
41
1755
2844
1068
3424
419
194
2336
3400
1373
747
1324
335
585
200
1138
1109
1247
1358
1129
1052
214
1443
1853
287
517
2837
1436
837
2232
444
2225
2501
998
4045
305
1818
478
3578
575
753
393
1118
1127
1304
3243
3248
1093
2019
3398
310
2168
152
472
1998
2368
3222
1003
248
2068
901
2778
1363
1517
999
1217
3468
1095
1248
1500
2938
2439
158
638
491
401
1070
2381
1618
3775
2244
116
92
424
624
1992
1525
786
2430
2821
746
553
2080
2642
3251
1970
500
651
116
3852
482
1354
2439
2302
675
2819
2410
253
1896
3282
242
1199
1607
2557
662
817
1325
564
262
195
1569
2124
507
1811
1980
659
2619
1573
1595
2372
438
884
309
364
154
1977
1950
1200
240
1279
582
699
2482
164
1018
722
982
601
258
1888
377
1511
1102
315
2387
1630
120
9
1280
2332
1941
1534
29
1402
1099
2404
1424
1880
551
750
1482
318
2725
3370
457
1333
838
1724
373
296
1140
2587
3285
2113
917
526
923
1964
62
1702
1650
1557
523
1891
1434
923
1894
1928
1491
1354
1601
1841
1078
363
1903
1114
180
144
2663
1524
155
957
3102
18
3435
2335
790
228
2759
1079
2910
1884
1527
132
2293
1049
1636
976
1156
891
269
77
1680
2044
2266
467
609
920
1085
1432
1295
922
219
1433
136
1621
1568
1152
2466
1713
1933
1715
2974
390
329
285
213
910
1865
778
1854
509
2199
550
1417
1923
2370
1171
111
2015
2365
22
1801
1812
357
914
875
1038
282
1160
2426
838
2878
2537
361
1972
2663
72
491
2218
1363
614
957
1360
3739
2554
1529
1732
2469
1021
1482
1767
1158
3454
928
1169
48
1047
2805
302
586
231
2479
2329
1086
870
2585
1057
736
237
755
2608
1331
980
1744
328
2605
3353
1281
1421
42
2506
2426
1957
1459
3566
2570
1326
1212
3060
2453
1776
1078
1366
2968
3826
2871
534
1347
2996
3478
1353
563
710
1112
1306
890
1019
1377
737
1334
1353
1382
2021
1981
1525
1611
2140
187
1600
1190
1408
2665
21
1387
1267
2488
1335
1706
3786
1411
2828
731
529
851
636
378
2296
1441
2308
1147
3
736
1523
4009
1285
2
1179
48
3441
953
2956
1410
3178
154
444
3478
666
1260
217
1627
1271
2315
687
102
250
1427
2383
1694
2900
1233
942
2937
967
560
700
1991
1700
1258
1541
504
2883
789
1228
1173
206
923
587
1426
1416
141
45
89
3270
2027
518
1517
2656
2995
2957
1559
3240
540
2666
219
196
901
48
3209
2610
2537
354
1406
2025
1641
1966
29
1619
4082
1666
3308
3276
1217
324
2133
2017
1911
1653
2736
982
1653
2046
1253
1517
2087
255
3417
76
3498
1474
1762
78
1208
244
1566
759
3142
2183
432
2277
1823
3309
1189
2324
2309
1278
441
932
3220
2346
1972
2479
2793
3140
3185
3048
3064
1224
2887
1620
1403
653
792
836
355
2420
2589
1698
3151
543
1859
635
525
2095
626
397
2318
813
1166
470
1695
2170
1489
3154
497
2649
1512
2224
2701
2449
1434
1440
689
3322
2286
2221
982
2340
198
1018
1692
541
2932
1407
1380
600
3491
3653
1255
1945
2260
1157
556
1432
1072
1900
981
1673
2652
2896
972
2694
1669
1445
2631
671
184
1964
838
1337
208
102
1677
103
347
1656
3501
1403
2797
1923
3400
2664
1556
293
2225
2397
2346
2208
703
789
2076
2537
928
718
2363
2567
1596
1902
887
1229
55
933
1618
807
957
484
1882
319
4181
350
2309
2242
733
3208
3894
3372
603
687
620
2021
1899
771
1374
464
971
1326
738
675
3289
1278
1061
1930
516
653
2212
787
3700
544
1255
1590
2419
2498
1576
1345
326
2163
968
1384
1528
283
1974
497
2491
2394
1020
1713
3489
2556
1668
2952
25
178
2935
2805
1949
325
1764
1835
2431
1139
701
1566
1510
1443
2144
1455
3212
820
181
2486
3534
1736
327
3199
1236
952
99
2990
2115
985
3203
369
711
1871
245
3630
677
2076
1420
1990
2979
245
2049
431
2211
1532
660
656
610
1056
4035
1545
1856
2191
2984
2442
3568
2247
1474
800
1605
3708
483
1285
2057
548
616
1066
253
1598
591
1394
148
201
2108
1990
1669
1752
1419
153
1848
2980
1711
2086
67
1828
474
14
2061
94
291
1375
1208
894
1680
1586
2059
2973
1539
1427
648
1275
1240
780
1632
1373
1241
1003
1153
525
191
1127
2532
603
2181
1263
674
195
3231
1283
2527
1327
445
742
3424
2259
2897
1132
170
1558
1633
1297
573
533
1901
2398
2257
1620
505
2271
308
2198
2112
250
118
2986
1935
222
36
2367
560
247
67
1445
502
2084
106
589
2727
855
1442
254
1229
2506
449
404
446
326
995
1262
144
4181
3303
1070
106
3110
182
961
3006
1783
7
967
3328
556
315
7
2689
3972
3206
263
922
2208
2294
2531
256
1747
2568
1204
1279
1059
926
513
971
2365
56
519
1526
2324
2003
244
1808
356
1430
129
2268
1802
1401
183
2102
2751
3096
770
2064
2641
295
10
3041
686
369
1309
1344
2850
429
831
2080
2504
1444
1107
2973
2680
2086
2863
2942
1133
869
1192
2188
139
3036
1387
617
727
715
3550
2356
2167
564
116
468
247
1562
3547
2076
2662
185
1884
161
3292
1772
1607
316
738
2122
2460
2963
2341
2095
1756
1692
3688
934
3688
644
2340
81
747
2185
2430
59
2307
2811
1423
3757
2401
245
3111
840
1201
1384
1430
396
476
766
319
570
1266
1091
930
129
2705
1378
727
3675
2474
567
429
1493
729
2754
1621
3942
432
147
1054
3045
2909
3014
129
2459
494
1296
2027
417
741
1174
2226
1716
577
3019
1837
3907
1810
3111
3328
1756
1416
1755
524
589
2208
333
870
1131
2298
381
1045
1258
3355
2485
2327
1871
2457
1773
2340
2232
3382
1481
2819
2112
2070
1965
1889
2156
1769
1420
1169
2031
3058
402
2391
3491
3344
3813
875
688
974
583
962
2752
1546
2590
1371
2355
348
318
3158
739
198
1435
1847
3227
430
919
589
3232
180
674
252
1
314
2068
1701
2019
1045
1167
2191
426
1990
328
545
219
2805
1601
296
1363
879
493
1664
1684
1878
40
1515
742
2766
1539
1153
1099
1963
98
2542
2576
309
1082
1103
672
406
2461
1301
33
2778
1183
2047
2084
1214
3275
219
722
3366
2639
865
2653
1460
3626
182
1904
527
2307
355
1431
1816
2
418
3476
964
1811
1875
388
1808
2654
2367
1970
4055
3370
2176
248
1560
675
3776
1431
2437
2089
3727
477
1265
1448
954
44
2107
148
1576
61
883
476
552
2224
1043
1255
1688
2789
1634
441
2136
2476
951
510
1376
1539
2732
2823
2648
363
2105
2818
259
961
2392
583
509
2073
2967
2
287
3148
427
2951
168
1533
571
2774
1361
1526
648
1376
3565
1048
541
661
122
479
3560
872
345
3085
1684
675
1758
808
1273
656
2270
956
1246
1107
2588
610
1874
3157
1391
696
252
1008
539
1662
1289
107
1629
1331
1392
2610
933
2501
1140
1892
2267
1568
2395
1681
216
1464
707
597
1462
941
292
1209
1832
426
1015
678
405
3101
1351
894
69
3400
1489
3482
940
1767
971
1554
112
3014
1803
251
653
2216
213
3566
1233
169
1087
2385
1874
53
348
842
3026
1004
1914
3127
2185
2078
1413
544
342
2778
1662
41
460
2458
1981
299
1071
2809
248
2193
1849
271
81
2558
1670
2646
1414
137
2073
2769
1112
447
1679
2512
621
38
383
1478
710
2288
2623
852
1489
1992
456
1851
986
2661
759
337
3987
2335
1832
2226
323
2514
405
819
1505
418
3076
573
1339
1466
1125
799
3765
2003
1667
219
572
850
3392
1740
3271
113
1757
300
1339
3131
2130
236
3943
1773
1895
1568
2924
740
715
3508
1012
1035
1049
2686
927
3043
3027
1843
745
2791
302
272
790
3073
2208
1016
262
1738
219
828
770
1262
238
557
2520
2097
1593
2761
2955
616
2243
1163
1105
935
524
2400
2242
4030
865
293
342
1411
2214
1708
1734
400
892
1667
1540
1384
479
2041
459
673
550
2360
1717
2439
1280
1424
1366
1069
1014
853
797
576
3215
2147
961
2162
734
1066
946
719
2646
243
1600
3096
1978
2311
3265
863
1272
582
2354
1147
1019
2719
1201
1599
4081
2432
842
980
1009
251
539
345
1336
1437
2277
60
1833
227
516
3313
1521
3714
208
581
892
2628
1076
185
3597
3047
3725
906
1095
3208
2713
1003
2218
1414
1750
1164
536
3440
212
3074
2143
2150
2007
3834
3176
7
1329
3432
2217
2078
342
1465
2
487
1461
60
236
18
531
1295
1648
1790
2806
539
1345
258
225
923
3157
3379
1429
2795
270
226
820
1125
2208
1029
1187
1454
705
679
2983
1089
364
725
889
1381
3832
45
2111
1637
770
1110
3498
465
355
519
2116
242
685
3554
1165
37
1641
552
2738
1925
1318
1962
952
2338
110
2471
1711
687
1297
1777
2778
3226
1069
518
155
3005
1827
613
1
3354
120
1937
2936
1257
1724
1063
1200
618
2554
371
2013
4012
1983
1002
269
34
1577
1275
1848
263
215
1314
1939
1141
1038
1258
924
1061
1749
2032
336
807
648
284
399
859
2434
924
2155
1321
3554
3147
737
1125
42
1147
1217
567
420
2421
1578
829
3600
1038
3509
517
3679
530
2327
516
68
1658
3171
967
3175
4
1978
281
2737
413
698
291
1205
1268
19
1458
1159
1918
2466
1926
658
1868
1067
3015
2507
2357
3427
438
1473
3442
302
2200
1237
1573
1338
1044
181
1413
558
1030
730
820
134
584
1364
93
3690
577
1365
1434
3
2470
320
1137
2177
1572
2402
1862
1010
425
1195
2321
584
377
2585
571
332
1958
1912
538
2439
2128
3485
771
858
598
1457
2992
385
1007
1300
1137
3334
1334
1876
396
2541
3564
1489
386
1296
1074
3742
3209
1075
323
355
2801
71
490
6
1918
1503
2466
4234
1492
4032
1632
778
763
3042
1259
600
800
20
1036
2142
1235
297
91
1305
593
1083
2317
21
1407
371
2211
2293
470
3751
3525
2958
1669
2519
1198
2824
3751
1894
1421
2145
350
35
1201
231
2250
2623
299
880
1753
210
1983
1702
727
3175
1716
1657
1245
1822
575
712
2972
302
859
275
770
1483
3285
1804
436
1572
639
1113
2427
2011
1164
1250
246
451
728
2016
1949
1248
931
502
2254
3626
837
3061
1469
426
1180
1619
329
600
896
2386
1364
558
113
14
749
124
2949
1987
1106
517
698
145
164
1510
1569
1548
2377
3041
284
425
620
244
609
3586
1794
364
697
3597
3253
763
442
347
1731
977
3332
3079
304
1300
3218
1114
2057
1652
721
2026
1866
45
2081
1385
965
2430
2141
773
846
3348
1111
998
1053
2922
480
2157
8
1423
2498
557
354
893
3901
820
472
3663
524
1033
2165
84
2355
345
132
9
318
808
931
150
2396
2082
2841
436
988
2167
1699
2761
137
479
1668
441
826
2900
2543
749
3369
2874
2302
1926
517
1690
2696
84
550
841
752
2227
2245
2649
1096
1933
1386
3056
1148
526
1134
1685
3229
2487
83
1942
913
1618
52
3799
3805
1109
462
3749
6
452
1149
879
1784
1948
211
1154
423
3272
2257
260
2746
1268
4070
568
1871
3493
829
2356
2307
2267
515
1289
2672
919
1020
1172
84
3875
722
2079
209
642
292
736
168
290
631
499
616
634
396
285
561
670
870
2658
2558
2695
494
654
1417
2551
1903
1377
1266
2353
2313
2031
849
2275
1378
1900
257
327
2536
3627
2630
857
339
296
1354
2605
71
359
2468
234
708
2348
863
294
208
2605
1922
1332
1167
644
2828
828
887
475
972
1316
4005
1039
198
2795
1865
1266
2807
2312
3829
232
1350
1472
2091
851
1245
405
2524
2454
143
2268
1867
85
1184
29
1419
472
1913
3012
1123
998
1724
1409
821
1531
1421
819
1625
2414
1517
1964
1208
580
1799
3706
4039
183
6
658
605
310
1145
1510
22
261
2641
3191
1681
1799
1131
316
3060
3568
605
1830
869
2739
3502
3610
1433
1206
3088
2015
3904
2402
352
1441
1474
1040
1114
501
1890
853
3283
337
2349
1882
782
3038
1448
2051
569
1589
2031
1438
3600
3052
1284
1337
1597
2756
29
451
1355
1230
224
2557
1808
970
154
86
1066
1164
155
847
325
2957
621
1442
627
547
3409
1467
3010
1019
166
2230
107
369
734
745
1987
423
1789
796
600
53
2071
603
3245
1435
1442
2943
2950
1707
1640
502
2830
1971
431
1926
1802
151
797
2311
1020
340
784
138
616
592
1675
992
560
1578
2757
2257
278
315
1722
3584
771
222
2207
822
1236
1835
1258
2554
1584
1786
2359
1741
530
1518
2640
2350
1087
2308
1449
654
1581
759
1863
3122
169
595
531
1338
321
531
1253
1074
3304
1508
1457
17
1067
2628
2867
39
2504
1195
1045
2194
1537
1574
1186
1634
107
1986
952
178
213
637
3980
39
263
2306
354
2808
3209
25
177
945
2408
104
2285
669
1842
91
3303
2826
1607
518
3418
1780
185
741
664
118
1120
2667
1026
994
1857
435
3200
382
829
510
1115
786
2626
2433
2742
2374
451
1109
2215
1259
2319
445
1055
2527
2884
1861
1043
864
1123
819
675
2793
784
1056
2447
403
801
196
2625
25
2550
3485
1784
1668
983
1614
3138
3125
1398
1681
745
1425
563
294
659
1254
1024
1553
1841
916
1308
695
3312
188
3703
3605
813
907
1024
3776
1867
1163
2083
1185
350
1170
888
840
3724
1423
1044
715
3065
2887
714
2188
1996
723
150
2620
1391
1013
2469
104
315
2211
2052
2538
1485
636
992
599
3535
2102
84
212
1818
1879
1536
546
17
2912
1408
2876
1485
1840
2114
1976
1291
764
569
1159
887
3791
824
1046
931
2092
130
2324
36
3819
2471
3432
566
958
3112
9
882
2252
2801
1658
819
1066
941
1353
270
1647
1036
1131
1240
1187
174
1312
1438
3392
1521
902
50
3141
1350
1263
3830
2848
1429
2195
2587
2536
1447
726
3575
2970
765
757
1761
206
352
1245
3205
475
3035
2682
3037
3015
1279
190
1634
2204
140
1877
1285
233
1388
2372
235
1844
988
2019
1324
2271
319
1360
635
224
780
624
450
1289
491
599
204
1284
183
806
2622
1543
1432
301
1528
342
1683
1414
602
345
268
3133
593
4160
1826
434
1279
1831
2229
540
888
3792
2305
3702
3258
2300
2031
3875
1967
2427
267
2518
1888
2812
327
41
2445
2189
3280
1407
2200
2533
252
779
2414
346
997
1293
477
2084
2995
139
1385
1049
1285
1738
561
543
275
653
2041
483
2202
1638
3038
1748
1393
206
2108
753
1721
15
2658
3157
666
140
506
430
1519
1258
1931
537
1846
2462
3078
3552
1885
2517
270
1849
1192
1216
4035
230
831
1937
2466
1255
1351
703
907
3072
612
1794
1125
1682
1355
689
1830
2781
2026
323
765
3622
2334
1307
1715
2938
1680
1697
1435
767
107
2661
884
752
2917
463
619
1869
194
573
1920
67
369
11
863
1796
9
733
1929
1262
2539
218
2172
3040
2843
1410
1964
611
1352
560
1228
1712
2780
2552
207
1869
2039
2209
1433
332
3680
2320
2275
39
854
991
447
290
95
1485
3206
1010
433
915
1661
646
4021
413
1324
1894
2455
2474
3187
230
1948
598
2285
3404
2296
1982
77
1457
881
1271
1029
88
2265
287
264
347
2491
1501
1645
507
50
27
850
1171
1043
82
2071
422
502
1358
1025
386
2629
1003
767
385
936
617
1395
535
910
658
2227
40
378
2915
1374
3247
1132
691
8
3121
1429
420
2725
1663
2465
282
690
817
2345
1853
1622
1253
1872
2316
1682
2811
308
169
2857
874
907
2447
204
2840
3334
674
2880
2042
649
400
603
2297
249
376
1152
3329
811
50
1643
2508
243
2444
836
3284
1120
1612
892
1017
1372
1072
1406
1691
2452
1110
2215
3752
1377
446
2881
148
297
816
1774
2794
1736
1084
32
1746
1365
290
1912
1689
74
1286
1476
461
593
2597
2040
46
1283
3524
1909
3074
3030
2126
3621
1124
951
518
55
2305
509
854
2030
1395
720
325
1196
2931
3192
753
1142
321
720
904
2047
4177
1724
1195
1890
3235
350
682
436
1448
186
284
1847
79
2644
986
158
1332
248
2430
2150
844
1214
3672
3718
1013
2073
23
1880
1390
1748
95
668
1913
288
357
2164
1
1108
536
2075
88
2611
1542
972
901
2761
1748
980
1132
1868
396
717
3255
1640
3754
1059
935
2104
1668
1398
2218
734
402
1182
261
391
335
182
2143
1450
951
1632
207
2608
181
490
1830
732
1224
2558
1579
879
1415
1104
525
2423
2086
897
1416
431
2009
178
232
1881
3589
1922
1688
2281
415
961
2283
2214
168
513
1612
1502
413
1084
278
1821
2905
2625
2991
1504
1633
1688
1538
1868
2633
1842
833
366
1866
708
339
1519
2056
3778
2449
3104
1450
1741
1841
3112
2209
3219
9
937
1650
533
1191
3026
371
1221
3187
2329
691
3624
1234
2665
1361
2883
995
2885
16
2104
3774
3365
1360
253
1418
2027
329
1629
224
299
3206
1079
2631
2903
335
791
1291
3290
2772
1106
1120
351
2080
4007
456
2015
3856
2999
381
545
3153
461
1595
364
1073
2929
1226
500
103
3
1437
524
437
704
184
1191
2863
1087
2412
2694
2948
505
306
309
1816
1350
52
2515
956
3779
2332
2766
808
430
2879
1618
1466
2721
503
2729
2427
3831
424
732
2465
1840
457
3804
1147
1877
663
423
2375
366
334
116
2009
1710
161
565
169
1822
2450
3427
65
1593
2297
1155
1884
1416
3655
143
865
850
357
1059
1017
3504
2417
1214
60
45
653
2710
1354
2503
293
2369
791
3471
525
2430
3505
384
2336
197
2520
2035
6
1045
831
2627
1436
2203
1030
989
1246
579
2403
1325
446
1054
2012
1962
4094
449
456
1370
3039
2573
3174
301
2815
1585
386
288
818
864
115
3209
886
1707
186
391
3780
1098
203
52
107
137
66
1215
261
1552
3158
883
1056
367
259
760
720
4045
1421
2938
2561
438
2231
1170
956
3856
1718
2311
1332
543
55
3299
1487
2276
2655
2281
2202
2050
57
768
1076
1060
1753
209
637
740
3180
2254
2416
2548
1649
57
556
207
679
193
851
1550
2100
1767
2211
3242
1134
2227
1410
1412
2486
334
912
2471
1353
838
1764
227
3487
378
178
1401
360
509
2585
2032
3341
2693
292
2131
187
550
1684
1005
189
1151
1114
401
2989
663
1941
1415
1057
299
720
1087
1100
660
225
3821
353
1435
1735
1633
1485
300
1668
1177
1252
1555
1482
482
3238
862
1975
2017
2142
1223
1797
336
744
640
3231
1344
419
609
588
203
2808
1556
2652
1996
1435
127
2558
2024
2692
2236
40
914
754
2112
2887
3199
395
1333
3725
836
46
873
27
2583
1783
1499
2263
784
306
685
385
1311
2329
2674
1110
3006
605
3299
2465
2083
2452
901
2414
2409
1572
638
1862
644
734
266
1128
2526
1778
1332
2023
2533
806
202
305
63
115
1543
553
677
1239
3483
1529
1375
72
708
3113
1703
3402
2258
1831
956
427
426
675
927
889
76
152
2356
437
3937
1059
609
1069
3091
22
18
540
330
2914
1536
1220
2096
1132
418
380
2881
254
3078
878
425
1281
1942
1595
634
1551
114
1154
452
1197
1824
2628
77
1232
1253
1417
146
737
2806
972
1352
1458
292
762
956
3138
854
407
306
2697
1875
78
1857
1001
1815
187
2082
751
1869
1089
2993
1127
155
793
681
1894
536
281
1316
1374
314
345
1806
2720
305
1046
46
676
1488
2805
2237
821
98
1958
1623
466
591
1120
3469
1002
925
1750
3824
821
550
730
2633
1994
1253
657
401
954
688
625
1613
671
413
362
57
1175
2590
653
1460
2505
375
2287
333
1935
1089
339
602
704
1032
792
88
1518
2182
249
2917
2445
3278
3679
442
586
341
114
2875
1033
3202
1719
876
1270
1489
597
1898
3772
170
1154
296
1200
1603
1835
1533
1880
127
1109
1662
3051
1110
1459
680
1227
1116
1318
3928
743
3299
1896
69
1139
215
3031
2578
3074
1096
1545
2256
1120
2973
503
2358
1498
1143
2399
1930
2061
466
1783
142
1012
556
2819
1369
273
1876
1795
3784
3188
3624
874
240
525
717
760
661
1783
1957
47
3375
2049
1862
2608
1175
1600
2876
1183
2503
1081
1419
3771
794
133
2933
333
1387
1431
714
3
2288
1624
1577
1543
3280
2294
26
426
1293
420
76
1231
1701
1706
1822
374
2891
2379
400
921
953
91
2678
965
110
2691
97
565
1841
2240
1739
1664
441
756
330
2196
3839
1884
3031
2484
1758
959
3746
3074
729
442
3919
2514
2045
558
2121
3555
873
1909
196
237
1219
2996
2295
1495
2248
237
2395
448
2548
777
266
1418
235
165
3805
781
1615
2039
693
2636
1767
53
880
1119
43
436
3479
3608
3557
1091
951
3011
995
3816
729
321
2728
1799
1847
158
1350
1235
2679
1102
1389
1056
3579
1107
2140
2340
2394
2008
260
279
1980
1944
183
1248
291
149
3443
810
651
1264
434
1812
684
254
1107
2836
1876
337
3403
64
3245
551
3719
636
302
2837
920
3627
727
118
342
270
2848
228
1258
1176
2510
142
3399
2982
437
2165
1543
1958
4006
2841
1940
684
668
1736
363
1156
2924
2195
916
620
998
1065
123
481
1077
1946
1773
785
1585
1271
3627
2270
1270
874
625
245
2528
779
649
366
102
1353
1912
1982
2600
3713
339
1922
2774
2741
1016
1148
754
288
2828
1063
2259
368
336
2933
1991
3340
975
1976
696
1824
439
853
2055
1
1644
1420
3132
2549
58
1158
2126
1830
395
375
1666
702
3552
1365
593
449
2883
1521
207
3357
1057
1371
1002
2579
149
2809
238
257
371
917
1862
861
554
1108
2645
454
1358
644
1272
236
1467
88
261
2239
1526
787
837
3016
1453
1295
3500
1825
4159
2482
3033
3122
1125
1228
2904
608
2073
1156
1415
3043
606
119
1995
1767
2485
691
378
3208
1165
718
924
2333
19
2533
2835
353
1838
3041
2828
1927
1842
750
1360
741
1294
1622
2041
1111
1917
405
447
1881
2807
1258
783
1587
1426
451
86
1640
2284
2251
367
873
1415
1486
297
750
1897
1244
303
445
3015
1925
548
3014
2365
572
547
2314
1885
340
2481
2304
377
1460
217
2128
1182
1698
938
327
2935
1921
240
402
1685
896
3734
1285
1686
160
79
55
458
796
2439
457
817
2935
1167
1188
303
2454
1508
2017
3548
847
970
1113
778
2082
1328
1053
308
1468
1223
3625
1456
2459
1076
1376
1079
219
3378
2900
1070
2998
921
2400
1336
784
1599
2733
362
2942
2488
3737
1301
3716
1328
1254
552
812
2066
1486
1434
3619
460
2571
1263
1433
1413
3539
2015
3586
186
2890
1939
852
174
3273
1497
1657
2292
561
1078
317
296
3738
3682
1448
1684
707
765
3020
2789
973
711
1846
146
2001
531
262
3880
407
3654
2071
918
1840
705
772
422
3582
1486
2610
50
2644
1036
857
1002
1339
1526
531
131
3350
1035
1533
609
626
3116
1424
785
3571
2540
1684
1856
440
2844
1157
3861
1289
2006
1750
301
2922
2
1007
2154
2587
1485
980
2701
1609
2315
482
1535
208
3027
352
3965
1336
1402
644
156
2165
414
1035
763
5
2295
2056
1561
1457
2590
230
690
536
367
1222
1281
1731
914
2502
2871
2572
2527
3510
1377
1190
3142
2424
1821
912
1473
3072
878
1561
1892
880
531
3167
1773
2036
424
3097
2287
1878
1109
2303
1808
2271
808
103
1756
1282
59
2024
1489
782
2861
1879
1425
3460
480
1701
2658
2517
1760
1082
3351
3438
344
2852
1123
1946
1140
1988
1082
862
143
2133
2195
1674
601
2667
1530
1642
2503
1753
4
2420
1712
1460
3215
2032
1181
3751
1046
316
329
1617
239
1839
194
3357
516
548
1978
230
760
307
1636
1233
1214
828
373
3089
3482
1305
2035
2359
244
1179
1345
147
1034
3027
430
227
1178
51
726
335
2821
486
2827
1799
849
342
3647
810
1285
392
1681
1144
281
3578
1293
1623
1372
877
2199
1961
2964
1607
3807
784
2115
401
3729
502
1766
943
1590
193
567
1026
28
1758
2605
3403
752
1085
2251
283
153
329
1809
901
1059
805
2012
1920
655
1629
1360
3032
140
686
1008
456
210
2313
1114
2710
757
1174
1112
77
533
3501
2303
147
395
42
741
2927
401
2060
1588
393
176
631
2245
2719
899
3031
2447
337
1314
192
1285
902
2190
2648
68
874
2166
2414
3919
707
516
777
183
1333
2245
1560
1635
170
120
2500
938
1339
2471
2738
1936
985
2855
189
205
1554
1830
1679
1207
3320
3400
1624
615
88
495
842
1853
1152
883
2218
168
503
1959
2272
1630
1154
2215
780
1184
892
120
428
1631
2025
3531
1025
316
2819
3137
2429
1906
2943
3598
30
788
1153
1362
446
235
24
69
473
1613
689
2399
2219
712
685
1278
555
237
4211
2851
716
1010
2394
1692
70
1392
3535
1139
3849
1496
1549
122
195
1097
2330
1747
70
1465
137
1039
751
2548
578
2014
454
3885
1699
867
817
2609
1693
801
1062
558
246
1836
2716
3895
2422
1580
2225
554
892
781
288
270
2751
35
2558
2369
2029
2915
612
2966
888
2283
71
734
27
2558
2296
2780
2801
188
3152
415
1544
410
477
1841
1630
1384
905
117
715
3446
303
2632
868
2114
542
3037
1779
683
1368
471
1225
2974
1396
3547
1571
2442
3672
1054
2329
81
1465
1584
498
113
1146
2277
2597
843
2934
347
2133
244
1041
234
1893
406
375
351
2761
750
0
137
2040
1679
1841
1386
2245
722
1402
1269
83
1039
1706
1212
1959
897
778
1082
3605
1870
1345
53
999
1356
2766
227
419
164
1209
458
1819
1387
26
1851
1285
2499
441
1216
2366
938
625
377
1408
1474
105
616
677
1703
264
1454
2306
1425
161
1219
876
3794
3167
2504
736
2966
3872
747
886
2440
788
502
1222
2677
209
1536
1544
1230
230
1511
138
3650
259
686
2380
2034
2562
7
3002
324
125
2906
2208
1664
531
362
1350
1965
1015
1203
884
1075
1457
511
44
3011
577
2321
635
2420
52
59
602
451
2397
2160
1103
1432
2107
418
887
15
2777
2343
2470
369
2982
39
38
1691
460
365
1463
2150
294
726
1823
29
1451
207
1119
4044
298
1000
1741
2016
890
591
2608
2096
2542
2274
273
691
534
763
3484
3890
309
265
556
1904
2849
1054
1547
1971
2742
558
1203
2162
2404
1827
985
447
1301
1081
172
2026
254
1350
195
1009
1567
1873
1207
65
528
286
1178
2152
544
277
3513
1253
2692
264
1164
1714
1801
737
376
2863
295
1045
1442
3841
675
459
1922
2407
473
1982
3034
681
468
1918
895
3097
128
2288
126
2309
826
2421
1888
360
2281
4
384
247
2471
351
3848
2035
1583
1477
1827
1028
96
1337
611
3278
950
3114
170
3955
4118
63
3053
2977
2785
2184
1400
951
2148
2170
719
3621
2416
3346
889
1974
3282
393
2612
947
1085
748
2151
931
1408
1673
180
61
1321
219
536
232
2905
712
1387
3354
805
861
311
1297
1712
593
158
2596
2606
270
1612
2848
1163
344
835
721
1835
3805
2829
3226
925
1197
116
2720
324
435
269
1336
338
1907
633
2275
349
1938
1061
1692
3387
3258
301
3659
260
1025
92
229
34
211
2605
994
1246
655
593
112
1690
2131
986
3
394
1107
1665
1065
638
526
402
341
2617
725
1949
2921
2274
1658
2779
1368
335
343
9
1699
568
961
1042
752
165
3454
1540
2482
1881
283
1594
769
361
1300
1
81
807
1621
1241
2024
3715
1180
1901
3458
271
678
1629
125
889
387
71
974
1531
3567
3254
2792
2014
411
17
1764
731
2782
673
1953
1916
1269
1626
752
2457
1057
927
2038
1540
311
794
3674
237
2090
656
475
1173
1617
243
3179
548
493
413
1178
1379
1258
2233
875
1327
2747
216
193
632
276
71
1827
1960
415
1501
1286
704
1610
520
171
1021
1890
1260
1697
3922
199
1142
1339
276
3094
2891
1207
684
438
2599
937
1504
781
1411
914
1337
1703
301
1421
1826
1393
2079
1804
1326
2550
1755
1412
654
548
860
1376
1357
3323
330
3112
1071
2658
828
2307
2530
1217
1286
2240
505
2798
115
1139
1144
1278
2912
1447
357
1578
532
3158
103
263
1229
1403
1910
1810
2109
3635
2085
2243
248
1231
1586
2480
1321
689
4111
1481
493
3038
2744
359
1509
121
2464
1090
1442
660
123
482
1434
909
1296
1969
3218
969
1667
2538
1963
1207
838
2009
940
1192
2019
190
642
356
514
1190
552
450
1297
226
2173
3093
2061
35
693
1239
980
1209
2808
1408
2545
821
917
2214
908
2394
625
2363
1937
726
27
1340
280
2960
206
741
2485
3098
636
1164
913
12
269
1866
2249
3405
2450
3676
58
774
1112
209
1431
1985
672
800
3753
3642
1447
527
564
500
438
3579
833
1158
504
1221
1787
2141
1
835
46
2019
1125
360
55
1314
939
995
458
415
260
1995
2116
2275
3398
1286
3259
1312
121
602
3208
486
416
3437
2383
325
12
1487
1150
266
3316
2044
715
2496
1389
2092
340
2018
258
2243
1492
359
3089
2610
792
802
1560
998
366
552
2118
709
3629
671
844
1103
2589
1983
310
435
2429
607
175
2434
2719
19
309
202
1920
2503
2250
2468
1083
1609
12
2669
1805
3130
476
1673
1465
1487
60
1125
328
917
74
203
2607
2401
2725
1272
465
432
2571
376
935
2383
1668
1228
2910
574
1788
1043
1848
2412
2723
271
700
1462
1723
2834
2859
965
1751
2851
1260
371
1165
2417
2448
202
3646
253
814
2116
153
506
1748
841
664
938
2337
973
976
731
1050
1692
1427
862
2498
1237
2179
159
927
1694
1185
2064
631
3076
296
1252
2940
1567
468
506
573
1540
1917
1493
1739
652
323
330
342
567
4171
1902
1707
364
1295
1777
72
524
1587
1707
2835
511
1282
887
2817
1730
2161
611
2229
124
271
1173
754
3186
1520
535
981
421
885
837
116
458
2990
2312
1544
156
1701
2508
107
665
613
1723
1526
1679
1522
491
953
1799
1475
1925
751
1665
2664
1409
878
2595
1812
959
1605
1500
1139
3456
1006
348
1007
2372
710
19
1032
1108
1129
413
611
144
1736
2612
3408
3585
907
1445
1312
1296
2138
943
884
1768
1245
3134
222
770
672
172
2835
2348
1719
2088
836
314
1144
1905
1084
274
1979
589
2876
1693
1757
1138
733
3317
2660
3267
1290
2690
114
2747
178
2368
2157
1975
286
10
142
491
283
513
1614
1748
351
1379
185
80
551
1395
1247
1099
1147
1082
1440
13
2905
1709
604
120
508
2061
1897
728
679
2069
940
2392
720
354
73
3605
2453
402
2638
853
835
1698
837
2356
1224
1866
1344
2329
880
1124
1413
1740
2100
1103
1434
1114
1299
724
1929
2824
1393
509
441
113
3172
624
2703
1259
966
2668
1353
432
1487
3417
461
3134
1613
1279
1655
172
2056
1232
2162
1140
1360
3894
1390
1983
588
1849
1361
817
328
1066
1632
1008
733
928
1625
3892
1944
583
2622
3659
1741
2105
3436
282
355
1599
3487
1192
132
235
98
82
2939
2474
2420
1972
1984
781
2746
1644
1374
588
1587
608
347
376
1536
1174
2688
2691
220
2163
1844
485
2744
425
783
1686
1003
1752
1111
1479
1432
2175
992
1736
2261
176
1431
3526
87
1279
960
775
1641
842
2754
825
983
163
1521
1027
929
133
918
836
2874
480
1311
2623
179
2146
560
1931
1776
2087
1768
3415
905
562
495
483
1917
298
1172
286
848
65
2201
1212
3073
3593
652
1953
2949
2573
2510
1905
108
217
203
2919
3335
41
1963
87
46
3228
2881
2931
725
648
2359
784
153
3187
2158
2534
2459
2862
414
886
2952
744
2198
3003
1990
360
1758
1716
258
142
353
188
1314
2366
2301
1257
1728
374
1089
2677
1410
374
67
412
1449
894
298
528
788
1204
2307
1460
1080
1206
3392
2019
2387
162
266
2043
1210
182
75
2719
775
52
283
3557
1931
558
503
3074
484
1702
197
1996
932
1478
327
2391
1321
2466
862
155
1264
73
311
159
109
2808
931
989
1227
124
1029
2874
1316
1001
1701
656
2455
3085
1152
1962
995
2869
195
1656
232
86
1636
2085
1248
1454
332
616
1396
2849
4096
630
1501
251
414
1502
2
772
3618
1144
921
2345
57
2091
1356
1220
1878
2002
1555
2114
2422
1915
552
1110
1212
10
1055
238
1187
255
261
1386
1706
80
2760
1419
2160
535
707
1832
2182
851
969
386
181
1079
29
659
789
2436
788
792
1577
3104
2465
764
751
2658
843
608
3048
1007
340
2149
581
707
785
2052
1121
243
1303
2955
1834
80
3653
1426
3862
3840
1164
968
306
284
1974
204
173
1372
1196
104
1236
2989
2426
3177
941
3541
517
1425
3751
851
2867
3581
1665
1190
4091
1042
1402
3478
2214
2936
1125
2089
2578
187
2448
366
443
1261
3470
180
1180
1248
1084
164
779
2128
1691
97
2323
1545
309
1407
176
26
1523
2473
3116
944
816
2094
1216
1011
1225
4057
1011
223
649
891
1233
462
2717
2901
1784
2564
17
1002
1909
2831
810
686
822
611
2545
392
2136
1156
1173
2662
257
877
748
181
831
535
2026
1555
324
181
79
2003
278
1483
272
454
96
2331
978
546
1215
3125
1140
218
1423
3418
966
917
2574
1039
1671
3100
729
1538
672
308
1505
974
531
1460
1311
2516
2670
3716
1213
3289
1619
329
1135
2718
872
2273
749
1143
3201
1792
641
51
3160
368
1979
3226
92
1801
528
2898
2239
2460
1351
944
2287
96
109
1461
3087
1245
1882
743
677
459
2465
1471
1152
1300
16
115
565
1647
2359
1995
943
1856
442
569
93
243
263
1108
997
3417
2051
3466
729
878
381
442
1701
1889
1004
461
2648
2013
1115
816
2697
3307
2581
172
3279
1784
1721
1411
1996
156
859
1213
1635
2434
93
399
2917
111
4120
3661
4141
6
1592
1973
479
1068
1104
1552
1769
1296
1154
72
618
68
258
1293
162
669
549
1711
1829
3435
2714
1686
3286
532
1318
74
3698
379
998
754
1350
691
3598
2970
781
2347
1409
3480
1345
845
121
673
2849
3021
2442
2428
748
470
2650
766
912
272
351
903
448
492
2736
176
256
2569
573
1009
97
2308
1939
717
2213
1618
396
698
1649
1309
256
2655
730
407
487
1114
2495
3306
3197
143
1398
1798
380
1230
781
947
1356
1340
583
487
379
2782
758
187
2741
573
3183
3482
851
167
3045
2733
858
2545
778
2064
2859
437
3009
1846
456
2784
1667
1488
1191
1559
4213
3428
1808
1238
3221
1138
2757
1680
2352
287
1301
953
448
392
129
260
545
386
694
2666
1011
3652
1932
208
1248
963
59
168
509
779
1283
2036
255
4078
2074
348
1377
1942
1691
696
3202
1499
1878
1394
307
903
1636
878
1433
544
2650
46
4006
929
39
653
1800
69
416
1649
1862
2836
78
1261
2287
1991
1194
3823
1119
1640
853
140
40
569
763
2896
1915
2558
179
1703
1051
325
1464
626
3191
306
429
575
518
2249
1869
2101
1962
2239
1127
3151
1070
2203
3360
2547
938
1288
3899
532
2455
2503
3089
1262
2606
823
2075
2686
2545
1815
3249
144
2080
2749
1768
3125
1980
3939
849
195
789
1744
706
2350
1926
1873
1165
275
715
2849
829
2424
1267
2036
114
898
2357
2717
1853
847
1443
747
194
1306
1991
51
102
815
886
890
430
1679
661
668
3803
2679
298
455
1788
695
106
2386
310
243
995
3409
1244
927
1674
4160
1471
3313
1339
26
736
1120
1437
1962
1184
317
632
748
768
1889
3316
1188
936
948
860
1242
251
53
1510
315
291
3668
124
664
2916
3737
70
2116
411
1905
2864
5
1517
1234
1100
1909
2
3138
1139
558
1689
2763
1430
502
2474
2133
2715
3584
32
4095
727
3233
1613
2451
4211
1929
1395
798
312
3972
779
2226
2633
549
1814
587
1859
554
293
1851
36
773
747
664
258
1627
1663
136
1054
55
2682
1295
262
2040
450
2492
3304
2792
1228
3110
2947
3530
1462
2329
997
368
842
3399
11
1978
573
2122
774
1900
888
3778
429
928
1968
1244
705
3696
82
1979
240
196
577
749
89
2132
2919
2465
3891
95
743
386
1137
286
319
2476
2233
1581
371
2164
1440
1908
764
532
781
3140
478
1926
99
898
716
364
515
626
891
474
276
1448
3212
723
301
1171
713
51
2277
1896
2419
596
3166
1836
463
1573
1816
2447
772
898
409
90
2109
3287
3265
798
693
55
2011
377
529
235
580
406
1752
78
2762
1676
2564
3072
2495
941
1657
3117
821
258
1510
13
2111
1371
1568
1148
545
2095
1667
1787
285
439
157
2715
280
2882
1711
2546
2104
4052
784
352
1904
63
1282
1224
977
77
494
1388
1347
1880
29
607
460
145
591
1563
897
441
974
202
3431
598
979
2769
383
1401
1150
1023
3461
1688
166
450
153
39
2094
387
3145
427
240
35
1607
1763
2492
1509
1334
2617
338
361
1507
135
2803
3072
477
2780
3458
1773
1454
319
1252
1286
189
803
3119
3009
624
2788
1878
1663
1393
1330
1242
208
1103
661
910
1363
837
1643
307
3038
393
3356
1218
3717
1275
1541
479
701
376
691
555
1603
1048
483
113
1319
183
840
628
1838
57
2262
3053
2526
1174
1416
401
2608
40
499
2208
1598
2316
490
3201
1308
2728
1290
2863
370
2760
1251
412
3133
340
1062
1335
1254
1164
310
1164
611
1930
2406
1497
1082
3258
2126
769
109
447
3022
3944
3490
3280
30
1293
743
1056
2761
84
315
1752
767
720
2746
1205
493
2981
1692
1062
113
1294
2361
787
2476
3033
139
1547
3029
2480
1027
144
2299
2199
936
2189
1404
984
3162
467
304
491
1980
412
874
1907
2963
1697
509
814
609
1472
1838
3617
3499
1772
1187
2659
281
1639
1533
3077
1281
1980
557
503
1025
1193
982
1729
375
2982
102
2042
2003
2131
2373
1014
1522
1454
1698
1804
3175
2435
4122
1059
558
1631
7
373
975
197
1339
247
1555
2367
560
3461
160
1576
596
153
1077
2697
1050
471
1424
331
1126
708
1977
331
2413
2199
245
2464
1987
1889
1867
2202
1461
3475
2035
467
702
2306
1022
1508
3008
2390
674
1205
2796
1005
425
1368
757
492
3025
1555
1677
292
2394
548
754
1652
793
319
1695
11
125
1300
1016
1293
2430
1772
2731
1666
1680
1771
219
362
1293
568
128
795
1534
1996
2116
726
1145
206
487
3135
1939
2551
1334
1546
1902
3810
2253
916
317
809
1857
1760
3371
497
1482
112
1741
453
581
1408
63
2136
2107
858
1012
2034
617
1951
1571
1600
452
2402
614
2096
1195
2071
623
1036
742
1943
1652
634
2467
1961
446
614
2607
681
2004
1309
2182
2132
726
1041
3353
2659
1845
1526
2770
1299
78
1293
1216
2494
3277
452
359
378
841
1641
3101
970
521
534
81
2049
727
308
2238
1690
1645
1665
1434
1023
507
1419
11
1127
1748
2245
3095
1384
264
3537
497
2315
1481
2866
365
3690
578
367
359
576
2662
2362
480
1106
1875
528
1468
1212
2554
1791
2577
516
1020
463
745
2474
2313
1514
1369
1005
956
2458
198
128
358
1017
440
1256
691
2319
1151
162
2009
2999
3426
79
2573
771
425
922
4029
1095
828
2886
1572
262
1563
2902
1892
1738
257
1483
464
2327
149
383
1144
1004
2822
477
471
2801
1347
1325
919
2186
1986
491
2479
53
2287
669
1179
1715
2293
2091
1722
719
3272
558
537
406
1615
1192
1449
936
2587
2451
1549
2038
1928
1738
2289
2804
1494
901
2652
1236
2975
875
2050
943
934
86
612
2116
435
138
610
3686
1583
1890
8
1346
1155
1136
945
1805
465
37
285
802
568
779
277
1034
306
1967
1757
2024
1599
1561
2091
2115
3765
408
2282
687
88
343
2296
732
18
1193
2235
107
2407
840
1074
296
2021
29
3106
2647
1786
616
28
759
989
1344
1163
3489
3957
3179
2949
2151
1766
450
1281
1919
3346
2300
1945
2399
2525
2437
171
591
962
583
1545
2465
172
700
1895
70
184
2556
2013
2337
3790
2780
1160
3150
3545
1073
338
2231
1024
170
2829
1193
1418
1120
1273
3379
268
582
1373
1536
1061
369
714
2031
959
1504
2882
1906
647
262
458
1193
2127
1449
1074
689
4205
358
2112
2451
1456
1350
295
2543
362
2748
1914
1157
682
234
80
263
732
1564
2953
1043
416
1876
800
2795
1191
2031
715
691
3038
2695
160
2238
1701
496
1210
2107
2542
675
2515
3052
953
1585
2334
3042
2881
2707
1699
2025
1640
1843
1940
2434
3120
2064
1053
1120
2660
1589
1225
522
685
2583
1188
1357
1596
3242
669
218
2497
634
1323
358
3528
468
1723
883
1710
2389
661
1474
2472
402
558
85
1229
418
2043
3501
2202
1776
1270
2286
2968
261
659
1040
680
555
2369
1421
2050
441
1165
312
1635
310
2936
1244
1998
1196
724
1412
2526
3018
1229
91
2156
1276
1474
3764
1929
2054
802
7
2611
2312
243
3020
2568
972
2463
699
786
407
1156
27
3179
765
1143
641
472
3843
1285
238
1842
2903
3651
1648
1162
1864
78
1943
101
792
1219
3114
1845
468
348
679
984
1420
3559
2133
1970
724
449
2961
2101
786
2188
1893
541
1196
1610
2618
2714
1598
830
1153
1298
907
1816
2175
1223
2523
1440
713
162
1562
1248
1739
1524
1239
984
217
2192
2596
2068
2443
3080
2399
2373
2237
339
32
996
1267
1108
2372
1940
1496
366
2229
2788
348
3497
2885
1236
2387
605
3159
1977
2455
1776
1624
710
2920
393
895
12
2044
1125
1267
114
185
94
2555
402
517
2384
275
1244
622
1489
1513
920
1252
100
155
1969
75
3195
836
809
376
701
1145
1964
1216
1020
2459
2253
3724
2156
2562
2700
79
403
2307
3940
2029
1199
1403
2167
2629
261
2855
1099
2582
837
878
1072
268
2860
1367
938
139
2619
1575
1940
2725
3550
2104
1833
3056
2920
380
1130
446
893
483
1602
833
674
3958
3589
2938
1616
2926
1191
2224
3720
175
2
306
2554
342
718
48
571
1936
1622
615
1778
328
1795
120
1216
2468
1466
346
1369
3116
1572
3082
2359
689
2234
3104
29
2004
1774
3922
1483
339
2522
1798
2360
3101
1070
3749
1620
189
1049
2287
2486
3307
751
1500
482
4111
823
548
1068
331
463
1751
1313
1580
131
3650
869
821
2546
2097
498
1304
2370
2017
3106
49
1879
3661
2053
600
2165
1935
1772
3789
147
49
2689
1723
563
1905
2848
743
273
102
813
802
1385
2041
606
1546
685
1253
1468
918
408
2468
4126
945
3732
1554
923
1974
407
2658
231
3376
685
153
1829
1669
2482
3525
572
806
423
1508
545
387
537
1205
1030
1299
3177
1739
2838
2197
2838
2652
459
1141
2960
2598
202
1904
576
334
799
420
1977
895
666
1554
157
483
1838
1069
1063
1410
1067
885
493
1447
3194
1089
1137
1990
1189
2460
1982
1067
2016
851
71
794
2143
1104
361
1759
1068
3116
3240
515
1035
1733
751
3761
1289
1707
1199
2388
1227
1240
1526
2833
1364
224
1771
825
831
573
2349
316
1694
1665
899
818
2457
3341
1341
271
412
43
358
3420
460
3461
4017
953
1321
1933
2128
1345
2787
3843
515
1282
1691
989
179
3014
192
410
2799
3304
1903
1648
1487
880
2475
631
2433
1504
797
2736
559
341
607
2147
176
3746
2378
1382
2390
4269
65
1544
1870
1928
1862
1679
2868
3708
1633
2220
2292
620
3429
1414
1594
2973
1344
2198
2631
67
668
1858
1290
306
2394
2471
2136
1950
746
1444
1288
2195
739
961
1301
328
803
1375
2230
667
3441
238
3113
2481
24
1296
3071
582
2579
84
974
1268
276
2980
1226
217
2108
18
791
1401
26
859
3011
3
820
1128
2253
1152
3182
506
3762
79
63
3518
670
835
374
14
251
2888
26
1745
1951
1245
1957
630
148
858
2675
1227
1455
370
1161
1470
2125
932
1518
1728
1040
568
2218
1901
97
1409
2754
1699
1062
1994
2462
1608
472
2016
177
64
2288
1665
1500
2264
1101
2062
453
880
1277
3502
642
755
494
904
3204
1983
2946
2545
105
2455
889
121
191
1363
1368
1237
840
2527
675
418
402
1120
767
779
157
2192
2397
2777
190
848
1164
209
2213
655
3875
1737
212
2870
2073
3808
2397
2754
2486
1740
91
1581
685
608
2178
599
371
423
2254
1823
1390
1494
1997
351
1343
637
773
449
1260
1684
143
172
29
116
299
2482
2076
2514
1177
277
1584
2247
388
984
1398
3011
893
446
9
3761
1628
544
2698
1453
2528
3076
3030
1229
142
2689
1148
110
258
1191
77
1692
1787
379
243
668
2821
295
3074
3308
232
1217
3702
446
1564
2394
1396
2853
2174
439
226
1712
2507
2576
2612
2850
2962
307
1215
107
1540
3146
2
660
846
1120
2020
215
721
2037
1158
519
315
235
3076
2868
1354
524
2035
960
3245
439
927
559
1198
918
1925
1927
455
933
1720
4099
3860
2022
367
190
3007
303
581
1261
354
150
2355
2841
2479
1837
187
706
673
2009
2988
924
1796
2165
1321
949
21
554
2173
110
1907
163
2012
907
2072
2218
2388
1757
273
1923
159
2785
2832
137
73
6
2658
2296
2382
1145
1848
995
1586
1648
718
1201
2453
1268
1002
544
990
2255
760
99
1237
3552
544
1860
902
780
438
784
862
559
2487
2256
802
372
838
2509
356
2226
2393
344
310
3141
1111
593
324
2326
1122
1123
1075
1097
2327
263
1707
845
403
445
2036
1173
1153
220
1052
1122
1386
1797
1725
939
262
10
1886
749
3042
2442
3920
1133
1851
140
