999863487 984244952
335526648 119653296 50000886 20324077
876806795 873021478 626217654 454851251 435815401
924698100 784116775 561198897 555679258
907559906 659647614 496318538 416427491
754053919
873855130 793522172 754053919
981823116 878733295
899916279 648153900
853458544 803615098 739447208 489899942 435815401
870152622 695223064 421435545
870152622 513524708 230394661 126665651
980133134 912030365 873855130 776495964
980133134 947465542 873855130 873021478
873021478 701389792 535134772
934724268 883269685
873021478 732409588
917147287 883269685
873855130 793224368 754053919
834961678 579167382 560898372
889528895
980133134 873855130 774494718
980133134 941666738 875159651 873855130 873021478
876806795 626217654 371809870 245415757
754415051 754053919 745362244
980133134
783613818 741298840
873021478 805895090 773829432
956880090 865950919
873021478 695223064 663763641 635256254 499947184
873021478 803615098 499947184 444343462
930403234 732409588 671939712
754053919 745362244 695223064 484354039 435815401
895429498 745362244 685812344 519261565
870152622 859035449 706551014 510921190
917147287 883269685 803615098
999863487 907559906 782736890 763373379
803615098 496318538 489899942
924698100 644291794 606755927 435815401
883269685 824310381 754053919
899916279 883269685 873021478 644291794 636424457
873021478 754053919 745362244 635256254
980133134 873855130
855171273 706551014 435815401
907559906 873021478 832131201 673376405
933348898
919892073 886474652 873855130 754053919
980133134 902229346 873855130 870152622 754053919
991511802 667691887 496318538 310471121 35030069
980133134 895429498 873855130
974554846 902229346 870152622 461635767
774494718 623551991 466632644 102531486 86923936
883269685 865950919 644291794 553941332 480397724
873021478 800097660 637312201 635256254 618694511
826025116 804904121 724004451
980133134 917147287 883269685 873855130
984244952 883269685 730404526 696692633 695223064
865950919
889528895
873021478
791225180 769793758 644291794
907559906 832131201 646347606 630381124 435815401
864618543
811071941 688308186
912813117 899916279 781328741 535134772 499947184
873021478
923177168 901898721
873021478 829700096 754415051
999667320 873021478 695223064
991511802 985958957
883269685 800508926
917147287 883269685 873021478 834961678
732409588 657909988 657637514 554863737 547258950
981151605 706551014 617331793 596541239 570018728
865950919 555679258 414100174
980133134 895429498 873855130 859008551 785985367
859035449
895429498 802136194 706551014
980133134 934724268 883269685 873855130
873855130 754053919 745362244 706551014 577107245
808127059
933348898 907728800 795442771 778207118
583977476
899916279 873021478
930403234 873021478 805895090
883269685 826025116 644291794 633768029
754053919
980133134 873855130 873021478 754053919 746193623
980133134
917147287 907559906 883269685
808127059 792436612 745362244 682934261 604641205
826025116 816133696 724004451 634184880 566413625
788131854 783613818 745362244 741298840
772870219 381528206
938561523 519261565
754937271 745362244 657637514
873021478 695223064
996167657 859035449 706551014 644291794 599251699
907559906 873021478 834961678
644291794 540110969
980133134
745362244 672944204 644291794 435815401
826025116 754415051
981151605 873021478 570018728
745362244 438554006 435815401 416427491
864038681 803615098 690733089 496318538 489899942
980133134 873855130
917147287
886474652 876806795 706551014 626217654
873772027 300081032 252508651
907559906 832131201
921151246 907728800 847382162 754053919
970172790
918415038 807843019
947465542 873021478 614722312
806355321
907728800 899916279
873021478 536261459 416427491 126665651 102531486
907559906 832131201 804904121 630381124 411723473
873021478 732409588 657909988
889346727 870152622
907728800
917147287 883269685
883269685
830681243 701389792 535134772
981151605 660790061 644291794 571481247 570018728
873021478 579167382 560898372 499947184 494340094
826399303
907559906 804904121 411723473 281845424
980133134 873855130
883269685 873021478 738146021 688308186
840677134 763373379 671939712 466632644 416427491
980133134 934724268 883269685
892055249
732409588 579717552
915121261 793124775 779078458
873021478 793124775
883269685 873021478 824310381 644291794 601006559
883269685 824310381 696692633
981151605 570018728 555679258 416427491 140242253
826025116 791225180
907468924 889346727 883269685 745362244
917147287
980133134 915121261 873855130
856982505 783613818 741298840 644291794 623551991
549078301 538872265 499947184 498369890 454851251
938306051 907559906 818406185
980133134 873855130
895429498 754415051 754053919 745362244
907468924 900264632 889346727 873021478
739445704 432505130 369214186 254068489
834961678 535134772 499947184 462316438 444343462
902229346 870152622 686669354 657512693
583977476 552914568
966786121 873021478
873021478 829700096 826025116
793224368 553941332
726031933 706551014
466703234
972892938 763774673
796183961 637312201 618694511 583089763 570018728
924698100
934724268
657637514 547258950
907728800 902229346 870152622
931128306 930035958 907559906 876806795
966307430 907559906 865950919 782736890
804904121 724025095 566413625 416427491
921151246 903530490 745362244 717468380
972892938
873021478
889346727 863703461
873021478
921151246 903530490 745362244
889346727 873021478 745362244 717468380
902724261
980133134 955476126
985589883 902229346 870152622
772870219 709648979
883269685 644291794 553941332 492248414 435815401
966307430 907559906 873021478
980133134 945825121
873021478
886474652 873855130
914892548 889346727 870152622 745362244 717468380
804904121 664544737 558053091
876806795
980133134
980133134
980133134 874886897 873855130
991230221 899916279 873021478
873021478 859035449 772870219 706551014 499947184
710070291 525930983 466632644 290821966
933348898 821476519 795442771 778207118 31936308
899840692 803615098 547258950 489899942
873021478
883269685
917147287 883269685
933348898 907468924
899840692
873021478 840677134 763373379 654085381 454851251
963589596 435815401 193993679 190440924
980133134 873855130
873021478 745362244 682934261 498369890 454851251
907559906
980379145 873021478 754053919
999863487 899916279
980133134 889346727 873855130 754053919
947465542 873021478 796183961 583089763 535134772
980133134 907728800 873855130
873021478 791225180 719146845 499947184 445997626
811071941 635256254 444343462
899916279
873021478 834961678 644291794 416427491 167244027
956880090
895464845
686669354 657512693 435815401 416427491
911812989 901204439 899916279
963589596 346676663 190440924
930403234 732409588 657909988 554863737
902229346 870152622 827259522
933348898 854315187
868500380
808127059
907559906 873021478 832131201 827471286
991511802 986756451 873021478 688308186
915121261 499947184 498369890
902229346 873021478 870152622 791352641
870152622 793224368
980133134
901898721
907559906 832131201 732409588
873021478 754053919 745362244 688308186
873021478 805895090
873021478 805895090 732409588 645985060 560898372
873021478
984244952 883269685 873021478 818402268
917147287
933348898
907559906
865950919 684254689 566413625 416427491
926217596 873021478 870152622 579167382 560898372
923177168 889528895 888875362
907728800
963589596 773829432 754053919 745362244 540430727
754053919 745362244 695223064 483136835 435815401
901898721 883269685 873855130
873021478 864038681 499947184 496318538 444343462
853458544 739447208 644291794 571481247
895429498 873021478 627035866
956880090
870152622
917147287 739445704 686932973 369214186
899885876
933348898 795442771 790549514
801057512 793124775 635256254 522056407
748445926
980133134 899916279 873855130
864038681 808127059 611408319 497912197
873021478 816133696 435815401 416427491
933348898 795442771 778207118
995130225 870152622 761709289 583977476
995159721 657121334 600859877 452132974
917147287 886474652 883269685 706551014
864038681 826025116 724004451
899916279 873021478 870152622
980765232
980133134
899916279 873021478 853458544
873021478 826025116
873021478
920742345 886474652 706551014
912030365
763373379 745362244 435815401 424460517 416427491
899916279 873021478 860431479 823788637
902229346 873021478
826025116
745362244 717468380 644291794
924698100 899916279
821476519 754053919 745362244 644291794 484354039
980133134 873855130 754053919 745362244 657637514
889346727 745362244
873021478 840677134
980133134
863703461 745362244 717468380 633820806
926217596 870152622 742581714 644291794 527214380
907559906 832131201 541054701 416427491
745362244
907559906 832131201
496318538 468141738 435815401 310471121 102531486
947465542
980133134 970172790 873855130 825389870
873021478 677960382 579167382 560898372 499947184
980133134 873855130 754053919 745362244
980133134 883269685 873855130 754053919
865950919 772301725
907559906
903296125 899916279 873021478 808127059 539758730
883269685 873021478 800508926 701389792 644291794
981823116 873021478 754415051 754053919
873021478
931679721 732409588 511855761 416427491 411723473
980379145 783613818 754053919
991511802 140242253 102531486
931679721 742581714
808127059
980133134 873855130 871354596 865950919 772301725
889346727 883269685 800508926 745362244
816133696
933348898 827418929 795442771
980133134 873855130 754053919 745362244 667746637
884450176 873021478 803615098 777924792 499947184
889528895 888875362 732409588 387369686
980133134 873855130
873021478 499947184
883269685 824310381 745362244 682934261
793305524
907559906 870152622 832131201
644291794
873021478 764058905 499947184 496318538
873021478 793124775
873021478
873021478 706551014 617331793 596541239
870152622
840677134 763373379
966307430 907559906 782736890
933348898 899916279 873021478 856595621 795442771
870152622 838051884 671615314 416427491
873021478 747122057 724025095 701389792
870152622 754053919 745362244 582870168
899916279 600859877 499947184 444343462
873855130
980133134 873855130 870152622 754053919 745362244
999863487 892055249
874886897 873021478 754053919
825389870
995159721 963589596 873021478 657121334
980133134 873855130
745362244 717468380
980133134 873855130 873021478 800097660
820459572
933348898
873021478
900264632
873021478 811071941 745362244 499947184
963589596 918415038
947465542 915121261 861215902 779078458
980133134
907728336 873021478 805194788 793124775
980133134
986756451 873021478 688308186 557444884
873021478 805895090
889346727 745362244 717468380 695223064
924698100 889346727 829413595
902229346 873021478 870152622 647071356 461635767
875060980 873021478 772870219 499947184 444343462
873021478 805895090
980133134 873855130 754053919 745362244
688308186 498369890 493664665
924698100 854963889 732409588 579717552 435815401
980133134 873855130
933348898 902229346
745362244 566413625 488963766 435815401 424460517
496318538
966307430 907559906 873021478
793124775 701389792 535134772 499947184
980133134 873855130 754053919 746193623
981151605
923177168 889528895 888875362
970185337 956880090 865950919 808127059 416427491
754937271 657637514
980133134 884390881 883269685
933348898 856595621
931128306 930035958
895429498 873021478 519261565 499947184
907559906
889346727 826025116 745362244 724004451 717468380
907728800 907559906 832131201 754053919
853458544
963589596 907559906 832131201 827471286
873021478 826399303 684085718 555679258 549078301
980133134 873855130
719146845 635256254
907728800 775787084 763373379
873021478 863703461 784656829 745362244
895429498
875060980 754053919 745362244 533727793
980133134 884390881
754053919
899840692
956880090
918415038 873021478
873021478 803615098 688308186 498369890
981151605 924698100
980133134 899916279 873855130 873021478 806577724
907468924 889346727 745362244
917147287 883269685
917147287 884450176 883269685
980133134
907728800 754053919 745362244 716670645
980133134 968612497 907559906 873855130
902229346 870152622
995159721 873021478
984244952 883269685 818402268 816637274 695223064
980133134 873855130 873021478 754053919 745362244
907559906 832131201
941666738 805895090
972892938 873021478 454851251 126665651
931128306 930035958 917147287 907559906 883269685
933348898 826025116 795442771 778207118 644291794
663123315 494340094 371809870 260900122
863703461
873021478
826399303
907728800 804904121 754053919
980133134
907559906 886474652 832131201
938306051 907559906 873021478
999863487 763373379
917147287
899916279
883269685 870152622 644291794 553941332
773829432 754053919
873021478 609217640 555679258 235926291
980133134 873855130
694923672 343786102 335526648
688308186 638865202 572487893 560898372
886474652 859035449 466882635
895429498 583977476 552914568 519261565 435815401
947027961 873021478 864038681 698514792
886474652 706551014
783613818 774494718 725381566
873855130 873021478
999863487 854963889 763373379 751456997 732409588
995159721 873021478 499947184 452132974 444343462
970172790 644291794 561567626
907559906 877292418 803615098
873021478
732409588
889346727 745362244
895464845 424083408
996167657 865950919 644291794 599251699 553941332
980133134 873855130 803615098 785985367 754053919
934724268 883269685
931128306 907559906
955476126 884390881 667746637 536908249
981151605 873021478
933348898
980133134 907728800
931128306 907559906 818406185 644291794 599251699
883269685
902229346 873021478
803615098 795442771 644291794
583977476 552914568 416427491 317208194 216441941
890797004 873021478
980133134 973992779 884390881 873855130
907728800 775787084
884450176 873021478 773829432 754053919 745362244
883269685 739445704 644291794 553941332
805194788 745362244 686669354 681392273
933348898 826025116 795442771 778207118 644291794
907451532 899916279 873021478 706551014 495628488
886474652 883269685 824310381
811071941 499947184 454851251
646935960
754053919 745362244
907559906 832131201 826025116 715177810 566413625
980133134 873855130 754053919
956880090 865950919 745362244 672944204 435815401
933348898
865950919
803615098
984244952 883269685
963589596 933348898
980133134 956880090 873855130 865950919 825389870
980133134 930403234 873855130 825389870 754053919
899916279
864038681
889346727 783613818 745362244 717468380 651684881
980133134 873855130
873021478
915224804 873021478 793124775
806355321 717468380 682934261 424460517 424083408
963589596 873021478 733350935 548283801 499947184
947465542 861215902
870152622
992203072 873021478 754937271 701389792
873021478 826025116 566413625 498369890 454851251
907728800 873021478 754053919
873021478 644291794
917147287 883269685 873021478
980133134 873855130
999667320 873021478 657637514
907728800
901204439 873021478
803615098 644291794 489899942 442141128 435815401
873021478 860431479 700897611 538872265
754053919
874886897 499947184 498369890 454851251
983385271 873021478 870152622 761709289 527214380
754415051 754053919 483136835
902229346
980133134
487753442
873021478 754053919 745362244
917147287 901898721 829695921 775852546 661648454
873021478 747122057 745362244 717468380 701389792
873855130 873021478 754053919 745362244 744613941
873021478 805895090
933348898 873021478
931128306
972892938 855171273 411723473 351785408
899916279
889528895 888875362 884450176 873021478 732409588
924698100
883269685 875060980 825954712 644291794
931128306 930035958
924698100
706551014 695223064 435815401
873021478 772870219 644291794 499947184
864618543 783613818 745362244 739476669
873021478 870152622 832010206
803615098 644291794 507965433
992203072
785985367 746193623 476420573 421317973 402121338
917147287 883269685 732409588 644291794
974554846 902229346
980133134 873855130 754053919
686669354
883269685 795735240
926217596 365957294
742581714 644291794 416427491 281845424
876806795 742581714
917147287 883269685 840677134 763373379 654085381
108892917
933348898
667746637
899840692 865600422 826025116
873021478 860431479 499947184 444343462 416427491
901204439 644291794 416427491 167244027
991511802 901204439 494294596 416427491
980133134 873855130
974002844 917147287 907559906 883269685 832131201
859898822
907728800 779153672 754053919
865950919 772301725 609734669 496318538 468474964
941666738 873021478 805194788 686669354
873021478 499947184 452132974 444343462 435815401
917147287 883269685 644291794 553941332 536406076
873021478
907559906 873021478 832131201
920742345 886474652 783613818
873021478 870152622 579167382 560898372 505920804
895429498 873021478 519261565 498369890 454851251
974554846 902229346 870152622 804904121 580192909
933348898 907728800 795442771 778207118
915121261 873021478 764058905
902229346
926217596 899916279 873021478 870152622
899916279
941666738 907728800
907728800 873855130 793522172
870152622 868500380 670637998 495839518
911812989 899916279 873021478 648153900 555679258
985589883 941666738 902229346 873021478
915121261
912089571
931128306
899916279 873021478 732409588
789743035 747122057
986756451 980133134 884390881 873855130
873021478 783613818 741298840
883269685 657637514 644291794 633768029
991511802 826025116 724004451 665777902 634184880
815481584 742581714 686669354
873021478
907559906 865950919 859968091 832131201
870152622
947465542 945825121 899916279 861215902 614722312
956880090 873021478 865950919
895464845 873021478 772870219 745362244
902229346 870152622 791352641 655287884 566413625
884450176 873021478 826025116 724004451 634184880
900621870 803615098 774494718 725381566 623551991
934724268 901898721 824310381 775852546
931128306
934724268
901204439 883269685 644291794 627883056
899916279
876806795
876806795 865950919 772301725 626217654
956880090 907559906 865950919 782736890
980133134 926217596 873855130 870152622 754053919
980133134 929121257 873855130 754053919
793224368
907728800 873021478 779153672
899916279 873021478 374346870 358168532
826025116
917147287 883269685 644291794 583977476 553941332
986756451 688308186 557444884 535134772
865950919 754053919
915224804 763774673 736310331 732409588 579717552
745362244
924698100 873021478
901204439 855171273 584272642 411723473 395050040
583977476
980133134 899916279 873855130
980133134 873855130 864038681
899840692 873021478 865600422
883269685 644291794 553941332 254068489
907559906
907728800
907728800 898668009 873021478
873021478 754415051
873021478
873021478 783613818 644291794 562135352
980133134 873855130 873021478
803615098 695223064 649316295
899885876 873021478 745362244 560898372
911812989 899916279 648153900 635256254 499947184
860431479 416427491 411723473
947465542 873021478
912030365
907559906 832131201
980133134 873855130
907728800
901204439 584272642 494340094 435815401
804904121 745362244
899916279
933348898 883269685 854315187 795442771 778207118
889346727 873021478 800097660 745362244 717468380
873021478 854963889 732409588 627035866
965688796 873021478 732409588 454851251
980133134 947465542 873855130
980379145
873021478 688308186 671939712
701389792 673376405 535134772
980133134 873855130 774494718 754053919 746193623
907728800
873021478 585500247 499947184 444343462 343786102
873021478 793124775 732409588
980133134 884390881 873855130
963589596 873855130 793522172
744613941 672224856 444343462
873021478
873021478 745362244 635256254 499947184 444343462
853458544
917147287 883269685 732409588
820459572 742581714
706551014 479874172 435815401 416427491
917147287 883269685 671939712 647570410 644291794
912813117 873021478 706551014 641310778
933348898 873021478
914892548 870152622 312192058 248645094 105641805
873021478 744613941 684085718 672224856 555679258
902229346 873021478 870152622 805895090 560898372
868500380 803615098 495839518 483768539 425738251
980133134 873855130 754053919 745362244 628555183
907728800
783613818 741298840
805895090
956880090 934724268 883269685
873021478 688308186
980133134 901898721 883269685 873855130
980133134 884390881 873855130 777512980 754053919
907728800 883269685 824310381 775787084
706551014 695223064
907559906 832131201 827471286 630381124
933348898 795442771 646935960
870152622 495839518 435815401 416427491
865950919 754053919 745362244 483136835 435815401
873021478 865950919 859968091
671939712
873021478 774494718 623551991 498369890
873021478 784423630 535134772 499947184 444343462
980133134
907728800 754053919 745362244
808127059 604641205
873855130
895429498
873021478 826025116 793124775 586663942 566413625
907728800 873021478
907728800
986756451 901898721 883269685
980133134 873855130 873021478
873021478 710070291
980133134 899916279
945825121 907559906
873021478 803615098 549078301
980133134 873855130 785985367 754053919
864618543 802136194 745362244 739476669 717468380
873021478 861015689 688308186
984244952
907728336
754053919 739476669
981823116 878733295
963589596 915121261
873021478 861015689 499947184 444343462 416427491
750228828 560898372 444343462 409121273 330979774
980133134
886474652 873021478 706551014
855171273 732409588
924698100 864038681 829413595
745362244 717468380 644291794
596541239 395845364 209225051 92268083
873021478 805895090 560898372 499947184
912030365 900264632 873021478 671939712 466632644
924698100 873021478 816255589 784116775 688308186
905735454 873021478 754937271 688308186 657637514
999863487 763373379
706551014 596541239
555679258
958970271 688308186 635256254 557444884 499947184
889346727 745362244 717468380
964147578 924698100 784116775 561198897 519429297
984244952 824310381
907728800 883269685 779153672 754053919
871354596
933348898 860431479 795442771 644291794 167152756
912436120 901898721
956880090 865950919
865950919 859968091 808127059 707774162
889528895
863703461 784656829
873021478 732409588
873772027 706551014
931128306 907559906 873021478 818406185
907728800 884450176 873021478
895429498
883269685 745362244 738146021 644291794 595852712
907728800 873021478 775787084
980133134 873855130 806577724
826399303 808127059 792436612
873021478 732409588 511855761
933348898 854315187
980133134 958970271 873855130 873021478 754053919
907728800
883269685 873021478 688308186 644291794
966307430 924698100 907559906 816255589
931128306 930035958 907559906
980133134 873855130
914892548 907559906
886474652 745362244 706551014 371809870 306475002
889346727 883269685
865950919 859968091 555679258 530783297
933348898 900264632 873021478 827418929 795442771
980133134 873855130 792888125 791225180 769793758
933348898 854315187 826025116 795442771 778207118
907468924 889346727
719146845 701389792 568403929 535134772 262608857
980133134 873855130 873021478
901898721 883269685 712429718
901204439 783613818 741298840 644291794 494294596
886474652 873021478 805895090
980379145 803615098
965688796
907728800 847382162 754415051 484354039 483136835
984244952 941666738 883269685 873021478 818402268
873021478 745362244 454851251 435815401 424460517
934724268 883269685
999863487
917147287 883269685 865950919 829695921 772301725
980133134 955476126
706551014 596541239 435815401 371809870
873021478 709648979
973992779 873021478 701389792 568403929 535134772
889346727 853458544 745362244
972892938 931128306 930035958 907559906
873021478 623551991 499947184
667691887 496318538 416427491
826025116
933348898 912030365
886474652 706551014 435815401 371809870
918415038 892055249 873855130
873021478 805895090 560898372 519261565 499947184
983385271 917147287 883269685 873021478 644291794
915224804 732409588
811071941 444343462 368205223 231804343
907559906 901204439 818406185 584272642
986756451 792587313 688308186 557444884 499947184
907559906 873021478 832131201 793124775 761356929
938306051
870152622 803615098 690733089 489899942 435815401
883269685 873021478 738146021 644291794 560898372
924698100 826025116 606755927
981151605
873855130 754053919
980133134 899916279 884390881 873855130
915121261 873021478
980379145 978749828 754053919 745362244
873021478 803615098 690733089
895429498 660790061
883269685 873021478 830681243
868500380 754053919 745362244 495839518
986756451 912030365
889528895 888875362 732409588 701120077
899840692 865600422 547258950
657637514
933348898 873021478 795442771 778207118
933348898 917147287 883269685
570018728 555679258 416427491 317884051 190440924
830681243 444281040
899916279 873021478 823788637 496318538
931128306 907559906 873021478 818406185
886474652 873021478 800097660 706551014
899916279 873021478 495628488 435815401 416427491
933348898 901898721 883269685
902229346 870152622
901898721 883269685 775852546 644291794 553941332
873021478 499947184 444343462
873021478
980133134 873855130 859035449 754053919 745362244
945825121 899916279 499947184
732409588 167152756
970172790
870152622 745362244
901898721 883269685
901898721 883269685 775852546 706551014
980133134 873855130 865950919
983385271 873021478 754053919
970185337 808127059
974554846 902229346 870152622 826025116 566413625
873855130 754053919
902724261
980133134 873855130 873021478 754053919 745362244
980133134 895429498 873855130 859008551 754053919
873021478
706551014 695223064
907559906
600859877 343786102 230380232 155123496 129748565
980133134
873855130 873021478 805895090 754053919 745362244
898668009
804904121 686669354 411723473 281845424
907559906 859035449 832131201 706551014 692577805
899916279 873021478 823788637 745362244
981151605 883269685 824310381 644291794 570018728
899916279 499947184 365590548 325247448
907728800 779153672 754053919 745362244 720876979
980133134 972892938 873855130 754053919 745362244
924698100
873021478 688308186
956880090
899916279 873021478 754053919 745362244 435815401
889346727 873021478 745362244 717468380
492248414 435815401 416427491
980765232 915121261 910695114 873021478
899916279 873021478
980133134
915224804 873021478 732409588
863703461 784656829
980133134 933348898 873855130 854315187 795442771
980133134 915121261
346676663 130029509
870152622 711599685 644291794 416427491 312192058
873021478
947465542 873021478 732409588 657909988
917147287 883269685 873021478
914892548 883269685 870152622 824310381
933348898
745362244 435815401
883269685 745362244 717468380 644291794 553941332
917147287
889528895 888875362 873021478 732409588
899916279 823788637 665225257 499947184 435812322
499947184 498369890
970172790 644291794 618694511 570018728
934724268 883269685
804904121
974002844 917147287 883269685 873021478 644291794
901898721
901898721 883269685 802136194
980379145
980133134
907559906 873021478 832131201 684840820 630381124
924698100
873021478 499947184 444343462
924698100 829413595 745362244 672944204 424460517
980133134 873855130 873021478 754053919 745362244
907728800 899840692 779153672 754053919 745362244
907559906 832131201
899916279
921151246 873021478 745362244 717468380
863435608 857840465 803615098
873021478 826399303 805895090 684085718 645985060
970172790
873855130 829899036 754053919 745362244 742581714
980133134 912813117 873855130 873021478 754053919
917147287 883269685 706551014
972892938 907728800 754053919 745362244 716670645
901204439
980133134
907559906
902229346 870152622 840677134
745362244
865950919 416427491 300135902
999863487 870152622 763373379 505920804
931679721 783613818 741298840 644291794
924698100 816255589 784116775 756018380
902229346
688308186 638865202 572487893
870152622 826025116 724004451 634184880
873021478
883269685 824310381 706551014 644291794 553941332
349647217
816133696 494340094 371809870 305428453 193993679
938561523
745362244 438554006 435815401 416427491 411723473
986756451
980133134 873855130
917147287
980133134 929121257
876806795 626217654 555679258 435815401
956880090 865950919
980133134
873021478 870152622 671615314 609217640 436187543
883269685 824310381
907468924 889346727
826025116 724004451 684085718 566413625
902229346
873021478
745362244
870152622 774494718 623551991
980133134 873855130 754053919 745362244
980133134 900621870 873855130
981151605 745362244 739476669
907728800
901204439 732409588 657909988 584272642
873021478
763774673 435815401 317208194 193993679
934724268
931321286 923177168 899916279
930403234 732409588 695223064 657909988
968731251
956880090 873021478 865950919 609217640
774494718 745362244 623551991 435815401
873021478 657637514
934724268
980133134 873855130 870152622 754053919 745362244
899916279 873021478
947027961 873021478
980133134 873855130 825389870 802136194 754053919
907559906 873021478 832131201
732409588 657909988 554863737 290821966 102531486
901898721
873021478 701389792 535134772 499947184 479874172
901898721 883269685 775852546 553941332
873021478 860431479 719146845 499947184
902229346
907559906 899916279 873021478
873021478
732409588 583977476
796183961 473620783
980133134 873855130 754053919
859898822 745362244
826025116 742581714 644291794
876806795 870152622
907559906 859035449
933348898
864038681 754053919
980133134 899840692 873855130 865600422 754053919
945825121
688308186
930175426 555679258 530783297 435815401 416427491
980133134 873855130 873021478 754053919
485888483 110902427
980133134 895464845 873855130 754053919 748445926
754053919 745362244
956880090 865950919 826399303 684085718 555679258
907559906 832131201 630381124 625633749
826025116 566413625 547258950 151410348
899916279 873021478 686669354 657512693
980133134 875159651 873855130 873021478 754053919
980133134 873855130 873021478
980133134 873855130 825389870
917147287 883269685 686669354
907468924 889346727 873021478
980133134 873855130 792888125 754053919
916053076
991511802 665777902 644291794
991511802
764058905 496318538 468141738 435815401
980133134
889346727 873021478 745362244 717468380 435815401
873021478
980133134 873855130
912030365 861015689 671939712 466632644
907559906 873021478 832131201
873021478 659647614 620971088 499947184 496318538
868500380
876806795
899916279
917147287 883269685 754053919 745362244
803615098 695223064 489899942 435815401
873021478 808127059 709648979 611408319 499947184
907559906 899916279
918415038 868500380 807843019 760086393 542022826
956880090 870152622 865950919 414100174
829700096 747122057 701389792
873021478 865950919 772301725 636774871
907559906 832131201 809433204 745362244
981151605 804904121 570018728
907728800 793224368
793224368
873021478 655287884 566413625
873021478 712429718
907728800 779153672 754053919
706551014 435815401 395845364 371809870
889528895 873021478 732409588 498369890 454851251
938306051 907559906 873021478
917147287 883269685 599251699 588876889
965688796 873021478
956880090
873772027 873021478
686669354 495839518 435815401
956880090 902229346 870152622 865950919
899916279 895429498 873021478
901204439 895429498
901898721 883269685 873021478
783613818 724025095 651684881 644291794 566413625
883269685 873021478 824310381 754594900
986756451 966307430 907559906 873021478 782736890
694923672 444343462 440109789 335526648 129748565
980133134 873855130
