641521366
889110065 804633864 293380868 288600566
410470482 293380868 256945356
967139248 919554797 641521366
852018124 790332677
909179616
641521366 507453522 415467580 319400835
878579445 636749988
855314322
889110065 819467753
889110065 804633864 641521366 239647256
485682551 485235639 293535270 192318867
719599651
889110065 804633864 763054711 641521366
485682551
922378586 488550306
641521366 387833276 256945356 239647256
918531534 790332677
889110065 804633864
640521556 485235639 406104806 239647256
943690824 602970063 387833276 293380868 149785849
641521366 625773784
719599651 641521366 427559732
305919617 239647256
889110065 804633864 641521366 636749988 485235639
819467753 566240103 507453522 298967511
109218683
943690824 802488216 760455833 641521366 640521556
298967511 5847274
702675671 566240103
802488216 760455833 641521366 640521556
719599651 427559732 239647256 179891433 108630471
641521366 507453522 256945356
646978353
889110065 804633864 293380868 256945356
802488216 714867126 641521366 640521556
719599651 641521366 427559732 239647256 108630471
885524921 804633864 641521366 319400835
817654977
852018124 790332677 641521366 387833276 256945356
918531534 790332677 663273756 641521366 485682551
802488216 714867126
636749988
817654977 804633864 641521366 592090980 485682551
889110065 817654977
878579445
918531534
817654977 802488216
773885487 565709323 293380868 256945356
773885487 641521366
868523832
773885487 684861169 641521366 565709323 555280238
773885487 719599651 641521366 565709323 427559732
989575079 965695199 804633864
934415880 507453522
965695199 918531534 790332677 641521366
791931799
852018124 790332677
804633864 773885487 747285826
918531534 802488216 790332677 714867126 641521366
802488216 760455833 641521366 640521556 406104806
768670467 683872938 641521366 256945356
641521366
819467753 636829111
640521556 347264658 239647256
889110065 804633864 507453522 256945356
934415880 641521366 636749988
885524921 804633864 293380868 256945356 76363696
719599651 636749988
804633864 641521366 640521556 496834899 366515221
967139248
598431492 387833276
565709323
909179616 773885487
855314322
802488216 714867126 641521366 640521556
804633864 410470482 169724669
804633864 566240103 496834899
918531534 804633864 790332677 549090763 387833276
918531534 804633864 790332677 663273756 387833276
702675671 566240103
965695199 318861859 305919617 239647256
683872938
641521366
989575079 804633864 774720987 554360246
918531534 663273756
965695199 852018124
967139248 773885487
972603999 943690824
918531534
804633864 410470482 59451075
641521366
554360246 293380868 114623224 105002555
965695199 773885487 641521366 565709323
817654977 683872938 641521366 485682551 485235639
641521366 598431492 293380868 256945356
641521366 640521556
918531534 855841728
485682551 485235639
819467753 804633864 507453522 496834899
817654977 727675059 679254893
819467753
640521556 443920415 239647256 190067988
965695199 791931799 641521366
965695199 641521366
991520464 855314322
909179616 751179239 681885123
909179616 852018124
918531534
943690824 602970063
879887980
679254893 636749988
288600566
989575079 592090980
641521366 485682551 485235639 293380868 256945356
889110065 804633864
855841728 804633864
640521556 485235639 239647256
640521556 347264658
885524921 804633864 773885487
773885487 602970063 565709323
636749988
989575079 804633864 641521366 443920415 366515221
965695199 646978353 640521556 406104806
817654977 768670467 727675059 485682551
922378586 885524921 804633864 641521366
817654977 727675059 485682551 485235639
918531534 802488216 790332677 760455833 641521366
