27647
4817
10590
10238
539
19025
28637
12635
6751
5303
22506
569
16449
3678
20625
15918
35045
9658
12336
21551
12297
9941
2236
28026
5928
24554
17651
7428
19072
9955
4518
12137
8430
23155
21967
17260
4361
5891
18153
5171
2550
6319
486
9
2641
1040
26689
15687
35066
23431
10846
12635
20726
5720
10381
3456
747
34699
16730
9483
1759
1634
6354
9133
561
1358
193
1261
1830
23431
34256
12068
16219
9140
14822
5482
28261
3681
1607
4386
6900
4949
5481
29712
8973
15377
18238
8793
7526
12638
734
24958
3336
821
2712
422
15711
9037
6044
12051
8123
7683
9696
9102
7761
5718
32048
814
17988
19142
1398
8039
22532
19211
4251
16414
5536
1701
854
8066
19555
22356
12950
8967
3046
12259
5666
9842
9341
14916
1432
16171
14724
8461
7805
7087
20433
900
13768
32882
9431
2058
30374
14690
10787
18105
10280
15
8373
7855
18466
28217
1290
11274
21541
9099
12147
15400
16060
11730
1864
34986
5292
21592
10713
13160
19128
1788
11646
13268
1783
20171
12990
15516
36714
16233
3262
11260
25813
3546
15168
13389
75
27470
13768
25018
13585
27020
4600
4319
6531
11662
26129
17069
16417
14314
14495
13830
8089
13411
19403
6551
3913
18865
21271
2743
17150
11151
503
23037
11511
1470
20000
6961
13833
10174
14943
19300
16595
17490
15854
29022
24029
16627
10378
20714
2705
4828
5576
3333
2676
15615
2908
12743
22879
1376
19388
25374
8556
13903
1996
15767
20939
23549
14250
6209
2463
17410
19279
2681
5939
32260
5348
22281
11494
21227
1427
13158
12844
5682
10249
5388
3980
11979
11328
4516
33571
3243
13055
4609
7311
9584
15448
22247
6112
6745
10696
20712
2499
11035
18805
20747
26123
28853
15122
11879
22215
12112
15734
8445
336
17751
16615
4428
26260
2642
9884
6981
1127
26602
3952
16131
470
8896
3506
18095
3804
22261
29451
20426
2786
3086
6282
3925
16102
718
21656
10684
4474
30529
34525
1938
22027
3088
11978
14955
21132
8997
19854
29719
22950
10041
21166
6043
8083
7987
22155
13675
3068
2371
9034
15534
14093
4073
903
1134
17603
18270
10224
2057
11807
17091
27048
5556
3777
6190
30836
1636
25473
894
6935
13519
6053
22016
13289
22876
9671
16557
5042
20101
4241
1910
15196
4551
12862
7819
1754
19294
9994
16799
22801
18286
25786
810
22016
22362
14257
18827
1328
2172
3973
6816
2083
12755
27497
3836
11560
6767
16623
31285
13851
5915
19651
12542
21648
2061
18074
8077
9215
7061
5515
25954
11028
19475
35258
25936
23446
13432
18308
7134
19469
3288
17057
32471
13730
20443
384
14391
17512
6072
26115
4615
30885
5976
8518
21407
9247
10523
3585
8955
7755
28274
8261
28905
20127
24222
10933
28073
23485
35217
147
9949
1987
5648
8254
1168
20070
15071
31385
4200
29122
2871
22894
451
4194
1264
23997
3332
32358
12341
9331
7384
25430
21155
31110
3128
6951
8287
14926
10081
29394
16575
3935
4193
19142
1751
21836
22901
8188
4050
833
5347
15012
23334
10288
11637
27669
22359
17037
2288
16106
9288
16717
19682
9053
31448
14007
10398
6749
24188
1100
7759
7884
11010
11727
18769
7760
5836
5390
13346
9893
15679
12845
12982
5733
27294
9516
24758
14811
1389
4985
79
10601
4926
6046
2634
9877
1634
18038
31070
10542
30487
26475
1020
8350
4758
8650
6819
10308
27540
14480
9767
25547
20475
23509
21726
23800
851
14650
20061
5304
4310
6403
20509
3232
9084
10651
13701
6621
5574
14987
5574
8491
20486
20847
22241
4187
33278
5692
3908
2309
10082
5063
32679
9191
3557
1778
7720
2332
13230
30824
6387
28181
5422
14599
29218
790
857
421
9927
11980
23495
16010
27659
2969
16394
7557
6589
3636
19135
6207
716
24446
10033
6056
16638
10158
14033
28599
10865
10243
1118
36363
430
17674
7694
6996
32823
28364
17104
4081
2458
7636
17232
24240
9547
18876
21536
26096
15698
13628
34831
10304
11243
10733
17416
3516
317
1617
22771
870
6902
3046
11463
18056
21003
6050
1592
4081
11041
17867
18459
7152
27853
4084
27399
25230
11423
10927
9363
22030
23995
20508
23387
15620
3851
362
7958
14752
4616
10768
2732
1340
18265
10738
14222
6228
11230
7695
8620
11619
3107
940
25859
21025
3335
5726
8069
11305
11748
16179
19643
21407
3786
23753
23097
13827
14461
18069
2884
16783
27947
15142
11057
33585
4242
30145
5593
7711
15898
12083
10156
22516
9693
4180
3269
611
16293
30930
6288
8835
28856
1101
12425
4328
17191
19555
10800
9905
12301
18574
4541
2533
13403
11848
3102
13145
22266
8453
3683
28898
15855
1483
2310
10841
19790
5847
20327
4459
21815
4974
10559
1859
6716
5126
11931
9588
30915
19793
198
9192
3855
24720
1145
186
19941
11257
849
296
1643
8342
19371
9454
8780
14280
8708
7816
14919
3393
24001
182
31858
10442
9973
25775
5851
11024
3868
29736
27513
6014
2854
17179
2845
15994
2633
6148
30039
3479
18677
30243
8910
9556
4941
18436
3630
12833
26540
3518
8641
3446
21206
15382
20937
20957
7630
29617
34301
21727
5039
5896
128
7547
19267
15940
7167
7949
5476
10083
21888
34408
2152
10854
22048
28117
14818
6333
10958
10439
2855
26404
25059
17395
30830
4438
4788
12165
2868
22847
3992
25158
17994
7234
4808
15542
6570
717
14182
12365
2914
32694
18206
6168
8511
3439
10561
14719
1541
3126
11369
11883
15710
13691
18536
2292
3432
19425
11076
11621
8319
7867
2117
15220
4317
25045
12727
12765
4701
3956
2877
22896
3558
1747
135
4797
11900
17082
21114
47
367
21470
9596
11597
2196
23539
9288
22905
37
27869
4400
12549
8710
13839
7576
29000
10016
9389
16591
4891
3032
9993
5175
18071
13263
13295
7293
25986
27684
8317
19222
19969
4834
11203
19314
210
14128
23814
15033
722
11386
7912
4233
6107
28196
6197
25718
13311
13060
5071
5299
23211
26711
13484
17503
9036
11855
4588
1031
20944
12752
5246
7569
19060
12098
4969
24758
11855
14929
26137
4535
12742
10163
8515
4368
3143
12752
7725
1359
4661
1932
8143
23222
18334
13365
17751
501
14335
11874
16507
6897
6808
1221
8623
22640
12366
34089
21343
5005
18568
14979
10461
8869
16619
6562
18862
5042
6354
10548
3246
11757
469
7307
9845
19015
1079
15061
1280
14500
2984
2628
2924
18698
14011
3857
4180
25319
7086
4377
2892
4199
427
1449
3191
469
14746
2651
8607
27850
6627
14874
18994
1072
5103
8223
7545
10484
2224
5692
11356
26963
25113
1200
1914
13645
21400
958
16266
1189
14596
11996
1615
9982
10636
3344
12932
28930
3436
9109
16264
23347
20991
2668
12048
2760
3072
9398
14033
2344
6191
14385
6031
9196
11012
7789
28388
6798
5640
8852
9884
4770
17534
6248
3249
2440
26794
9240
6121
4482
9386
7663
25347
6908
19178
7391
10197
4896
20706
40
29990
31086
21288
24737
28345
2409
23627
6008
3419
17080
21381
2909
883
29061
692
7435
4930
6534
25330
5913
3731
20431
5603
1782
9747
8624
5236
19155
1433
1197
19170
216
4142
14143
10173
17109
23790
24753
6783
8335
5726
1878
21963
24217
19634
24169
18917
2668
15440
1051
3116
15174
25154
5213
11623
7012
11217
1668
186
19192
6285
19797
27367
9473
8342
14579
490
21830
2792
5822
2913
1564
1078
7185
12621
28489
1628
4378
8627
5157
13283
18624
5110
4322
25825
29589
15266
18738
13458
19442
10818
1457
13439
20219
919
6787
14938
473
28238
278
14490
1853
4815
15827
12079
4192
13836
2456
27270
9889
4626
7392
8567
5618
4673
28199
31539
507
2414
10094
13979
27325
11025
7783
12035
11826
16295
5195
19541
4165
17909
22011
9752
15571
24811
619
13818
4573
5158
25156
9765
17021
26665
2852
24080
8089
31332
25411
267
2515
9871
742
20711
1158
6201
3752
9502
22160
9910
5857
8212
1321
6227
6276
22913
13865
28859
22987
2223
13539
18828
10013
11823
20510
1800
4667
15869
16935
6741
11148
13056
1275
11104
5762
83
2791
11419
17713
5071
4053
6088
701
14384
1376
1835
18078
1853
4064
19193
1531
17246
5808
4544
5847
22681
8084
8997
781
20396
731
15718
2156
6830
30371
8898
10126
12706
14218
1486
6003
8039
5932
20108
5820
4167
25041
22795
1509
6166
17047
5846
1991
15980
3410
31921
23961
20843
5366
22283
128
7597
5592
21364
22608
22737
4684
17847
5681
21944
5663
23240
641
6320
7394
32448
21412
4829
8193
10758
6340
28503
8790
8594
3210
28891
1279
6458
8835
3780
13654
21566
11837
32856
19251
2703
15737
7732
22157
8750
16610
9061
14249
18247
14280
2347
21616
29187
10984
119
24858
1176
3944
14706
21526
19218
16731
2358
33267
4942
9737
9383
12559
10893
2816
14963
28797
19689
24801
3554
1010
4255
5440
959
9313
6578
13920
23636
63
10813
6599
6480
11356
19577
4934
13063
7478
8308
33338
16135
9871
30300
2189
32519
30343
18056
1464
23258
10868
26291
4608
2850
18690
2204
131
9813
7036
12891
882
27338
7858
16268
13880
18830
6533
2546
21676
9710
10915
2825
17880
7527
2003
14857
6857
23674
20614
4397
10113
23005
6918
13699
4196
4494
18959
5589
4124
9499
7669
23890
2807
15834
8299
15928
15298
1038
4447
9798
15205
4988
7572
12653
25132
14618
10278
16910
11865
11503
28976
6044
10853
20521
10369
24120
26649
6817
21720
11701
14708
13009
2551
8446
15247
14315
1194
7995
17201
23347
17160
20615
3571
23791
3662
29918
7830
6621
15460
1451
31786
27349
22364
12106
18340
30313
14325
2704
7104
8505
11799
18217
987
26519
2293
3408
11840
11822
12403
9290
27535
4765
25824
13034
19154
34147
26529
16900
12962
18952
17985
5722
5661
1805
13848
26450
17622
6196
22030
24482
15025
3158
29077
13166
10519
1996
27574
15107
27802
23579
9918
1546
9413
3076
12830
22818
13156
9641
3763
4768
2283
18600
2970
24709
24445
2116
15842
10574
26398
9587
9563
10891
7726
2548
16468
20741
8439
26573
24689
71
710
6288
20774
20927
14764
3018
1124
6696
2358
12619
19111
16507
14284
21239
15945
3953
31824
8436
24162
9561
15287
30170
7907
10576
16974
21403
1843
7413
10996
6678
8858
15592
4750
6887
6930
6839
11435
4331
18938
4558
11419
7817
248
13643
10567
20632
17791
5939
22684
10805
19799
8842
14410
14452
13827
6632
11615
15051
27348
5954
31685
12953
394
8185
18882
20313
10427
16438
13232
13449
29486
10625
7720
947
11725
9914
4729
19099
9093
21073
3286
2340
4252
8067
9920
14117
16570
3059
24548
7448
25382
17982
9405
10458
22777
564
16450
3614
14896
11029
16787
11393
26059
30406
18330
5789
5126
101
428
19630
4249
26502
5
13674
6202
9715
14911
14289
31664
20293
1304
30847
100
1232
593
20610
27504
31407
14386
4478
2443
434
26122
25914
22012
10987
9627
4682
3918
23485
803
2512
8895
7929
2379
6624
30049
2006
14797
31700
11542
1175
6506
12690
741
320
6647
1538
11985
16456
3473
7310
25473
3849
15873
4040
12426
5004
24343
19716
30448
3648
2227
14802
5784
3206
10333
9261
19518
30934
3290
6889
15644
5197
24615
19776
14319
24536
18700
21853
25571
23562
14319
18816
21600
15039
25999
3451
23090
13092
12350
15517
5503
4416
27270
20798
1591
11127
22417
20527
777
20078
95
7527
20768
5
20809
7302
5053
16851
3398
14688
4501
2394
8284
7399
1032
362
7060
14544
7006
3116
15379
21535
1972
5059
30571
34452
4513
28844
4543
1863
21098
21525
6118
2646
1219
12205
30607
13344
4837
14605
12443
24084
31260
11668
18396
6065
2699
24559
35868
9808
6134
4946
33183
5564
18979
815
15013
7056
16762
23328
9121
25262
11166
16365
3442
18848
24697
11638
2878
21010
9388
25525
12193
3393
24436
17053
28312
24424
21713
2041
15883
17541
15939
13039
14009
20153
9962
1736
35370
259
21355
19026
18595
2195
12377
8862
8728
10027
24102
30075
4972
27658
5927
8872
19528
27262
20775
4154
10857
28432
2849
11352
580
11500
11880
3582
19404
33752
3433
6248
1291
1257
34697
3747
8460
23350
33807
27762
5147
9503
11072
5591
26732
15582
115
4381
36331
14282
18934
7267
32139
11936
6985
5336
1093
909
11782
6012
2463
11403
10511
26077
25849
20118
1837
30977
24770
18752
8747
32015
10318
4608
6042
23701
13242
17561
28213
5309
29599
16511
24262
19063
4016
5453
3285
4157
11394
12716
5079
4000
1486
22799
28253
7604
569
11230
14160
7525
10071
11858
28139
22972
1374
32672
35184
19999
11728
8452
6141
9785
9768
2390
27990
10849
23771
9705
6936
20381
22689
5037
20745
190
7163
11874
7087
5354
16044
943
4862
547
23444
26544
4941
2522
22368
5139
16930
989
12971
4321
3359
22791
10033
15418
8522
9062
7050
4475
16561
11876
13868
8842
10340
19613
21803
27454
12947
29219
18292
20619
5438
32615
3426
3684
9480
22790
4444
20963
8089
2498
1950
17362
17316
554
10509
7749
8467
902
21605
17584
11608
4452
6840
26334
20029
3352
17754
3294
29229
13626
17097
3880
96
25836
15095
30084
13691
7569
5421
24194
7636
5966
2216
12075
3105
31116
18685
7990
17500
8946
23455
22912
2399
15562
3029
15282
8990
1645
24494
534
14260
4500
5441
23062
19646
6070
1964
14617
5216
24641
1285
16096
7256
19285
4411
24582
6188
7602
14897
825
5053
7486
6497
4431
20542
32635
11881
9957
5100
17669
2481
22759
4757
1653
9503
23517
13165
11065
443
24571
4530
14435
775
24907
11445
5568
10912
4343
262
9037
7463
8010
8582
16875
9563
7114
1256
5347
2096
18334
14853
13025
21126
8056
6903
4998
1968
10088
3686
27458
17306
8355
26848
2546
17584
3498
13845
28931
22129
13857
28415
2658
27768
15803
3636
22288
15107
18475
23702
10635
10775
12560
10836
19616
8836
12212
22245
10551
20336
6784
269
921
2446
19499
7320
7711
14929
15239
30898
32174
16726
9869
18993
17135
7763
8764
14958
21694
11403
16531
9709
1687
810
6896
21476
8822
6348
32299
31066
3595
6465
11375
6744
8696
8859
11982
3602
21847
22198
5902
11747
6819
3376
5352
3123
21437
26617
32144
18416
729
979
20609
12137
10102
3738
4676
4150
6959
21617
1672
23494
6724
21959
17162
26123
6005
5918
9992
5967
6502
1056
2076
4854
20970
11910
7033
19380
3001
2365
8783
2908
9255
16830
2955
22146
10383
9393
5085
402
3269
20345
12548
26468
22477
4056
9999
21191
3682
19227
36435
4047
27237
5531
7525
1563
1438
17511
9683
21207
20509
11450
20894
28161
15691
24754
28364
23702
25814
9167
2915
19427
3296
17692
24760
18678
10818
6863
1238
6871
1461
14227
21943
8341
3157
249
9676
19450
14854
7686
14141
2531
10739
16733
17632
20630
22211
9150
11378
29501
17419
21879
10737
14414
2156
1375
18311
12389
7358
24187
7156
1531
25126
5522
6689
13394
6806
14622
5960
15193
6510
27803
10027
4386
1191
4978
11675
2242
5940
6350
12159
21242
5682
12103
23901
855
28768
26802
13093
4921
20786
1348
2579
13771
12775
7557
24064
9173
24749
9256
4202
3268
8475
20946
7746
4792
11546
6228
20003
11525
7740
20461
17641
844
16942
2689
1180
1372
22142
2657
16790
395
16109
20374
30524
1093
26593
13980
588
5489
11861
4961
7399
20663
13808
7327
18762
1773
21722
11417
5266
5758
23114
21181
17511
1617
14526
20548
10000
10106
7622
8930
13
6844
1526
2117
1569
1889
7160
28055
10807
2672
24739
14361
17811
2227
25812
289
1448
4569
25807
12642
6133
2569
14440
5812
34125
27222
16211
25737
24384
21021
148
15513
706
25909
16417
19226
2499
15782
26627
6268
2093
10590
16026
4392
24036
1508
341
10301
8152
4453
25842
2627
13835
30566
1146
286
2056
13045
12689
26431
2917
5185
20010
16648
3406
16543
2035
9733
19847
7836
3341
19863
4461
6511
3819
32954
20169
761
8466
8160
22725
8245
17769
10773
28179
7033
13033
14872
3606
4004
4553
4294
20815
15791
14567
7218
28629
15311
17509
12693
20850
1375
7207
3871
19135
17595
14311
2876
18074
20346
24618
16231
5457
8444
18027
17455
21315
31128
19897
4154
14686
1283
457
29945
6273
1291
8654
2800
30567
9839
23115
21702
2438
17331
10528
31872
18677
7586
23130
18655
23796
10309
16527
32131
6501
6398
2351
13707
4488
16869
7086
11935
26613
3888
8728
15779
14101
8379
1368
16601
4346
15978
7356
760
652
13237
6526
9486
12543
4491
3552
14696
18805
9480
2389
14355
10559
19485
8444
11465
4633
10938
8557
10093
10764
3014
5477
1555
4061
4168
21272
4474
5397
11939
3251
26739
7148
4805
2211
29466
2974
1498
60
16827
6379
20535
4908
1222
5690
2674
4995
4172
5203
14062
7351
10322
9138
3453
28696
14101
9852
17702
16205
31920
5053
4282
14310
25992
4894
28042
17327
13244
7392
9103
3972
7725
1379
5478
28086
29758
16297
12388
4323
5737
29005
14018
12747
17287
21207
34103
27255
2589
17512
14997
7020
18645
24181
15341
4806
10737
2759
23749
4143
7913
26874
4268
16947
24747
6742
9711
5295
9123
6279
7766
11542
31733
4143
5366
1920
23961
3273
25936
28360
11167
247
17072
21559
12873
4258
6263
9428
26896
5462
5568
22710
3776
9955
152
8464
13353
12054
15954
23900
20344
31169
28382
3613
34455
12237
17253
11445
9065
27725
7778
3141
29290
4910
8007
21894
330
10007
1365
9699
18951
15636
8021
3835
9510
18947
21385
19812
7292
5713
5706
6748
1036
3035
15142
5000
16950
13936
1541
3708
8118
1622
16083
17144
8121
19991
8338
5993
18734
4784
4102
13282
25153
20850
2142
5034
29921
20315
14390
8561
6622
23850
9834
27590
10413
3322
8048
2352
13515
4627
7639
18297
15442
8052
5135
9456
2014
7064
18081
9331
716
5982
28420
10043
14970
26487
4692
24509
7868
6870
10747
17620
2061
4290
7449
13267
9660
20636
482
20031
25385
3778
1838
72
9318
10035
35116
3141
14929
31461
7121
702
15352
26093
13949
20139
3629
1133
21152
2204
20291
7040
13897
26890
19248
6148
6622
17795
12266
24432
42
13114
15358
2332
3566
1461
4798
26847
24720
25000
3931
8831
1888
27936
12609
9721
29163
11971
9925
17883
9104
10332
21626
139
15371
937
15979
30020
2343
25307
8598
239
16925
308
30466
3337
2577
956
17950
23738
14338
29773
12393
2129
14580
24995
5721
12328
30688
26855
22183
6753
6451
3624
18494
174
3889
24889
1146
1679
10997
12066
3109
3339
12989
19169
7500
1271
7026
27483
5271
555
5137
5543
4829
4605
13598
5392
9443
17611
1544
9302
19019
23554
14272
14336
13686
24089
31022
8671
1693
1706
621
23949
3571
9871
5686
1951
18031
13292
3202
1610
24285
23080
13386
21328
312
25263
9243
29682
4558
12944
1631
5198
13497
2370
20703
12411
18027
11060
22306
6453
6928
22176
10287
12308
2118
1734
2157
16486
11081
3249
515
8801
1917
19808
23568
32057
12454
4299
2882
7675
11135
8625
8475
3359
4174
3646
1795
3804
17842
4437
2458
3739
32872
5294
12874
17690
28169
24488
717
2861
22766
2704
18283
5502
12221
13523
3657
21251
13415
14962
65
11968
7348
20592
4588
28240
22321
12019
17970
23028
11028
23446
3344
4056
2930
1087
19582
1046
32516
16873
9340
2143
22684
18722
24598
25912
24764
1524
9968
11176
1169
3267
4194
170
16718
11038
18294
21928
8775
19701
24751
14735
13357
16634
24173
6958
3629
34815
17927
6918
2043
20142
10821
4980
11442
9573
14483
19886
6894
22813
18056
5123
3593
5111
7139
13538
22824
6937
9677
5572
21215
17126
5483
728
20191
9510
143
13236
12490
470
33153
3878
14103
23136
417
11312
18355
25809
2199
12874
4790
17590
19106
23063
6165
21374
9953
7007
1084
135
25242
16172
5614
1379
8517
5205
21765
5058
6092
29419
24747
27554
5357
17151
14461
1427
16311
5174
15315
22448
9637
11478
18687
11686
17639
6749
13758
9116
3
2252
33463
8442
11774
33553
18736
16249
3984
10481
7788
19168
19502
4974
3672
29908
4447
5790
17911
345
25897
18092
14872
7904
19405
6517
20918
14813
10827
4315
2683
7420
9063
14224
10589
9532
424
4441
18149
4885
1518
15817
27838
19674
10690
11899
34512
5332
10076
3535
6776
21815
9272
5456
8468
6454
2490
128
757
11145
9958
2397
3935
4137
7797
3969
25420
1981
30109
20562
15583
8458
7562
2092
16019
20347
22946
7075
8736
7108
10641
6408
24588
24464
27187
2301
13782
27460
15672
30686
5938
13748
19612
29893
10362
15534
632
16188
4318
4865
5315
7460
5728
8690
5454
7441
2593
11679
16429
23207
15785
17042
15698
640
10927
7307
2740
4696
2011
15558
4820
5441
2154
8883
1870
5135
916
11222
4537
28599
3263
32161
15901
16027
1209
17085
28812
11122
1920
28816
17298
13899
5990
4721
4971
5724
194
3954
11273
2568
7686
6527
29641
23363
4846
17709
7738
2068
4997
14829
12145
6900
26523
4988
3060
3630
15036
21420
15974
15432
13946
19109
3634
6038
1603
30463
24022
2845
1416
602
2048
26326
22907
18129
18155
31231
22596
17838
17922
7914
2830
12939
33423
484
2075
22839
33168
10837
18325
16957
2045
1963
2038
6036
17800
450
4681
11301
10665
5849
9944
22575
15452
22908
1101
16230
15975
31673
17156
17991
1037
16450
15151
13347
2345
4298
463
1458
7345
887
12515
18489
8050
2343
6209
12615
7798
540
10852
8970
30497
8227
3646
30408
11974
2116
16415
15709
6597
10887
11313
18764
14329
21724
18227
5429
4204
5282
17172
17749
8501
3753
9758
15923
30928
1114
19583
25447
19477
1715
20265
6601
7709
18501
1453
2731
6268
2415
3817
2270
15329
8166
6198
23084
6605
20443
22961
20635
12710
11680
4446
20486
9479
2581
14235
17066
27484
5248
31337
15669
17440
6086
10113
9955
7882
2686
17056
7376
5533
14335
497
2098
5036
2427
2383
19500
19626
4073
17403
8241
4607
14942
26091
21641
28059
9581
3943
4784
90
14769
18094
3192
26860
16955
17663
8347
4710
17325
17834
6201
144
14339
21980
18249
18560
8620
14756
21594
504
19362
3338
3547
7978
13153
17424
7634
25365
2818
8295
10765
15347
1935
31119
2991
796
20650
10585
6124
31428
1391
28271
2732
17937
2569
10555
10831
12677
23034
12190
21233
2831
16071
7688
17638
14340
5262
17191
13857
24503
22453
6227
20775
2881
4260
20530
26961
19341
13862
22044
18213
708
7766
22029
16423
6579
1067
17219
17121
14161
24965
31595
14987
6889
12005
10746
6888
19508
11830
18443
13242
2352
24404
1289
1868
9304
9417
5639
2554
16122
23419
379
33920
2646
28724
14297
4301
17675
12753
16339
5474
18540
4265
6629
14433
25126
15316
2516
7873
16610
1798
20908
10237
3738
9646
11490
19715
3922
9479
27367
25905
5285
878
24747
7990
19809
7274
4928
20940
23657
32766
1733
2681
22539
11691
11737
10105
32801
16195
15573
17828
12110
29630
19425
10395
14850
17819
5274
19065
9987
22013
15327
6295
19118
17252
18867
9339
4985
1243
9073
19827
28135
3889
3580
12532
11977
7550
16156
3728
22858
18624
16947
14961
1628
10436
34754
15858
13450
8675
7
14598
7402
8794
17238
10664
2231
3011
25411
19142
5398
11234
362
14844
29334
6682
20046
6347
2556
31151
7989
973
17491
21601
18847
21816
29358
9437
15128
2697
13334
590
18746
11034
1302
6221
731
13424
2716
10849
16354
14597
10836
1976
1923
24572
9220
21657
10390
2891
4841
13072
3379
24639
33611
132
1228
25934
9562
6639
6175
22263
11911
3501
3912
609
1511
6717
2012
15511
5570
25138
8001
981
16477
30223
4725
23069
9695
226
13497
15162
19871
11400
11462
24858
197
15992
7614
7360
14980
4551
750
31954
16935
793
15330
23750
3958
20215
18438
7628
7096
15587
20983
15658
23619
13257
24687
5330
9198
5540
25495
17688
6303
10574
11987
13276
9727
24127
18002
10064
9244
16836
13297
6742
1173
1963
31853
5827
9848
9335
2272
13524
17149
19928
9294
1744
23157
15922
6212
938
1160
15663
7495
17004
2414
17027
6953
16514
19146
14490
1048
1536
10178
17030
10886
5224
21113
22385
9557
5109
18161
1063
9227
6220
11676
16320
8045
5038
2679
16576
1474
16638
19594
6651
8769
9178
0
2030
2336
10814
22562
334
24527
1665
4253
20872
4168
20934
19559
9149
8103
999
10725
1650
1201
2508
2559
22126
10418
1044
25148
6889
20760
12060
3472
23571
1589
15652
16086
32196
26949
26193
23529
1594
16085
19860
9961
10258
698
7183
13060
5274
17265
6969
4946
8544
15435
1305
7336
6028
7419
27126
14614
16780
372
19673
13387
28602
15672
397
1440
21489
26315
10583
2598
9536
17093
2318
7896
10187
6636
6839
11170
6796
25621
22304
26136
26957
12569
2603
1129
15963
5934
79
33
14069
21123
22535
12134
11849
2363
2555
11802
10646
9368
11833
7310
25092
19650
8010
7437
16894
559
14604
1058
11523
9542
3206
11478
16895
15282
7843
1239
13909
5151
5628
29684
10131
7792
5118
28295
22300
16931
20287
5133
21672
2202
5824
30303
21995
29409
1147
33375
28195
15702
25402
14501
428
678
28432
1574
14346
12556
13696
16240
19344
13624
8827
12949
11432
3278
14249
19383
4997
26207
5240
8356
12759
4396
9424
10480
14747
1310
5481
14510
8155
2782
8801
16076
8031
19279
9436
12897
2312
3381
5664
801
16021
9664
2391
19280
9451
13586
16754
8508
5503
16495
5304
8276
16565
18059
21956
2811
15943
22868
463
1155
5163
9320
11087
9653
17261
5324
254
8560
2122
7250
1218
21979
15098
16274
14625
13548
9086
9177
13763
757
7706
8498
26432
8182
14358
4596
7753
10032
30927
511
15929
12567
24019
4078
2623
10534
22161
22419
24313
12757
9515
23701
13065
4128
11223
22289
8226
9051
1759
3770
13971
388
15124
29278
4973
16293
20117
28658
6679
2560
8188
13531
22969
13917
32294
8208
7912
6556
11835
1345
7582
2223
35686
233
11150
174
14873
3069
1453
21328
4294
1068
24689
21636
3947
13003
16316
20262
11534
15516
4459
1898
17573
8165
2028
7682
5686
7429
17
5449
11251
5234
150
7691
16299
14044
5323
4054
2382
2691
11989
10863
23076
2623
16527
3383
6083
804
20322
4448
27849
11547
19468
3061
18786
20900
7429
11069
164
21358
9440
26559
1278
2168
5635
11706
11616
28002
27694
12770
616
22699
26174
21485
6720
20306
4150
9275
14047
7294
8888
3851
2863
3828
29258
12840
18016
25355
10305
20737
3298
3099
24897
24334
6002
15290
11152
17457
19627
14543
8004
16161
10956
8640
562
15276
29752
11271
19492
1922
9823
6661
27141
981
22518
14047
19803
20838
5932
19328
1644
8682
32418
89
10922
18797
9928
17332
793
783
4731
10820
8886
2334
8310
4104
437
3511
24424
3035
11003
30853
23273
32860
11701
20481
481
1286
24265
1548
21743
1911
635
9346
5309
5411
22201
13842
12498
17177
4764
7361
13175
14259
2275
7724
4517
19971
2395
16382
11634
2682
1148
10448
20416
18470
33244
10508
20909
22008
19438
4724
250
674
13829
24537
6772
8122
17610
4952
5040
12853
14380
1498
23080
15335
5493
30770
30241
2313
5817
8636
10121
215
2521
19410
22961
13532
23535
18863
13583
11259
18658
14690
7304
15144
2940
9580
22094
4824
10527
20617
16162
9372
6090
4537
13536
15700
4813
11365
16045
9667
7564
21954
10858
7832
14141
17753
26984
773
14584
63
28198
22405
10598
12911
1813
4879
2923
6162
9210
29681
2607
10319
29516
1605
10275
13066
10381
2491
11405
6882
8474
13819
9043
22420
24506
12461
11803
12984
12394
19183
1359
25741
18465
9166
15136
2273
27877
11017
20074
6370
3567
19690
10925
18447
12621
23559
11053
1916
21941
2360
25370
10444
4018
14549
6195
9196
22228
13239
13473
15924
14210
16445
6650
2389
4171
9307
14244
15431
9181
12404
23963
9725
7629
25511
21578
4670
17687
29023
230
9623
8899
253
22247
3684
27676
9691
17792
823
8298
30869
17743
6734
21718
9789
11620
1013
10176
3479
6686
5098
216
11618
6377
1705
11054
18861
14110
8687
1374
2778
6324
9951
30902
6129
13487
17778
5541
7470
11301
25027
32292
13158
22129
10344
15111
16317
999
12363
14636
8962
25607
1356
29379
3521
13021
2487
2648
1949
155
23047
27874
5397
8717
22472
7354
17257
706
12480
22599
5236
2207
8087
3022
8981
3348
3615
13580
11736
13634
6788
14087
1695
5270
6971
9667
6359
5483
15062
898
14513
22689
19024
18320
12066
16251
15012
4004
25729
23024
10491
5502
15500
3634
28207
4629
582
20444
12412
7651
22231
9209
1867
8040
2325
26449
26281
16218
10306
1613
11003
8523
8621
24707
6558
3250
31154
6143
13752
3817
21197
4560
12352
6997
2761
16202
15669
460
4247
21051
323
12149
3463
8362
21222
547
7212
18786
15223
141
31456
3005
1757
4283
6339
15965
5497
3126
22235
7177
27880
18204
15768
36106
2391
17237
13587
10258
3324
14350
13361
21662
32859
14862
9553
2550
17415
18330
6495
3744
5351
9063
9135
28749
14840
466
136
5038
634
6035
16942
2470
6624
11439
5357
18339
306
24356
22271
24214
1668
16380
7586
81
30789
4353
6577
11986
8205
5008
3724
8661
26588
2649
8402
14566
14454
6347
29499
14004
14394
816
19606
32062
792
468
8025
23109
971
24278
16150
1531
29881
28107
4180
5112
34051
17714
17605
18156
2616
9920
25543
1434
6542
5693
6074
13207
2757
9442
3205
1023
4808
8643
25341
13144
7900
15485
24801
10281
6945
4612
21629
16038
13087
17101
8990
1229
21088
25591
12012
11962
17144
3260
8207
8536
5171
12832
12268
1431
33350
29553
6826
7056
525
11697
18631
22809
21078
2911
8874
22354
14534
16932
6764
10958
1618
14773
1185
7358
1935
21459
4388
4619
7609
29419
5424
10713
18049
19556
17498
17676
19885
23525
18642
2095
18749
18448
10677
17678
17847
18652
14289
2825
6722
9932
17940
7163
27966
25209
20779
17527
13687
23688
29217
21283
16302
8639
14262
6396
247
12264
17694
19140
2312
15457
4030
5243
16131
1140
12004
18053
11082
4442
4571
31726
11739
26165
13050
17978
12652
13965
5432
6648
1733
16783
5300
6571
13246
28960
13353
8416
18627
5510
8721
17285
32855
25349
7200
14352
11898
7432
4579
9650
9717
31681
13768
10471
988
11557
22111
3051
17584
21664
7683
24967
17451
2991
971
8497
22185
20802
9053
1736
25118
1499
19036
6672
22848
9024
10571
4785
10098
69
25307
2466
25689
30833
9284
1318
9639
10750
558
15278
25539
5466
27953
31847
4635
8485
15530
6657
5021
26130
26918
3711
31238
1340
16194
26514
11992
19041
5893
13613
10838
1429
7965
4078
21940
23865
24727
6749
8930
7922
4471
3472
24200
1343
2138
981
9399
2320
29394
1710
5593
1731
4100
3582
11049
8385
13642
19478
14207
1923
12639
26371
30131
11339
16537
1363
17858
9563
11386
1764
18157
12055
5366
16521
20539
11072
16242
21986
5146
13093
2497
23730
305
24340
25325
11566
15082
619
17096
9080
21494
17781
19712
28620
13940
3440
13927
24618
7187
3194
8533
12898
17052
19698
13701
21775
3591
17424
29050
5518
25232
30138
62
26449
1491
21810
14000
18270
9942
836
7318
21553
19237
10787
8656
8399
27776
19175
21444
18507
489
9822
777
25303
12853
12616
4558
31592
848
1734
247
18353
13531
30052
4935
11387
28022
10881
5884
15841
5946
36
9316
22314
12851
9900
28166
370
30914
25119
31355
14449
17822
1610
4885
4224
424
5072
4597
20418
24715
25128
605
7838
1593
5627
17594
9644
17444
30005
11204
25640
3526
10074
17816
14247
7348
14848
8257
302
16965
2622
8643
2974
24015
20345
8930
2788
9326
11991
11058
6082
16618
12060
9016
18890
19791
8122
20925
22582
5195
16276
1893
33149
8101
9458
26819
150
7256
21028
28246
2968
18244
7619
15015
27771
1209
24371
4162
14697
9949
10453
22853
15233
5078
7355
153
107
10083
31348
10868
6654
10305
25016
18634
14242
13436
30679
18189
18246
23203
25106
20820
3095
2434
11436
8401
19225
5308
22054
15804
12670
13259
1465
26611
9078
24063
15528
4648
10778
13945
734
26243
21628
14033
18076
12370
11704
6828
2732
610
24137
3819
9509
10818
21606
10097
29549
26237
12574
10755
3171
16037
17448
3042
11670
11972
22271
28803
18503
1437
16909
8515
1413
6500
25340
25840
4301
20604
241
2885
1353
4411
17123
9140
27383
21152
11603
5946
25566
2743
14703
1118
8699
34818
12786
8366
11781
26495
22030
7723
18541
3866
13288
7912
17642
15233
7207
12601
6429
6464
4679
18743
14624
24781
10128
3988
16960
16087
16790
24845
16581
4858
2756
3911
31506
19056
3377
9465
5669
7313
6060
10369
5423
10591
18589
4268
3340
2314
2680
6674
16455
13590
25471
971
19490
970
17808
6648
8866
2532
4585
11118
18006
11976
13806
28897
1234
6587
8453
725
1514
5566
8326
1561
127
31490
18305
25875
8226
27748
17453
15965
22649
8102
30381
8175
13254
28592
989
15165
4552
6699
10345
19134
3741
9851
24968
22253
4554
4763
20874
22366
7532
19647
2002
13523
4799
3622
14855
2781
10922
1382
25263
4311
7922
18053
14423
12066
16911
22659
16608
8507
17387
293
5238
1116
4921
4964
17480
30353
16469
17993
4293
18620
25894
12365
1465
10902
18559
16079
10360
4131
4625
1998
14167
19014
9592
537
1908
2632
14617
32622
23702
14895
5790
652
24997
8878
29604
14027
5842
13879
18111
2822
13545
19205
21127
10166
16744
13695
16948
19889
16813
16819
3752
14962
23202
12208
6777
23082
17645
12990
28839
4974
1751
28821
23094
29091
6255
18870
2615
17175
1251
9670
3020
6947
13839
10143
16097
7925
14364
915
842
14735
18071
23869
15828
9659
9829
10089
2492
15864
17033
16703
2684
15055
20305
1529
1319
682
15150
7986
6483
1217
12417
14668
12537
1698
22134
11101
6075
21057
974
5638
7490
10170
12879
4316
88
13087
19761
8545
20938
21685
4215
13274
18294
14830
9537
21089
24127
23365
29775
5257
4211
11100
2815
2294
21468
21867
24731
13554
9436
12006
18151
6137
2684
20131
23657
3995
8807
1847
21828
2074
25285
14620
5165
10786
19160
10314
1578
4851
7411
24986
4388
2266
2049
12228
2018
4441
816
1368
28239
10352
1252
11708
1323
13840
7217
13337
6069
9163
2409
1362
20132
32017
12497
19830
6627
2920
10348
16170
16215
1260
23415
5552
12267
31591
1031
3160
25247
28325
538
11789
8501
7695
28156
5510
26730
10852
7340
15232
8036
334
16439
4261
22083
3485
2533
5696
10943
8923
1729
21117
6520
6785
22201
5885
12197
10529
948
10597
1602
5740
4296
26303
5825
15085
29145
5182
6082
9123
7769
30709
4050
2148
19777
9558
11320
9551
10880
16899
16782
25152
6580
17744
6533
3962
30898
23018
10907
1897
6576
13307
16083
18409
5816
6908
13396
19243
20287
9253
22108
6074
24776
231
18951
23179
19480
3211
229
4083
23516
8473
8689
7520
17257
9748
13360
12396
12074
14806
31977
20735
24153
4708
18996
21504
20317
8791
4657
8540
6813
10821
18295
24813
20199
2158
5321
7362
5907
12132
2809
27005
16835
8753
16624
2147
15320
18186
14404
5403
9800
20638
19347
12137
5982
15852
6086
10149
4485
5492
6306
3867
27384
15016
30413
6571
19557
10101
10421
2723
1912
26836
10613
24149
6681
10268
6121
15763
714
14506
8739
5832
1479
10657
7812
8665
760
25791
616
987
18416
10837
770
1914
5579
10108
13884
431
13411
30625
2595
21359
22550
18877
6759
25535
8461
2757
28076
11011
18592
1266
1381
6110
4254
21801
14113
29636
17455
13629
9265
26957
482
15570
2809
8962
3303
22797
7123
27523
1135
3668
2808
2968
25238
6505
882
10343
14572
7037
20003
28147
10831
15080
29389
433
7363
14516
17259
2377
16555
12767
28919
8185
2327
10415
10530
12760
10027
23580
20004
2876
9387
10244
6487
22869
6715
13142
16116
12745
19647
10960
28439
3083
14122
8729
16111
12600
27945
16704
17185
15664
2090
1361
3598
13701
7814
614
5510
13091
13463
9965
13470
2897
6930
7210
17818
18433
4622
3520
8479
10691
13026
17885
659
6139
731
3745
33974
14701
14385
3988
20598
6635
4349
1490
1155
4304
30885
31269
15018
1445
2095
2547
16821
2638
7605
15818
3310
24311
20854
12117
5192
32335
23568
4396
5984
23635
21368
33583
15281
6672
24168
20945
11868
2809
34609
8667
22675
11988
4555
23710
8623
5255
2575
3987
25448
18437
6095
1168
3398
27520
3615
275
26155
4456
19336
6109
30443
14475
28174
15846
607
18452
15262
12940
5008
4654
4929
6172
6250
3991
4179
4493
11622
17688
2886
7765
9075
2223
14036
2366
15454
20686
7727
26420
22847
11021
3104
1021
7162
6212
8812
7685
1951
4227
13797
2245
25394
7621
24549
4446
7640
5534
9586
10421
509
14356
20433
4651
2733
27664
6751
7930
7407
33178
19804
12884
21396
6995
12208
33817
274
8537
196
14420
10248
608
22945
9952
19606
11745
23128
10266
13759
1301
29079
10534
8653
28023
21189
7963
5743
15516
14508
8350
15900
10464
23349
201
11662
25476
21830
16173
21439
4506
4661
19719
22533
3265
8367
5219
25569
14651
915
9051
10684
1334
20204
6377
13121
13245
11755
20749
13760
5014
13992
4087
414
5124
9871
5486
26284
22796
14308
3408
12967
6165
5682
5728
3008
10643
10779
11692
1978
5853
7094
3725
14122
11266
24892
28409
11690
15283
21065
1077
22065
3627
14878
30719
24041
12806
14920
31090
11042
5842
8527
14176
18241
17545
28344
3175
8788
3817
15110
30667
14056
22757
1394
9987
1430
28824
4394
16682
11588
10677
35657
16532
2417
8956
17651
20771
1376
23970
30
21120
2509
4399
34141
4026
5452
8009
19852
885
30185
15841
748
4822
11721
6813
11642
13566
3566
12902
11068
10967
11352
28966
189
372
4586
12053
23724
18795
2691
2651
7659
26787
24057
1143
14229
9252
18308
11991
11058
10433
4660
4060
4857
913
10784
26069
257
9576
2363
6736
7324
9374
8961
8148
27533
14767
7679
11474
4462
3113
32012
2740
10754
11031
12632
27230
4191
7458
2314
2721
2505
1975
21180
30479
5474
13020
11660
854
29262
932
9738
2474
8969
6713
7694
392
1725
11024
27394
9350
8498
3098
3900
23492
4603
20977
773
22280
3804
3309
4384
4327
3595
5012
13975
1400
24413
733
9865
19181
13198
36430
24140
18882
16808
16163
25342
4752
18653
1401
21814
9950
2579
6554
15523
1951
3219
2391
7609
4394
8948
2750
23962
2566
3306
1396
13432
1014
9024
23182
3454
9942
9872
19668
7885
1529
13252
7504
34086
7688
13776
27178
15039
20687
18153
3756
6197
20888
5063
13746
27781
6505
16077
29754
3864
8075
11931
1413
1735
21069
5329
3611
9495
18744
26244
6327
7716
10194
949
1241
13872
11076
8185
3620
21323
8685
9167
21189
9058
7723
23879
14139
19280
2453
30398
1889
8763
2276
10588
3474
30095
7845
7692
10095
2875
16491
12337
2706
10756
8092
2795
19191
31687
25487
6114
4863
29502
5525
2515
6406
23950
18656
3753
17247
17309
22642
20360
28670
9457
16672
13930
13677
13579
10024
20556
16023
7627
21594
200
1019
3069
3413
3747
9690
2077
4120
35139
11273
28236
5363
6792
23663
7629
16636
17539
7304
8035
7077
14425
17336
19729
4463
1601
10076
33966
8899
25656
280
5481
15110
11418
4448
16874
5261
22074
3387
7083
615
11116
11734
16283
21833
17610
2836
16996
2639
13514
14865
19329
6082
15861
62
390
24464
15796
19501
6385
10433
27380
11589
15652
17256
7410
14525
14071
334
4663
5727
11057
11597
16299
25430
12337
12014
24340
17828
12249
4881
3513
15124
2100
3970
22491
1388
1753
2143
20967
709
1355
13671
2157
11560
14022
18199
23168
1591
2233
7020
2784
18493
1627
11175
19512
12457
25865
799
23299
24843
5198
24069
8009
9133
9501
7526
1654
29138
1039
16710
17614
12205
8119
17753
13747
30336
8792
18966
24388
14891
4161
12106
1698
17728
15014
7334
3357
15189
20547
18709
21065
22217
4018
19043
2527
6057
6381
16098
2133
12620
11867
446
22531
15581
12201
14253
14572
8513
10585
5297
3590
14491
12167
3242
4076
8896
15070
4090
22826
4967
30849
5699
16154
8728
18787
619
10604
20808
8619
10932
7853
281
1257
19791
17989
5021
1258
25787
20432
2675
28086
14931
8688
20602
20465
18080
8304
11685
4060
22812
2670
3766
823
16493
3829
20040
4937
18757
2405
2281
10018
3107
17707
18512
23440
25627
1383
18381
21130
18820
11794
9566
3692
12669
9900
3554
3550
14920
4948
20666
28102
10837
385
15043
2112
3184
1053
10617
14169
6094
397
5347
5228
19314
26664
25345
8506
7576
21823
6474
1865
1585
7488
20337
2463
7689
10221
16631
26284
11490
23631
7234
32536
4440
16531
11752
6609
20623
14282
1016
15164
9314
18624
30374
27406
17356
4804
18734
14577
17442
16258
729
22564
1122
5621
26031
3394
1454
6321
5872
13819
5291
1510
20685
4471
18202
14156
23217
7110
2097
13890
8688
21723
331
15371
2733
467
27558
2747
9841
32098
14696
22016
17914
3854
13683
14105
18571
8204
23995
7508
25759
6933
24179
4602
23298
998
15608
25790
27597
13768
36070
6085
4826
1879
18046
7319
6044
10336
9843
14877
8479
7114
17875
15264
437
11491
15964
10337
18352
8950
4100
22125
8675
9395
21852
18552
36242
16911
13414
19559
1052
4319
12583
7460
4971
23790
14545
29307
17664
2695
5672
5225
13734
19624
30863
6575
23653
3882
6303
21915
24229
10631
2084
16011
5102
8296
2407
25414
6474
3299
12239
309
13014
8396
1938
12834
5959
29097
3106
17870
1105
15491
25944
549
18245
26217
27892
8317
6477
13113
14874
34597
10348
17852
16944
7720
23235
5799
4062
3348
12227
22829
30610
12527
17380
11531
5009
11431
3527
18674
5494
2005
448
5358
17107
27665
11634
16800
9444
3295
1339
14513
2271
22063
9849
29307
26705
17892
2785
8194
7668
22789
10850
7807
9407
11666
3378
26003
2144
13037
16221
3045
29447
19548
3944
5650
18487
2030
16539
20969
4024
3023
5929
20243
19209
12455
11963
14103
13224
25750
25869
5935
2844
17582
7193
6659
11199
5453
8613
31467
2082
3393
275
3760
1671
12524
17611
21101
10205
16002
14737
5345
10566
15856
23834
13633
8611
2581
2627
3547
11277
8033
24504
8861
7388
988
6442
7541
9188
7923
12057
12771
15259
3588
2933
17967
16687
8682
21933
611
5860
12662
8941
5783
27029
2768
7009
26979
3584
653
20872
12137
17112
4216
5326
20430
2506
24150
18214
4932
13994
9949
9964
31828
13933
14956
24549
6531
18331
11618
7430
7706
26364
5854
7814
34844
5572
8332
1603
17615
4169
18654
1633
23315
1823
8853
14929
4793
5683
22095
21658
30265
12431
251
6615
16799
2492
13478
11856
10285
2968
12722
11078
74
34807
20852
22633
20721
22885
920
18288
12012
2970
2282
9526
7376
18047
27129
18768
25429
9605
3675
14248
21603
11090
6014
23616
20009
29203
3616
18876
13694
18565
10492
1130
3072
6992
25240
9193
10230
23238
23018
14692
15181
8340
8729
18928
11412
11603
1408
6970
19510
16014
17932
14629
3611
4603
3709
3648
23685
29446
15038
16158
26991
2927
16181
24134
24499
17687
3661
6117
15941
15687
1818
19112
24744
20850
4491
29756
1676
6307
20060
13281
9983
15275
16981
28300
672
11607
13569
24419
20807
5461
5427
17167
3875
25163
2861
12507
31954
2260
3702
24262
6231
30325
35206
8782
9753
2780
33953
3061
22396
14348
20051
19434
15080
18774
6365
2834
21772
11727
28339
28433
19108
4865
11261
11186
21532
27370
26559
5416
15388
16682
10580
1287
8977
2305
20077
1348
8712
15684
12607
11741
6768
16214
12251
14174
3202
6434
15074
8586
18459
12230
166
15348
7358
10948
12668
34244
715
12126
6349
27021
13577
26893
1485
18421
25590
23148
3815
31984
10540
21377
3573
3389
9255
9590
23833
11641
16428
13847
4545
31132
25962
334
24645
19493
1707
19990
2950
33142
14772
12641
25265
2690
11088
20671
25800
12263
19479
2324
26651
4073
4663
24391
8934
15975
19464
15564
4801
6722
3980
18562
3505
16905
5587
21339
11392
2555
4714
33008
17536
11975
22595
10032
12287
22037
11636
7122
23351
15815
2750
19261
18181
13175
6474
19112
17739
9282
7094
21596
11830
11938
14973
10665
653
11905
24098
16415
23801
5728
23397
1380
1343
8824
19588
4991
32919
1937
5859
20263
5919
25602
11722
2853
24168
2796
12563
12384
5189
1757
10852
3819
4902
1488
24174
23714
7634
5673
8837
6212
27622
14293
8055
3612
3574
10311
26683
3395
19807
4014
16186
26827
5814
437
10755
26116
8609
10375
23023
11398
17342
34295
29296
28460
3332
16218
13768
33988
5612
24368
7597
27500
13001
110
618
19142
11826
2564
1287
20006
22389
8256
24952
8951
19978
9049
1877
6350
9921
27203
6422
10044
25113
7456
24961
3587
24377
12267
25925
11557
10395
2582
15967
4784
14584
5942
4845
29855
568
6945
9549
705
2882
11865
5665
7408
21196
1541
12
2670
19103
11282
21352
6445
18096
18511
2998
3982
8468
4446
5054
18893
14859
12084
5780
18476
21340
6511
1613
10611
13775
10483
2891
3262
3669
13723
10355
6459
28764
17298
1324
5381
19682
17364
15197
23099
27061
28121
2412
1917
6312
20827
9034
4739
874
33180
4391
12324
14977
16646
7203
15657
11851
10304
11907
12034
9407
19256
2765
15813
1396
32137
4608
428
14285
32868
2413
5998
29707
9552
2735
12424
11709
17723
4685
20903
88
12783
4158
11885
29072
2728
33669
4975
13133
34245
1898
22009
4846
24483
11090
33591
1537
36376
859
8683
16499
11007
20896
24771
13682
15545
4787
4806
9638
10462
22450
4265
4025
11991
7547
2036
19608
11377
11700
19771
26714
15920
14030
1267
21529
13058
29244
4285
7996
4233
6153
4395
31415
6494
10499
4456
10592
11581
15387
1015
9829
31628
16356
4750
13882
5726
16727
755
17257
31654
5768
19177
12993
6720
28924
10950
5025
21048
20794
11623
6724
27870
3713
5329
398
20390
13569
20886
25733
15638
15413
15578
2849
15418
4998
591
18044
14822
14900
18242
14144
5285
1208
13041
24356
19287
21453
1724
7803
7396
25823
23704
24147
4380
19085
3372
10503
7076
6568
17595
1056
4845
9789
14202
30694
29361
14070
12502
12370
30768
3076
17174
19139
4124
8413
7642
7275
20794
10279
363
27977
906
3804
3918
28990
9298
6604
15192
3269
20808
15246
686
19690
11768
3235
14100
31269
21933
2235
31695
15039
7245
6336
10784
11980
23713
5288
1518
19031
7896
2054
22600
17485
15224
8075
4457
15264
635
3432
17261
20399
548
202
12933
30319
9224
7950
8180
11365
16600
3205
4083
4049
4107
9262
15627
2116
23686
5955
12871
24571
10355
20917
9959
7312
17821
5028
2912
21321
20114
7345
20166
10086
7321
15090
504
1899
6975
33020
4050
3666
19253
25818
4469
22935
23517
9166
20957
12145
1145
12222
5810
359
8120
16467
3917
9263
7477
13795
215
22483
6921
1460
6372
1685
3226
5136
4631
3311
1148
23355
19828
25787
6837
9662
13975
14866
11569
19487
2102
3107
17635
5359
2108
22077
19133
4984
8470
9236
14714
1200
22403
12149
6066
4493
15794
2840
12165
17553
17699
6174
6262
6765
17810
14489
10740
515
9436
15491
8538
17988
157
4500
24075
1671
9710
1647
22071
13323
30083
6354
13353
9564
46
2647
27761
15486
6423
4223
6476
19172
5882
2968
27716
23715
8110
4878
28842
6050
16058
8353
22511
11720
20795
13995
24752
1914
13084
25722
7765
15568
4956
561
20801
5200
2843
34320
22633
28824
3095
9139
14447
23630
4943
16967
2498
22945
1510
18329
12529
8242
25684
25805
12757
27426
31220
27682
5522
16926
6643
23776
18497
11767
15528
9264
19137
2748
20013
241
12720
2666
7282
8817
6901
490
5397
15473
11713
9597
17377
27292
9072
20374
9486
18806
19935
25263
736
8429
25442
5100
10767
14
6894
13408
25562
1304
6579
18099
14524
1906
10397
13779
8862
25058
10895
17684
19242
742
2579
16099
9435
12939
21733
1286
5597
11628
27004
1534
10521
29520
11047
4709
23881
13404
324
3094
24342
8761
10041
13061
16341
31271
10057
20680
7834
34467
1526
18375
13903
23350
23588
28091
9683
8713
5462
22083
4698
16570
14968
18326
4995
2580
15515
12436
11391
13094
9602
1834
10076
11375
6657
28123
20837
18519
9156
25013
26532
9586
2436
25011
6891
4055
17025
17457
11999
23591
3739
3016
4231
3175
5527
19969
6078
9589
8422
9441
24319
2861
19910
3136
3411
6596
12273
3727
2124
765
10652
49
7848
3602
14820
7659
9274
3459
6037
11861
10772
21286
20042
4424
20798
9677
5811
17594
418
3620
22352
20085
34212
16281
10411
7297
4590
6426
2523
3581
8233
6863
3823
8138
15727
11581
1041
9347
8495
4950
6489
30560
10589
16389
30140
17949
25815
10943
3670
142
16157
1880
7555
6833
18941
17850
23735
12049
10530
2431
10913
1761
8827
5756
26668
13173
15594
2082
29365
29464
8210
17706
20519
14829
4617
18718
11344
11012
8199
29632
991
15541
29521
8670
9975
18888
24133
18135
8877
2864
4226
27683
11088
15880
17355
12098
5376
20917
3617
7691
3371
26902
20855
2601
2489
32650
4826
2941
9329
16882
4218
26809
18312
16786
7578
19357
19152
13062
28701
16262
25110
3061
6678
3736
13715
26619
8030
15919
2636
13363
2746
13986
29607
14514
2273
10066
3345
21687
17808
32929
24945
30853
7274
8683
9087
18407
24718
12411
3983
5096
14238
4078
5790
8939
2157
3730
5359
24436
22673
6051
19734
7719
6299
1152
5227
6827
24195
8042
6472
19371
14904
15697
9894
19014
24476
25586
12334
6793
7203
10988
11901
894
3803
12394
17795
8927
24750
8301
2012
18521
22633
14406
26008
23948
5345
22666
13608
22645
12279
3504
3324
11750
6068
10466
10266
21150
3765
27949
12975
3965
615
3279
2023
12348
930
13331
7310
6353
1657
2411
3102
27745
8306
7301
1853
22490
34328
1078
17022
21004
9535
21761
20276
844
7751
1866
807
7356
18743
35607
11436
1596
23557
1620
13366
5356
14270
34696
24705
16469
122
9673
1996
6536
15073
2130
31515
1098
13405
28014
21080
3547
7097
2614
34543
30348
977
7691
26461
11365
6337
8050
3563
1159
21135
2840
29058
3678
1076
12194
313
8038
1125
5691
18698
19592
1704
21767
21413
17674
18607
7113
10450
19100
28548
11755
1913
1717
13597
11506
11520
5469
4079
10024
759
22687
1292
15919
510
3352
8845
7950
26016
13187
13548
2569
26922
2336
19868
7662
7852
19957
17091
16569
12241
314
21187
13613
22046
23178
9784
17669
6510
325
1233
1301
7820
7545
3898
492
4543
7705
2466
35603
4726
9826
22020
33960
20919
3882
14354
24040
24945
22733
23
4996
21790
21367
32522
7137
2165
18121
6431
16462
28594
12729
469
22540
14018
18182
6553
341
20868
9012
1653
10442
23695
13657
8361
18098
12989
32782
2676
16808
7890
12711
1389
12587
14397
19658
5139
17237
11493
1056
35137
5234
24119
3701
25481
36471
14544
12539
22094
10124
17574
11975
16669
11148
12163
274
4365
7860
26458
14367
21113
23923
30957
5620
20470
16492
12533
17234
11140
30347
2704
2241
9195
7835
26180
13899
10087
11454
7018
11945
29431
3630
32575
22191
5264
5793
25550
20111
2283
10089
2631
1543
4366
26811
10989
13543
5660
10278
19554
3388
4329
2462
20349
16324
3760
792
25363
4152
6367
33916
27227
6168
23075
11727
3864
6266
12205
8472
18226
8256
5681
13525
9992
11469
14124
22588
7588
29258
27715
22270
507
6752
9676
2984
17877
5322
18313
20393
897
9522
10700
23434
11750
3571
21631
16306
6072
26903
7172
10251
20985
2577
3983
21993
4907
627
17645
12058
870
839
15445
15549
14451
9383
8607
1442
6354
9763
1977
23998
21046
10499
3644
3665
15854
1613
6077
13317
17125
844
27889
7334
17195
9122
1398
13043
15174
3113
451
11344
25028
28746
10653
10128
23366
9078
23839
6361
521
11493
14157
5878
10741
7638
7331
17457
12822
1725
8011
19623
28905
22891
32337
7709
27998
6239
1785
20958
7850
13139
18774
7832
17585
30061
2712
5856
3088
16406
18951
11214
1462
1373
20738
29920
5892
1526
9663
316
1705
13464
22608
904
6281
6238
18799
9302
7525
3378
28427
23624
25449
13913
4771
29019
7018
2463
13694
12566
26934
6421
1967
4271
9086
31860
6666
26317
23228
6657
19876
1572
5393
7019
22213
5158
13983
2634
2983
20549
1086
25720
14477
24997
2382
1081
1195
25141
3361
3642
63
25495
11860
13044
22202
7352
17144
8665
14747
7897
3704
2644
10633
7906
109
27767
12617
23620
13140
4628
3690
15611
7497
26416
10190
12381
10759
12491
10672
11894
3515
22139
2002
11227
4127
26702
34314
24410
14577
2397
7565
14339
3618
5046
24070
12067
15597
8453
11654
8860
23920
30984
14927
1914
19127
10495
1269
1338
1485
1575
18837
1763
18869
3801
17432
27858
33785
12143
27042
25630
6590
8261
14852
16824
7344
15040
5999
8805
7849
15879
5105
22425
2637
10029
7119
18885
3645
2436
8797
6763
6798
14321
7262
571
5929
9223
13963
9488
6531
1872
24185
8357
12662
11508
4933
3372
11421
5582
15680
10498
31781
5524
2975
4965
1614
16778
21256
13670
14761
5623
8654
2372
8686
4822
1277
3215
10522
31724
16495
19085
2960
18120
13737
20414
2865
9912
23607
5562
12633
17630
2706
11575
12449
8182
2700
17067
12186
12697
19118
3719
16930
5284
14141
22846
2596
11590
24046
16157
904
4417
6018
5864
13156
20489
25754
33340
1932
15659
9653
15146
10634
8082
17132
13414
24983
18818
750
8502
15169
3402
24736
3737
7836
20910
512
6384
8052
5739
27086
13792
16372
18128
26084
5519
17976
13378
5939
7576
18603
17868
35178
23588
13989
19632
5546
6846
4030
26025
12794
28800
21729
12988
7188
32397
4923
23352
12855
18166
23586
22219
9224
19191
20466
19819
17298
3927
14368
3416
22081
6429
13573
100
17757
10806
12588
31204
31556
10902
12782
1002
7648
19944
27146
20946
9916
14785
5585
4994
10189
2141
25462
9843
17192
501
28554
1716
28648
9506
9940
14754
24768
1106
33266
19402
18902
4112
486
19512
19970
16607
16142
11722
21909
11935
27539
27273
6187
31531
3233
2286
23471
11787
20823
3685
29275
27575
15080
4613
13341
8812
9647
571
8536
3777
5795
32748
12686
3789
5974
28502
3568
16690
21830
1274
8846
11619
10518
30172
3181
11371
21038
24019
15500
8563
13303
23089
5363
7242
13025
15865
2979
5989
7751
14474
16378
23571
3522
16536
6398
2779
20634
697
6370
12940
4012
9078
12331
841
24226
8014
2480
15160
18693
15468
4493
13991
12949
21662
12015
12604
12794
7285
8831
10672
10980
11743
30612
16145
9328
13618
12212
190
4189
11557
1085
17433
1210
8926
7504
17894
1909
7607
15834
15067
2250
5659
24949
9915
2831
15
16267
7475
15940
4320
9668
3570
11155
4207
25974
770
7585
7780
1094
2761
23301
5711
25999
32034
9196
19095
2697
1523
30706
2024
15733
12656
16481
13342
17586
206
7470
24568
12280
27339
18358
14014
20901
35109
11387
26926
3837
5691
14304
17406
21970
276
12274
16956
586
18379
8244
9877
28207
4671
3475
30334
10336
14193
24166
20030
1758
21317
1163
16636
27499
11548
3711
2530
7373
20632
3975
9128
12989
28374
21250
7314
8656
959
13573
21701
28844
4766
10644
11098
9098
16148
21506
22906
1136
4152
16043
26976
28758
17144
8416
17414
18394
47
11750
10072
14820
33462
6358
25646
18639
9241
27697
14165
13497
7060
22281
4326
11979
20988
19172
3190
403
3473
21267
2496
3462
4478
20350
7732
33361
1647
31649
9287
5396
9915
11556
1148
22775
12818
3461
12938
20719
19241
8150
3028
8175
4672
10356
724
1726
26441
16582
17742
12992
23010
2927
5453
9896
4431
617
1787
19360
3145
23956
21787
9660
11154
21577
19686
24218
10873
3385
7688
15230
253
23518
23021
11704
4466
4110
22966
8392
13955
9750
2471
31418
25437
26032
218
12123
12944
29351
16468
25310
9847
4437
16032
18803
31769
5756
3677
4550
6983
918
9534
16369
5424
6791
8637
3372
6585
10401
19005
25934
8269
1167
10759
3112
19933
8534
30327
13445
10058
16345
8216
24121
2177
1703
13167
8345
25568
1093
4780
25871
12892
14114
4176
9311
11344
2950
12833
4883
15091
23567
13241
1670
91
163
2408
9208
6741
3041
4234
14867
17723
17791
5759
3362
12991
7543
23456
1067
17621
22555
2802
12499
12295
9071
8679
5462
14049
288
1416
5069
9015
14904
16632
15367
2135
11718
14624
3560
385
29835
7485
21930
3525
16042
4416
8820
6659
13089
13616
11046
7643
14540
12350
7457
5144
12099
1951
779
23273
17658
16667
17790
9460
7922
20328
11781
33221
12335
4257
1893
3293
13200
21120
21192
198
13165
2293
17671
12143
13465
32045
11556
30449
9399
18592
17761
5021
9001
24644
263
24787
12466
7362
13199
4674
20228
3042
15288
14109
7023
29139
17744
5840
357
16706
1018
16732
12222
807
12061
10926
1963
1636
546
32290
12838
3748
12235
19367
20571
13096
5673
6692
5561
1139
18035
5167
26445
2651
8908
18119
15264
12465
34241
23030
4390
4954
6983
13252
16293
5634
2841
1967
9585
60
3262
17161
13406
22921
26115
18864
1271
15656
27671
151
20715
22534
20774
22084
14603
20144
10377
17840
12557
5635
27566
28767
3285
11220
25753
2647
11930
8304
23806
16217
11709
11153
25252
25376
6012
18713
3399
17074
17644
353
7960
11321
14833
23602
22407
26757
9599
2432
20833
6155
9894
17529
28119
15221
9161
10348
8110
8639
20379
7076
6236
4384
3230
23483
10215
11116
17356
32765
23679
17244
1937
34446
28129
16355
21884
10802
5312
23540
3184
19142
18764
7156
25951
20633
14854
28862
32672
17998
3167
6767
3228
17850
17164
14995
8452
17773
11544
9156
12004
20151
13430
13489
4400
13863
22307
15038
12445
13886
3431
3283
2965
6230
24806
21398
22203
9396
31067
4741
4514
11829
21506
2684
9272
32215
27116
14206
13930
8572
9961
12568
17152
2401
16351
15541
312
22740
4793
3858
3370
4897
24731
4019
9331
14652
1345
27037
4883
27707
8451
7258
18431
27920
34253
2068
4544
8655
26
7317
27429
5821
3742
23303
180
14142
5353
6364
20601
1291
4092
7205
2809
12553
4279
18268
4560
11048
6694
6503
6517
15242
8906
971
12520
15812
15750
24218
14722
2557
4699
21792
1384
27789
9953
18407
2997
8963
9022
14718
14491
7496
14055
14425
17163
7057
6616
22974
3660
6359
15728
2784
10784
8763
1035
3406
14588
7355
4009
17745
14663
11093
9056
14177
3119
5835
10478
16628
7163
9911
32486
3374
1206
8614
8761
23077
25894
27512
7443
1379
1134
16324
24420
23243
500
13421
22144
3333
13172
12785
8178
26430
19993
29744
17355
19971
4478
24588
4743
5551
9279
11644
804
820
13322
3386
23401
5157
22713
4644
19260
34889
11020
16822
1983
22616
5257
15696
10315
20613
5957
18690
8067
26530
292
5930
14735
19752
1966
85
8807
11998
11101
12382
11383
2642
9768
10164
3507
9971
22651
3264
31074
928
21136
15690
13409
17292
18286
2454
28514
16310
13108
4778
18837
12486
6220
7503
9419
29857
10659
12378
3559
3147
30501
10070
17818
32642
26969
798
24555
10368
278
18477
21065
1962
12253
16921
22816
9078
2667
11146
24370
21865
16138
5152
9506
21687
36177
11441
9142
13043
10100
4688
14409
16840
7723
32798
5393
4285
21315
12657
4915
11073
5548
1176
22535
13528
27345
4156
19103
13314
31585
2785
6395
7317
16879
12050
28977
21660
17913
11244
11080
16880
1816
26638
3371
28
5805
14453
7590
5595
4036
15524
2819
18157
13637
35223
9846
4499
9113
13256
11405
29630
14468
18184
26373
7393
13280
647
17400
6079
4415
4960
1120
28408
28440
1522
467
6513
930
15725
23573
23115
31665
6193
8490
5800
20102
13745
13933
6498
5660
28486
13590
8752
20466
12847
10008
8565
6785
25597
15734
1700
9773
1122
23433
6591
622
27040
16496
2821
30052
5852
2348
21562
3070
13269
31211
24010
2961
23020
32761
17916
17831
13088
4324
2865
7404
27860
16772
4918
14961
17928
429
7020
16013
15861
18652
7345
1910
13376
18042
15797
7598
22002
12655
2948
955
14751
25136
25328
11431
4298
10286
2617
10358
19054
19356
27156
3497
6297
7734
8389
11706
27173
1977
2373
14706
22707
6666
7674
3160
11340
9885
3348
27903
2540
9642
7975
6779
18647
13318
4582
17069
22951
26434
11453
27207
1481
15011
24775
17806
9592
11792
5429
13721
9620
6087
11759
27293
6412
4172
9669
4558
24042
11421
28358
2496
11162
6831
4965
3536
3683
1358
7893
10180
5250
24625
8823
33398
21537
7435
16951
10106
9692
9594
16720
8258
23433
15127
19377
20227
12286
9397
30821
813
11204
14690
10135
6752
4398
7481
10624
3675
18857
9261
22120
21933
1212
4971
2715
29635
32268
10166
2757
1943
5035
7065
1846
2053
21124
29063
24498
8144
11422
11718
3760
24320
3765
5140
35257
19663
5104
992
1746
26792
235
8246
7922
22172
584
3508
3226
12801
22056
1882
9575
3607
3661
33920
74
14547
241
5621
7891
6605
3812
29
23985
25424
30404
737
5949
12624
1702
19441
21001
7882
55
1201
7105
1384
8026
2979
5803
13416
12067
19298
6793
13645
12725
3939
26244
12811
14014
2108
1294
407
13917
13533
24165
1901
14690
8886
30416
5973
20436
23016
748
17848
15016
9259
10424
10372
2810
34453
6103
14591
3590
19040
25913
24283
18032
6318
26774
35265
9852
4190
3910
6091
19200
4317
10865
14020
13386
23150
9752
10481
4424
4723
9981
3064
7244
10901
228
31790
24329
9848
9833
13532
13511
11435
30608
5270
9221
17461
15026
22522
1205
2107
32394
4717
3164
1119
1143
16525
7877
35290
34597
9862
9434
1182
6044
216
2668
14042
313
17092
4924
25796
7914
160
1053
11766
5176
14433
22036
4872
1418
21024
2106
14196
3664
8300
4737
16953
18151
11229
12854
3234
1885
12316
22967
26390
18862
1692
21303
26719
17566
6700
8921
5739
17841
8161
9364
15180
15999
15392
6161
19547
14867
22122
23843
13531
1848
5882
4727
24012
13394
3103
6945
11653
18423
881
1224
25385
16416
10290
28119
31405
26949
9289
16004
24563
2199
18772
534
4164
14084
27682
22705
8729
27710
9842
18712
12607
3540
8566
23030
8306
1188
19083
10180
1503
4448
20275
9641
21658
22106
31137
28153
29081
12745
11890
2168
12813
6252
6635
13107
14573
5654
27012
12643
5243
7065
12677
11163
13992
30241
4204
10350
1319
25570
19416
31909
4098
7055
16174
7079
23501
29469
9960
558
5845
22508
19602
15597
8731
4805
2995
4299
16433
9069
14042
20329
7330
17484
7666
15561
13021
19646
9756
257
9858
2572
4981
32084
962
6029
9205
11064
22734
14671
3401
14001
12068
9821
455
12623
24088
18190
7392
9768
1118
14023
30908
36913
27051
18945
12959
2027
1886
14254
4775
19841
21603
29406
18775
29848
11127
28927
9226
32955
364
17552
9192
7791
69
2774
22074
17593
1051
2348
13422
8483
27394
16072
5255
15489
24961
13690
32983
9357
14408
13031
986
17500
29637
23317
1254
32942
1940
4453
25288
21343
10173
18664
15030
6015
19864
23332
13931
6817
3374
25188
36316
14133
9313
19186
21419
3533
14885
12770
2445
27194
15722
6094
27578
5901
15863
1278
5278
35128
5686
20062
11542
9237
14331
17836
10543
17532
2782
30131
14810
12767
16823
22908
5510
30144
10152
12960
4274
17174
17187
13999
8717
27273
6621
12769
21308
581
3494
1609
14575
2252
24150
13804
9899
14920
349
15212
17487
10561
3238
5786
7605
5388
1044
6198
959
20238
10157
4617
4142
21867
27356
5850
2315
8155
5693
10487
29360
8518
485
16128
12374
26110
2332
8650
23410
9443
4463
24659
23053
8508
181
19375
18893
24149
22851
1871
26162
271
12429
25050
3913
4618
492
790
2036
21116
5739
15755
1893
3596
80
12143
1055
18032
3152
3767
4328
12704
5820
7080
26596
24339
3415
1917
2472
20332
3027
22470
3056
29831
26585
2509
9488
13615
4921
22766
2986
1113
27104
12927
30534
23982
20478
8329
2312
8403
13227
20376
1919
19886
21686
21678
29729
3361
25651
7095
27588
17806
7345
11096
24081
25584
19282
2587
19732
4997
32760
10306
3585
6085
6067
17654
9777
309
3818
12620
3674
23408
33842
1749
22161
3105
12704
7500
15465
12008
6822
3601
578
4805
16413
9262
9907
9661
18384
8246
674
2403
4427
18340
4668
3464
7141
13314
3356
12905
19475
8399
5293
18019
20364
5073
8823
14030
3890
9587
5742
4678
3863
14444
6557
8462
2536
16129
7352
5656
761
25802
13309
2840
18609
25768
4746
24072
13331
9594
23023
17675
23735
24748
16529
19340
12137
25066
4174
2594
2526
17230
6356
1857
20347
19341
23999
6551
9858
27343
17219
23060
17776
29617
1580
15825
13374
7402
3322
19693
23246
19390
24927
11790
14896
14565
14451
17269
14089
28074
11016
2349
9465
16618
21945
21315
33271
11774
1932
9455
21456
1033
7828
13323
20266
3436
12605
18199
6224
6477
7731
25722
29491
13362
4844
17122
2926
27005
11262
6810
5088
10976
6103
19232
13805
16893
35817
8240
16393
11584
20204
13501
1811
21214
32753
17042
2044
23680
12650
24323
16262
11687
2051
8508
15046
12876
15425
23806
28446
1355
9866
4222
11324
25950
9244
21492
25045
2161
1526
19226
11206
1166
17312
2828
12126
5695
11424
17354
18542
2483
2687
16487
118
9081
24993
7485
19530
3222
10846
12992
3368
26290
6416
2491
1270
11787
19170
17423
18320
4612
21318
22987
9296
6851
16214
4707
4130
15458
1621
10402
21407
21386
11817
24690
20403
2428
3967
1506
23639
6994
4024
12131
13646
27539
17588
111
3629
1166
13744
4824
14220
426
18719
7763
25521
24635
1079
16
11104
15450
22957
22177
266
9007
13364
6835
10618
6127
22352
16915
15073
30646
15240
23713
1148
4477
8874
15419
15040
7308
30206
2464
20014
23512
888
8286
27030
6134
966
4872
3796
19284
1211
15761
17148
9107
23574
24393
13729
5078
6744
11351
14578
24266
29893
14286
10762
20799
6504
5136
10548
21464
31990
4390
12800
16914
13890
5587
2935
11773
1929
7151
1035
6876
4715
6030
24697
589
10238
1828
20439
508
29522
18689
11976
24775
8014
4712
4052
7999
24416
6624
31165
1930
4406
23301
15914
857
14892
5219
15813
9446
10362
14774
1856
5165
10190
23949
2083
6884
27018
386
12942
2153
3017
28685
2921
15179
13603
19395
30482
13629
15500
9466
22150
9102
4162
4930
7012
29935
5110
2867
24589
4209
6476
18193
745
9304
6158
903
19918
11220
6911
11558
10016
12653
3148
2482
2584
33139
27789
8971
19044
5083
11109
11441
28601
2527
9770
1182
13513
10220
2326
17196
16296
22018
14986
21432
21225
4440
259
18935
6972
15993
2952
29264
34925
8876
7334
15571
7341
9432
11675
1487
31811
15170
872
13208
1844
7112
4598
20040
3548
22704
22602
6916
420
16320
1798
26279
2888
1259
19420
11186
2811
9659
15624
2942
3740
13669
4092
11163
353
4437
1830
7227
12707
4918
22444
15056
9340
19505
9077
31041
448
30786
3702
31036
3963
766
6324
11752
16276
4402
10053
14070
15735
729
18752
11572
10736
1292
2613
3353
8696
2671
15267
5758
17569
210
29834
8372
21577
32471
2279
1438
26149
6515
3534
28630
12177
7213
5738
11435
14603
4423
22703
5926
9614
19890
21370
662
24472
3245
17006
11498
618
9766
17459
19939
1670
8960
4026
2600
7095
25606
8724
2423
2092
7203
24271
300
6764
15057
989
27739
2870
4724
17758
4326
2738
9317
18850
13683
17272
26883
9663
7018
12900
25045
15064
19129
14276
21185
31741
7526
12396
3700
15025
15121
19351
6521
9509
4884
8045
8596
6551
6878
8260
18561
4031
11885
2758
8446
4306
20853
15289
9343
25653
5831
3020
5792
8678
9193
21553
4062
4822
13828
14008
8357
8011
17864
17898
12304
7408
7862
19921
15814
5393
12940
762
31615
13020
18758
6214
18913
7596
19130
13811
19241
1807
17414
13090
752
8882
15922
15297
21509
6960
21562
28218
11515
10216
23786
8153
16457
5695
18461
8660
18450
23445
29868
9845
30376
7930
18714
24397
14782
5411
34438
9825
10634
19671
29650
15495
6670
6136
20987
6644
2957
26270
28997
2951
19310
19130
1095
759
718
11
3636
1089
20529
21400
14913
2167
4508
14183
3911
17829
6940
18007
22067
12149
14552
5589
4437
158
29916
9876
26758
8998
4567
1048
22528
4094
20601
2543
11565
3372
1767
11376
464
10928
30972
2711
7660
17049
9608
9597
6250
11684
18317
20335
3107
30305
832
22333
15474
5193
2665
8892
15703
5006
4304
8214
12725
2636
10266
11530
2391
22760
22665
9649
14022
979
14286
14953
7202
12382
26990
12248
5387
13548
26435
17104
21653
15554
15430
13790
8973
7906
5068
15649
867
5778
13314
15651
14739
11486
2418
2447
26694
9578
1689
28092
16099
22910
11174
16282
16654
11591
26378
13079
14324
10926
28435
21730
8366
7843
6780
886
5626
11289
17000
7311
8465
1760
11913
1896
19220
20140
14457
14689
12872
28171
20077
6838
27473
13185
17944
19430
1078
23788
7597
13753
17400
8222
11984
9448
10235
6357
26278
15720
14353
2053
8612
29789
24515
14749
2255
518
11441
27553
22518
921
12144
32441
6387
35513
15174
13063
398
19919
3614
11782
16322
2158
15734
976
623
11273
22808
26842
3474
1059
189
14959
8335
19796
12663
7733
5510
13803
5086
5117
19115
9054
4960
21729
35485
3250
6458
224
20554
7113
4674
24497
15752
1710
4923
19536
614
11527
10117
22756
6377
17116
1193
22034
6538
35197
3043
36218
23175
4647
3585
19306
26739
29808
19841
32740
28773
13429
3204
2291
15920
21538
4048
6513
3493
12753
13418
12624
17212
3072
19878
468
8258
18650
1019
11744
25714
12311
22096
24128
14583
27712
24062
8596
22174
4074
2102
4208
3061
9771
7821
17291
3080
3110
11366
12850
13202
12746
3809
779
14285
1339
33277
6908
25105
18867
11119
14678
3166
20264
7931
9370
5075
5296
2016
409
3567
9567
11806
31027
1655
9635
23192
19638
273
11464
4075
16448
25224
7991
18313
29604
623
29724
11655
2336
15727
9864
24057
18450
19261
10526
325
6824
13374
408
25190
10019
6911
23949
2323
6009
10294
21049
19439
2873
27790
14118
8932
1570
9144
4654
20232
11428
23279
8142
18154
29801
5127
23988
6418
5062
6556
19243
5736
2491
4337
17636
22580
3497
13826
27197
30986
8685
8436
14457
20282
13486
21643
22430
14187
26824
2344
10935
9658
2580
905
14264
11710
11909
23625
34545
6404
8671
29136
9729
21258
15201
14833
7321
10792
1529
12225
13275
2768
13224
2755
15592
25933
5344
639
719
8817
14231
5235
14407
17173
12465
30071
23262
18456
742
29288
29315
7353
7131
2355
829
11896
3441
9689
8922
3157
9185
29209
22249
17851
18281
5849
22428
6042
2545
4446
14138
12540
15242
8865
3118
15334
1094
1825
223
3499
9225
19141
23053
8087
10780
27057
1477
10692
8869
1240
2265
1328
7806
7139
19830
20102
14949
14041
13086
22953
11667
2836
19787
15997
17702
4805
3030
11008
13076
30496
29354
11112
14361
27751
31506
12841
8544
7854
1062
13807
7210
22307
7553
4173
17855
12946
24215
21044
10532
8815
7074
18867
15944
2869
2234
15427
24842
13024
27855
26721
19275
14435
17320
13803
16001
15748
10410
9398
579
16194
5268
6085
4370
11675
6470
8258
11700
301
29103
7774
9458
19763
9359
5390
2588
8178
31625
15517
19146
15158
6427
3098
7444
2346
3495
20167
3269
11353
28395
9170
10952
1509
8431
2928
7308
249
7998
6219
17023
25875
4130
13802
6200
32113
10212
10583
13015
2503
26043
28308
23116
8415
16821
27544
7578
6246
16968
10691
8310
4493
25528
3728
7937
17563
22182
5406
16240
11163
20205
21560
11634
24259
13339
16603
6352
21464
1086
30041
4151
9837
7595
19781
338
9279
7604
9410
5881
5746
1241
28408
20087
6098
29909
7641
1911
197
24292
1270
2136
1055
30433
1051
13528
4197
19779
25109
22287
23532
4485
3880
10411
17292
2742
1437
15980
15913
29288
4414
18197
9422
12196
13935
21740
2631
3767
16971
131
5465
5297
6507
7583
10900
7595
6830
12360
25520
18255
19009
18790
12861
2865
6203
16052
655
1551
24846
1317
835
15518
10634
33647
4112
27389
1336
4178
5435
5773
6586
7292
26177
5868
5650
11836
7989
8115
16261
33921
11200
4452
29598
18455
13474
8478
6876
11150
26842
7820
4755
4371
3368
9315
12374
24657
5797
24307
24519
4397
11967
2432
2387
5386
6355
12380
29482
16939
26483
16902
19914
25878
21336
8197
8328
29920
24392
20410
10374
16904
11558
10287
10408
8308
95
1466
12294
3275
22875
2041
2243
25489
32011
22226
20853
16146
21565
9912
2647
5930
26779
8414
2596
19224
27500
8257
6495
10908
2860
20786
5956
9219
11781
26115
16879
31985
21434
1769
3032
10372
277
1286
19803
7205
2222
23611
6119
13894
12378
8933
10873
14433
32089
1795
5947
27418
3752
555
23389
18195
12943
6178
8681
16217
11814
3667
7693
12930
16804
5398
2024
10139
26900
17050
20093
13031
16174
2321
27534
7657
3528
9197
3925
5193
9994
7425
19596
15690
27481
11689
11857
8554
3788
18023
15454
10886
3631
3533
26213
15301
5063
9870
11250
10260
9066
12892
24821
1219
24834
14237
4496
26669
7871
30239
1763
14624
343
6691
1425
16731
1947
1437
17852
17917
16749
7145
24375
4375
9462
11514
6333
12331
9093
20211
480
10306
10952
2748
15986
2744
6083
4394
11176
18832
33553
20499
3804
23169
27585
2389
2879
604
30139
238
11989
14218
29997
1346
14631
960
32087
4530
3102
33461
19042
15214
10334
9206
17135
14149
7150
13018
1611
12372
3756
4063
2727
10020
33059
23531
16981
23310
21364
18511
18871
9786
3917
10274
6196
27539
17949
412
5357
5642
137
19348
19765
3713
4564
16665
1906
13602
519
32174
20957
19623
8896
7728
2337
8455
6972
21663
2965
10802
27656
11644
3998
2693
12391
7277
3215
23944
21167
16837
7003
13588
28388
26344
13758
1025
7481
11183
7903
2221
11648
16070
2968
7571
7374
9825
7296
9888
4499
2707
2320
21027
28732
10958
18140
19168
10560
14264
20219
244
13836
13459
2127
1447
10039
2787
3653
11278
10686
6612
20958
14053
10221
22559
13058
14656
25801
25250
14439
29881
20773
22581
3136
1966
19653
8869
19868
9119
24592
17526
25132
6125
5718
4717
9645
28685
14158
3558
12048
1737
3795
14403
9412
25594
4666
17433
1197
1628
405
1583
6598
6172
1815
25082
16743
12337
28110
2937
9780
16152
491
13992
17882
1598
19015
11812
7792
8905
1154
7847
17580
3012
3385
471
5480
9430
1420
13315
12147
35302
3002
10044
4452
11008
4067
10726
31592
26907
415
2398
10438
25028
15920
19671
4208
22747
11576
20504
28008
1709
8409
4518
13081
22727
7837
8682
33050
15581
19117
14642
1154
3604
5469
5859
2324
17800
26085
6723
1485
23766
24022
12180
2244
6372
22899
24441
1735
19145
34883
8400
15414
14746
4938
11848
24421
15137
3656
5437
12745
2752
12294
9329
18242
27752
16553
8739
11129
7347
28028
7694
11299
15075
25890
13319
10949
2996
615
23800
17541
3316
4496
3662
1658
2003
7805
9249
26294
16847
27617
14662
19344
7443
12519
28677
26929
22784
115
14187
15281
27870
24746
10570
835
17725
18920
27322
16973
22336
2265
21355
20139
34972
20819
401
24666
6878
20831
6622
21118
16713
22349
5418
209
5794
22251
18518
10896
19176
4126
2488
30932
31550
13936
21354
20989
12359
21064
30
15425
2621
11884
9786
6119
6568
10908
20067
6762
6383
3426
14637
4163
4113
28300
5527
28449
17491
15983
3296
372
12468
19938
15373
32650
13470
17039
8619
2368
10394
15988
6609
16503
13476
23997
9098
1643
18924
13360
20893
14945
6227
15967
22877
3057
2959
17381
8336
2612
30526
17911
286
13941
13731
28669
26398
24524
30812
14603
12877
19272
1172
17460
15921
10378
12665
35895
17932
19086
10119
26283
11754
17987
7380
455
13228
2060
10770
7429
27916
11522
3124
2382
10036
18971
12461
2124
8167
26252
4096
2556
3731
1885
8141
7425
26780
8044
24785
22966
14805
20290
3081
8420
22258
22105
5482
23124
26749
29028
14457
16343
15987
5538
2740
30895
4346
12830
3231
16476
16413
32234
29056
27
18353
290
21249
15692
6547
11104
7630
12899
13545
18579
13348
31031
35312
16516
10149
6460
6732
10367
21797
12212
13323
487
23497
14592
7569
9681
11195
1754
9535
24783
11314
4545
4858
14160
2817
980
1997
12136
17877
16804
4668
4506
19028
14414
4265
1662
3864
544
6666
662
9560
19083
7037
17594
22647
9329
4338
33192
16265
20192
28314
21135
19214
2222
16677
1364
1098
23447
19651
22820
10570
19835
11973
21279
30914
27222
6976
26195
331
2329
12980
20847
13117
13896
4526
2
1646
5113
16137
7491
27822
1883
1414
23558
2297
22441
784
16968
15819
5483
23392
26321
2873
11241
33328
6168
5179
7570
3047
28099
5267
30113
4819
6255
15929
21407
14988
4610
8814
22074
6897
3055
5917
18108
19628
3990
11429
16001
18474
9903
4747
12222
1627
19377
1526
6595
13150
845
17726
12133
5579
11805
5217
3773
14654
7262
12464
7286
7573
11551
17507
5461
12773
7658
1558
6527
20152
8759
25631
8900
7938
7109
4012
32121
25947
20771
23909
2703
17661
15700
14333
5308
14737
3475
133
14766
13801
21460
5933
28206
20962
5594
17449
23783
23956
3607
19026
1842
1999
23147
3785
26716
23583
13481
13444
9483
10049
3110
3955
18768
10959
6673
3402
16825
4042
17851
1460
6794
2245
13455
3942
7815
10176
22427
31536
19706
6287
20335
8096
11398
8818
18941
2665
13117
12552
5115
14011
9423
15326
16263
14672
4062
20749
7590
348
29052
18708
18101
24034
5337
21879
4420
1165
2005
23525
15441
14628
3772
13698
15144
6624
14320
10477
12900
17417
7111
20482
14725
3831
6964
17659
2841
25677
14353
26013
5953
14011
7334
4369
21211
14503
921
11143
24911
5030
5324
6299
8342
15085
11149
10959
14385
17877
6784
3740
2646
12571
14934
22447
8192
25025
3975
17680
7690
6923
1103
20451
4422
26287
6493
11042
1498
2209
11028
20299
16783
2643
30150
13380
13625
4421
5774
25914
12876
2652
3219
31718
3742
15713
3665
3495
15003
19066
14850
14989
11397
4354
23385
6330
8888
32710
4438
14425
7484
743
11663
26217
4481
18709
14584
8282
1511
29
1124
3296
8096
13940
33432
26008
1534
10719
16935
16820
12741
4297
30071
24315
26583
17585
3319
11859
26750
4188
9597
4658
535
3464
25
19769
18944
14303
1755
6742
12603
1039
6213
11332
3497
7419
6920
16551
12040
4256
9970
17558
487
6656
418
11199
1965
20352
17375
20391
3852
24825
28114
11708
13771
80
19945
2088
5975
12988
6656
11229
2616
22491
1910
9567
25518
10074
17199
20313
23868
4922
5700
10282
2980
20821
21323
15449
4505
26921
11256
13969
11370
26265
28731
4656
22631
16287
15433
12038
15817
12839
5899
46
10524
15941
10835
15837
14041
7767
4407
18198
6586
888
13256
20482
14183
9581
5501
34491
665
20474
16812
3912
1113
3271
25870
9796
655
15677
4705
615
23768
17406
30910
34096
18510
4913
31723
5714
7889
27877
3411
12917
16985
17634
23228
12985
2043
22162
27920
4806
1185
6745
8063
975
28773
10972
7166
5218
3209
4482
10087
12466
10622
26560
15298
20002
9446
7355
25330
12012
24309
3172
9411
20129
11928
31539
4223
15179
577
23879
21835
5107
9348
7754
21369
17537
7730
8722
14649
26053
5412
32061
24097
3027
8301
15376
14149
2424
5225
23059
15532
22643
18051
25384
13571
22771
3418
5543
19693
10253
1542
3759
5150
13001
5589
9779
3865
8534
15346
782
7901
14257
8076
25270
20379
12292
10888
16955
30279
13092
794
20971
15513
20027
18979
2845
17107
703
3440
16551
1587
20872
14362
13643
5650
8250
26284
21023
34631
21237
2487
10576
15028
3918
13355
19740
255
7475
26318
6210
24112
13406
15265
9813
2875
3733
24792
24873
9453
1537
11123
1665
15608
8735
10522
12014
17344
5128
16195
12852
22365
1413
8105
647
24215
19150
11340
10105
12318
3985
11788
25304
22441
24661
13862
8678
2202
18050
15934
22570
15161
14801
5186
2087
20050
1488
11381
9600
4002
101
27006
21263
12863
6582
973
10782
18094
18446
2619
20526
11006
11006
2108
12187
21491
8400
18762
20927
7933
2658
3655
5349
20185
9059
692
4466
6253
11495
6648
32401
22178
7071
4725
20250
191
28862
21121
1454
21625
7026
27971
24038
1476
8738
24853
7668
13666
2787
6939
396
3054
27607
23764
24663
5010
12919
3300
11098
10175
32011
13456
17604
8384
10023
34252
14910
1717
12760
29820
5834
6308
937
18839
6220
23039
3176
4900
6932
4953
17117
3390
4065
18051
18702
8552
33814
1664
9149
24754
14807
5624
25778
5440
15711
5105
3303
5321
15607
20030
28537
1034
14578
28082
13951
2085
23408
21494
1051
22684
26079
4394
18071
26584
21418
984
3838
9578
12614
9819
22327
12378
11149
27137
18163
13237
21502
24362
16873
1956
5163
7034
11988
9822
7001
290
34873
4855
10084
2738
8573
8212
5794
1047
20293
17051
19444
1514
5822
16160
27694
13551
661
9154
13581
26223
16276
20111
9694
23606
23789
19258
4409
1368
8030
5278
23149
8326
5395
15625
21867
4557
8805
21041
17076
7781
34618
16303
20285
9266
13923
6651
586
3481
7032
4262
3773
6427
5202
14308
2299
11512
26065
1804
16592
1087
2840
27799
26823
25825
31056
18028
26171
32930
2736
10606
6342
13774
15309
23039
14143
1577
22031
17440
20788
6913
5428
15928
11765
21517
1502
11578
3070
6553
15398
21373
7361
32877
765
13231
30749
7240
3015
13548
3041
13191
17136
3711
2114
7719
5046
10063
7039
15423
23268
19809
9145
146
32742
8770
10416
15899
26857
837
4036
17021
23933
20854
8992
9752
7030
26259
11203
3558
11942
25728
15788
11409
9940
5284
4145
22287
13249
12425
22934
14513
5803
10927
2413
20008
13190
14179
22992
20386
25190
22684
504
7520
22249
27662
19363
3528
17844
2889
2149
2824
75
18698
31721
5202
4823
5564
11833
3976
11233
10720
13555
26171
10763
18684
7705
2553
9813
19052
2248
7128
6358
10222
22250
16154
11955
2714
2105
1626
6854
51
13200
24003
26250
19234
1721
22570
14673
1128
1070
3854
3706
10106
9152
16661
3646
1482
34371
3666
30611
26965
12221
14801
33269
13503
7919
775
11685
20015
93
4737
4172
7480
8812
10485
1452
2164
22317
15238
24752
23080
14538
9027
11010
5003
16555
7461
23545
24566
14266
12734
13203
14305
6576
1001
2437
6780
6990
12235
18662
3046
18678
5585
10386
6533
15045
23362
27907
10960
12805
14360
4632
25132
5852
645
7835
27751
22946
2926
20016
211
2088
10681
453
15225
3928
4270
16514
8748
6790
22962
17957
294
4256
9160
4766
8098
18683
2348
19672
5620
2630
263
11967
969
4016
24935
10988
18545
284
9800
11332
6512
1131
17745
22971
248
7466
692
13644
12843
17924
3748
19463
3329
11606
11304
9687
18933
6665
16374
8538
32001
26535
28850
17594
9334
8102
23032
21835
14367
16100
15638
23300
8781
8926
22408
865
25165
4479
23052
2166
13609
12615
8983
4993
5956
9284
15681
28750
14090
9443
5847
9110
11580
19629
14534
592
2285
1276
20058
25110
892
12692
846
27322
10505
16607
519
10521
10813
1934
14470
7303
4165
4033
8498
14503
20359
3984
25280
9711
19998
3059
5932
5827
301
20435
599
5427
9368
15047
15538
16318
6383
7449
29008
10978
4586
14986
13060
11663
33044
18077
10888
8718
9356
23830
20060
7599
3301
7976
5500
11209
17865
19604
27501
2248
18797
28064
13455
14496
31843
961
35630
931
397
4880
15974
22904
784
10861
11413
20267
9761
8275
3381
17788
13130
14990
21158
30417
6601
8351
11451
10401
24822
14397
10170
14635
1884
27804
29376
21226
14771
26347
3076
25864
1097
19390
511
26203
9298
10641
16670
34214
23949
11222
1831
2584
2522
7481
15771
3044
1943
11218
14586
6902
21753
34876
8904
12380
2998
11725
9953
6689
3818
1057
32506
6026
9306
15322
8228
9223
3289
31536
28549
23258
22593
21387
1878
5832
21362
6611
16519
16261
23415
575
5735
18960
41
11378
2861
9884
11642
10071
6516
15409
11732
19502
6621
14317
7938
12603
13522
1068
10933
20499
7382
4188
15736
4423
13326
13396
16296
26707
26982
15112
13979
5483
20807
32285
5451
2256
2590
19028
2268
7849
24255
16342
21361
26124
13566
2538
5586
1810
942
14516
11223
9792
17825
15313
3655
3911
16389
16782
21129
21537
11955
14028
15470
5824
4255
6958
14170
23824
3646
5980
5808
13372
8187
22799
11283
8734
15828
12339
19470
8746
33658
17147
22888
13089
14108
3065
8853
1501
2494
11936
9522
114
13886
3670
13616
6080
5139
29913
7407
16264
19676
8920
3605
12813
8052
32928
5109
24189
23941
13464
22153
10629
11711
4286
2376
35286
1381
1394
16448
18887
13826
15776
21033
22175
4527
6353
510
33872
18826
17222
20227
1713
4452
24787
7068
20285
12194
6689
9007
24973
7434
15203
12159
7533
4578
13863
9228
9109
5494
4213
8402
867
441
4112
19484
4874
4167
565
31170
21814
23236
4
14983
8059
8984
105
3612
12332
18812
23704
26991
10313
8315
20611
2100
16041
14759
9402
10390
26736
20049
15738
11284
9422
3181
22455
561
25337
12283
6509
4076
3097
21376
24593
23407
6184
19890
3525
19478
21551
4748
16755
13881
25422
1857
12529
20201
6298
9758
5516
7791
14575
15969
4089
31797
9210
3100
24566
3371
9672
30275
17619
13820
4444
3707
18449
2988
13677
11042
18666
16246
6494
2864
8834
15396
23171
728
17270
21003
9014
16169
18351
8748
15759
19471
8210
17617
20926
7066
1772
7226
2636
9232
20032
4291
25400
30759
1483
11053
30225
8376
1121
632
1299
15078
6609
22900
722
9703
2734
18950
7659
5470
25929
29298
25325
17282
556
9938
28573
4959
18781
7632
11167
24583
21254
26647
25730
515
24221
2497
2756
13953
10628
9027
6417
12958
13431
33227
20032
9233
36222
6990
22712
1043
7517
10612
18276
1026
4573
20341
7216
5016
14490
13596
12500
29643
13668
28758
18893
8753
3814
16202
10674
12946
9993
6380
788
10210
19798
22054
4977
8326
8385
18663
4306
7543
25124
1902
18126
27998
24774
335
22494
7281
9156
31948
18825
5702
5895
1137
26018
27399
35888
8978
1813
12496
12277
3048
6114
8582
1660
4628
10340
18442
8146
5535
12620
8790
5681
12478
9936
9585
13884
11248
4435
17138
24271
21061
7846
17100
18293
9391
3236
15510
3338
19516
9604
26247
14168
11109
9349
9324
1901
27043
13510
19404
9261
1420
4750
15732
10188
6857
751
24250
22822
29835
6115
10122
14921
17238
804
17923
22366
1414
7431
15265
33905
12133
36476
16219
9088
5368
1229
15723
20179
4729
31572
18704
25475
12195
5529
5567
9996
27157
6955
26470
22499
19514
19385
10047
17522
3175
16134
7673
12420
17742
11198
16054
8149
19743
1992
19773
7890
14434
2952
10068
11911
8203
553
5770
9767
8369
11853
6428
14016
31565
955
9625
1402
28453
29437
28749
19099
11405
1400
17843
11348
20972
3682
28151
998
33772
544
421
9004
11883
19337
7373
29458
30708
4725
19054
20178
9542
27155
8729
17539
9596
24612
6041
10409
10006
7080
8645
1
31298
10537
1585
16034
98
5066
12998
7981
12035
5560
2222
23115
21215
100
3252
3510
2619
31492
15570
21380
17040
16370
10778
21053
11233
24599
16335
18849
3485
10323
6895
6672
1746
4166
3649
16732
4070
8793
1147
2874
7435
16235
9211
4323
10092
27758
11608
14737
4697
18655
10197
2779
34794
7551
2035
13735
4182
9874
19836
26472
24261
25366
27146
9627
33253
1524
16135
4834
26658
30184
5025
5272
13898
676
4771
7338
12640
1775
9487
14035
11417
14359
10641
6416
1517
7522
11931
14216
6112
5526
12739
10317
579
24309
8783
9679
4366
469
16143
27471
2309
8641
14869
7128
23098
7599
494
4355
5790
903
7369
2318
19951
4552
13890
10408
10426
3654
13707
18976
25886
16428
18213
12015
879
23983
17218
2893
10638
16341
2008
14697
3836
10198
8576
3942
5197
31198
23571
24002
21445
10884
11692
30194
70
2965
5542
20383
17612
5783
10885
84
21877
10176
33161
9443
5808
19181
23444
13304
9241
13642
658
13013
4078
1254
11667
7920
23399
5165
992
677
2469
11013
3291
8122
2877
21154
928
14371
20053
8480
3533
14294
17420
12192
3504
10517
20710
22296
1574
12592
16875
8026
1000
13236
183
20512
21347
25464
1853
28107
14044
10511
18245
537
5577
13261
2063
14307
6103
2178
16843
23904
21065
20590
19366
16323
15073
25462
2104
12447
2044
9684
13256
14031
7871
2993
4167
14764
20447
7041
1087
19593
36
13633
8064
5830
11084
15891
29482
5343
14522
17206
8903
2466
6112
15138
3828
3636
3806
25388
10660
24593
32685
6704
9617
12646
17799
12747
2208
20379
13220
15542
4989
7505
958
33408
35006
21415
4790
23866
4066
14138
15597
9159
3315
7358
13483
11008
20486
21870
7009
16002
22658
16445
915
10769
1624
24735
12081
10347
10632
8041
24715
10918
3442
1652
2095
16539
19020
13325
6492
16792
4378
11738
3270
5968
22545
7030
7457
4563
2700
14461
6201
27139
19365
1963
8154
5881
28374
15496
6056
4086
30704
25283
10267
614
10646
17397
516
11939
3681
6386
13989
12729
1933
21802
21636
12668
15198
2949
10722
1175
15165
25714
20934
6793
5405
22489
14377
19355
15631
687
12415
7680
3860
18952
14889
347
14704
7173
20076
20226
13954
22602
3628
12141
7021
8070
18459
16362
3799
5454
12756
19853
398
13109
4896
31894
2355
9111
24348
27067
1578
3733
578
7879
31255
20051
13181
758
1694
16958
17369
7924
1712
17168
29234
35228
5760
33211
2716
4744
24239
2735
5345
11720
9501
6102
11389
4448
27745
22551
16395
12129
3245
17283
2061
25181
1212
28270
29758
21376
2088
7313
18462
12330
28337
27787
8900
11437
10990
15
5431
24714
27457
5194
24555
14660
31195
14197
14548
21770
11532
18786
4437
5428
11742
21397
13006
14207
15200
8259
16604
27165
230
1721
20495
17298
2013
15285
18229
14779
18723
2827
13007
13459
23115
7276
16183
14433
8749
21444
5878
985
13722
13740
4803
16196
24106
6324
8120
700
1493
20041
17035
727
21895
4863
27104
2810
10229
31026
33782
2512
99
9592
13494
27677
27909
7
23880
28104
6192
13105
3457
47
14637
1607
7979
8900
10021
5866
8459
19198
3526
21857
21058
8541
11942
4307
33877
297
14036
1035
23185
29400
20180
5788
2677
20585
27891
29476
26808
8263
5532
24018
1951
3322
31340
16653
5436
16004
8493
13432
19920
1236
16459
11388
31782
23283
5572
18707
9490
13549
7637
18162
4030
2568
25270
20533
7590
7185
462
5996
9527
16349
962
15556
11534
9170
4648
9494
28059
2633
5793
25159
24736
3225
6611
12480
397
8816
29623
28711
7711
5617
3839
50
18657
12392
206
23236
14109
9620
15005
13418
17484
16773
4437
6176
16862
18464
9456
7642
3165
4370
25731
19578
10821
7194
9255
17443
7663
3869
28204
15023
747
15926
11771
31913
8479
23765
15472
32122
8180
849
12838
15364
5952
13267
3362
3891
22006
3511
4908
8894
20907
3541
9214
22259
9661
17286
187
25948
23978
422
963
1101
16730
9144
3287
24699
6961
22407
2024
27793
9409
5392
26
24075
13888
18367
1769
19016
3555
8716
20272
23826
11255
869
15936
17420
19091
12677
7330
26695
3996
7163
1014
28862
13052
14301
32655
10780
22375
15567
2464
26298
198
1934
5041
10764
4171
6558
30205
1673
11028
3215
15320
16875
11757
1424
8199
1455
11132
9158
18786
14794
26537
1535
21682
13731
17755
8249
7750
22944
2674
6649
18927
17869
17476
14727
5303
12945
10976
6266
12559
9258
843
20278
5075
27132
22001
21025
30520
6355
29764
18155
13942
11820
7502
27411
7577
7052
2026
7083
9720
10095
28259
2762
5378
2662
880
15019
14292
12321
8295
3976
14270
1522
29374
7347
11643
12799
4462
1479
7634
16588
7816
16883
16634
21333
7132
12178
7336
8606
2357
11170
19261
5507
5853
18862
7150
14112
2009
3122
13918
10593
7285
13616
10027
1655
8712
11296
16874
13316
11928
13359
20559
1721
4193
28179
20168
8597
15468
24888
9050
4017
14865
22884
26267
2584
3693
4006
31154
21446
26466
15884
25923
20230
11156
23983
12198
15637
1270
10331
17274
15569
10058
2108
12775
10330
14038
12683
80
9817
11540
2859
17875
17134
5000
7549
13057
773
9770
26014
7258
7958
29644
17327
6475
4089
35158
21295
5967
4827
1146
3667
4733
5754
25292
11325
6562
852
22019
33361
18949
20417
1002
1620
8835
2253
10074
16497
7565
21090
10333
1687
18410
17251
2391
17196
20986
3373
17805
25371
7028
8238
14371
27608
21975
3780
18022
1138
1870
4086
28862
3468
3406
6937
7075
2882
17324
17587
5143
15799
13030
2163
18392
6031
4920
2198
6430
28373
16141
4206
5285
4647
21411
13134
14477
2337
12837
4068
16408
14917
12900
3284
10372
25916
21789
12943
12894
13670
31865
15882
4158
16519
2586
5929
32072
13328
8824
23826
23895
833
640
332
615
6417
9571
22048
456
12687
3143
30537
8094
25783
24452
7576
14258
13015
27976
20844
132
28056
17886
21238
2842
21154
10127
9766
27748
25744
13363
3186
422
10638
172
31280
9604
15127
19345
2739
33414
1796
15284
12318
5855
1415
6212
13818
14683
51
4737
3488
24201
1453
346
1199
13825
2719
17831
544
14710
5887
25634
20570
15264
7350
21728
67
24503
1087
28491
4315
2784
16495
7976
25100
2001
4288
19563
3975
10292
3971
3948
192
3205
14707
1637
12328
2790
4637
1731
18786
931
3897
9024
17111
14272
23709
794
9754
21979
4508
17577
31192
3325
11619
18851
15060
8037
20239
3713
3221
11859
3526
7423
2228
27803
3525
2335
13331
22922
12981
6619
14372
13591
16020
10784
5319
21258
1756
14877
5856
20842
8604
29748
23510
8429
8923
31810
13218
27418
13252
6461
4666
764
11689
5462
8515
20959
7279
17316
11040
6577
3370
23713
2720
11107
2485
25937
5745
9621
18762
11348
3327
621
16259
4576
18874
16087
12843
4971
2331
1443
13913
15851
20943
529
2325
17844
6380
10505
3889
14016
7392
17465
11927
14924
13802
9866
971
13302
18985
4787
27197
4007
17644
10235
11806
11718
23108
17583
16514
2374
9291
8779
11193
8169
20614
7699
7457
29666
20242
5447
17784
2566
821
32152
7771
26625
7552
4040
11641
12319
15450
32562
6963
16983
23377
18223
3101
5501
17093
30064
10909
19690
3869
12342
6519
26494
17892
10966
2908
5472
25400
4219
11714
12329
13637
10062
23833
15673
24357
9114
20926
30937
14521
17059
9295
13920
23908
11271
16938
28979
4177
11391
1207
16226
4249
23399
3311
4328
3514
27605
16624
6927
11520
33555
18808
4244
8821
2908
15904
2429
12047
23816
8339
24275
12086
8189
390
20181
22195
1249
6175
9973
3722
2497
9914
13424
30602
25009
2939
33709
5870
28764
11169
765
8406
838
5171
6610
17345
3120
5597
5925
3195
13736
3694
19306
3154
4574
2824
6302
6156
30377
11403
12834
1446
7121
13715
12583
1025
2427
10257
25186
11636
17050
19566
12731
24621
4495
2668
53
20735
16659
2791
5808
5507
2775
1675
16302
4528
18542
36186
10226
1024
3415
1134
4943
19766
6344
982
17204
13384
26877
23334
11149
24071
8900
440
21783
17962
20355
2553
7589
11830
4380
6221
6208
4097
1867
11964
14856
7138
1082
6359
12687
24738
19672
12393
12464
24566
32819
25497
3930
32649
26968
25705
4641
21133
14493
10280
106
8759
32921
5536
13376
11321
6587
1589
15326
24955
23572
2514
7441
3214
3
10837
13073
29651
16925
26245
4175
13487
9081
2799
12465
17825
3750
12479
17021
10935
9141
1883
15963
15771
472
7275
5598
6064
13157
9204
35839
7974
18604
17696
26787
162
19787
5814
6350
22708
964
29186
30999
3254
33095
17415
5735
17656
14737
11911
10626
3144
3002
13409
8710
1824
25144
13964
10152
2983
4342
15472
10347
6524
3582
20408
276
25915
3859
26470
9762
12848
14032
2210
28206
18479
26617
21553
11380
20604
9270
20864
5483
5224
12936
6703
7519
4787
1749
427
16726
12347
12548
15477
330
246
4527
2842
20583
23700
13597
21804
6429
11778
26401
9679
26870
3510
5789
10518
19285
31959
1537
19110
10063
17908
11958
279
16619
6870
23553
5230
1404
12899
12921
31106
21004
25455
4529
3407
13499
898
11117
1023
12181
20679
21736
11131
6672
18668
14433
5149
2349
6483
17453
1463
22137
635
7331
2480
14571
26452
18649
4498
1960
17098
25855
7631
16044
2375
20337
15187
25396
6023
32153
4319
15413
471
10210
24846
28877
1280
12950
27685
8369
6450
8811
19564
12966
26304
434
20507
9049
10831
10415
7606
9982
5933
5607
4209
14701
3481
8780
34693
30184
411
7517
1778
8909
18459
8362
16562
14375
2713
14498
9048
5514
6829
10608
2709
11756
18872
9322
8348
9052
13294
14201
679
21888
12643
12366
13743
8637
2059
9138
10272
16171
18273
27734
16839
10025
7850
18835
1882
1833
5086
17407
3154
2857
16281
22395
12736
20076
14477
14068
22674
5901
6714
18422
1516
7986
136
9902
709
460
11876
7430
11076
19074
23757
14852
7915
420
6853
8528
5540
12794
963
9399
1853
22638
1729
276
18233
36384
12278
3566
11731
7758
22176
20827
26665
2819
1794
4291
9509
11885
14291
26346
8400
20744
3863
11636
29940
19218
2307
14351
10858
31276
1310
26520
7113
10705
17863
4129
30690
4366
25695
231
17843
7953
425
10319
29777
11424
12758
11992
12328
15817
7967
11712
18086
16390
15690
713
9307
2276
2135
10537
6589
5311
10064
3837
10280
6107
6317
4218
9820
6900
12184
14015
20316
461
4488
4559
20
1788
14218
3276
19427
14216
871
32608
9089
269
9969
3421
29085
17945
5595
4883
22525
13938
8176
16256
3352
8762
12913
13455
9594
14287
16826
28744
2622
12138
7192
5422
4475
3718
1777
11346
1826
30263
886
1882
6937
14023
5127
14037
32235
18086
2039
6916
13744
33763
18135
6399
4770
2968
26485
4396
12497
11881
19422
11685
32633
3139
3323
6851
10629
2739
12966
28184
14861
2085
881
7845
10941
12048
16012
1263
2722
17154
27081
2025
11837
10224
4854
7262
31117
3562
4511
5583
12913
17496
3696
35473
1488
15481
8501
17954
27595
30890
4969
7298
6037
28433
1580
30908
10156
14979
14876
21096
9954
19267
2868
24022
17864
3309
34533
18260
2573
25052
8597
12238
20809
13848
2326
240
4966
17575
7808
20690
31187
24214
11187
5141
1696
364
31092
16964
3415
2987
7903
1737
20611
25374
26998
16651
16295
34471
11115
2146
28990
42
6307
8402
2757
3878
22553
29717
7040
771
10263
5473
6274
35017
23236
1184
1662
23595
196
6114
33491
32996
14960
15311
15920
23059
21648
3332
29026
13787
32618
32557
25343
20953
9838
14193
876
23949
888
3743
12655
8927
7022
31159
541
18930
26957
8476
32554
14895
8407
927
1152
32725
3247
2307
17408
11998
14692
15920
13339
11166
15041
27561
4812
14438
8664
12646
21356
23878
955
5514
9487
830
17467
5551
1461
25849
5366
21791
22408
5565
4993
577
1887
28754
16153
907
2488
24517
26197
2909
1302
19785
4401
2786
171
17522
6262
15906
8468
7482
5363
25887
17056
10751
21544
8178
8398
10621
14725
10272
3899
13507
5824
24780
21215
15872
27573
214
13554
13525
17310
16425
27051
11242
3538
30078
4988
25727
12323
15317
21788
9036
17621
29860
8891
21641
11
15985
847
13265
2965
5838
15938
10934
14851
24799
11456
21172
13815
7365
19528
23793
10987
18967
10556
16600
14730
10740
18457
16039
16078
20462
11584
15331
6940
19973
15304
8232
9151
19119
7862
822
22579
8583
30006
1138
15867
14320
4959
23139
803
19663
1374
16891
1692
20494
17207
770
18048
15621
6993
22782
17553
25404
21491
15070
8347
30640
3674
9493
24564
4508
7460
8639
21939
4852
25546
4206
1290
12836
18678
3535
32158
19716
2183
31742
25393
2085
11077
9668
11827
2525
5159
7137
14263
5970
1809
17393
2642
19219
4956
9465
4824
1452
14827
8181
10369
14888
3081
15446
12456
6813
36635
24543
18759
6136
1900
4497
11812
27417
12157
17352
30174
26198
1029
21471
12955
12142
9015
24175
3045
28854
6512
21110
2407
5484
19985
12335
15952
14127
26453
19016
3642
18815
15612
1790
17578
8957
3397
29833
3114
9875
10066
2845
13359
3257
10361
484
25053
22784
18908
7036
13758
924
4359
21041
13772
14322
8656
29136
914
7483
19485
4499
421
24131
142
14125
1892
9147
24835
12144
2749
17592
29042
4781
6584
12367
34891
12338
1128
373
2869
16141
5828
12515
9865
5655
24572
3890
13032
8413
2778
4196
1631
515
1538
24339
23973
3401
281
16738
686
22149
4089
2695
11394
21046
14887
2254
12639
1531
458
13234
17181
6932
31860
31108
5902
2556
2090
57
13242
8565
28971
13228
4408
9140
1008
183
11377
4495
34958
6989
1020
8341
23402
15499
10975
13481
21090
9645
31166
25659
5190
421
16321
15470
19894
3368
16876
29439
22554
17502
4080
14780
906
21333
7313
4174
3614
29780
9202
1101
5001
24647
3512
22350
2308
2062
8595
20026
8558
6273
14015
10394
498
132
21730
1141
27460
10208
2292
22262
19332
26616
10056
18866
29530
6102
9676
7898
21341
10828
2843
31587
4472
3473
23409
21520
11777
6841
14896
31731
24775
6519
477
29432
6174
11668
4576
3512
24535
22617
5057
1678
16283
23933
13652
7586
11884
1578
18681
12898
4607
563
21980
12443
23161
13903
21829
29036
15800
4386
3366
2136
6661
20158
9792
3731
5124
19239
21181
2705
6148
6122
5163
9536
6765
3612
8142
4297
16123
19058
17684
26116
